<?xml version="1.0" encoding="utf-8" standalone="yes"?>
<results>
  <modules>
    <module id="AF39BEBF17A4554E98E5C2931A2163CFE377E7A9" name="FluentValidation.DependencyInjectionExtensions.dll" path="FluentValidation.DependencyInjectionExtensions.dll" block_coverage="25.00" line_coverage="36.96" blocks_covered="18" blocks_not_covered="54" lines_covered="17" lines_partially_covered="1" lines_not_covered="28">
      <functions>
        <function id="8272" token="0x6000001" name="GetServiceProvider(FluentValidation.IValidationContext)" namespace="FluentValidation" type_name="DependencyInjectionExtensions" block_coverage="0.00" line_coverage="0.00" blocks_covered="0" blocks_not_covered="3" lines_covered="0" lines_partially_covered="0" lines_not_covered="1">
          <ranges>
            <range source_id="0" start_line="41" end_line="41" start_column="6" end_column="34" covered="no" />
          </ranges>
        </function>
        <function id="8285" token="0x6000002" name="GetServiceProvider&lt;T, TProperty&gt;(FluentValidation.Internal.MessageBuilderContext&lt;T, TProperty&gt;)" namespace="FluentValidation" type_name="DependencyInjectionExtensions" block_coverage="0.00" line_coverage="0.00" blocks_covered="0" blocks_not_covered="4" lines_covered="0" lines_partially_covered="0" lines_not_covered="1">
          <ranges>
            <range source_id="0" start_line="51" end_line="51" start_column="6" end_column="48" covered="no" />
          </ranges>
        </function>
        <function id="8304" token="0x6000003" name="Get(System.Collections.Generic.IDictionary&lt;string, object&gt;)" namespace="FluentValidation" type_name="DependencyInjectionExtensions" block_coverage="0.00" line_coverage="0.00" blocks_covered="0" blocks_not_covered="6" lines_covered="0" lines_partially_covered="0" lines_not_covered="4">
          <ranges>
            <range source_id="0" start_line="54" end_line="54" start_column="3" end_column="70" covered="no" />
            <range source_id="0" start_line="55" end_line="55" start_column="4" end_column="47" covered="no" />
            <range source_id="0" start_line="56" end_line="56" start_column="5" end_column="28" covered="no" />
            <range source_id="0" start_line="60" end_line="60" start_column="3" end_column="230" covered="no" />
          </ranges>
        </function>
        <function id="8354" token="0x6000004" name="SetServiceProvider(FluentValidation.IValidationContext, System.IServiceProvider)" namespace="FluentValidation" type_name="DependencyInjectionExtensions" block_coverage="0.00" line_coverage="0.00" blocks_covered="0" blocks_not_covered="3" lines_covered="0" lines_partially_covered="0" lines_not_covered="2">
          <ranges>
            <range source_id="0" start_line="70" end_line="70" start_column="3" end_column="68" covered="no" />
            <range source_id="0" start_line="71" end_line="71" start_column="2" end_column="3" covered="no" />
          </ranges>
        </function>
        <function id="8373" token="0x6000005" name="InjectValidator&lt;T, TProperty&gt;(FluentValidation.IRuleBuilder&lt;T, TProperty&gt;, string[])" namespace="FluentValidation" type_name="DependencyInjectionExtensions" block_coverage="0.00" line_coverage="0.00" blocks_covered="0" blocks_not_covered="5" lines_covered="0" lines_partially_covered="0" lines_not_covered="1">
          <ranges>
            <range source_id="0" start_line="83" end_line="83" start_column="3" end_column="121" covered="no" />
          </ranges>
        </function>
        <function id="8416" token="0x6000006" name="InjectValidator&lt;T, TProperty&gt;(FluentValidation.IRuleBuilder&lt;T, TProperty&gt;, System.Func&lt;System.IServiceProvider, FluentValidation.ValidationContext&lt;T&gt;, FluentValidation.IValidator&lt;TProperty&gt;&gt;, string[])" namespace="FluentValidation" type_name="DependencyInjectionExtensions" block_coverage="0.00" line_coverage="0.00" blocks_covered="0" blocks_not_covered="6" lines_covered="0" lines_partially_covered="0" lines_not_covered="7">
          <ranges>
            <range source_id="0" start_line="97" end_line="101" start_column="3" end_column="37" covered="no" />
            <range source_id="0" start_line="103" end_line="103" start_column="3" end_column="31" covered="no" />
            <range source_id="0" start_line="104" end_line="104" start_column="3" end_column="49" covered="no" />
          </ranges>
        </function>
        <function id="8484" token="0x6000007" name="AddValidatorsFromAssemblies(Microsoft.Extensions.DependencyInjection.IServiceCollection, System.Collections.Generic.IEnumerable&lt;System.Reflection.Assembly&gt;, Microsoft.Extensions.DependencyInjection.ServiceLifetime, System.Func&lt;FluentValidation.AssemblyScanner.AssemblyScanResult, bool&gt;, bool)" namespace="FluentValidation" type_name="ServiceCollectionExtensions" block_coverage="0.00" line_coverage="0.00" blocks_covered="0" blocks_not_covered="9" lines_covered="0" lines_partially_covered="0" lines_not_covered="3">
          <ranges>
            <range source_id="1" start_line="38" end_line="38" start_column="28" end_column="38" covered="no" />
            <range source_id="1" start_line="38" end_line="38" start_column="12" end_column="24" covered="no" />
            <range source_id="1" start_line="39" end_line="39" start_column="4" end_column="89" covered="no" />
            <range source_id="1" start_line="38" end_line="38" start_column="25" end_column="27" covered="no" />
            <range source_id="1" start_line="41" end_line="41" start_column="3" end_column="19" covered="no" />
          </ranges>
        </function>
        <function id="8564" token="0x6000008" name="AddValidatorsFromAssembly(Microsoft.Extensions.DependencyInjection.IServiceCollection, System.Reflection.Assembly, Microsoft.Extensions.DependencyInjection.ServiceLifetime, System.Func&lt;FluentValidation.AssemblyScanner.AssemblyScanResult, bool&gt;, bool)" namespace="FluentValidation" type_name="ServiceCollectionExtensions" block_coverage="100.00" line_coverage="100.00" blocks_covered="4" blocks_not_covered="0" lines_covered="4" lines_partially_covered="0" lines_not_covered="0">
          <ranges>
            <range source_id="1" start_line="54" end_line="56" start_column="3" end_column="81" covered="yes" />
            <range source_id="1" start_line="58" end_line="58" start_column="3" end_column="19" covered="yes" />
          </ranges>
        </function>
        <function id="8635" token="0x6000009" name="AddValidatorsFromAssemblyContaining(Microsoft.Extensions.DependencyInjection.IServiceCollection, System.Type, Microsoft.Extensions.DependencyInjection.ServiceLifetime, System.Func&lt;FluentValidation.AssemblyScanner.AssemblyScanResult, bool&gt;, bool)" namespace="FluentValidation" type_name="ServiceCollectionExtensions" block_coverage="0.00" line_coverage="0.00" blocks_covered="0" blocks_not_covered="3" lines_covered="0" lines_partially_covered="0" lines_not_covered="1">
          <ranges>
            <range source_id="1" start_line="71" end_line="71" start_column="6" end_column="95" covered="no" />
          </ranges>
        </function>
        <function id="8653" token="0x600000a" name="AddValidatorsFromAssemblyContaining&lt;T&gt;(Microsoft.Extensions.DependencyInjection.IServiceCollection, Microsoft.Extensions.DependencyInjection.ServiceLifetime, System.Func&lt;FluentValidation.AssemblyScanner.AssemblyScanResult, bool&gt;, bool)" namespace="FluentValidation" type_name="ServiceCollectionExtensions" block_coverage="0.00" line_coverage="0.00" blocks_covered="0" blocks_not_covered="4" lines_covered="0" lines_partially_covered="0" lines_not_covered="1">
          <ranges>
            <range source_id="1" start_line="82" end_line="82" start_column="6" end_column="100" covered="no" />
          </ranges>
        </function>
        <function id="8680" token="0x600000b" name="AddScanResult(Microsoft.Extensions.DependencyInjection.IServiceCollection, FluentValidation.AssemblyScanner.AssemblyScanResult, Microsoft.Extensions.DependencyInjection.ServiceLifetime, System.Func&lt;FluentValidation.AssemblyScanner.AssemblyScanResult, bool&gt;)" namespace="FluentValidation" type_name="ServiceCollectionExtensions" block_coverage="92.31" line_coverage="92.31" blocks_covered="12" blocks_not_covered="1" lines_covered="12" lines_partially_covered="1" lines_not_covered="0">
          <ranges>
            <range source_id="1" start_line="93" end_line="93" start_column="3" end_column="60" covered="partial" />
            <range source_id="1" start_line="94" end_line="94" start_column="3" end_column="22" covered="yes" />
            <range source_id="1" start_line="96" end_line="100" start_column="4" end_column="27" covered="yes" />
            <range source_id="1" start_line="103" end_line="107" start_column="4" end_column="27" covered="yes" />
            <range source_id="1" start_line="110" end_line="110" start_column="3" end_column="19" covered="yes" />
          </ranges>
        </function>
        <function id="8757" token="0x600000c" name="ServiceProviderValidatorFactory(System.IServiceProvider)" namespace="FluentValidation" type_name="ServiceProviderValidatorFactory" block_coverage="0.00" line_coverage="0.00" blocks_covered="0" blocks_not_covered="2" lines_covered="0" lines_partially_covered="0" lines_not_covered="2">
          <ranges>
            <range source_id="2" start_line="29" end_line="29" start_column="2" end_column="74" covered="no" />
            <range source_id="2" start_line="30" end_line="30" start_column="6" end_column="40" covered="no" />
          </ranges>
        </function>
        <function id="8772" token="0x600000d" name="CreateInstance(System.Type)" namespace="FluentValidation" type_name="ServiceProviderValidatorFactory" block_coverage="0.00" line_coverage="0.00" blocks_covered="0" blocks_not_covered="2" lines_covered="0" lines_partially_covered="0" lines_not_covered="1">
          <ranges>
            <range source_id="2" start_line="33" end_line="33" start_column="6" end_column="62" covered="no" />
          </ranges>
        </function>
        <function id="8811" token="0x6000010" name="&lt;InjectValidator&gt;b__4_0(System.IServiceProvider, FluentValidation.ValidationContext&lt;T&gt;)" namespace="FluentValidation" type_name="DependencyInjectionExtensions.&lt;&gt;c__4&lt;T, TProperty&gt;" block_coverage="0.00" line_coverage="0.00" blocks_covered="0" blocks_not_covered="3" lines_covered="0" lines_partially_covered="0" lines_not_covered="1">
          <ranges>
            <range source_id="0" start_line="83" end_line="83" start_column="50" end_column="109" covered="no" />
          </ranges>
        </function>
        <function id="8832" token="0x6000012" name="&lt;InjectValidator&gt;b__0(FluentValidation.ValidationContext&lt;T&gt;, TProperty)" namespace="FluentValidation" type_name="DependencyInjectionExtensions.&lt;&gt;c__DisplayClass5_0&lt;T, TProperty&gt;" block_coverage="0.00" line_coverage="0.00" blocks_covered="0" blocks_not_covered="3" lines_covered="0" lines_partially_covered="0" lines_not_covered="3">
          <ranges>
            <range source_id="0" start_line="98" end_line="98" start_column="4" end_column="55" covered="no" />
            <range source_id="0" start_line="99" end_line="99" start_column="4" end_column="55" covered="no" />
            <range source_id="0" start_line="100" end_line="100" start_column="4" end_column="21" covered="no" />
          </ranges>
        </function>
        <function id="8873" token="0x6000014" name="&lt;AddValidatorsFromAssembly&gt;b__0(FluentValidation.AssemblyScanner.AssemblyScanResult)" namespace="FluentValidation" type_name="ServiceCollectionExtensions.&lt;&gt;c__DisplayClass1_0" block_coverage="100.00" line_coverage="100.00" blocks_covered="2" blocks_not_covered="0" lines_covered="1" lines_partially_covered="0" lines_not_covered="0">
          <ranges>
            <range source_id="1" start_line="56" end_line="56" start_column="27" end_column="79" covered="yes" />
          </ranges>
        </function>
      </functions>
      <source_files>
        <source_file id="0" path="/_/src/FluentValidation.DependencyInjectionExtensions/DependencyInjectionExtensions.cs" checksum_type="SHA256" checksum="7B623E989396A256F0279D462ACB71DA99BDDF7703681674715D63F0EC0D158C" />
        <source_file id="1" path="/_/src/FluentValidation.DependencyInjectionExtensions/ServiceCollectionExtensions.cs" checksum_type="SHA256" checksum="1419ED41120A5F67E909E1DEC32AEF5592BCDECCA3DA27DBA832C302E1B0CA14" />
        <source_file id="2" path="/_/src/FluentValidation.DependencyInjectionExtensions/ServiceProviderValidatorFactory.cs" checksum_type="SHA256" checksum="F61A45F5CB149144699E54292435C2D32D02B522DCE409DAC745B5D6A8486AA5" />
      </source_files>
      <skipped_functions />
    </module>
    <module id="B605AC9E8A06684AA38F7B5D94845D91924263B0" name="eCommerceServer.Application.dll" path="eCommerceServer.Application.dll" block_coverage="77.81" line_coverage="74.71" blocks_covered="249" blocks_not_covered="71" lines_covered="130" lines_partially_covered="1" lines_not_covered="43">
      <functions>
        <function id="8556" token="0x6000007" name="AddApplication(Microsoft.Extensions.DependencyInjection.IServiceCollection)" namespace="eCommerceServer.Application" type_name="DependencyInjection" block_coverage="0.00" line_coverage="0.00" blocks_covered="0" blocks_not_covered="12" lines_covered="0" lines_partially_covered="0" lines_not_covered="10">
          <ranges>
            <range source_id="0" start_line="10" end_line="10" start_column="5" end_column="6" covered="no" />
            <range source_id="0" start_line="11" end_line="15" start_column="9" end_column="12" covered="no" />
            <range source_id="0" start_line="17" end_line="17" start_column="9" end_column="82" covered="no" />
            <range source_id="0" start_line="19" end_line="19" start_column="9" end_column="70" covered="no" />
            <range source_id="0" start_line="21" end_line="21" start_column="9" end_column="25" covered="no" />
            <range source_id="0" start_line="22" end_line="22" start_column="5" end_column="6" covered="no" />
          </ranges>
        </function>
        <function id="8672" token="0x6000008" name="MappingProfile()" namespace="eCommerceServer.Application.Mapping" type_name="MappingProfile" block_coverage="0.00" line_coverage="0.00" blocks_covered="0" blocks_not_covered="22" lines_covered="0" lines_partially_covered="0" lines_not_covered="11">
          <ranges>
            <range source_id="1" start_line="9" end_line="9" start_column="5" end_column="28" covered="no" />
            <range source_id="1" start_line="10" end_line="10" start_column="5" end_column="6" covered="no" />
            <range source_id="1" start_line="11" end_line="14" start_column="9" end_column="12" covered="no" />
            <range source_id="1" start_line="16" end_line="19" start_column="9" end_column="12" covered="no" />
            <range source_id="1" start_line="20" end_line="20" start_column="5" end_column="6" covered="no" />
          </ranges>
        </function>
        <function id="8893" token="0x6000009" name="UpdateCategoryCommand(System.Guid, string, System.Nullable&lt;System.Guid&gt;)" namespace="eCommerceServer.Application.Features.Categories.UpdateCategory" type_name="UpdateCategoryCommand" block_coverage="100.00" line_coverage="100.00" blocks_covered="2" blocks_not_covered="0" lines_covered="4" lines_partially_covered="0" lines_not_covered="0">
          <ranges>
            <range source_id="2" start_line="5" end_line="8" start_column="22" end_column="26" covered="yes" />
          </ranges>
        </function>
        <function id="8935" token="0x600000b" name="get_Id()" namespace="eCommerceServer.Application.Features.Categories.UpdateCategory" type_name="UpdateCategoryCommand" block_coverage="100.00" line_coverage="100.00" blocks_covered="1" blocks_not_covered="0" lines_covered="1" lines_partially_covered="0" lines_not_covered="0">
          <ranges>
            <range source_id="2" start_line="6" end_line="6" start_column="5" end_column="12" covered="yes" />
          </ranges>
        </function>
        <function id="8943" token="0x600000c" name="set_Id(System.Guid)" namespace="eCommerceServer.Application.Features.Categories.UpdateCategory" type_name="UpdateCategoryCommand" block_coverage="0.00" line_coverage="0.00" blocks_covered="0" blocks_not_covered="1" lines_covered="0" lines_partially_covered="0" lines_not_covered="1">
          <ranges>
            <range source_id="2" start_line="6" end_line="6" start_column="5" end_column="12" covered="no" />
          </ranges>
        </function>
        <function id="8952" token="0x600000d" name="get_Name()" namespace="eCommerceServer.Application.Features.Categories.UpdateCategory" type_name="UpdateCategoryCommand" block_coverage="100.00" line_coverage="100.00" blocks_covered="1" blocks_not_covered="0" lines_covered="1" lines_partially_covered="0" lines_not_covered="0">
          <ranges>
            <range source_id="2" start_line="7" end_line="7" start_column="5" end_column="16" covered="yes" />
          </ranges>
        </function>
        <function id="8960" token="0x600000e" name="set_Name(string)" namespace="eCommerceServer.Application.Features.Categories.UpdateCategory" type_name="UpdateCategoryCommand" block_coverage="0.00" line_coverage="0.00" blocks_covered="0" blocks_not_covered="1" lines_covered="0" lines_partially_covered="0" lines_not_covered="1">
          <ranges>
            <range source_id="2" start_line="7" end_line="7" start_column="5" end_column="16" covered="no" />
          </ranges>
        </function>
        <function id="8969" token="0x600000f" name="get_MainCategoryId()" namespace="eCommerceServer.Application.Features.Categories.UpdateCategory" type_name="UpdateCategoryCommand" block_coverage="100.00" line_coverage="100.00" blocks_covered="1" blocks_not_covered="0" lines_covered="1" lines_partially_covered="0" lines_not_covered="0">
          <ranges>
            <range source_id="2" start_line="8" end_line="8" start_column="5" end_column="25" covered="yes" />
          </ranges>
        </function>
        <function id="8977" token="0x6000010" name="set_MainCategoryId(System.Nullable&lt;System.Guid&gt;)" namespace="eCommerceServer.Application.Features.Categories.UpdateCategory" type_name="UpdateCategoryCommand" block_coverage="0.00" line_coverage="0.00" blocks_covered="0" blocks_not_covered="1" lines_covered="0" lines_partially_covered="0" lines_not_covered="1">
          <ranges>
            <range source_id="2" start_line="8" end_line="8" start_column="5" end_column="25" covered="no" />
          </ranges>
        </function>
        <function id="9455" token="0x6000019" name="UpdateCategoryCommand(eCommerceServer.Application.Features.Categories.UpdateCategory.UpdateCategoryCommand)" namespace="eCommerceServer.Application.Features.Categories.UpdateCategory" type_name="UpdateCategoryCommand" block_coverage="0.00" line_coverage="0.00" blocks_covered="0" blocks_not_covered="1" lines_covered="0" lines_partially_covered="0" lines_not_covered="1">
          <ranges>
            <range source_id="2" start_line="5" end_line="5" start_column="22" end_column="43" covered="no" />
          </ranges>
        </function>
        <function id="9535" token="0x600001b" name="UpdateCategoryCommandHandler(eCommerceServer.Domain.Categories.ICategoryRepository, AutoMapper.IMapper, GenericRepository.IUnitOfWork)" namespace="eCommerceServer.Application.Features.Categories.UpdateCategory" type_name="UpdateCategoryCommandHandler" block_coverage="100.00" line_coverage="100.00" blocks_covered="2" blocks_not_covered="0" lines_covered="4" lines_partially_covered="0" lines_not_covered="0">
          <ranges>
            <range source_id="3" start_line="8" end_line="11" start_column="23" end_column="28" covered="yes" />
          </ranges>
        </function>
        <function id="9652" token="0x600001d" name="UpdateCategoryCommandValidator()" namespace="eCommerceServer.Application.Features.Categories.UpdateCategory" type_name="UpdateCategoryCommandValidator" block_coverage="100.00" line_coverage="100.00" blocks_covered="10" blocks_not_covered="0" lines_covered="4" lines_partially_covered="0" lines_not_covered="0">
          <ranges>
            <range source_id="4" start_line="6" end_line="6" start_column="5" end_column="44" covered="yes" />
            <range source_id="4" start_line="7" end_line="7" start_column="5" end_column="6" covered="yes" />
            <range source_id="4" start_line="8" end_line="8" start_column="9" end_column="65" covered="yes" />
            <range source_id="4" start_line="9" end_line="9" start_column="5" end_column="6" covered="yes" />
          </ranges>
        </function>
        <function id="9750" token="0x600001e" name="GetAllCategoryQuery()" namespace="eCommerceServer.Application.Features.Categories.GetAllCategory" type_name="GetAllCategoryQuery" block_coverage="100.00" line_coverage="100.00" blocks_covered="2" blocks_not_covered="0" lines_covered="1" lines_partially_covered="0" lines_not_covered="0">
          <ranges>
            <range source_id="5" start_line="6" end_line="6" start_column="22" end_column="43" covered="yes" />
          </ranges>
        </function>
        <function id="9957" token="0x6000028" name="GetAllCategoryQuery(eCommerceServer.Application.Features.Categories.GetAllCategory.GetAllCategoryQuery)" namespace="eCommerceServer.Application.Features.Categories.GetAllCategory" type_name="GetAllCategoryQuery" block_coverage="0.00" line_coverage="0.00" blocks_covered="0" blocks_not_covered="1" lines_covered="0" lines_partially_covered="0" lines_not_covered="1">
          <ranges>
            <range source_id="5" start_line="6" end_line="6" start_column="22" end_column="41" covered="no" />
          </ranges>
        </function>
        <function id="9967" token="0x6000029" name="GetAllCategoryQueryHandler(eCommerceServer.Domain.Categories.ICategoryRepository)" namespace="eCommerceServer.Application.Features.Categories.GetAllCategory" type_name="GetAllCategoryQueryHandler" block_coverage="100.00" line_coverage="100.00" blocks_covered="2" blocks_not_covered="0" lines_covered="2" lines_partially_covered="0" lines_not_covered="0">
          <ranges>
            <range source_id="6" start_line="7" end_line="8" start_column="23" end_column="44" covered="yes" />
          </ranges>
        </function>
        <function id="10066" token="0x600002b" name="DeleteCategoryByIdCommand(System.Guid)" namespace="eCommerceServer.Application.Features.Categories.RemoveCategory" type_name="DeleteCategoryByIdCommand" block_coverage="100.00" line_coverage="100.00" blocks_covered="2" blocks_not_covered="0" lines_covered="2" lines_partially_covered="0" lines_not_covered="0">
          <ranges>
            <range source_id="7" start_line="5" end_line="6" start_column="22" end_column="13" covered="yes" />
          </ranges>
        </function>
        <function id="10094" token="0x600002d" name="get_Id()" namespace="eCommerceServer.Application.Features.Categories.RemoveCategory" type_name="DeleteCategoryByIdCommand" block_coverage="0.00" line_coverage="0.00" blocks_covered="0" blocks_not_covered="1" lines_covered="0" lines_partially_covered="0" lines_not_covered="1">
          <ranges>
            <range source_id="7" start_line="6" end_line="6" start_column="5" end_column="12" covered="no" />
          </ranges>
        </function>
        <function id="10102" token="0x600002e" name="set_Id(System.Guid)" namespace="eCommerceServer.Application.Features.Categories.RemoveCategory" type_name="DeleteCategoryByIdCommand" block_coverage="0.00" line_coverage="0.00" blocks_covered="0" blocks_not_covered="1" lines_covered="0" lines_partially_covered="0" lines_not_covered="1">
          <ranges>
            <range source_id="7" start_line="6" end_line="6" start_column="5" end_column="12" covered="no" />
          </ranges>
        </function>
        <function id="10399" token="0x6000037" name="DeleteCategoryByIdCommand(eCommerceServer.Application.Features.Categories.RemoveCategory.DeleteCategoryByIdCommand)" namespace="eCommerceServer.Application.Features.Categories.RemoveCategory" type_name="DeleteCategoryByIdCommand" block_coverage="0.00" line_coverage="0.00" blocks_covered="0" blocks_not_covered="1" lines_covered="0" lines_partially_covered="0" lines_not_covered="1">
          <ranges>
            <range source_id="7" start_line="5" end_line="5" start_column="22" end_column="47" covered="no" />
          </ranges>
        </function>
        <function id="10435" token="0x6000039" name="DeleteCategoryByIdCommandHandler(eCommerceServer.Domain.Categories.ICategoryRepository, GenericRepository.IUnitOfWork)" namespace="eCommerceServer.Application.Features.Categories.RemoveCategory" type_name="DeleteCategoryByIdCommandHandler" block_coverage="100.00" line_coverage="100.00" blocks_covered="2" blocks_not_covered="0" lines_covered="3" lines_partially_covered="0" lines_not_covered="0">
          <ranges>
            <range source_id="8" start_line="7" end_line="9" start_column="23" end_column="28" covered="yes" />
          </ranges>
        </function>
        <function id="10542" token="0x600003b" name="CreateCategoryCommand(string, System.Nullable&lt;System.Guid&gt;)" namespace="eCommerceServer.Application.Features.Categories.CreateCategory" type_name="CreateCategoryCommand" block_coverage="100.00" line_coverage="100.00" blocks_covered="2" blocks_not_covered="0" lines_covered="3" lines_partially_covered="0" lines_not_covered="0">
          <ranges>
            <range source_id="9" start_line="5" end_line="7" start_column="22" end_column="26" covered="yes" />
          </ranges>
        </function>
        <function id="10577" token="0x600003d" name="get_Name()" namespace="eCommerceServer.Application.Features.Categories.CreateCategory" type_name="CreateCategoryCommand" block_coverage="100.00" line_coverage="100.00" blocks_covered="1" blocks_not_covered="0" lines_covered="1" lines_partially_covered="0" lines_not_covered="0">
          <ranges>
            <range source_id="9" start_line="6" end_line="6" start_column="5" end_column="16" covered="yes" />
          </ranges>
        </function>
        <function id="10585" token="0x600003e" name="set_Name(string)" namespace="eCommerceServer.Application.Features.Categories.CreateCategory" type_name="CreateCategoryCommand" block_coverage="0.00" line_coverage="0.00" blocks_covered="0" blocks_not_covered="1" lines_covered="0" lines_partially_covered="0" lines_not_covered="1">
          <ranges>
            <range source_id="9" start_line="6" end_line="6" start_column="5" end_column="16" covered="no" />
          </ranges>
        </function>
        <function id="10594" token="0x600003f" name="get_MainCategoryId()" namespace="eCommerceServer.Application.Features.Categories.CreateCategory" type_name="CreateCategoryCommand" block_coverage="0.00" line_coverage="0.00" blocks_covered="0" blocks_not_covered="1" lines_covered="0" lines_partially_covered="0" lines_not_covered="1">
          <ranges>
            <range source_id="9" start_line="7" end_line="7" start_column="5" end_column="25" covered="no" />
          </ranges>
        </function>
        <function id="10602" token="0x6000040" name="set_MainCategoryId(System.Nullable&lt;System.Guid&gt;)" namespace="eCommerceServer.Application.Features.Categories.CreateCategory" type_name="CreateCategoryCommand" block_coverage="0.00" line_coverage="0.00" blocks_covered="0" blocks_not_covered="1" lines_covered="0" lines_partially_covered="0" lines_not_covered="1">
          <ranges>
            <range source_id="9" start_line="7" end_line="7" start_column="5" end_column="25" covered="no" />
          </ranges>
        </function>
        <function id="10983" token="0x6000049" name="CreateCategoryCommand(eCommerceServer.Application.Features.Categories.CreateCategory.CreateCategoryCommand)" namespace="eCommerceServer.Application.Features.Categories.CreateCategory" type_name="CreateCategoryCommand" block_coverage="0.00" line_coverage="0.00" blocks_covered="0" blocks_not_covered="1" lines_covered="0" lines_partially_covered="0" lines_not_covered="1">
          <ranges>
            <range source_id="9" start_line="5" end_line="5" start_column="22" end_column="43" covered="no" />
          </ranges>
        </function>
        <function id="11039" token="0x600004b" name="CreateCategoryCommandHandler(eCommerceServer.Domain.Categories.ICategoryRepository, AutoMapper.IMapper, GenericRepository.IUnitOfWork)" namespace="eCommerceServer.Application.Features.Categories.CreateCategory" type_name="CreateCategoryCommandHandler" block_coverage="100.00" line_coverage="100.00" blocks_covered="2" blocks_not_covered="0" lines_covered="4" lines_partially_covered="0" lines_not_covered="0">
          <ranges>
            <range source_id="10" start_line="8" end_line="11" start_column="23" end_column="28" covered="yes" />
          </ranges>
        </function>
        <function id="11156" token="0x600004d" name="CreateCategoryCommandValidator()" namespace="eCommerceServer.Application.Features.Categories.CreateCategory" type_name="CreateCategoryCommandValidator" block_coverage="100.00" line_coverage="100.00" blocks_covered="10" blocks_not_covered="0" lines_covered="4" lines_partially_covered="0" lines_not_covered="0">
          <ranges>
            <range source_id="11" start_line="6" end_line="6" start_column="5" end_column="44" covered="yes" />
            <range source_id="11" start_line="7" end_line="7" start_column="5" end_column="6" covered="yes" />
            <range source_id="11" start_line="8" end_line="8" start_column="9" end_column="65" covered="yes" />
            <range source_id="11" start_line="9" end_line="9" start_column="5" end_column="6" covered="yes" />
          </ranges>
        </function>
        <function id="11254" token="0x600004e" name="ValidationBehavior(System.Collections.Generic.IEnumerable&lt;FluentValidation.IValidator&lt;TRequest&gt;&gt;)" namespace="eCommerceServer.Application.Behaviors" type_name="ValidationBehavior&lt;TRequest, TResponse&gt;" block_coverage="100.00" line_coverage="100.00" blocks_covered="2" blocks_not_covered="0" lines_covered="4" lines_partially_covered="0" lines_not_covered="0">
          <ranges>
            <range source_id="12" start_line="12" end_line="12" start_column="5" end_column="76" covered="yes" />
            <range source_id="12" start_line="13" end_line="13" start_column="5" end_column="6" covered="yes" />
            <range source_id="12" start_line="14" end_line="14" start_column="9" end_column="34" covered="yes" />
            <range source_id="12" start_line="15" end_line="15" start_column="5" end_column="6" covered="yes" />
          </ranges>
        </function>
        <function id="11382" token="0x6000052" name="&lt;AddApplication&gt;b__0_0(Microsoft.Extensions.DependencyInjection.MediatRServiceConfiguration)" namespace="eCommerceServer.Application" type_name="DependencyInjection.&lt;&gt;c" block_coverage="0.00" line_coverage="0.00" blocks_covered="0" blocks_not_covered="6" lines_covered="0" lines_partially_covered="0" lines_not_covered="4">
          <ranges>
            <range source_id="0" start_line="12" end_line="12" start_column="9" end_column="10" covered="no" />
            <range source_id="0" start_line="13" end_line="13" start_column="13" end_column="94" covered="no" />
            <range source_id="0" start_line="14" end_line="14" start_column="13" end_column="74" covered="no" />
            <range source_id="0" start_line="15" end_line="15" start_column="9" end_column="10" covered="no" />
          </ranges>
        </function>
        <function id="11448" token="0x6000055" name="&lt;.ctor&gt;b__0_1(AutoMapper.IMemberConfigurationExpression&lt;eCommerceServer.Application.Features.Categories.CreateCategory.CreateCategoryCommand, eCommerceServer.Domain.Categories.Category, eCommerceServer.Domain.Categories.Name&gt;)" namespace="eCommerceServer.Application.Mapping" type_name="MappingProfile.&lt;&gt;c" block_coverage="0.00" line_coverage="0.00" blocks_covered="0" blocks_not_covered="9" lines_covered="0" lines_partially_covered="0" lines_not_covered="3">
          <ranges>
            <range source_id="1" start_line="12" end_line="12" start_column="9" end_column="10" covered="no" />
            <range source_id="1" start_line="13" end_line="13" start_column="13" end_column="51" covered="no" />
            <range source_id="1" start_line="14" end_line="14" start_column="9" end_column="10" covered="no" />
          </ranges>
        </function>
        <function id="11556" token="0x6000056" name="&lt;.ctor&gt;b__0_3(AutoMapper.IMemberConfigurationExpression&lt;eCommerceServer.Application.Features.Categories.UpdateCategory.UpdateCategoryCommand, eCommerceServer.Domain.Categories.Category, eCommerceServer.Domain.Categories.Name&gt;)" namespace="eCommerceServer.Application.Mapping" type_name="MappingProfile.&lt;&gt;c" block_coverage="0.00" line_coverage="0.00" blocks_covered="0" blocks_not_covered="9" lines_covered="0" lines_partially_covered="0" lines_not_covered="3">
          <ranges>
            <range source_id="1" start_line="17" end_line="17" start_column="9" end_column="10" covered="no" />
            <range source_id="1" start_line="18" end_line="18" start_column="13" end_column="52" covered="no" />
            <range source_id="1" start_line="19" end_line="19" start_column="9" end_column="10" covered="no" />
          </ranges>
        </function>
        <function id="11684" token="0x6000059" name="MoveNext()" namespace="eCommerceServer.Application.Features.Categories.UpdateCategory" type_name="UpdateCategoryCommandHandler.&lt;Handle&gt;d__4" block_coverage="98.55" line_coverage="95.00" blocks_covered="68" blocks_not_covered="1" lines_covered="19" lines_partially_covered="1" lines_not_covered="0">
          <ranges>
            <range source_id="3" start_line="14" end_line="14" start_column="5" end_column="6" covered="yes" />
            <range source_id="3" start_line="15" end_line="15" start_column="9" end_column="120" covered="yes" />
            <range source_id="3" start_line="16" end_line="16" start_column="9" end_column="30" covered="yes" />
            <range source_id="3" start_line="17" end_line="17" start_column="9" end_column="10" covered="yes" />
            <range source_id="3" start_line="18" end_line="18" start_column="13" end_column="65" covered="yes" />
            <range source_id="3" start_line="21" end_line="21" start_column="9" end_column="49" covered="yes" />
            <range source_id="3" start_line="22" end_line="22" start_column="9" end_column="10" covered="yes" />
            <range source_id="3" start_line="23" end_line="23" start_column="13" end_column="124" covered="yes" />
            <range source_id="3" start_line="24" end_line="24" start_column="13" end_column="30" covered="yes" />
            <range source_id="3" start_line="25" end_line="25" start_column="13" end_column="14" covered="yes" />
            <range source_id="3" start_line="26" end_line="26" start_column="17" end_column="73" covered="yes" />
            <range source_id="3" start_line="28" end_line="28" start_column="9" end_column="10" covered="yes" />
            <range source_id="3" start_line="30" end_line="30" start_column="9" end_column="88" covered="partial" />
            <range source_id="3" start_line="31" end_line="31" start_column="9" end_column="10" covered="yes" />
            <range source_id="3" start_line="32" end_line="32" start_column="13" end_column="77" covered="yes" />
            <range source_id="3" start_line="35" end_line="35" start_column="9" end_column="39" covered="yes" />
            <range source_id="3" start_line="36" end_line="36" start_column="9" end_column="45" covered="yes" />
            <range source_id="3" start_line="37" end_line="37" start_column="9" end_column="62" covered="yes" />
            <range source_id="3" start_line="39" end_line="39" start_column="9" end_column="73" covered="yes" />
            <range source_id="3" start_line="40" end_line="40" start_column="5" end_column="6" covered="yes" />
          </ranges>
        </function>
        <function id="12904" token="0x6000060" name="MoveNext()" namespace="eCommerceServer.Application.Features.Categories.GetAllCategory" type_name="GetAllCategoryQueryHandler.&lt;Handle&gt;d__2" block_coverage="100.00" line_coverage="100.00" blocks_covered="13" blocks_not_covered="0" lines_covered="8" lines_partially_covered="0" lines_not_covered="0">
          <ranges>
            <range source_id="6" start_line="11" end_line="11" start_column="5" end_column="6" covered="yes" />
            <range source_id="6" start_line="12" end_line="16" start_column="9" end_column="45" covered="yes" />
            <range source_id="6" start_line="18" end_line="18" start_column="9" end_column="59" covered="yes" />
            <range source_id="6" start_line="19" end_line="19" start_column="5" end_column="6" covered="yes" />
          </ranges>
        </function>
        <function id="13252" token="0x6000064" name="MoveNext()" namespace="eCommerceServer.Application.Features.Categories.RemoveCategory" type_name="DeleteCategoryByIdCommandHandler.&lt;Handle&gt;d__3" block_coverage="100.00" line_coverage="100.00" blocks_covered="27" blocks_not_covered="0" lines_covered="10" lines_partially_covered="0" lines_not_covered="0">
          <ranges>
            <range source_id="8" start_line="12" end_line="12" start_column="5" end_column="6" covered="yes" />
            <range source_id="8" start_line="13" end_line="13" start_column="9" end_column="119" covered="yes" />
            <range source_id="8" start_line="14" end_line="14" start_column="9" end_column="30" covered="yes" />
            <range source_id="8" start_line="15" end_line="15" start_column="9" end_column="10" covered="yes" />
            <range source_id="8" start_line="16" end_line="16" start_column="13" end_column="65" covered="yes" />
            <range source_id="8" start_line="19" end_line="19" start_column="9" end_column="35" covered="yes" />
            <range source_id="8" start_line="20" end_line="20" start_column="9" end_column="45" covered="yes" />
            <range source_id="8" start_line="21" end_line="21" start_column="9" end_column="62" covered="yes" />
            <range source_id="8" start_line="23" end_line="23" start_column="9" end_column="73" covered="yes" />
            <range source_id="8" start_line="24" end_line="24" start_column="5" end_column="6" covered="yes" />
          </ranges>
        </function>
        <function id="13912" token="0x6000068" name="MoveNext()" namespace="eCommerceServer.Application.Features.Categories.CreateCategory" type_name="CreateCategoryCommandHandler.&lt;Handle&gt;d__4" block_coverage="100.00" line_coverage="100.00" blocks_covered="31" blocks_not_covered="0" lines_covered="10" lines_partially_covered="0" lines_not_covered="0">
          <ranges>
            <range source_id="10" start_line="14" end_line="14" start_column="5" end_column="6" covered="yes" />
            <range source_id="10" start_line="15" end_line="15" start_column="9" end_column="124" covered="yes" />
            <range source_id="10" start_line="16" end_line="16" start_column="9" end_column="30" covered="yes" />
            <range source_id="10" start_line="17" end_line="17" start_column="9" end_column="10" covered="yes" />
            <range source_id="10" start_line="18" end_line="18" start_column="13" end_column="73" covered="yes" />
            <range source_id="10" start_line="21" end_line="21" start_column="9" end_column="59" covered="yes" />
            <range source_id="10" start_line="23" end_line="23" start_column="9" end_column="72" covered="yes" />
            <range source_id="10" start_line="24" end_line="24" start_column="9" end_column="62" covered="yes" />
            <range source_id="10" start_line="26" end_line="26" start_column="9" end_column="72" covered="yes" />
            <range source_id="10" start_line="27" end_line="27" start_column="5" end_column="6" covered="yes" />
          </ranges>
        </function>
        <function id="14748" token="0x600006e" name="&lt;Handle&gt;b__2_1(FluentValidation.Results.ValidationResult)" namespace="eCommerceServer.Application.Behaviors" type_name="ValidationBehavior.&lt;&gt;c&lt;TRequest, TResponse&gt;" block_coverage="100.00" line_coverage="100.00" blocks_covered="2" blocks_not_covered="0" lines_covered="1" lines_partially_covered="0" lines_not_covered="0">
          <ranges>
            <range source_id="12" start_line="28" end_line="28" start_column="30" end_column="38" covered="yes" />
          </ranges>
        </function>
        <function id="14756" token="0x600006f" name="&lt;Handle&gt;b__2_2(FluentValidation.Results.ValidationFailure)" namespace="eCommerceServer.Application.Behaviors" type_name="ValidationBehavior.&lt;&gt;c&lt;TRequest, TResponse&gt;" block_coverage="100.00" line_coverage="100.00" blocks_covered="1" blocks_not_covered="0" lines_covered="1" lines_partially_covered="0" lines_not_covered="0">
          <ranges>
            <range source_id="12" start_line="29" end_line="29" start_column="25" end_column="34" covered="yes" />
          </ranges>
        </function>
        <function id="14762" token="0x6000070" name="&lt;Handle&gt;b__2_3(FluentValidation.Results.ValidationFailure)" namespace="eCommerceServer.Application.Behaviors" type_name="ValidationBehavior.&lt;&gt;c&lt;TRequest, TResponse&gt;" block_coverage="100.00" line_coverage="100.00" blocks_covered="2" blocks_not_covered="0" lines_covered="1" lines_partially_covered="0" lines_not_covered="0">
          <ranges>
            <range source_id="12" start_line="31" end_line="31" start_column="18" end_column="32" covered="yes" />
          </ranges>
        </function>
        <function id="14770" token="0x6000071" name="&lt;Handle&gt;b__2_4(FluentValidation.Results.ValidationFailure)" namespace="eCommerceServer.Application.Behaviors" type_name="ValidationBehavior.&lt;&gt;c&lt;TRequest, TResponse&gt;" block_coverage="100.00" line_coverage="100.00" blocks_covered="2" blocks_not_covered="0" lines_covered="1" lines_partially_covered="0" lines_not_covered="0">
          <ranges>
            <range source_id="12" start_line="32" end_line="32" start_column="18" end_column="32" covered="yes" />
          </ranges>
        </function>
        <function id="14778" token="0x6000072" name="&lt;Handle&gt;b__2_5(string, System.Collections.Generic.IEnumerable&lt;string&gt;)" namespace="eCommerceServer.Application.Behaviors" type_name="ValidationBehavior.&lt;&gt;c&lt;TRequest, TResponse&gt;" block_coverage="100.00" line_coverage="100.00" blocks_covered="4" blocks_not_covered="0" lines_covered="5" lines_partially_covered="0" lines_not_covered="0">
          <ranges>
            <range source_id="12" start_line="32" end_line="36" start_column="66" end_column="14" covered="yes" />
          </ranges>
        </function>
        <function id="14797" token="0x6000073" name="&lt;Handle&gt;b__2_6(&lt;&gt;f__AnonymousType0&lt;string, string[]&gt;)" namespace="eCommerceServer.Application.Behaviors" type_name="ValidationBehavior.&lt;&gt;c&lt;TRequest, TResponse&gt;" block_coverage="100.00" line_coverage="100.00" blocks_covered="2" blocks_not_covered="0" lines_covered="1" lines_partially_covered="0" lines_not_covered="0">
          <ranges>
            <range source_id="12" start_line="37" end_line="37" start_column="32" end_column="37" covered="yes" />
          </ranges>
        </function>
        <function id="14805" token="0x6000074" name="&lt;Handle&gt;b__2_7(&lt;&gt;f__AnonymousType0&lt;string, string[]&gt;)" namespace="eCommerceServer.Application.Behaviors" type_name="ValidationBehavior.&lt;&gt;c&lt;TRequest, TResponse&gt;" block_coverage="100.00" line_coverage="100.00" blocks_covered="2" blocks_not_covered="0" lines_covered="1" lines_partially_covered="0" lines_not_covered="0">
          <ranges>
            <range source_id="12" start_line="37" end_line="37" start_column="44" end_column="55" covered="yes" />
          </ranges>
        </function>
        <function id="14815" token="0x6000075" name="&lt;Handle&gt;b__2_8(System.Collections.Generic.KeyValuePair&lt;string, string&gt;)" namespace="eCommerceServer.Application.Behaviors" type_name="ValidationBehavior.&lt;&gt;c&lt;TRequest, TResponse&gt;" block_coverage="100.00" line_coverage="100.00" blocks_covered="6" blocks_not_covered="0" lines_covered="5" lines_partially_covered="0" lines_not_covered="0">
          <ranges>
            <range source_id="12" start_line="41" end_line="45" start_column="54" end_column="14" covered="yes" />
          </ranges>
        </function>
        <function id="14859" token="0x6000077" name="&lt;Handle&gt;b__0(FluentValidation.IValidator&lt;TRequest&gt;)" namespace="eCommerceServer.Application.Behaviors" type_name="ValidationBehavior.&lt;&gt;c__DisplayClass2_0&lt;TRequest, TResponse&gt;" block_coverage="100.00" line_coverage="100.00" blocks_covered="2" blocks_not_covered="0" lines_covered="1" lines_partially_covered="0" lines_not_covered="0">
          <ranges>
            <range source_id="12" start_line="27" end_line="27" start_column="26" end_column="45" covered="yes" />
          </ranges>
        </function>
        <function id="14884" token="0x6000079" name="MoveNext()" namespace="eCommerceServer.Application.Behaviors" type_name="ValidationBehavior.&lt;Handle&gt;d__2&lt;TRequest, TResponse&gt;" block_coverage="100.00" line_coverage="100.00" blocks_covered="45" blocks_not_covered="0" lines_covered="27" lines_partially_covered="0" lines_not_covered="0">
          <ranges>
            <range source_id="12" start_line="18" end_line="18" start_column="5" end_column="6" covered="yes" />
            <range source_id="12" start_line="19" end_line="19" start_column="9" end_column="32" covered="yes" />
            <range source_id="12" start_line="20" end_line="20" start_column="9" end_column="10" covered="yes" />
            <range source_id="12" start_line="21" end_line="21" start_column="13" end_column="33" covered="yes" />
            <range source_id="12" start_line="24" end_line="24" start_column="9" end_column="64" covered="yes" />
            <range source_id="12" start_line="26" end_line="37" start_column="9" end_column="57" covered="yes" />
            <range source_id="12" start_line="39" end_line="39" start_column="9" end_column="39" covered="yes" />
            <range source_id="12" start_line="40" end_line="40" start_column="9" end_column="10" covered="yes" />
            <range source_id="12" start_line="41" end_line="45" start_column="13" end_column="16" covered="yes" />
            <range source_id="12" start_line="46" end_line="46" start_column="13" end_column="68" covered="yes" />
            <range source_id="12" start_line="49" end_line="49" start_column="9" end_column="29" covered="yes" />
            <range source_id="12" start_line="50" end_line="50" start_column="5" end_column="6" covered="yes" />
          </ranges>
        </function>
      </functions>
      <source_files>
        <source_file id="0" path="C:\eCommerce-YMYP-Server\src\eCommerceServer.Application\DependencyInjection.cs" checksum_type="SHA256" checksum="6C3CE88867F76E67F6581DC9EBA46CB281770D1A48A558C5468F68668ADEF641" />
        <source_file id="1" path="C:\eCommerce-YMYP-Server\src\eCommerceServer.Application\Mapping\MappingProfile.cs" checksum_type="SHA256" checksum="5497FF9B59C0780CFA625E8354597F94B44C437359C5F207258F8CAEB7374EB4" />
        <source_file id="2" path="C:\eCommerce-YMYP-Server\src\eCommerceServer.Application\Features\Categories\UpdateCategory\UpdateCategoryCommand.cs" checksum_type="SHA256" checksum="764468ED0E63B8BC368EAB2E26C57D23B307F63EB1765318BABC20DAEC94C0E0" />
        <source_file id="3" path="C:\eCommerce-YMYP-Server\src\eCommerceServer.Application\Features\Categories\UpdateCategory\UpdateCategoryCommandHandler.cs" checksum_type="SHA256" checksum="A3AA9856F48E097F8E2765C150A029DD78956CDC8EDC2BD36C12740DDD569B38" />
        <source_file id="4" path="C:\eCommerce-YMYP-Server\src\eCommerceServer.Application\Features\Categories\UpdateCategory\UpdateCategoryCommandValidator.cs" checksum_type="SHA256" checksum="8CB4D81BF3F76000C82D73FA9D0C79AC25140953C60CD89BC2D94D893ACD0A21" />
        <source_file id="5" path="C:\eCommerce-YMYP-Server\src\eCommerceServer.Application\Features\Categories\GetAllCategory\GetAllCategoryQuery.cs" checksum_type="SHA256" checksum="49325A1F3C5E054C1AC9852F0C011AB0F607AB4AA65D791EDEA5F66ACF9D1DBA" />
        <source_file id="6" path="C:\eCommerce-YMYP-Server\src\eCommerceServer.Application\Features\Categories\GetAllCategory\GetAllCategoryQueryHandler.cs" checksum_type="SHA256" checksum="E946AF47CA8AB0D48A9108503FD6DDA43ECB60604EB8EA44CA60C9E96128D4D1" />
        <source_file id="7" path="C:\eCommerce-YMYP-Server\src\eCommerceServer.Application\Features\Categories\DeleteCategoryById\DeleteCategoryByIdCommand.cs" checksum_type="SHA256" checksum="3AC3AC6D1D0F8B5DFF04C888E12712F8C3BCE32E4FE14F185540594ADBDB46D6" />
        <source_file id="8" path="C:\eCommerce-YMYP-Server\src\eCommerceServer.Application\Features\Categories\DeleteCategoryById\DeleteCategoryByIdCommandHandler.cs" checksum_type="SHA256" checksum="70CFFF346CAC0676FE01BBA06F2C23198D431447813F4ED3FDD1562B3A5FAAA2" />
        <source_file id="9" path="C:\eCommerce-YMYP-Server\src\eCommerceServer.Application\Features\Categories\CreateCategory\CreateCategoryCommand.cs" checksum_type="SHA256" checksum="EC00FD9DC1551595A9C66C0E7B65F2395306AB994435245AB0886EB51175DE22" />
        <source_file id="10" path="C:\eCommerce-YMYP-Server\src\eCommerceServer.Application\Features\Categories\CreateCategory\CreateCategoryCommandHandler.cs" checksum_type="SHA256" checksum="8141D7CA70FD3601E0B56DFC0540D254BAB65D0708F661AC6A20E67B2D31BD53" />
        <source_file id="11" path="C:\eCommerce-YMYP-Server\src\eCommerceServer.Application\Features\Categories\CreateCategory\CreateCategoryCommandValidator.cs" checksum_type="SHA256" checksum="9B4AA4BCC4F5726B27D6612A875ABEC74C3EF0543B93AABC9E47670F9F5F829F" />
        <source_file id="12" path="C:\eCommerce-YMYP-Server\src\eCommerceServer.Application\Behaviors\ValidationBehavior.cs" checksum_type="SHA256" checksum="9EB70CA0BF350D0B78F11183B35297F75D7A77A39DEC6883E5E138292885CD72" />
      </source_files>
      <skipped_functions />
    </module>
    <module id="8D134A3C6E0D4E48A6A127571B2961E5E1EC71A0" name="GenericRepository.dll" path="GenericRepository.dll" block_coverage="0.00" line_coverage="0.00" blocks_covered="0" blocks_not_covered="90" lines_covered="0" lines_partially_covered="0" lines_not_covered="76">
      <functions>
        <function id="8272" token="0x6000018" name="Repository(TContext)" namespace="GenericRepository" type_name="Repository&lt;TEntity, TContext&gt;" block_coverage="0.00" line_coverage="0.00" blocks_covered="0" blocks_not_covered="3" lines_covered="0" lines_partially_covered="0" lines_not_covered="5">
          <ranges>
            <range source_id="0" start_line="13" end_line="13" start_column="5" end_column="40" covered="no" />
            <range source_id="0" start_line="14" end_line="14" start_column="5" end_column="6" covered="no" />
            <range source_id="0" start_line="15" end_line="15" start_column="9" end_column="28" covered="no" />
            <range source_id="0" start_line="16" end_line="16" start_column="9" end_column="42" covered="no" />
            <range source_id="0" start_line="17" end_line="17" start_column="5" end_column="6" covered="no" />
          </ranges>
        </function>
        <function id="8311" token="0x6000019" name="Add(TEntity)" namespace="GenericRepository" type_name="Repository&lt;TEntity, TContext&gt;" block_coverage="0.00" line_coverage="0.00" blocks_covered="0" blocks_not_covered="2" lines_covered="0" lines_partially_covered="0" lines_not_covered="3">
          <ranges>
            <range source_id="0" start_line="20" end_line="20" start_column="5" end_column="6" covered="no" />
            <range source_id="0" start_line="21" end_line="21" start_column="9" end_column="28" covered="no" />
            <range source_id="0" start_line="22" end_line="22" start_column="5" end_column="6" covered="no" />
          </ranges>
        </function>
        <function id="8496" token="0x600001c" name="Any(System.Linq.Expressions.Expression&lt;System.Func&lt;TEntity, bool&gt;&gt;)" namespace="GenericRepository" type_name="Repository&lt;TEntity, TContext&gt;" block_coverage="0.00" line_coverage="0.00" blocks_covered="0" blocks_not_covered="3" lines_covered="0" lines_partially_covered="0" lines_not_covered="3">
          <ranges>
            <range source_id="0" start_line="35" end_line="35" start_column="5" end_column="6" covered="no" />
            <range source_id="0" start_line="36" end_line="36" start_column="9" end_column="39" covered="no" />
            <range source_id="0" start_line="37" end_line="37" start_column="5" end_column="6" covered="no" />
          </ranges>
        </function>
        <function id="8610" token="0x600001e" name="Delete(TEntity)" namespace="GenericRepository" type_name="Repository&lt;TEntity, TContext&gt;" block_coverage="0.00" line_coverage="0.00" blocks_covered="0" blocks_not_covered="2" lines_covered="0" lines_partially_covered="0" lines_not_covered="3">
          <ranges>
            <range source_id="0" start_line="45" end_line="45" start_column="5" end_column="6" covered="no" />
            <range source_id="0" start_line="46" end_line="46" start_column="9" end_column="31" covered="no" />
            <range source_id="0" start_line="47" end_line="47" start_column="5" end_column="6" covered="no" />
          </ranges>
        </function>
        <function id="8787" token="0x6000021" name="DeleteRange(System.Collections.Generic.ICollection&lt;TEntity&gt;)" namespace="GenericRepository" type_name="Repository&lt;TEntity, TContext&gt;" block_coverage="0.00" line_coverage="0.00" blocks_covered="0" blocks_not_covered="2" lines_covered="0" lines_partially_covered="0" lines_not_covered="3">
          <ranges>
            <range source_id="0" start_line="62" end_line="62" start_column="5" end_column="6" covered="no" />
            <range source_id="0" start_line="63" end_line="63" start_column="9" end_column="38" covered="no" />
            <range source_id="0" start_line="64" end_line="64" start_column="5" end_column="6" covered="no" />
          </ranges>
        </function>
        <function id="8804" token="0x6000022" name="GetAll()" namespace="GenericRepository" type_name="Repository&lt;TEntity, TContext&gt;" block_coverage="0.00" line_coverage="0.00" blocks_covered="0" blocks_not_covered="4" lines_covered="0" lines_partially_covered="0" lines_not_covered="3">
          <ranges>
            <range source_id="0" start_line="67" end_line="67" start_column="5" end_column="6" covered="no" />
            <range source_id="0" start_line="68" end_line="68" start_column="9" end_column="52" covered="no" />
            <range source_id="0" start_line="69" end_line="69" start_column="5" end_column="6" covered="no" />
          </ranges>
        </function>
        <function id="8840" token="0x6000023" name="GetAllWithTracking()" namespace="GenericRepository" type_name="Repository&lt;TEntity, TContext&gt;" block_coverage="0.00" line_coverage="0.00" blocks_covered="0" blocks_not_covered="3" lines_covered="0" lines_partially_covered="0" lines_not_covered="3">
          <ranges>
            <range source_id="0" start_line="72" end_line="72" start_column="5" end_column="6" covered="no" />
            <range source_id="0" start_line="73" end_line="73" start_column="9" end_column="37" covered="no" />
            <range source_id="0" start_line="74" end_line="74" start_column="5" end_column="6" covered="no" />
          </ranges>
        </function>
        <function id="8872" token="0x6000024" name="GetByExpression(System.Linq.Expressions.Expression&lt;System.Func&lt;TEntity, bool&gt;&gt;)" namespace="GenericRepository" type_name="Repository&lt;TEntity, TContext&gt;" block_coverage="0.00" line_coverage="0.00" blocks_covered="0" blocks_not_covered="5" lines_covered="0" lines_partially_covered="0" lines_not_covered="4">
          <ranges>
            <range source_id="0" start_line="77" end_line="77" start_column="5" end_column="6" covered="no" />
            <range source_id="0" start_line="78" end_line="78" start_column="9" end_column="83" covered="no" />
            <range source_id="0" start_line="79" end_line="79" start_column="9" end_column="23" covered="no" />
            <range source_id="0" start_line="80" end_line="80" start_column="5" end_column="6" covered="no" />
          </ranges>
        </function>
        <function id="9000" token="0x6000026" name="GetByExpressionWithTracking(System.Linq.Expressions.Expression&lt;System.Func&lt;TEntity, bool&gt;&gt;)" namespace="GenericRepository" type_name="Repository&lt;TEntity, TContext&gt;" block_coverage="0.00" line_coverage="0.00" blocks_covered="0" blocks_not_covered="4" lines_covered="0" lines_partially_covered="0" lines_not_covered="4">
          <ranges>
            <range source_id="0" start_line="89" end_line="89" start_column="5" end_column="6" covered="no" />
            <range source_id="0" start_line="90" end_line="90" start_column="9" end_column="68" covered="no" />
            <range source_id="0" start_line="91" end_line="91" start_column="9" end_column="23" covered="no" />
            <range source_id="0" start_line="92" end_line="92" start_column="5" end_column="6" covered="no" />
          </ranges>
        </function>
        <function id="9124" token="0x6000028" name="GetFirst()" namespace="GenericRepository" type_name="Repository&lt;TEntity, TContext&gt;" block_coverage="0.00" line_coverage="0.00" blocks_covered="0" blocks_not_covered="4" lines_covered="0" lines_partially_covered="0" lines_not_covered="4">
          <ranges>
            <range source_id="0" start_line="101" end_line="101" start_column="5" end_column="6" covered="no" />
            <range source_id="0" start_line="102" end_line="102" start_column="9" end_column="65" covered="no" />
            <range source_id="0" start_line="103" end_line="103" start_column="9" end_column="23" covered="no" />
            <range source_id="0" start_line="104" end_line="104" start_column="5" end_column="6" covered="no" />
          </ranges>
        </function>
        <function id="9236" token="0x600002a" name="Where(System.Linq.Expressions.Expression&lt;System.Func&lt;TEntity, bool&gt;&gt;)" namespace="GenericRepository" type_name="Repository&lt;TEntity, TContext&gt;" block_coverage="0.00" line_coverage="0.00" blocks_covered="0" blocks_not_covered="5" lines_covered="0" lines_partially_covered="0" lines_not_covered="3">
          <ranges>
            <range source_id="0" start_line="113" end_line="113" start_column="5" end_column="6" covered="no" />
            <range source_id="0" start_line="114" end_line="114" start_column="9" end_column="70" covered="no" />
            <range source_id="0" start_line="115" end_line="115" start_column="5" end_column="6" covered="no" />
          </ranges>
        </function>
        <function id="9276" token="0x600002b" name="WhereWithTracking(System.Linq.Expressions.Expression&lt;System.Func&lt;TEntity, bool&gt;&gt;)" namespace="GenericRepository" type_name="Repository&lt;TEntity, TContext&gt;" block_coverage="0.00" line_coverage="0.00" blocks_covered="0" blocks_not_covered="4" lines_covered="0" lines_partially_covered="0" lines_not_covered="3">
          <ranges>
            <range source_id="0" start_line="118" end_line="118" start_column="5" end_column="6" covered="no" />
            <range source_id="0" start_line="119" end_line="119" start_column="9" end_column="55" covered="no" />
            <range source_id="0" start_line="120" end_line="120" start_column="5" end_column="6" covered="no" />
          </ranges>
        </function>
        <function id="9311" token="0x600002c" name="Update(TEntity)" namespace="GenericRepository" type_name="Repository&lt;TEntity, TContext&gt;" block_coverage="0.00" line_coverage="0.00" blocks_covered="0" blocks_not_covered="2" lines_covered="0" lines_partially_covered="0" lines_not_covered="3">
          <ranges>
            <range source_id="0" start_line="123" end_line="123" start_column="5" end_column="6" covered="no" />
            <range source_id="0" start_line="124" end_line="124" start_column="9" end_column="31" covered="no" />
            <range source_id="0" start_line="125" end_line="125" start_column="5" end_column="6" covered="no" />
          </ranges>
        </function>
        <function id="9327" token="0x600002d" name="UpdateRange(System.Collections.Generic.ICollection&lt;TEntity&gt;)" namespace="GenericRepository" type_name="Repository&lt;TEntity, TContext&gt;" block_coverage="0.00" line_coverage="0.00" blocks_covered="0" blocks_not_covered="2" lines_covered="0" lines_partially_covered="0" lines_not_covered="3">
          <ranges>
            <range source_id="0" start_line="128" end_line="128" start_column="5" end_column="6" covered="no" />
            <range source_id="0" start_line="129" end_line="129" start_column="9" end_column="38" covered="no" />
            <range source_id="0" start_line="130" end_line="130" start_column="5" end_column="6" covered="no" />
          </ranges>
        </function>
        <function id="9352" token="0x600002f" name="MoveNext()" namespace="GenericRepository" type_name="Repository.&lt;AddAsync&gt;d__4&lt;TEntity, TContext&gt;" block_coverage="0.00" line_coverage="0.00" blocks_covered="0" blocks_not_covered="4" lines_covered="0" lines_partially_covered="0" lines_not_covered="3">
          <ranges>
            <range source_id="0" start_line="25" end_line="25" start_column="5" end_column="6" covered="no" />
            <range source_id="0" start_line="26" end_line="26" start_column="9" end_column="58" covered="no" />
            <range source_id="0" start_line="27" end_line="27" start_column="5" end_column="6" covered="no" />
          </ranges>
        </function>
        <function id="9576" token="0x6000032" name="MoveNext()" namespace="GenericRepository" type_name="Repository.&lt;AddRangeAsync&gt;d__5&lt;TEntity, TContext&gt;" block_coverage="0.00" line_coverage="0.00" blocks_covered="0" blocks_not_covered="4" lines_covered="0" lines_partially_covered="0" lines_not_covered="3">
          <ranges>
            <range source_id="0" start_line="30" end_line="30" start_column="5" end_column="6" covered="no" />
            <range source_id="0" start_line="31" end_line="31" start_column="9" end_column="65" covered="no" />
            <range source_id="0" start_line="32" end_line="32" start_column="5" end_column="6" covered="no" />
          </ranges>
        </function>
        <function id="9796" token="0x6000035" name="MoveNext()" namespace="GenericRepository" type_name="Repository.&lt;AnyAsync&gt;d__7&lt;TEntity, TContext&gt;" block_coverage="0.00" line_coverage="0.00" blocks_covered="0" blocks_not_covered="4" lines_covered="0" lines_partially_covered="0" lines_not_covered="3">
          <ranges>
            <range source_id="0" start_line="40" end_line="40" start_column="5" end_column="6" covered="no" />
            <range source_id="0" start_line="41" end_line="41" start_column="9" end_column="69" covered="no" />
            <range source_id="0" start_line="42" end_line="42" start_column="5" end_column="6" covered="no" />
          </ranges>
        </function>
        <function id="10028" token="0x6000038" name="MoveNext()" namespace="GenericRepository" type_name="Repository.&lt;DeleteByExpressionAsync&gt;d__9&lt;TEntity, TContext&gt;" block_coverage="0.00" line_coverage="0.00" blocks_covered="0" blocks_not_covered="8" lines_covered="0" lines_partially_covered="0" lines_not_covered="4">
          <ranges>
            <range source_id="0" start_line="50" end_line="50" start_column="5" end_column="6" covered="no" />
            <range source_id="0" start_line="51" end_line="51" start_column="9" end_column="111" covered="no" />
            <range source_id="0" start_line="52" end_line="52" start_column="9" end_column="31" covered="no" />
            <range source_id="0" start_line="53" end_line="53" start_column="5" end_column="6" covered="no" />
          </ranges>
        </function>
        <function id="10336" token="0x600003b" name="MoveNext()" namespace="GenericRepository" type_name="Repository.&lt;DeleteByIdAsync&gt;d__10&lt;TEntity, TContext&gt;" block_coverage="0.00" line_coverage="0.00" blocks_covered="0" blocks_not_covered="6" lines_covered="0" lines_partially_covered="0" lines_not_covered="4">
          <ranges>
            <range source_id="0" start_line="56" end_line="56" start_column="5" end_column="6" covered="no" />
            <range source_id="0" start_line="57" end_line="57" start_column="9" end_column="53" covered="no" />
            <range source_id="0" start_line="58" end_line="58" start_column="9" end_column="31" covered="no" />
            <range source_id="0" start_line="59" end_line="59" start_column="5" end_column="6" covered="no" />
          </ranges>
        </function>
        <function id="10640" token="0x600003e" name="MoveNext()" namespace="GenericRepository" type_name="Repository.&lt;GetByExpressionAsync&gt;d__15&lt;TEntity, TContext&gt;" block_coverage="0.00" line_coverage="0.00" blocks_covered="0" blocks_not_covered="7" lines_covered="0" lines_partially_covered="0" lines_not_covered="4">
          <ranges>
            <range source_id="0" start_line="83" end_line="83" start_column="5" end_column="6" covered="no" />
            <range source_id="0" start_line="84" end_line="84" start_column="9" end_column="111" covered="no" />
            <range source_id="0" start_line="85" end_line="85" start_column="9" end_column="23" covered="no" />
            <range source_id="0" start_line="86" end_line="86" start_column="5" end_column="6" covered="no" />
          </ranges>
        </function>
        <function id="10936" token="0x6000041" name="MoveNext()" namespace="GenericRepository" type_name="Repository.&lt;GetByExpressionWithTrackingAsync&gt;d__17&lt;TEntity, TContext&gt;" block_coverage="0.00" line_coverage="0.00" blocks_covered="0" blocks_not_covered="6" lines_covered="0" lines_partially_covered="0" lines_not_covered="4">
          <ranges>
            <range source_id="0" start_line="95" end_line="95" start_column="5" end_column="6" covered="no" />
            <range source_id="0" start_line="96" end_line="96" start_column="9" end_column="96" covered="no" />
            <range source_id="0" start_line="97" end_line="97" start_column="9" end_column="23" covered="no" />
            <range source_id="0" start_line="98" end_line="98" start_column="5" end_column="6" covered="no" />
          </ranges>
        </function>
        <function id="11224" token="0x6000044" name="MoveNext()" namespace="GenericRepository" type_name="Repository.&lt;GetFirstAsync&gt;d__19&lt;TEntity, TContext&gt;" block_coverage="0.00" line_coverage="0.00" blocks_covered="0" blocks_not_covered="6" lines_covered="0" lines_partially_covered="0" lines_not_covered="4">
          <ranges>
            <range source_id="0" start_line="107" end_line="107" start_column="5" end_column="6" covered="no" />
            <range source_id="0" start_line="108" end_line="108" start_column="9" end_column="93" covered="no" />
            <range source_id="0" start_line="109" end_line="109" start_column="9" end_column="23" covered="no" />
            <range source_id="0" start_line="110" end_line="110" start_column="5" end_column="6" covered="no" />
          </ranges>
        </function>
      </functions>
      <source_files>
        <source_file id="0" path="D:\GitHub\GenericRepositoryNugetPackage\GenericRepository\Repository.cs" checksum_type="SHA256" checksum="F956E43449FCE454A9E9B0DE19DD3D0A76F8BF07DE0A2E7512FA800FB9D25A36" />
      </source_files>
      <skipped_functions />
    </module>
    <module id="9363EE7970603145900F20C971AA2418F4BF32F1" name="eCommerceServer.Domain.dll" path="eCommerceServer.Domain.dll" block_coverage="42.86" line_coverage="48.28" blocks_covered="15" blocks_not_covered="20" lines_covered="14" lines_partially_covered="0" lines_not_covered="15">
      <functions>
        <function id="8272" token="0x6000001" name="get_Name()" namespace="eCommerceServer.Domain.Categories" type_name="Category" block_coverage="100.00" line_coverage="100.00" blocks_covered="1" blocks_not_covered="0" lines_covered="1" lines_partially_covered="0" lines_not_covered="0">
          <ranges>
            <range source_id="0" start_line="6" end_line="6" start_column="24" end_column="28" covered="yes" />
          </ranges>
        </function>
        <function id="8280" token="0x6000002" name="set_Name(eCommerceServer.Domain.Categories.Name)" namespace="eCommerceServer.Domain.Categories" type_name="Category" block_coverage="100.00" line_coverage="100.00" blocks_covered="1" blocks_not_covered="0" lines_covered="1" lines_partially_covered="0" lines_not_covered="0">
          <ranges>
            <range source_id="0" start_line="6" end_line="6" start_column="29" end_column="33" covered="yes" />
          </ranges>
        </function>
        <function id="8289" token="0x6000003" name="get_MainCategoryId()" namespace="eCommerceServer.Domain.Categories" type_name="Category" block_coverage="0.00" line_coverage="0.00" blocks_covered="0" blocks_not_covered="1" lines_covered="0" lines_partially_covered="0" lines_not_covered="1">
          <ranges>
            <range source_id="0" start_line="7" end_line="7" start_column="35" end_column="39" covered="no" />
          </ranges>
        </function>
        <function id="8297" token="0x6000004" name="set_MainCategoryId(System.Nullable&lt;System.Guid&gt;)" namespace="eCommerceServer.Domain.Categories" type_name="Category" block_coverage="100.00" line_coverage="100.00" blocks_covered="1" blocks_not_covered="0" lines_covered="1" lines_partially_covered="0" lines_not_covered="0">
          <ranges>
            <range source_id="0" start_line="7" end_line="7" start_column="40" end_column="44" covered="yes" />
          </ranges>
        </function>
        <function id="8306" token="0x6000005" name="get_MainCategory()" namespace="eCommerceServer.Domain.Categories" type_name="Category" block_coverage="0.00" line_coverage="0.00" blocks_covered="0" blocks_not_covered="1" lines_covered="0" lines_partially_covered="0" lines_not_covered="1">
          <ranges>
            <range source_id="0" start_line="8" end_line="8" start_column="37" end_column="41" covered="no" />
          </ranges>
        </function>
        <function id="8314" token="0x6000006" name="set_MainCategory(eCommerceServer.Domain.Categories.Category)" namespace="eCommerceServer.Domain.Categories" type_name="Category" block_coverage="0.00" line_coverage="0.00" blocks_covered="0" blocks_not_covered="1" lines_covered="0" lines_partially_covered="0" lines_not_covered="1">
          <ranges>
            <range source_id="0" start_line="8" end_line="8" start_column="42" end_column="46" covered="no" />
          </ranges>
        </function>
        <function id="8323" token="0x6000007" name="Category()" namespace="eCommerceServer.Domain.Categories" type_name="Category" block_coverage="100.00" line_coverage="100.00" blocks_covered="3" blocks_not_covered="0" lines_covered="1" lines_partially_covered="0" lines_not_covered="0">
          <ranges>
            <range source_id="0" start_line="6" end_line="6" start_column="38" end_column="55" covered="yes" />
          </ranges>
        </function>
        <function id="8348" token="0x6000008" name="Name(string)" namespace="eCommerceServer.Domain.Categories" type_name="Name" block_coverage="100.00" line_coverage="100.00" blocks_covered="2" blocks_not_covered="0" lines_covered="2" lines_partially_covered="0" lines_not_covered="0">
          <ranges>
            <range source_id="1" start_line="3" end_line="4" start_column="22" end_column="18" covered="yes" />
          </ranges>
        </function>
        <function id="8376" token="0x600000a" name="get_Value()" namespace="eCommerceServer.Domain.Categories" type_name="Name" block_coverage="100.00" line_coverage="100.00" blocks_covered="1" blocks_not_covered="0" lines_covered="1" lines_partially_covered="0" lines_not_covered="0">
          <ranges>
            <range source_id="1" start_line="4" end_line="4" start_column="5" end_column="17" covered="yes" />
          </ranges>
        </function>
        <function id="8384" token="0x600000b" name="set_Value(string)" namespace="eCommerceServer.Domain.Categories" type_name="Name" block_coverage="0.00" line_coverage="0.00" blocks_covered="0" blocks_not_covered="1" lines_covered="0" lines_partially_covered="0" lines_not_covered="1">
          <ranges>
            <range source_id="1" start_line="4" end_line="4" start_column="5" end_column="17" covered="no" />
          </ranges>
        </function>
        <function id="8658" token="0x6000014" name="Name(eCommerceServer.Domain.Categories.Name)" namespace="eCommerceServer.Domain.Categories" type_name="Name" block_coverage="0.00" line_coverage="0.00" blocks_covered="0" blocks_not_covered="1" lines_covered="0" lines_partially_covered="0" lines_not_covered="1">
          <ranges>
            <range source_id="1" start_line="3" end_line="3" start_column="22" end_column="26" covered="no" />
          </ranges>
        </function>
        <function id="8690" token="0x6000016" name="Entity()" namespace="eCommerceServer.Domain.Abstractions" type_name="Entity" block_coverage="100.00" line_coverage="100.00" blocks_covered="4" blocks_not_covered="0" lines_covered="5" lines_partially_covered="0" lines_not_covered="0">
          <ranges>
            <range source_id="2" start_line="10" end_line="10" start_column="43" end_column="48" covered="yes" />
            <range source_id="2" start_line="5" end_line="5" start_column="5" end_column="23" covered="yes" />
            <range source_id="2" start_line="6" end_line="6" start_column="5" end_column="6" covered="yes" />
            <range source_id="2" start_line="7" end_line="7" start_column="9" end_column="29" covered="yes" />
            <range source_id="2" start_line="8" end_line="8" start_column="5" end_column="6" covered="yes" />
          </ranges>
        </function>
        <function id="8719" token="0x6000017" name="get_Id()" namespace="eCommerceServer.Domain.Abstractions" type_name="Entity" block_coverage="0.00" line_coverage="0.00" blocks_covered="0" blocks_not_covered="1" lines_covered="0" lines_partially_covered="0" lines_not_covered="1">
          <ranges>
            <range source_id="2" start_line="9" end_line="9" start_column="22" end_column="26" covered="no" />
          </ranges>
        </function>
        <function id="8727" token="0x6000018" name="set_Id(System.Guid)" namespace="eCommerceServer.Domain.Abstractions" type_name="Entity" block_coverage="100.00" line_coverage="100.00" blocks_covered="1" blocks_not_covered="0" lines_covered="1" lines_partially_covered="0" lines_not_covered="0">
          <ranges>
            <range source_id="2" start_line="9" end_line="9" start_column="27" end_column="31" covered="yes" />
          </ranges>
        </function>
        <function id="8736" token="0x6000019" name="get_IsDeleted()" namespace="eCommerceServer.Domain.Abstractions" type_name="Entity" block_coverage="0.00" line_coverage="0.00" blocks_covered="0" blocks_not_covered="1" lines_covered="0" lines_partially_covered="0" lines_not_covered="1">
          <ranges>
            <range source_id="2" start_line="10" end_line="10" start_column="29" end_column="33" covered="no" />
          </ranges>
        </function>
        <function id="8744" token="0x600001a" name="set_IsDeleted(bool)" namespace="eCommerceServer.Domain.Abstractions" type_name="Entity" block_coverage="100.00" line_coverage="100.00" blocks_covered="1" blocks_not_covered="0" lines_covered="1" lines_partially_covered="0" lines_not_covered="0">
          <ranges>
            <range source_id="2" start_line="10" end_line="10" start_column="34" end_column="38" covered="yes" />
          </ranges>
        </function>
        <function id="8756" token="0x600001b" name="Equals(object)" namespace="eCommerceServer.Domain.Abstractions" type_name="Entity" block_coverage="0.00" line_coverage="0.00" blocks_covered="0" blocks_not_covered="9" lines_covered="0" lines_partially_covered="0" lines_not_covered="5">
          <ranges>
            <range source_id="2" start_line="13" end_line="13" start_column="5" end_column="6" covered="no" />
            <range source_id="2" start_line="14" end_line="14" start_column="9" end_column="25" covered="no" />
            <range source_id="2" start_line="14" end_line="14" start_column="26" end_column="39" covered="no" />
            <range source_id="2" start_line="16" end_line="16" start_column="9" end_column="38" covered="no" />
            <range source_id="2" start_line="16" end_line="16" start_column="39" end_column="52" covered="no" />
            <range source_id="2" start_line="18" end_line="18" start_column="9" end_column="32" covered="no" />
            <range source_id="2" start_line="19" end_line="19" start_column="5" end_column="6" covered="no" />
          </ranges>
        </function>
        <function id="8828" token="0x600001c" name="GetHashCode()" namespace="eCommerceServer.Domain.Abstractions" type_name="Entity" block_coverage="0.00" line_coverage="0.00" blocks_covered="0" blocks_not_covered="4" lines_covered="0" lines_partially_covered="0" lines_not_covered="3">
          <ranges>
            <range source_id="2" start_line="22" end_line="22" start_column="5" end_column="6" covered="no" />
            <range source_id="2" start_line="23" end_line="23" start_column="9" end_column="33" covered="no" />
            <range source_id="2" start_line="24" end_line="24" start_column="5" end_column="6" covered="no" />
          </ranges>
        </function>
      </functions>
      <source_files>
        <source_file id="0" path="C:\eCommerce-YMYP-Server\src\eCommerceServer.Domain\Categories\Category.cs" checksum_type="SHA256" checksum="05A5FB1BF0DC638AEA44DE77E3414F136EAF8BADB6B54113E1EE19D6357100D1" />
        <source_file id="1" path="C:\eCommerce-YMYP-Server\src\eCommerceServer.Domain\Categories\Name.cs" checksum_type="SHA256" checksum="2CCFFFE181656A00212E3811BD69AD130829FC3F938815F62BACC8E14DE05FA6" />
        <source_file id="2" path="C:\eCommerce-YMYP-Server\src\eCommerceServer.Domain\Abstractions\Entity.cs" checksum_type="SHA256" checksum="29EA448009B640F29DD0F10EC25BB9C10B2CB8BB98FA0A1B5D789153B7E5B817" />
      </source_files>
      <skipped_functions />
    </module>
    <module id="37558C585837864A90D18E0790C112E12503CC8E" name="FluentValidation.dll" path="FluentValidation.dll" block_coverage="5.63" line_coverage="9.20" blocks_covered="739" blocks_not_covered="12377" lines_covered="389" lines_partially_covered="132" lines_not_covered="3708">
      <functions>
        <function id="9674" token="0x600001f" name="get_Rules()" namespace="FluentValidation" type_name="AbstractValidator&lt;T&gt;" block_coverage="100.00" line_coverage="100.00" blocks_covered="1" blocks_not_covered="0" lines_covered="1" lines_partially_covered="0" lines_not_covered="0">
          <ranges>
            <range source_id="0" start_line="37" end_line="37" start_column="66" end_column="70" covered="yes" />
          </ranges>
        </function>
        <function id="9682" token="0x6000020" name="get_CascadeMode()" namespace="FluentValidation" type_name="AbstractValidator&lt;T&gt;" block_coverage="0.00" line_coverage="0.00" blocks_covered="0" blocks_not_covered="12" lines_covered="0" lines_partially_covered="0" lines_not_covered="8">
          <ranges>
            <range source_id="0" start_line="70" end_line="70" start_column="4" end_column="54" covered="no" />
            <range source_id="0" start_line="71" end_line="71" start_column="5" end_column="34" covered="no" />
            <range source_id="0" start_line="73" end_line="73" start_column="9" end_column="103" covered="no" />
            <range source_id="0" start_line="74" end_line="74" start_column="5" end_column="43" covered="no" />
            <range source_id="0" start_line="77" end_line="80" start_column="5" end_column="101" covered="no" />
          </ranges>
        </function>
        <function id="9734" token="0x6000021" name="set_CascadeMode(FluentValidation.CascadeMode)" namespace="FluentValidation" type_name="AbstractValidator&lt;T&gt;" block_coverage="0.00" line_coverage="0.00" blocks_covered="0" blocks_not_covered="9" lines_covered="0" lines_partially_covered="0" lines_not_covered="7">
          <ranges>
            <range source_id="0" start_line="84" end_line="86" start_column="4" end_column="13" covered="no" />
            <range source_id="0" start_line="88" end_line="90" start_column="4" end_column="13" covered="no" />
            <range source_id="0" start_line="91" end_line="91" start_column="3" end_column="4" covered="no" />
          </ranges>
        </function>
        <function id="9764" token="0x6000022" name="get_ClassLevelCascadeMode()" namespace="FluentValidation" type_name="AbstractValidator&lt;T&gt;" block_coverage="100.00" line_coverage="100.00" blocks_covered="2" blocks_not_covered="0" lines_covered="1" lines_partially_covered="0" lines_not_covered="0">
          <ranges>
            <range source_id="0" start_line="116" end_line="116" start_column="10" end_column="34" covered="yes" />
          </ranges>
        </function>
        <function id="9780" token="0x6000023" name="set_ClassLevelCascadeMode(FluentValidation.CascadeMode)" namespace="FluentValidation" type_name="AbstractValidator&lt;T&gt;" block_coverage="0.00" line_coverage="0.00" blocks_covered="0" blocks_not_covered="7" lines_covered="0" lines_partially_covered="0" lines_not_covered="3">
          <ranges>
            <range source_id="0" start_line="117" end_line="119" start_column="10" end_column="17" covered="no" />
          </ranges>
        </function>
        <function id="9866" token="0x6000024" name="get_RuleLevelCascadeMode()" namespace="FluentValidation" type_name="AbstractValidator&lt;T&gt;" block_coverage="100.00" line_coverage="100.00" blocks_covered="2" blocks_not_covered="0" lines_covered="1" lines_partially_covered="0" lines_not_covered="0">
          <ranges>
            <range source_id="0" start_line="144" end_line="144" start_column="10" end_column="33" covered="yes" />
          </ranges>
        </function>
        <function id="9880" token="0x6000025" name="set_RuleLevelCascadeMode(FluentValidation.CascadeMode)" namespace="FluentValidation" type_name="AbstractValidator&lt;T&gt;" block_coverage="0.00" line_coverage="0.00" blocks_covered="0" blocks_not_covered="7" lines_covered="0" lines_partially_covered="0" lines_not_covered="3">
          <ranges>
            <range source_id="0" start_line="145" end_line="147" start_column="10" end_column="17" covered="no" />
          </ranges>
        </function>
        <function id="9966" token="0x6000026" name="FluentValidation.IValidator.Validate(FluentValidation.IValidationContext)" namespace="FluentValidation" type_name="AbstractValidator&lt;T&gt;" block_coverage="100.00" line_coverage="100.00" blocks_covered="4" blocks_not_covered="0" lines_covered="2" lines_partially_covered="0" lines_not_covered="0">
          <ranges>
            <range source_id="0" start_line="152" end_line="152" start_column="3" end_column="66" covered="yes" />
            <range source_id="0" start_line="153" end_line="153" start_column="3" end_column="75" covered="yes" />
          </ranges>
        </function>
        <function id="9996" token="0x6000027" name="FluentValidation.IValidator.ValidateAsync(FluentValidation.IValidationContext, System.Threading.CancellationToken)" namespace="FluentValidation" type_name="AbstractValidator&lt;T&gt;" block_coverage="0.00" line_coverage="0.00" blocks_covered="0" blocks_not_covered="4" lines_covered="0" lines_partially_covered="0" lines_not_covered="2">
          <ranges>
            <range source_id="0" start_line="157" end_line="157" start_column="3" end_column="66" covered="no" />
            <range source_id="0" start_line="158" end_line="158" start_column="3" end_column="94" covered="no" />
          </ranges>
        </function>
        <function id="10027" token="0x6000028" name="Validate(T)" namespace="FluentValidation" type_name="AbstractValidator&lt;T&gt;" block_coverage="0.00" line_coverage="0.00" blocks_covered="0" blocks_not_covered="7" lines_covered="0" lines_partially_covered="0" lines_not_covered="1">
          <ranges>
            <range source_id="0" start_line="167" end_line="167" start_column="6" end_column="134" covered="no" />
          </ranges>
        </function>
        <function id="10062" token="0x6000029" name="ValidateAsync(T, System.Threading.CancellationToken)" namespace="FluentValidation" type_name="AbstractValidator&lt;T&gt;" block_coverage="0.00" line_coverage="0.00" blocks_covered="0" blocks_not_covered="7" lines_covered="0" lines_partially_covered="0" lines_not_covered="1">
          <ranges>
            <range source_id="0" start_line="176" end_line="176" start_column="6" end_column="153" covered="no" />
          </ranges>
        </function>
        <function id="10100" token="0x600002a" name="Validate(FluentValidation.ValidationContext&lt;T&gt;)" namespace="FluentValidation" type_name="AbstractValidator&lt;T&gt;" block_coverage="46.15" line_coverage="50.00" blocks_covered="6" blocks_not_covered="7" lines_covered="4" lines_partially_covered="1" lines_not_covered="3">
          <ranges>
            <range source_id="0" start_line="184" end_line="184" start_column="3" end_column="23" covered="yes" />
            <range source_id="0" start_line="184" end_line="184" start_column="24" end_column="73" covered="no" />
            <range source_id="0" start_line="195" end_line="196" start_column="4" end_column="64" covered="yes" />
            <range source_id="0" start_line="202" end_line="202" start_column="4" end_column="55" covered="yes" />
            <range source_id="0" start_line="204" end_line="204" start_column="3" end_column="54" covered="no" />
            <range source_id="0" start_line="206" end_line="206" start_column="4" end_column="79" covered="no" />
            <range source_id="0" start_line="207" end_line="207" start_column="4" end_column="86" covered="no" />
            <range source_id="0" start_line="209" end_line="209" start_column="2" end_column="3" covered="yes" />
          </ranges>
        </function>
        <function id="10392" token="0x600002d" name="SetExecutedRuleSets(FluentValidation.Results.ValidationResult, FluentValidation.ValidationContext&lt;T&gt;)" namespace="FluentValidation" type_name="AbstractValidator&lt;T&gt;" block_coverage="62.50" line_coverage="50.00" blocks_covered="5" blocks_not_covered="3" lines_covered="2" lines_partially_covered="1" lines_not_covered="1">
          <ranges>
            <range source_id="0" start_line="265" end_line="265" start_column="3" end_column="110" covered="partial" />
            <range source_id="0" start_line="266" end_line="266" start_column="4" end_column="44" covered="no" />
            <range source_id="0" start_line="269" end_line="269" start_column="4" end_column="81" covered="yes" />
            <range source_id="0" start_line="271" end_line="271" start_column="2" end_column="3" covered="yes" />
          </ranges>
        </function>
        <function id="10459" token="0x600002e" name="CreateDescriptor()" namespace="FluentValidation" type_name="AbstractValidator&lt;T&gt;" block_coverage="0.00" line_coverage="0.00" blocks_covered="0" blocks_not_covered="3" lines_covered="0" lines_partially_covered="0" lines_not_covered="1">
          <ranges>
            <range source_id="0" start_line="276" end_line="276" start_column="60" end_column="93" covered="no" />
          </ranges>
        </function>
        <function id="10472" token="0x600002f" name="FluentValidation.IValidator.CanValidateInstancesOfType(System.Type)" namespace="FluentValidation" type_name="AbstractValidator&lt;T&gt;" block_coverage="0.00" line_coverage="0.00" blocks_covered="0" blocks_not_covered="7" lines_covered="0" lines_partially_covered="0" lines_not_covered="2">
          <ranges>
            <range source_id="0" start_line="279" end_line="279" start_column="3" end_column="20" covered="no" />
            <range source_id="0" start_line="279" end_line="279" start_column="21" end_column="67" covered="no" />
            <range source_id="0" start_line="280" end_line="280" start_column="3" end_column="43" covered="no" />
          </ranges>
        </function>
        <function id="10512" token="0x6000030" name="RuleFor&lt;TProperty&gt;(System.Linq.Expressions.Expression&lt;System.Func&lt;T, TProperty&gt;&gt;)" namespace="FluentValidation" type_name="AbstractValidator&lt;T&gt;" block_coverage="100.00" line_coverage="100.00" blocks_covered="8" blocks_not_covered="0" lines_covered="5" lines_partially_covered="0" lines_not_covered="0">
          <ranges>
            <range source_id="0" start_line="293" end_line="293" start_column="3" end_column="71" covered="yes" />
            <range source_id="0" start_line="294" end_line="294" start_column="3" end_column="88" covered="yes" />
            <range source_id="0" start_line="295" end_line="295" start_column="3" end_column="19" covered="yes" />
            <range source_id="0" start_line="296" end_line="296" start_column="3" end_column="21" covered="yes" />
            <range source_id="0" start_line="297" end_line="297" start_column="3" end_column="52" covered="yes" />
          </ranges>
        </function>
        <function id="10588" token="0x6000031" name="Transform&lt;TProperty, TTransformed&gt;(System.Linq.Expressions.Expression&lt;System.Func&lt;T, TProperty&gt;&gt;, System.Func&lt;TProperty, TTransformed&gt;)" namespace="FluentValidation" type_name="AbstractValidator&lt;T&gt;" block_coverage="0.00" line_coverage="0.00" blocks_covered="0" blocks_not_covered="8" lines_covered="0" lines_partially_covered="0" lines_not_covered="5">
          <ranges>
            <range source_id="0" start_line="313" end_line="313" start_column="3" end_column="61" covered="no" />
            <range source_id="0" start_line="314" end_line="314" start_column="3" end_column="89" covered="no" />
            <range source_id="0" start_line="315" end_line="315" start_column="3" end_column="19" covered="no" />
            <range source_id="0" start_line="316" end_line="316" start_column="3" end_column="21" covered="no" />
            <range source_id="0" start_line="317" end_line="317" start_column="3" end_column="55" covered="no" />
          </ranges>
        </function>
        <function id="10664" token="0x6000032" name="Transform&lt;TProperty, TTransformed&gt;(System.Linq.Expressions.Expression&lt;System.Func&lt;T, TProperty&gt;&gt;, System.Func&lt;T, TProperty, TTransformed&gt;)" namespace="FluentValidation" type_name="AbstractValidator&lt;T&gt;" block_coverage="0.00" line_coverage="0.00" blocks_covered="0" blocks_not_covered="8" lines_covered="0" lines_partially_covered="0" lines_not_covered="5">
          <ranges>
            <range source_id="0" start_line="333" end_line="333" start_column="3" end_column="61" covered="no" />
            <range source_id="0" start_line="334" end_line="334" start_column="3" end_column="89" covered="no" />
            <range source_id="0" start_line="335" end_line="335" start_column="3" end_column="19" covered="no" />
            <range source_id="0" start_line="336" end_line="336" start_column="3" end_column="21" covered="no" />
            <range source_id="0" start_line="337" end_line="337" start_column="3" end_column="55" covered="no" />
          </ranges>
        </function>
        <function id="10740" token="0x6000033" name="RuleForEach&lt;TElement&gt;(System.Linq.Expressions.Expression&lt;System.Func&lt;T, System.Collections.Generic.IEnumerable&lt;TElement&gt;&gt;&gt;)" namespace="FluentValidation" type_name="AbstractValidator&lt;T&gt;" block_coverage="0.00" line_coverage="0.00" blocks_covered="0" blocks_not_covered="8" lines_covered="0" lines_partially_covered="0" lines_not_covered="5">
          <ranges>
            <range source_id="0" start_line="348" end_line="348" start_column="3" end_column="75" covered="no" />
            <range source_id="0" start_line="349" end_line="349" start_column="3" end_column="97" covered="no" />
            <range source_id="0" start_line="350" end_line="350" start_column="3" end_column="19" covered="no" />
            <range source_id="0" start_line="351" end_line="351" start_column="3" end_column="21" covered="no" />
            <range source_id="0" start_line="352" end_line="352" start_column="3" end_column="51" covered="no" />
          </ranges>
        </function>
        <function id="10816" token="0x6000034" name="TransformForEach&lt;TElement, TTransformed&gt;(System.Linq.Expressions.Expression&lt;System.Func&lt;T, System.Collections.Generic.IEnumerable&lt;TElement&gt;&gt;&gt;, System.Func&lt;TElement, TTransformed&gt;)" namespace="FluentValidation" type_name="AbstractValidator&lt;T&gt;" block_coverage="0.00" line_coverage="0.00" blocks_covered="0" blocks_not_covered="8" lines_covered="0" lines_partially_covered="0" lines_not_covered="5">
          <ranges>
            <range source_id="0" start_line="365" end_line="365" start_column="3" end_column="75" covered="no" />
            <range source_id="0" start_line="366" end_line="366" start_column="3" end_column="116" covered="no" />
            <range source_id="0" start_line="367" end_line="367" start_column="3" end_column="19" covered="no" />
            <range source_id="0" start_line="368" end_line="368" start_column="3" end_column="21" covered="no" />
            <range source_id="0" start_line="369" end_line="369" start_column="3" end_column="55" covered="no" />
          </ranges>
        </function>
        <function id="10892" token="0x6000035" name="TransformForEach&lt;TElement, TTransformed&gt;(System.Linq.Expressions.Expression&lt;System.Func&lt;T, System.Collections.Generic.IEnumerable&lt;TElement&gt;&gt;&gt;, System.Func&lt;T, TElement, TTransformed&gt;)" namespace="FluentValidation" type_name="AbstractValidator&lt;T&gt;" block_coverage="0.00" line_coverage="0.00" blocks_covered="0" blocks_not_covered="8" lines_covered="0" lines_partially_covered="0" lines_not_covered="5">
          <ranges>
            <range source_id="0" start_line="382" end_line="382" start_column="3" end_column="75" covered="no" />
            <range source_id="0" start_line="383" end_line="383" start_column="3" end_column="116" covered="no" />
            <range source_id="0" start_line="384" end_line="384" start_column="3" end_column="19" covered="no" />
            <range source_id="0" start_line="385" end_line="385" start_column="3" end_column="21" covered="no" />
            <range source_id="0" start_line="386" end_line="386" start_column="3" end_column="55" covered="no" />
          </ranges>
        </function>
        <function id="10968" token="0x6000036" name="RuleSet(string, System.Action)" namespace="FluentValidation" type_name="AbstractValidator&lt;T&gt;" block_coverage="0.00" line_coverage="0.00" blocks_covered="0" blocks_not_covered="15" lines_covered="0" lines_partially_covered="0" lines_not_covered="9">
          <ranges>
            <range source_id="0" start_line="395" end_line="395" start_column="3" end_column="92" covered="no" />
            <range source_id="0" start_line="396" end_line="396" start_column="3" end_column="96" covered="no" />
            <range source_id="0" start_line="398" end_line="400" start_column="3" end_column="15" covered="no" />
            <range source_id="0" start_line="402" end_line="402" start_column="3" end_column="60" covered="no" />
            <range source_id="0" start_line="403" end_line="403" start_column="4" end_column="13" covered="no" />
            <range source_id="0" start_line="404" end_line="404" start_column="3" end_column="4" covered="no" />
            <range source_id="0" start_line="405" end_line="405" start_column="2" end_column="3" covered="no" />
          </ranges>
        </function>
        <function id="11148" token="0x6000037" name="When(System.Func&lt;T, bool&gt;, System.Action)" namespace="FluentValidation" type_name="AbstractValidator&lt;T&gt;" block_coverage="0.00" line_coverage="0.00" blocks_covered="0" blocks_not_covered="3" lines_covered="0" lines_partially_covered="0" lines_not_covered="1">
          <ranges>
            <range source_id="0" start_line="414" end_line="414" start_column="6" end_column="42" covered="no" />
          </ranges>
        </function>
        <function id="11193" token="0x6000038" name="When(System.Func&lt;T, FluentValidation.ValidationContext&lt;T&gt;, bool&gt;, System.Action)" namespace="FluentValidation" type_name="AbstractValidator&lt;T&gt;" block_coverage="0.00" line_coverage="0.00" blocks_covered="0" blocks_not_covered="4" lines_covered="0" lines_partially_covered="0" lines_not_covered="1">
          <ranges>
            <range source_id="0" start_line="423" end_line="423" start_column="6" end_column="60" covered="no" />
          </ranges>
        </function>
        <function id="11216" token="0x6000039" name="Unless(System.Func&lt;T, bool&gt;, System.Action)" namespace="FluentValidation" type_name="AbstractValidator&lt;T&gt;" block_coverage="0.00" line_coverage="0.00" blocks_covered="0" blocks_not_covered="3" lines_covered="0" lines_partially_covered="0" lines_not_covered="1">
          <ranges>
            <range source_id="0" start_line="431" end_line="431" start_column="6" end_column="44" covered="no" />
          </ranges>
        </function>
        <function id="11261" token="0x600003a" name="Unless(System.Func&lt;T, FluentValidation.ValidationContext&lt;T&gt;, bool&gt;, System.Action)" namespace="FluentValidation" type_name="AbstractValidator&lt;T&gt;" block_coverage="0.00" line_coverage="0.00" blocks_covered="0" blocks_not_covered="4" lines_covered="0" lines_partially_covered="0" lines_not_covered="1">
          <ranges>
            <range source_id="0" start_line="439" end_line="439" start_column="6" end_column="62" covered="no" />
          </ranges>
        </function>
        <function id="11284" token="0x600003b" name="WhenAsync(System.Func&lt;T, System.Threading.CancellationToken, System.Threading.Tasks.Task&lt;bool&gt;&gt;, System.Action)" namespace="FluentValidation" type_name="AbstractValidator&lt;T&gt;" block_coverage="0.00" line_coverage="0.00" blocks_covered="0" blocks_not_covered="3" lines_covered="0" lines_partially_covered="0" lines_not_covered="1">
          <ranges>
            <range source_id="0" start_line="448" end_line="448" start_column="6" end_column="63" covered="no" />
          </ranges>
        </function>
        <function id="11329" token="0x600003c" name="WhenAsync(System.Func&lt;T, FluentValidation.ValidationContext&lt;T&gt;, System.Threading.CancellationToken, System.Threading.Tasks.Task&lt;bool&gt;&gt;, System.Action)" namespace="FluentValidation" type_name="AbstractValidator&lt;T&gt;" block_coverage="0.00" line_coverage="0.00" blocks_covered="0" blocks_not_covered="4" lines_covered="0" lines_partially_covered="0" lines_not_covered="1">
          <ranges>
            <range source_id="0" start_line="457" end_line="457" start_column="6" end_column="70" covered="no" />
          </ranges>
        </function>
        <function id="11352" token="0x600003d" name="UnlessAsync(System.Func&lt;T, System.Threading.CancellationToken, System.Threading.Tasks.Task&lt;bool&gt;&gt;, System.Action)" namespace="FluentValidation" type_name="AbstractValidator&lt;T&gt;" block_coverage="0.00" line_coverage="0.00" blocks_covered="0" blocks_not_covered="3" lines_covered="0" lines_partially_covered="0" lines_not_covered="1">
          <ranges>
            <range source_id="0" start_line="465" end_line="465" start_column="6" end_column="65" covered="no" />
          </ranges>
        </function>
        <function id="11397" token="0x600003e" name="UnlessAsync(System.Func&lt;T, FluentValidation.ValidationContext&lt;T&gt;, System.Threading.CancellationToken, System.Threading.Tasks.Task&lt;bool&gt;&gt;, System.Action)" namespace="FluentValidation" type_name="AbstractValidator&lt;T&gt;" block_coverage="0.00" line_coverage="0.00" blocks_covered="0" blocks_not_covered="4" lines_covered="0" lines_partially_covered="0" lines_not_covered="1">
          <ranges>
            <range source_id="0" start_line="473" end_line="473" start_column="6" end_column="72" covered="no" />
          </ranges>
        </function>
        <function id="11420" token="0x600003f" name="Include(FluentValidation.IValidator&lt;T&gt;)" namespace="FluentValidation" type_name="AbstractValidator&lt;T&gt;" block_coverage="0.00" line_coverage="0.00" blocks_covered="0" blocks_not_covered="7" lines_covered="0" lines_partially_covered="0" lines_not_covered="5">
          <ranges>
            <range source_id="0" start_line="479" end_line="479" start_column="3" end_column="79" covered="no" />
            <range source_id="0" start_line="480" end_line="480" start_column="3" end_column="80" covered="no" />
            <range source_id="0" start_line="481" end_line="481" start_column="3" end_column="19" covered="no" />
            <range source_id="0" start_line="482" end_line="482" start_column="3" end_column="21" covered="no" />
            <range source_id="0" start_line="483" end_line="483" start_column="2" end_column="3" covered="no" />
          </ranges>
        </function>
        <function id="11488" token="0x6000040" name="Include&lt;TValidator&gt;(System.Func&lt;T, TValidator&gt;)" namespace="FluentValidation" type_name="AbstractValidator&lt;T&gt;" block_coverage="0.00" line_coverage="0.00" blocks_covered="0" blocks_not_covered="7" lines_covered="0" lines_partially_covered="0" lines_not_covered="5">
          <ranges>
            <range source_id="0" start_line="489" end_line="489" start_column="3" end_column="79" covered="no" />
            <range source_id="0" start_line="490" end_line="490" start_column="3" end_column="80" covered="no" />
            <range source_id="0" start_line="491" end_line="491" start_column="3" end_column="19" covered="no" />
            <range source_id="0" start_line="492" end_line="492" start_column="3" end_column="21" covered="no" />
            <range source_id="0" start_line="493" end_line="493" start_column="2" end_column="3" covered="no" />
          </ranges>
        </function>
        <function id="11555" token="0x6000041" name="GetEnumerator()" namespace="FluentValidation" type_name="AbstractValidator&lt;T&gt;" block_coverage="0.00" line_coverage="0.00" blocks_covered="0" blocks_not_covered="3" lines_covered="0" lines_partially_covered="0" lines_not_covered="1">
          <ranges>
            <range source_id="0" start_line="502" end_line="502" start_column="57" end_column="78" covered="no" />
          </ranges>
        </function>
        <function id="11568" token="0x6000042" name="System.Collections.IEnumerable.GetEnumerator()" namespace="FluentValidation" type_name="AbstractValidator&lt;T&gt;" block_coverage="0.00" line_coverage="0.00" blocks_covered="0" blocks_not_covered="2" lines_covered="0" lines_partially_covered="0" lines_not_covered="1">
          <ranges>
            <range source_id="0" start_line="504" end_line="504" start_column="45" end_column="60" covered="no" />
          </ranges>
        </function>
        <function id="11576" token="0x6000043" name="EnsureInstanceNotNull(object)" namespace="FluentValidation" type_name="AbstractValidator&lt;T&gt;" block_coverage="100.00" line_coverage="100.00" blocks_covered="2" blocks_not_covered="0" lines_covered="1" lines_partially_covered="0" lines_not_covered="0">
          <ranges>
            <range source_id="0" start_line="512" end_line="512" start_column="6" end_column="97" covered="yes" />
          </ranges>
        </function>
        <function id="11594" token="0x6000044" name="PreValidate(FluentValidation.ValidationContext&lt;T&gt;, FluentValidation.Results.ValidationResult)" namespace="FluentValidation" type_name="AbstractValidator&lt;T&gt;" block_coverage="100.00" line_coverage="100.00" blocks_covered="1" blocks_not_covered="0" lines_covered="1" lines_partially_covered="0" lines_not_covered="0">
          <ranges>
            <range source_id="0" start_line="521" end_line="521" start_column="95" end_column="99" covered="yes" />
          </ranges>
        </function>
        <function id="11597" token="0x6000045" name="RaiseValidationException(FluentValidation.ValidationContext&lt;T&gt;, FluentValidation.Results.ValidationResult)" namespace="FluentValidation" type_name="AbstractValidator&lt;T&gt;" block_coverage="0.00" line_coverage="0.00" blocks_covered="0" blocks_not_covered="3" lines_covered="0" lines_partially_covered="0" lines_not_covered="1">
          <ranges>
            <range source_id="0" start_line="531" end_line="531" start_column="6" end_column="50" covered="no" />
          </ranges>
        </function>
        <function id="11610" token="0x6000046" name="OnRuleAdded(FluentValidation.IValidationRule&lt;T&gt;)" namespace="FluentValidation" type_name="AbstractValidator&lt;T&gt;" block_coverage="100.00" line_coverage="100.00" blocks_covered="1" blocks_not_covered="0" lines_covered="1" lines_partially_covered="0" lines_not_covered="0">
          <ranges>
            <range source_id="0" start_line="538" end_line="538" start_column="64" end_column="65" covered="yes" />
          </ranges>
        </function>
        <function id="11612" token="0x6000047" name="AbstractValidator()" namespace="FluentValidation" type_name="AbstractValidator&lt;T&gt;" block_coverage="100.00" line_coverage="100.00" blocks_covered="9" blocks_not_covered="0" lines_covered="3" lines_partially_covered="0" lines_not_covered="0">
          <ranges>
            <range source_id="0" start_line="37" end_line="37" start_column="75" end_column="80" covered="yes" />
            <range source_id="0" start_line="38" end_line="38" start_column="2" end_column="112" covered="yes" />
            <range source_id="0" start_line="39" end_line="39" start_column="2" end_column="110" covered="yes" />
          </ranges>
        </function>
        <function id="11716" token="0x6000048" name="&lt;RuleFor&gt;b__24_0&lt;TProperty&gt;()" namespace="FluentValidation" type_name="AbstractValidator&lt;T&gt;" block_coverage="100.00" line_coverage="100.00" blocks_covered="2" blocks_not_covered="0" lines_covered="1" lines_partially_covered="0" lines_not_covered="0">
          <ranges>
            <range source_id="0" start_line="294" end_line="294" start_column="66" end_column="86" covered="yes" />
          </ranges>
        </function>
        <function id="11724" token="0x6000049" name="&lt;Transform&gt;b__25_0&lt;TProperty, TTransformed&gt;()" namespace="FluentValidation" type_name="AbstractValidator&lt;T&gt;" block_coverage="0.00" line_coverage="0.00" blocks_covered="0" blocks_not_covered="2" lines_covered="0" lines_partially_covered="0" lines_not_covered="1">
          <ranges>
            <range source_id="0" start_line="314" end_line="314" start_column="67" end_column="87" covered="no" />
          </ranges>
        </function>
        <function id="11732" token="0x600004a" name="&lt;Transform&gt;b__26_0&lt;TProperty, TTransformed&gt;()" namespace="FluentValidation" type_name="AbstractValidator&lt;T&gt;" block_coverage="0.00" line_coverage="0.00" blocks_covered="0" blocks_not_covered="2" lines_covered="0" lines_partially_covered="0" lines_not_covered="1">
          <ranges>
            <range source_id="0" start_line="334" end_line="334" start_column="67" end_column="87" covered="no" />
          </ranges>
        </function>
        <function id="11740" token="0x600004b" name="&lt;RuleForEach&gt;b__27_0&lt;TElement&gt;()" namespace="FluentValidation" type_name="AbstractValidator&lt;T&gt;" block_coverage="0.00" line_coverage="0.00" blocks_covered="0" blocks_not_covered="2" lines_covered="0" lines_partially_covered="0" lines_not_covered="1">
          <ranges>
            <range source_id="0" start_line="349" end_line="349" start_column="75" end_column="95" covered="no" />
          </ranges>
        </function>
        <function id="11748" token="0x600004c" name="&lt;TransformForEach&gt;b__28_0&lt;TElement, TTransformed&gt;()" namespace="FluentValidation" type_name="AbstractValidator&lt;T&gt;" block_coverage="0.00" line_coverage="0.00" blocks_covered="0" blocks_not_covered="2" lines_covered="0" lines_partially_covered="0" lines_not_covered="1">
          <ranges>
            <range source_id="0" start_line="366" end_line="366" start_column="94" end_column="114" covered="no" />
          </ranges>
        </function>
        <function id="11756" token="0x600004d" name="&lt;TransformForEach&gt;b__29_0&lt;TElement, TTransformed&gt;()" namespace="FluentValidation" type_name="AbstractValidator&lt;T&gt;" block_coverage="0.00" line_coverage="0.00" blocks_covered="0" blocks_not_covered="2" lines_covered="0" lines_partially_covered="0" lines_not_covered="1">
          <ranges>
            <range source_id="0" start_line="383" end_line="383" start_column="94" end_column="114" covered="no" />
          </ranges>
        </function>
        <function id="11764" token="0x600004e" name="&lt;Include&gt;b__39_0()" namespace="FluentValidation" type_name="AbstractValidator&lt;T&gt;" block_coverage="0.00" line_coverage="0.00" blocks_covered="0" blocks_not_covered="2" lines_covered="0" lines_partially_covered="0" lines_not_covered="1">
          <ranges>
            <range source_id="0" start_line="480" end_line="480" start_column="58" end_column="78" covered="no" />
          </ranges>
        </function>
        <function id="11772" token="0x600004f" name="&lt;Include&gt;b__40_0&lt;TValidator&gt;()" namespace="FluentValidation" type_name="AbstractValidator&lt;T&gt;" block_coverage="0.00" line_coverage="0.00" blocks_covered="0" blocks_not_covered="2" lines_covered="0" lines_partially_covered="0" lines_not_covered="1">
          <ranges>
            <range source_id="0" start_line="490" end_line="490" start_column="58" end_column="78" covered="no" />
          </ranges>
        </function>
        <function id="11780" token="0x6000050" name="AssemblyScanner(System.Collections.Generic.IEnumerable&lt;System.Type&gt;)" namespace="FluentValidation" type_name="AssemblyScanner" block_coverage="100.00" line_coverage="100.00" blocks_covered="2" blocks_not_covered="0" lines_covered="3" lines_partially_covered="0" lines_not_covered="0">
          <ranges>
            <range source_id="1" start_line="38" end_line="38" start_column="2" end_column="49" covered="yes" />
            <range source_id="1" start_line="39" end_line="39" start_column="3" end_column="18" covered="yes" />
            <range source_id="1" start_line="40" end_line="40" start_column="2" end_column="3" covered="yes" />
          </ranges>
        </function>
        <function id="11795" token="0x6000051" name="FindValidatorsInAssembly(System.Reflection.Assembly, bool)" namespace="FluentValidation" type_name="AssemblyScanner" block_coverage="83.33" line_coverage="0.00" blocks_covered="5" blocks_not_covered="1" lines_covered="0" lines_partially_covered="1" lines_not_covered="0">
          <ranges>
            <range source_id="1" start_line="48" end_line="48" start_column="3" end_column="104" covered="partial" />
          </ranges>
        </function>
        <function id="11820" token="0x6000052" name="FindValidatorsInAssemblies(System.Collections.Generic.IEnumerable&lt;System.Reflection.Assembly&gt;, bool)" namespace="FluentValidation" type_name="AssemblyScanner" block_coverage="0.00" line_coverage="0.00" blocks_covered="0" blocks_not_covered="5" lines_covered="0" lines_partially_covered="0" lines_not_covered="2">
          <ranges>
            <range source_id="1" start_line="57" end_line="57" start_column="3" end_column="113" covered="no" />
            <range source_id="1" start_line="58" end_line="58" start_column="3" end_column="37" covered="no" />
          </ranges>
        </function>
        <function id="11874" token="0x6000053" name="FindValidatorsInAssemblyContaining&lt;T&gt;()" namespace="FluentValidation" type_name="AssemblyScanner" block_coverage="0.00" line_coverage="0.00" blocks_covered="0" blocks_not_covered="4" lines_covered="0" lines_partially_covered="0" lines_not_covered="1">
          <ranges>
            <range source_id="1" start_line="65" end_line="65" start_column="3" end_column="55" covered="no" />
          </ranges>
        </function>
        <function id="11897" token="0x6000054" name="FindValidatorsInAssemblyContaining(System.Type)" namespace="FluentValidation" type_name="AssemblyScanner" block_coverage="0.00" line_coverage="0.00" blocks_covered="0" blocks_not_covered="3" lines_covered="0" lines_partially_covered="0" lines_not_covered="1">
          <ranges>
            <range source_id="1" start_line="72" end_line="72" start_column="3" end_column="50" covered="no" />
          </ranges>
        </function>
        <function id="11912" token="0x6000055" name="Execute()" namespace="FluentValidation" type_name="AssemblyScanner" block_coverage="100.00" line_coverage="100.00" blocks_covered="24" blocks_not_covered="0" lines_covered="9" lines_partially_covered="0" lines_not_covered="0">
          <ranges>
            <range source_id="1" start_line="76" end_line="76" start_column="3" end_column="46" covered="yes" />
            <range source_id="1" start_line="78" end_line="84" start_column="3" end_column="59" covered="yes" />
            <range source_id="1" start_line="86" end_line="86" start_column="3" end_column="16" covered="yes" />
          </ranges>
        </function>
        <function id="12152" token="0x6000056" name="ForEach(System.Action&lt;FluentValidation.AssemblyScanner.AssemblyScanResult&gt;)" namespace="FluentValidation" type_name="AssemblyScanner" block_coverage="100.00" line_coverage="100.00" blocks_covered="8" blocks_not_covered="0" lines_covered="3" lines_partially_covered="0" lines_not_covered="0">
          <ranges>
            <range source_id="1" start_line="93" end_line="93" start_column="26" end_column="30" covered="yes" />
            <range source_id="1" start_line="93" end_line="93" start_column="12" end_column="22" covered="yes" />
            <range source_id="1" start_line="94" end_line="94" start_column="4" end_column="19" covered="yes" />
            <range source_id="1" start_line="93" end_line="93" start_column="23" end_column="25" covered="yes" />
            <range source_id="1" start_line="96" end_line="96" start_column="2" end_column="3" covered="yes" />
          </ranges>
        </function>
        <function id="12224" token="0x6000057" name="GetEnumerator()" namespace="FluentValidation" type_name="AssemblyScanner" block_coverage="100.00" line_coverage="100.00" blocks_covered="3" blocks_not_covered="0" lines_covered="1" lines_partially_covered="0" lines_not_covered="0">
          <ranges>
            <range source_id="1" start_line="106" end_line="106" start_column="3" end_column="36" covered="yes" />
          </ranges>
        </function>
        <function id="12237" token="0x6000058" name="System.Collections.IEnumerable.GetEnumerator()" namespace="FluentValidation" type_name="AssemblyScanner" block_coverage="0.00" line_coverage="0.00" blocks_covered="0" blocks_not_covered="2" lines_covered="0" lines_partially_covered="0" lines_not_covered="1">
          <ranges>
            <range source_id="1" start_line="110" end_line="110" start_column="3" end_column="26" covered="no" />
          </ranges>
        </function>
        <function id="12245" token="0x6000059" name="get_ValidatorType()" namespace="FluentValidation" type_name="AsyncValidatorInvokedSynchronouslyException" block_coverage="0.00" line_coverage="0.00" blocks_covered="0" blocks_not_covered="1" lines_covered="0" lines_partially_covered="0" lines_not_covered="1">
          <ranges>
            <range source_id="2" start_line="27" end_line="27" start_column="30" end_column="34" covered="no" />
          </ranges>
        </function>
        <function id="12253" token="0x600005a" name="AsyncValidatorInvokedSynchronouslyException()" namespace="FluentValidation" type_name="AsyncValidatorInvokedSynchronouslyException" block_coverage="0.00" line_coverage="0.00" blocks_covered="0" blocks_not_covered="2" lines_covered="0" lines_partially_covered="0" lines_not_covered="2">
          <ranges>
            <range source_id="2" start_line="29" end_line="29" start_column="2" end_column="56" covered="no" />
            <range source_id="2" start_line="30" end_line="30" start_column="2" end_column="3" covered="no" />
          </ranges>
        </function>
        <function id="12261" token="0x600005b" name="AsyncValidatorInvokedSynchronouslyException(System.Type, bool)" namespace="FluentValidation" type_name="AsyncValidatorInvokedSynchronouslyException" block_coverage="0.00" line_coverage="0.00" blocks_covered="0" blocks_not_covered="3" lines_covered="0" lines_partially_covered="0" lines_not_covered="3">
          <ranges>
            <range source_id="2" start_line="33" end_line="33" start_column="5" end_column="58" covered="no" />
            <range source_id="2" start_line="34" end_line="34" start_column="3" end_column="33" covered="no" />
            <range source_id="2" start_line="35" end_line="35" start_column="2" end_column="3" covered="no" />
          </ranges>
        </function>
        <function id="12283" token="0x600005c" name="AsyncValidatorInvokedSynchronouslyException(string)" namespace="FluentValidation" type_name="AsyncValidatorInvokedSynchronouslyException" block_coverage="0.00" line_coverage="0.00" blocks_covered="0" blocks_not_covered="2" lines_covered="0" lines_partially_covered="0" lines_not_covered="2">
          <ranges>
            <range source_id="2" start_line="37" end_line="37" start_column="73" end_column="86" covered="no" />
            <range source_id="2" start_line="38" end_line="38" start_column="2" end_column="3" covered="no" />
          </ranges>
        </function>
        <function id="12292" token="0x600005d" name="BuildMessage(System.Type, bool)" namespace="FluentValidation" type_name="AsyncValidatorInvokedSynchronouslyException" block_coverage="0.00" line_coverage="0.00" blocks_covered="0" blocks_not_covered="7" lines_covered="0" lines_partially_covered="0" lines_not_covered="3">
          <ranges>
            <range source_id="2" start_line="41" end_line="41" start_column="3" end_column="23" covered="no" />
            <range source_id="2" start_line="42" end_line="42" start_column="4" end_column="285" covered="no" />
            <range source_id="2" start_line="45" end_line="45" start_column="3" end_column="155" covered="no" />
          </ranges>
        </function>
        <function id="12340" token="0x600005e" name="SetValidator&lt;T, TProperty&gt;(FluentValidation.IRuleBuilder&lt;T, System.Nullable&lt;TProperty&gt;&gt;, FluentValidation.Validators.IPropertyValidator&lt;T, TProperty&gt;)" namespace="FluentValidation" type_name="DefaultValidatorExtensions" block_coverage="0.00" line_coverage="0.00" blocks_covered="0" blocks_not_covered="3" lines_covered="0" lines_partially_covered="0" lines_not_covered="4">
          <ranges>
            <range source_id="3" start_line="46" end_line="46" start_column="3" end_column="79" covered="no" />
            <range source_id="3" start_line="47" end_line="47" start_column="3" end_column="53" covered="no" />
            <range source_id="3" start_line="48" end_line="48" start_column="3" end_column="30" covered="no" />
            <range source_id="3" start_line="49" end_line="49" start_column="3" end_column="13" covered="no" />
          </ranges>
        </function>
        <function id="12376" token="0x600005f" name="SetAsyncValidator&lt;T, TProperty&gt;(FluentValidation.IRuleBuilder&lt;T, System.Nullable&lt;TProperty&gt;&gt;, FluentValidation.Validators.IAsyncPropertyValidator&lt;T, TProperty&gt;)" namespace="FluentValidation" type_name="DefaultValidatorExtensions" block_coverage="0.00" line_coverage="0.00" blocks_covered="0" blocks_not_covered="3" lines_covered="0" lines_partially_covered="0" lines_not_covered="4">
          <ranges>
            <range source_id="3" start_line="61" end_line="61" start_column="3" end_column="126" covered="no" />
            <range source_id="3" start_line="62" end_line="62" start_column="3" end_column="53" covered="no" />
            <range source_id="3" start_line="63" end_line="63" start_column="3" end_column="30" covered="no" />
            <range source_id="3" start_line="64" end_line="64" start_column="3" end_column="13" covered="no" />
          </ranges>
        </function>
        <function id="12415" token="0x6000060" name="NotNull&lt;T, TProperty&gt;(FluentValidation.IRuleBuilder&lt;T, TProperty&gt;)" namespace="FluentValidation" type_name="DefaultValidatorExtensions" block_coverage="0.00" line_coverage="0.00" blocks_covered="0" blocks_not_covered="3" lines_covered="0" lines_partially_covered="0" lines_not_covered="1">
          <ranges>
            <range source_id="3" start_line="76" end_line="76" start_column="3" end_column="72" covered="no" />
          </ranges>
        </function>
        <function id="12428" token="0x6000061" name="Null&lt;T, TProperty&gt;(FluentValidation.IRuleBuilder&lt;T, TProperty&gt;)" namespace="FluentValidation" type_name="DefaultValidatorExtensions" block_coverage="0.00" line_coverage="0.00" blocks_covered="0" blocks_not_covered="3" lines_covered="0" lines_partially_covered="0" lines_not_covered="1">
          <ranges>
            <range source_id="3" start_line="88" end_line="88" start_column="6" end_column="64" covered="no" />
          </ranges>
        </function>
        <function id="12441" token="0x6000062" name="NotEmpty&lt;T, TProperty&gt;(FluentValidation.IRuleBuilder&lt;T, TProperty&gt;)" namespace="FluentValidation" type_name="DefaultValidatorExtensions" block_coverage="0.00" line_coverage="0.00" blocks_covered="0" blocks_not_covered="3" lines_covered="0" lines_partially_covered="0" lines_not_covered="1">
          <ranges>
            <range source_id="3" start_line="99" end_line="99" start_column="6" end_column="68" covered="no" />
          </ranges>
        </function>
        <function id="12454" token="0x6000063" name="Empty&lt;T, TProperty&gt;(FluentValidation.IRuleBuilder&lt;T, TProperty&gt;)" namespace="FluentValidation" type_name="DefaultValidatorExtensions" block_coverage="0.00" line_coverage="0.00" blocks_covered="0" blocks_not_covered="3" lines_covered="0" lines_partially_covered="0" lines_not_covered="1">
          <ranges>
            <range source_id="3" start_line="110" end_line="110" start_column="6" end_column="65" covered="no" />
          </ranges>
        </function>
        <function id="12467" token="0x6000064" name="Length&lt;T&gt;(FluentValidation.IRuleBuilder&lt;T, string&gt;, int, int)" namespace="FluentValidation" type_name="DefaultValidatorExtensions" block_coverage="0.00" line_coverage="0.00" blocks_covered="0" blocks_not_covered="3" lines_covered="0" lines_partially_covered="0" lines_not_covered="1">
          <ranges>
            <range source_id="3" start_line="122" end_line="122" start_column="6" end_column="64" covered="no" />
          </ranges>
        </function>
        <function id="12482" token="0x6000065" name="Length&lt;T&gt;(FluentValidation.IRuleBuilder&lt;T, string&gt;, System.Func&lt;T, int&gt;, System.Func&lt;T, int&gt;)" namespace="FluentValidation" type_name="DefaultValidatorExtensions" block_coverage="0.00" line_coverage="0.00" blocks_covered="0" blocks_not_covered="3" lines_covered="0" lines_partially_covered="0" lines_not_covered="1">
          <ranges>
            <range source_id="3" start_line="134" end_line="134" start_column="6" end_column="64" covered="no" />
          </ranges>
        </function>
        <function id="12497" token="0x6000066" name="Length&lt;T&gt;(FluentValidation.IRuleBuilder&lt;T, string&gt;, int)" namespace="FluentValidation" type_name="DefaultValidatorExtensions" block_coverage="0.00" line_coverage="0.00" blocks_covered="0" blocks_not_covered="3" lines_covered="0" lines_partially_covered="0" lines_not_covered="1">
          <ranges>
            <range source_id="3" start_line="145" end_line="145" start_column="6" end_column="72" covered="no" />
          </ranges>
        </function>
        <function id="12511" token="0x6000067" name="Length&lt;T&gt;(FluentValidation.IRuleBuilder&lt;T, string&gt;, System.Func&lt;T, int&gt;)" namespace="FluentValidation" type_name="DefaultValidatorExtensions" block_coverage="0.00" line_coverage="0.00" blocks_covered="0" blocks_not_covered="3" lines_covered="0" lines_partially_covered="0" lines_not_covered="1">
          <ranges>
            <range source_id="3" start_line="156" end_line="156" start_column="6" end_column="72" covered="no" />
          </ranges>
        </function>
        <function id="12525" token="0x6000068" name="Matches&lt;T&gt;(FluentValidation.IRuleBuilder&lt;T, string&gt;, string)" namespace="FluentValidation" type_name="DefaultValidatorExtensions" block_coverage="0.00" line_coverage="0.00" blocks_covered="0" blocks_not_covered="3" lines_covered="0" lines_partially_covered="0" lines_not_covered="1">
          <ranges>
            <range source_id="3" start_line="171" end_line="171" start_column="6" end_column="77" covered="no" />
          </ranges>
        </function>
        <function id="12539" token="0x6000069" name="MaximumLength&lt;T&gt;(FluentValidation.IRuleBuilder&lt;T, string&gt;, int)" namespace="FluentValidation" type_name="DefaultValidatorExtensions" block_coverage="100.00" line_coverage="100.00" blocks_covered="3" blocks_not_covered="0" lines_covered="1" lines_partially_covered="0" lines_not_covered="0">
          <ranges>
            <range source_id="3" start_line="182" end_line="182" start_column="6" end_column="76" covered="yes" />
          </ranges>
        </function>
        <function id="12553" token="0x600006a" name="MinimumLength&lt;T&gt;(FluentValidation.IRuleBuilder&lt;T, string&gt;, int)" namespace="FluentValidation" type_name="DefaultValidatorExtensions" block_coverage="100.00" line_coverage="100.00" blocks_covered="3" blocks_not_covered="0" lines_covered="1" lines_partially_covered="0" lines_not_covered="0">
          <ranges>
            <range source_id="3" start_line="193" end_line="193" start_column="6" end_column="76" covered="yes" />
          </ranges>
        </function>
        <function id="12567" token="0x600006b" name="Matches&lt;T&gt;(FluentValidation.IRuleBuilder&lt;T, string&gt;, System.Func&lt;T, string&gt;)" namespace="FluentValidation" type_name="DefaultValidatorExtensions" block_coverage="0.00" line_coverage="0.00" blocks_covered="0" blocks_not_covered="3" lines_covered="0" lines_partially_covered="0" lines_not_covered="1">
          <ranges>
            <range source_id="3" start_line="204" end_line="204" start_column="3" end_column="82" covered="no" />
          </ranges>
        </function>
        <function id="12581" token="0x600006c" name="Matches&lt;T&gt;(FluentValidation.IRuleBuilder&lt;T, string&gt;, System.Text.RegularExpressions.Regex)" namespace="FluentValidation" type_name="DefaultValidatorExtensions" block_coverage="0.00" line_coverage="0.00" blocks_covered="0" blocks_not_covered="3" lines_covered="0" lines_partially_covered="0" lines_not_covered="1">
          <ranges>
            <range source_id="3" start_line="216" end_line="216" start_column="6" end_column="72" covered="no" />
          </ranges>
        </function>
        <function id="12595" token="0x600006d" name="Matches&lt;T&gt;(FluentValidation.IRuleBuilder&lt;T, string&gt;, System.Func&lt;T, System.Text.RegularExpressions.Regex&gt;)" namespace="FluentValidation" type_name="DefaultValidatorExtensions" block_coverage="0.00" line_coverage="0.00" blocks_covered="0" blocks_not_covered="3" lines_covered="0" lines_partially_covered="0" lines_not_covered="1">
          <ranges>
            <range source_id="3" start_line="227" end_line="227" start_column="6" end_column="72" covered="no" />
          </ranges>
        </function>
        <function id="12609" token="0x600006e" name="Matches&lt;T&gt;(FluentValidation.IRuleBuilder&lt;T, string&gt;, string, System.Text.RegularExpressions.RegexOptions)" namespace="FluentValidation" type_name="DefaultValidatorExtensions" block_coverage="0.00" line_coverage="0.00" blocks_covered="0" blocks_not_covered="3" lines_covered="0" lines_partially_covered="0" lines_not_covered="1">
          <ranges>
            <range source_id="3" start_line="244" end_line="244" start_column="6" end_column="86" covered="no" />
          </ranges>
        </function>
        <function id="12624" token="0x600006f" name="Matches&lt;T&gt;(FluentValidation.IRuleBuilder&lt;T, string&gt;, System.Func&lt;T, string&gt;, System.Text.RegularExpressions.RegexOptions)" namespace="FluentValidation" type_name="DefaultValidatorExtensions" block_coverage="0.00" line_coverage="0.00" blocks_covered="0" blocks_not_covered="3" lines_covered="0" lines_partially_covered="0" lines_not_covered="1">
          <ranges>
            <range source_id="3" start_line="256" end_line="256" start_column="6" end_column="86" covered="no" />
          </ranges>
        </function>
        <function id="12640" token="0x6000070" name="EmailAddress&lt;T&gt;(FluentValidation.IRuleBuilder&lt;T, string&gt;, FluentValidation.Validators.EmailValidationMode)" namespace="FluentValidation" type_name="DefaultValidatorExtensions" block_coverage="0.00" line_coverage="0.00" blocks_covered="0" blocks_not_covered="6" lines_covered="0" lines_partially_covered="0" lines_not_covered="2">
          <ranges>
            <range source_id="3" start_line="268" end_line="268" start_column="3" end_column="169" covered="no" />
            <range source_id="3" start_line="270" end_line="270" start_column="3" end_column="46" covered="no" />
          </ranges>
        </function>
        <function id="12677" token="0x6000071" name="NotEqual&lt;T, TProperty&gt;(FluentValidation.IRuleBuilder&lt;T, TProperty&gt;, TProperty, System.Collections.Generic.IEqualityComparer&lt;TProperty&gt;)" namespace="FluentValidation" type_name="DefaultValidatorExtensions" block_coverage="0.00" line_coverage="0.00" blocks_covered="0" blocks_not_covered="3" lines_covered="0" lines_partially_covered="0" lines_not_covered="1">
          <ranges>
            <range source_id="3" start_line="286" end_line="286" start_column="6" end_column="88" covered="no" />
          </ranges>
        </function>
        <function id="12692" token="0x6000072" name="NotEqual&lt;T&gt;(FluentValidation.IRuleBuilder&lt;T, string&gt;, string, System.Collections.Generic.IEqualityComparer&lt;string&gt;)" namespace="FluentValidation" type_name="DefaultValidatorExtensions" block_coverage="0.00" line_coverage="0.00" blocks_covered="0" blocks_not_covered="6" lines_covered="0" lines_partially_covered="0" lines_not_covered="2">
          <ranges>
            <range source_id="3" start_line="300" end_line="300" start_column="3" end_column="39" covered="no" />
            <range source_id="3" start_line="301" end_line="301" start_column="3" end_column="90" covered="no" />
          </ranges>
        </function>
        <function id="12720" token="0x6000073" name="NotEqual&lt;T, TProperty&gt;(FluentValidation.IRuleBuilder&lt;T, TProperty&gt;, System.Linq.Expressions.Expression&lt;System.Func&lt;T, TProperty&gt;&gt;, System.Collections.Generic.IEqualityComparer&lt;TProperty&gt;)" namespace="FluentValidation" type_name="DefaultValidatorExtensions" block_coverage="0.00" line_coverage="0.00" blocks_covered="0" blocks_not_covered="6" lines_covered="0" lines_partially_covered="0" lines_not_covered="4">
          <ranges>
            <range source_id="3" start_line="317" end_line="317" start_column="3" end_column="39" covered="no" />
            <range source_id="3" start_line="318" end_line="318" start_column="3" end_column="69" covered="no" />
            <range source_id="3" start_line="319" end_line="319" start_column="3" end_column="70" covered="no" />
            <range source_id="3" start_line="320" end_line="320" start_column="3" end_column="119" covered="no" />
          </ranges>
        </function>
        <function id="12776" token="0x6000074" name="NotEqual&lt;T&gt;(FluentValidation.IRuleBuilder&lt;T, string&gt;, System.Linq.Expressions.Expression&lt;System.Func&lt;T, string&gt;&gt;, System.Collections.Generic.IEqualityComparer&lt;string&gt;)" namespace="FluentValidation" type_name="DefaultValidatorExtensions" block_coverage="0.00" line_coverage="0.00" blocks_covered="0" blocks_not_covered="9" lines_covered="0" lines_partially_covered="0" lines_not_covered="5">
          <ranges>
            <range source_id="3" start_line="335" end_line="335" start_column="3" end_column="39" covered="no" />
            <range source_id="3" start_line="337" end_line="337" start_column="3" end_column="39" covered="no" />
            <range source_id="3" start_line="338" end_line="338" start_column="3" end_column="69" covered="no" />
            <range source_id="3" start_line="339" end_line="339" start_column="3" end_column="70" covered="no" />
            <range source_id="3" start_line="340" end_line="340" start_column="3" end_column="116" covered="no" />
          </ranges>
        </function>
        <function id="12839" token="0x6000075" name="Equal&lt;T, TProperty&gt;(FluentValidation.IRuleBuilder&lt;T, TProperty&gt;, TProperty, System.Collections.Generic.IEqualityComparer&lt;TProperty&gt;)" namespace="FluentValidation" type_name="DefaultValidatorExtensions" block_coverage="0.00" line_coverage="0.00" blocks_covered="0" blocks_not_covered="3" lines_covered="0" lines_partially_covered="0" lines_not_covered="1">
          <ranges>
            <range source_id="3" start_line="355" end_line="355" start_column="6" end_column="84" covered="no" />
          </ranges>
        </function>
        <function id="12854" token="0x6000076" name="Equal&lt;T&gt;(FluentValidation.IRuleBuilder&lt;T, string&gt;, string, System.Collections.Generic.IEqualityComparer&lt;string&gt;)" namespace="FluentValidation" type_name="DefaultValidatorExtensions" block_coverage="0.00" line_coverage="0.00" blocks_covered="0" blocks_not_covered="6" lines_covered="0" lines_partially_covered="0" lines_not_covered="2">
          <ranges>
            <range source_id="3" start_line="368" end_line="368" start_column="3" end_column="39" covered="no" />
            <range source_id="3" start_line="369" end_line="369" start_column="3" end_column="86" covered="no" />
          </ranges>
        </function>
        <function id="12880" token="0x6000077" name="Equal&lt;T, TProperty&gt;(FluentValidation.IRuleBuilder&lt;T, TProperty&gt;, System.Linq.Expressions.Expression&lt;System.Func&lt;T, TProperty&gt;&gt;, System.Collections.Generic.IEqualityComparer&lt;TProperty&gt;)" namespace="FluentValidation" type_name="DefaultValidatorExtensions" block_coverage="0.00" line_coverage="0.00" blocks_covered="0" blocks_not_covered="6" lines_covered="0" lines_partially_covered="0" lines_not_covered="4">
          <ranges>
            <range source_id="3" start_line="385" end_line="385" start_column="3" end_column="39" covered="no" />
            <range source_id="3" start_line="386" end_line="386" start_column="3" end_column="69" covered="no" />
            <range source_id="3" start_line="387" end_line="387" start_column="3" end_column="49" covered="no" />
            <range source_id="3" start_line="388" end_line="388" start_column="3" end_column="98" covered="no" />
          </ranges>
        </function>
        <function id="12936" token="0x6000078" name="Equal&lt;T&gt;(FluentValidation.IRuleBuilder&lt;T, string&gt;, System.Linq.Expressions.Expression&lt;System.Func&lt;T, string&gt;&gt;, System.Collections.Generic.IEqualityComparer&lt;string&gt;)" namespace="FluentValidation" type_name="DefaultValidatorExtensions" block_coverage="0.00" line_coverage="0.00" blocks_covered="0" blocks_not_covered="9" lines_covered="0" lines_partially_covered="0" lines_not_covered="5">
          <ranges>
            <range source_id="3" start_line="402" end_line="402" start_column="3" end_column="39" covered="no" />
            <range source_id="3" start_line="403" end_line="403" start_column="3" end_column="39" covered="no" />
            <range source_id="3" start_line="404" end_line="404" start_column="3" end_column="69" covered="no" />
            <range source_id="3" start_line="405" end_line="405" start_column="3" end_column="49" covered="no" />
            <range source_id="3" start_line="406" end_line="406" start_column="3" end_column="95" covered="no" />
          </ranges>
        </function>
        <function id="13000" token="0x6000079" name="Must&lt;T, TProperty&gt;(FluentValidation.IRuleBuilder&lt;T, TProperty&gt;, System.Func&lt;TProperty, bool&gt;)" namespace="FluentValidation" type_name="DefaultValidatorExtensions" block_coverage="0.00" line_coverage="0.00" blocks_covered="0" blocks_not_covered="4" lines_covered="0" lines_partially_covered="0" lines_not_covered="2">
          <ranges>
            <range source_id="3" start_line="420" end_line="420" start_column="3" end_column="79" covered="no" />
            <range source_id="3" start_line="421" end_line="421" start_column="3" end_column="55" covered="no" />
          </ranges>
        </function>
        <function id="13068" token="0x600007a" name="Must&lt;T, TProperty&gt;(FluentValidation.IRuleBuilder&lt;T, TProperty&gt;, System.Func&lt;T, TProperty, bool&gt;)" namespace="FluentValidation" type_name="DefaultValidatorExtensions" block_coverage="0.00" line_coverage="0.00" blocks_covered="0" blocks_not_covered="4" lines_covered="0" lines_partially_covered="0" lines_not_covered="2">
          <ranges>
            <range source_id="3" start_line="436" end_line="436" start_column="3" end_column="79" covered="no" />
            <range source_id="3" start_line="437" end_line="437" start_column="3" end_column="61" covered="no" />
          </ranges>
        </function>
        <function id="13136" token="0x600007b" name="Must&lt;T, TProperty&gt;(FluentValidation.IRuleBuilder&lt;T, TProperty&gt;, System.Func&lt;T, TProperty, FluentValidation.ValidationContext&lt;T&gt;, bool&gt;)" namespace="FluentValidation" type_name="DefaultValidatorExtensions" block_coverage="0.00" line_coverage="0.00" blocks_covered="0" blocks_not_covered="5" lines_covered="0" lines_partially_covered="0" lines_not_covered="2">
          <ranges>
            <range source_id="3" start_line="452" end_line="452" start_column="3" end_column="79" covered="no" />
            <range source_id="3" start_line="453" end_line="453" start_column="3" end_column="179" covered="no" />
          </ranges>
        </function>
        <function id="13208" token="0x600007c" name="MustAsync&lt;T, TProperty&gt;(FluentValidation.IRuleBuilder&lt;T, TProperty&gt;, System.Func&lt;TProperty, System.Threading.CancellationToken, System.Threading.Tasks.Task&lt;bool&gt;&gt;)" namespace="FluentValidation" type_name="DefaultValidatorExtensions" block_coverage="0.00" line_coverage="0.00" blocks_covered="0" blocks_not_covered="4" lines_covered="0" lines_partially_covered="0" lines_not_covered="2">
          <ranges>
            <range source_id="3" start_line="467" end_line="467" start_column="3" end_column="79" covered="no" />
            <range source_id="3" start_line="469" end_line="469" start_column="3" end_column="81" covered="no" />
          </ranges>
        </function>
        <function id="13276" token="0x600007d" name="MustAsync&lt;T, TProperty&gt;(FluentValidation.IRuleBuilder&lt;T, TProperty&gt;, System.Func&lt;T, TProperty, System.Threading.CancellationToken, System.Threading.Tasks.Task&lt;bool&gt;&gt;)" namespace="FluentValidation" type_name="DefaultValidatorExtensions" block_coverage="0.00" line_coverage="0.00" blocks_covered="0" blocks_not_covered="4" lines_covered="0" lines_partially_covered="0" lines_not_covered="2">
          <ranges>
            <range source_id="3" start_line="484" end_line="484" start_column="3" end_column="79" covered="no" />
            <range source_id="3" start_line="485" end_line="485" start_column="3" end_column="82" covered="no" />
          </ranges>
        </function>
        <function id="13341" token="0x600007e" name="MustAsync&lt;T, TProperty&gt;(FluentValidation.IRuleBuilder&lt;T, TProperty&gt;, System.Func&lt;T, TProperty, FluentValidation.ValidationContext&lt;T&gt;, System.Threading.CancellationToken, System.Threading.Tasks.Task&lt;bool&gt;&gt;)" namespace="FluentValidation" type_name="DefaultValidatorExtensions" block_coverage="0.00" line_coverage="0.00" blocks_covered="0" blocks_not_covered="4" lines_covered="0" lines_partially_covered="0" lines_not_covered="2">
          <ranges>
            <range source_id="3" start_line="500" end_line="500" start_column="3" end_column="79" covered="no" />
            <range source_id="3" start_line="501" end_line="501" start_column="3" end_column="93" covered="no" />
          </ranges>
        </function>
        <function id="13371" token="0x600007f" name="LessThan&lt;T, TProperty&gt;(FluentValidation.IRuleBuilder&lt;T, TProperty&gt;, TProperty)" namespace="FluentValidation" type_name="DefaultValidatorExtensions" block_coverage="0.00" line_coverage="0.00" blocks_covered="0" blocks_not_covered="3" lines_covered="0" lines_partially_covered="0" lines_not_covered="1">
          <ranges>
            <range source_id="3" start_line="517" end_line="517" start_column="3" end_column="88" covered="no" />
          </ranges>
        </function>
        <function id="13385" token="0x6000080" name="LessThan&lt;T, TProperty&gt;(FluentValidation.IRuleBuilder&lt;T, System.Nullable&lt;TProperty&gt;&gt;, TProperty)" namespace="FluentValidation" type_name="DefaultValidatorExtensions" block_coverage="0.00" line_coverage="0.00" blocks_covered="0" blocks_not_covered="3" lines_covered="0" lines_partially_covered="0" lines_not_covered="1">
          <ranges>
            <range source_id="3" start_line="533" end_line="533" start_column="3" end_column="88" covered="no" />
          </ranges>
        </function>
        <function id="13399" token="0x6000081" name="LessThanOrEqualTo&lt;T, TProperty&gt;(FluentValidation.IRuleBuilder&lt;T, TProperty&gt;, TProperty)" namespace="FluentValidation" type_name="DefaultValidatorExtensions" block_coverage="0.00" line_coverage="0.00" blocks_covered="0" blocks_not_covered="3" lines_covered="0" lines_partially_covered="0" lines_not_covered="1">
          <ranges>
            <range source_id="3" start_line="548" end_line="548" start_column="3" end_column="94" covered="no" />
          </ranges>
        </function>
        <function id="13413" token="0x6000082" name="LessThanOrEqualTo&lt;T, TProperty&gt;(FluentValidation.IRuleBuilder&lt;T, System.Nullable&lt;TProperty&gt;&gt;, TProperty)" namespace="FluentValidation" type_name="DefaultValidatorExtensions" block_coverage="0.00" line_coverage="0.00" blocks_covered="0" blocks_not_covered="3" lines_covered="0" lines_partially_covered="0" lines_not_covered="1">
          <ranges>
            <range source_id="3" start_line="563" end_line="563" start_column="3" end_column="95" covered="no" />
          </ranges>
        </function>
        <function id="13427" token="0x6000083" name="GreaterThan&lt;T, TProperty&gt;(FluentValidation.IRuleBuilder&lt;T, TProperty&gt;, TProperty)" namespace="FluentValidation" type_name="DefaultValidatorExtensions" block_coverage="0.00" line_coverage="0.00" blocks_covered="0" blocks_not_covered="3" lines_covered="0" lines_partially_covered="0" lines_not_covered="1">
          <ranges>
            <range source_id="3" start_line="578" end_line="578" start_column="3" end_column="90" covered="no" />
          </ranges>
        </function>
        <function id="13441" token="0x6000084" name="GreaterThan&lt;T, TProperty&gt;(FluentValidation.IRuleBuilder&lt;T, System.Nullable&lt;TProperty&gt;&gt;, TProperty)" namespace="FluentValidation" type_name="DefaultValidatorExtensions" block_coverage="0.00" line_coverage="0.00" blocks_covered="0" blocks_not_covered="3" lines_covered="0" lines_partially_covered="0" lines_not_covered="1">
          <ranges>
            <range source_id="3" start_line="593" end_line="593" start_column="3" end_column="90" covered="no" />
          </ranges>
        </function>
        <function id="13455" token="0x6000085" name="GreaterThanOrEqualTo&lt;T, TProperty&gt;(FluentValidation.IRuleBuilder&lt;T, TProperty&gt;, TProperty)" namespace="FluentValidation" type_name="DefaultValidatorExtensions" block_coverage="0.00" line_coverage="0.00" blocks_covered="0" blocks_not_covered="3" lines_covered="0" lines_partially_covered="0" lines_not_covered="1">
          <ranges>
            <range source_id="3" start_line="608" end_line="608" start_column="3" end_column="97" covered="no" />
          </ranges>
        </function>
        <function id="13469" token="0x6000086" name="GreaterThanOrEqualTo&lt;T, TProperty&gt;(FluentValidation.IRuleBuilder&lt;T, System.Nullable&lt;TProperty&gt;&gt;, TProperty)" namespace="FluentValidation" type_name="DefaultValidatorExtensions" block_coverage="0.00" line_coverage="0.00" blocks_covered="0" blocks_not_covered="3" lines_covered="0" lines_partially_covered="0" lines_not_covered="1">
          <ranges>
            <range source_id="3" start_line="623" end_line="623" start_column="6" end_column="92" covered="no" />
          </ranges>
        </function>
        <function id="13484" token="0x6000087" name="LessThan&lt;T, TProperty&gt;(FluentValidation.IRuleBuilder&lt;T, TProperty&gt;, System.Linq.Expressions.Expression&lt;System.Func&lt;T, TProperty&gt;&gt;)" namespace="FluentValidation" type_name="DefaultValidatorExtensions" block_coverage="0.00" line_coverage="0.00" blocks_covered="0" blocks_not_covered="7" lines_covered="0" lines_partially_covered="0" lines_not_covered="5">
          <ranges>
            <range source_id="3" start_line="638" end_line="638" start_column="3" end_column="72" covered="no" />
            <range source_id="3" start_line="640" end_line="640" start_column="3" end_column="39" covered="no" />
            <range source_id="3" start_line="641" end_line="641" start_column="3" end_column="69" covered="no" />
            <range source_id="3" start_line="642" end_line="642" start_column="3" end_column="49" covered="no" />
            <range source_id="3" start_line="643" end_line="643" start_column="3" end_column="91" covered="no" />
          </ranges>
        </function>
        <function id="13552" token="0x6000088" name="LessThan&lt;T, TProperty&gt;(FluentValidation.IRuleBuilder&lt;T, TProperty&gt;, System.Linq.Expressions.Expression&lt;System.Func&lt;T, System.Nullable&lt;TProperty&gt;&gt;&gt;)" namespace="FluentValidation" type_name="DefaultValidatorExtensions" block_coverage="0.00" line_coverage="0.00" blocks_covered="0" blocks_not_covered="8" lines_covered="0" lines_partially_covered="0" lines_not_covered="8">
          <ranges>
            <range source_id="3" start_line="659" end_line="659" start_column="3" end_column="72" covered="no" />
            <range source_id="3" start_line="661" end_line="661" start_column="3" end_column="39" covered="no" />
            <range source_id="3" start_line="662" end_line="662" start_column="3" end_column="69" covered="no" />
            <range source_id="3" start_line="663" end_line="663" start_column="3" end_column="49" covered="no" />
            <range source_id="3" start_line="665" end_line="668" start_column="3" end_column="21" covered="no" />
          </ranges>
        </function>
        <function id="13644" token="0x6000089" name="LessThan&lt;T, TProperty&gt;(FluentValidation.IRuleBuilder&lt;T, System.Nullable&lt;TProperty&gt;&gt;, System.Linq.Expressions.Expression&lt;System.Func&lt;T, TProperty&gt;&gt;)" namespace="FluentValidation" type_name="DefaultValidatorExtensions" block_coverage="0.00" line_coverage="0.00" blocks_covered="0" blocks_not_covered="7" lines_covered="0" lines_partially_covered="0" lines_not_covered="5">
          <ranges>
            <range source_id="3" start_line="684" end_line="684" start_column="3" end_column="72" covered="no" />
            <range source_id="3" start_line="686" end_line="686" start_column="3" end_column="39" covered="no" />
            <range source_id="3" start_line="687" end_line="687" start_column="3" end_column="69" covered="no" />
            <range source_id="3" start_line="688" end_line="688" start_column="3" end_column="49" covered="no" />
            <range source_id="3" start_line="690" end_line="690" start_column="3" end_column="91" covered="no" />
          </ranges>
        </function>
        <function id="13712" token="0x600008a" name="LessThan&lt;T, TProperty&gt;(FluentValidation.IRuleBuilder&lt;T, System.Nullable&lt;TProperty&gt;&gt;, System.Linq.Expressions.Expression&lt;System.Func&lt;T, System.Nullable&lt;TProperty&gt;&gt;&gt;)" namespace="FluentValidation" type_name="DefaultValidatorExtensions" block_coverage="0.00" line_coverage="0.00" blocks_covered="0" blocks_not_covered="8" lines_covered="0" lines_partially_covered="0" lines_not_covered="8">
          <ranges>
            <range source_id="3" start_line="706" end_line="706" start_column="3" end_column="72" covered="no" />
            <range source_id="3" start_line="708" end_line="708" start_column="3" end_column="39" covered="no" />
            <range source_id="3" start_line="709" end_line="709" start_column="3" end_column="69" covered="no" />
            <range source_id="3" start_line="710" end_line="710" start_column="3" end_column="49" covered="no" />
            <range source_id="3" start_line="712" end_line="715" start_column="3" end_column="21" covered="no" />
          </ranges>
        </function>
        <function id="13804" token="0x600008b" name="LessThanOrEqualTo&lt;T, TProperty&gt;(FluentValidation.IRuleBuilder&lt;T, TProperty&gt;, System.Linq.Expressions.Expression&lt;System.Func&lt;T, TProperty&gt;&gt;)" namespace="FluentValidation" type_name="DefaultValidatorExtensions" block_coverage="0.00" line_coverage="0.00" blocks_covered="0" blocks_not_covered="7" lines_covered="0" lines_partially_covered="0" lines_not_covered="4">
          <ranges>
            <range source_id="3" start_line="731" end_line="731" start_column="3" end_column="39" covered="no" />
            <range source_id="3" start_line="732" end_line="732" start_column="3" end_column="69" covered="no" />
            <range source_id="3" start_line="733" end_line="733" start_column="3" end_column="49" covered="no" />
            <range source_id="3" start_line="735" end_line="735" start_column="3" end_column="106" covered="no" />
          </ranges>
        </function>
        <function id="13880" token="0x600008c" name="LessThanOrEqualTo&lt;T, TProperty&gt;(FluentValidation.IRuleBuilder&lt;T, TProperty&gt;, System.Linq.Expressions.Expression&lt;System.Func&lt;T, System.Nullable&lt;TProperty&gt;&gt;&gt;)" namespace="FluentValidation" type_name="DefaultValidatorExtensions" block_coverage="0.00" line_coverage="0.00" blocks_covered="0" blocks_not_covered="7" lines_covered="0" lines_partially_covered="0" lines_not_covered="7">
          <ranges>
            <range source_id="3" start_line="751" end_line="751" start_column="3" end_column="39" covered="no" />
            <range source_id="3" start_line="752" end_line="752" start_column="3" end_column="69" covered="no" />
            <range source_id="3" start_line="753" end_line="753" start_column="3" end_column="49" covered="no" />
            <range source_id="3" start_line="755" end_line="758" start_column="3" end_column="21" covered="no" />
          </ranges>
        </function>
        <function id="13956" token="0x600008d" name="LessThanOrEqualTo&lt;T, TProperty&gt;(FluentValidation.IRuleBuilder&lt;T, System.Nullable&lt;TProperty&gt;&gt;, System.Linq.Expressions.Expression&lt;System.Func&lt;T, TProperty&gt;&gt;)" namespace="FluentValidation" type_name="DefaultValidatorExtensions" block_coverage="0.00" line_coverage="0.00" blocks_covered="0" blocks_not_covered="6" lines_covered="0" lines_partially_covered="0" lines_not_covered="4">
          <ranges>
            <range source_id="3" start_line="774" end_line="774" start_column="3" end_column="39" covered="no" />
            <range source_id="3" start_line="775" end_line="775" start_column="3" end_column="69" covered="no" />
            <range source_id="3" start_line="776" end_line="776" start_column="3" end_column="49" covered="no" />
            <range source_id="3" start_line="778" end_line="778" start_column="3" end_column="98" covered="no" />
          </ranges>
        </function>
        <function id="14008" token="0x600008e" name="LessThanOrEqualTo&lt;T, TProperty&gt;(FluentValidation.IRuleBuilder&lt;T, System.Nullable&lt;TProperty&gt;&gt;, System.Linq.Expressions.Expression&lt;System.Func&lt;T, System.Nullable&lt;TProperty&gt;&gt;&gt;)" namespace="FluentValidation" type_name="DefaultValidatorExtensions" block_coverage="0.00" line_coverage="0.00" blocks_covered="0" blocks_not_covered="7" lines_covered="0" lines_partially_covered="0" lines_not_covered="7">
          <ranges>
            <range source_id="3" start_line="794" end_line="794" start_column="3" end_column="39" covered="no" />
            <range source_id="3" start_line="795" end_line="795" start_column="3" end_column="69" covered="no" />
            <range source_id="3" start_line="796" end_line="796" start_column="3" end_column="49" covered="no" />
            <range source_id="3" start_line="798" end_line="801" start_column="3" end_column="21" covered="no" />
          </ranges>
        </function>
        <function id="14084" token="0x600008f" name="GreaterThan&lt;T, TProperty&gt;(FluentValidation.IRuleBuilder&lt;T, TProperty&gt;, System.Linq.Expressions.Expression&lt;System.Func&lt;T, TProperty&gt;&gt;)" namespace="FluentValidation" type_name="DefaultValidatorExtensions" block_coverage="0.00" line_coverage="0.00" blocks_covered="0" blocks_not_covered="6" lines_covered="0" lines_partially_covered="0" lines_not_covered="4">
          <ranges>
            <range source_id="3" start_line="817" end_line="817" start_column="3" end_column="39" covered="no" />
            <range source_id="3" start_line="818" end_line="818" start_column="3" end_column="69" covered="no" />
            <range source_id="3" start_line="819" end_line="819" start_column="3" end_column="49" covered="no" />
            <range source_id="3" start_line="821" end_line="821" start_column="3" end_column="94" covered="no" />
          </ranges>
        </function>
        <function id="14136" token="0x6000090" name="GreaterThan&lt;T, TProperty&gt;(FluentValidation.IRuleBuilder&lt;T, TProperty&gt;, System.Linq.Expressions.Expression&lt;System.Func&lt;T, System.Nullable&lt;TProperty&gt;&gt;&gt;)" namespace="FluentValidation" type_name="DefaultValidatorExtensions" block_coverage="0.00" line_coverage="0.00" blocks_covered="0" blocks_not_covered="7" lines_covered="0" lines_partially_covered="0" lines_not_covered="7">
          <ranges>
            <range source_id="3" start_line="837" end_line="837" start_column="3" end_column="39" covered="no" />
            <range source_id="3" start_line="838" end_line="838" start_column="3" end_column="69" covered="no" />
            <range source_id="3" start_line="839" end_line="839" start_column="3" end_column="49" covered="no" />
            <range source_id="3" start_line="841" end_line="844" start_column="3" end_column="21" covered="no" />
          </ranges>
        </function>
        <function id="14212" token="0x6000091" name="GreaterThan&lt;T, TProperty&gt;(FluentValidation.IRuleBuilder&lt;T, System.Nullable&lt;TProperty&gt;&gt;, System.Linq.Expressions.Expression&lt;System.Func&lt;T, TProperty&gt;&gt;)" namespace="FluentValidation" type_name="DefaultValidatorExtensions" block_coverage="0.00" line_coverage="0.00" blocks_covered="0" blocks_not_covered="7" lines_covered="0" lines_partially_covered="0" lines_not_covered="4">
          <ranges>
            <range source_id="3" start_line="860" end_line="860" start_column="3" end_column="39" covered="no" />
            <range source_id="3" start_line="861" end_line="861" start_column="3" end_column="69" covered="no" />
            <range source_id="3" start_line="862" end_line="862" start_column="3" end_column="49" covered="no" />
            <range source_id="3" start_line="864" end_line="864" start_column="3" end_column="102" covered="no" />
          </ranges>
        </function>
        <function id="14288" token="0x6000092" name="GreaterThan&lt;T, TProperty&gt;(FluentValidation.IRuleBuilder&lt;T, System.Nullable&lt;TProperty&gt;&gt;, System.Linq.Expressions.Expression&lt;System.Func&lt;T, System.Nullable&lt;TProperty&gt;&gt;&gt;)" namespace="FluentValidation" type_name="DefaultValidatorExtensions" block_coverage="0.00" line_coverage="0.00" blocks_covered="0" blocks_not_covered="7" lines_covered="0" lines_partially_covered="0" lines_not_covered="7">
          <ranges>
            <range source_id="3" start_line="880" end_line="880" start_column="3" end_column="39" covered="no" />
            <range source_id="3" start_line="881" end_line="881" start_column="3" end_column="69" covered="no" />
            <range source_id="3" start_line="882" end_line="882" start_column="3" end_column="49" covered="no" />
            <range source_id="3" start_line="884" end_line="887" start_column="3" end_column="21" covered="no" />
          </ranges>
        </function>
        <function id="14364" token="0x6000093" name="GreaterThanOrEqualTo&lt;T, TProperty&gt;(FluentValidation.IRuleBuilder&lt;T, TProperty&gt;, System.Linq.Expressions.Expression&lt;System.Func&lt;T, TProperty&gt;&gt;)" namespace="FluentValidation" type_name="DefaultValidatorExtensions" block_coverage="0.00" line_coverage="0.00" blocks_covered="0" blocks_not_covered="6" lines_covered="0" lines_partially_covered="0" lines_not_covered="4">
          <ranges>
            <range source_id="3" start_line="903" end_line="903" start_column="3" end_column="43" covered="no" />
            <range source_id="3" start_line="904" end_line="904" start_column="3" end_column="73" covered="no" />
            <range source_id="3" start_line="905" end_line="905" start_column="3" end_column="53" covered="no" />
            <range source_id="3" start_line="907" end_line="907" start_column="3" end_column="101" covered="no" />
          </ranges>
        </function>
        <function id="14416" token="0x6000094" name="GreaterThanOrEqualTo&lt;T, TProperty&gt;(FluentValidation.IRuleBuilder&lt;T, TProperty&gt;, System.Linq.Expressions.Expression&lt;System.Func&lt;T, System.Nullable&lt;TProperty&gt;&gt;&gt;)" namespace="FluentValidation" type_name="DefaultValidatorExtensions" block_coverage="0.00" line_coverage="0.00" blocks_covered="0" blocks_not_covered="7" lines_covered="0" lines_partially_covered="0" lines_not_covered="7">
          <ranges>
            <range source_id="3" start_line="923" end_line="923" start_column="3" end_column="43" covered="no" />
            <range source_id="3" start_line="924" end_line="924" start_column="3" end_column="73" covered="no" />
            <range source_id="3" start_line="925" end_line="925" start_column="3" end_column="53" covered="no" />
            <range source_id="3" start_line="927" end_line="930" start_column="3" end_column="21" covered="no" />
          </ranges>
        </function>
        <function id="14492" token="0x6000095" name="GreaterThanOrEqualTo&lt;T, TProperty&gt;(FluentValidation.IRuleBuilder&lt;T, System.Nullable&lt;TProperty&gt;&gt;, System.Linq.Expressions.Expression&lt;System.Func&lt;T, System.Nullable&lt;TProperty&gt;&gt;&gt;)" namespace="FluentValidation" type_name="DefaultValidatorExtensions" block_coverage="0.00" line_coverage="0.00" blocks_covered="0" blocks_not_covered="7" lines_covered="0" lines_partially_covered="0" lines_not_covered="7">
          <ranges>
            <range source_id="3" start_line="945" end_line="945" start_column="3" end_column="43" covered="no" />
            <range source_id="3" start_line="946" end_line="946" start_column="3" end_column="73" covered="no" />
            <range source_id="3" start_line="947" end_line="947" start_column="3" end_column="53" covered="no" />
            <range source_id="3" start_line="949" end_line="952" start_column="3" end_column="21" covered="no" />
          </ranges>
        </function>
        <function id="14568" token="0x6000096" name="GreaterThanOrEqualTo&lt;T, TProperty&gt;(FluentValidation.IRuleBuilder&lt;T, System.Nullable&lt;TProperty&gt;&gt;, System.Linq.Expressions.Expression&lt;System.Func&lt;T, TProperty&gt;&gt;)" namespace="FluentValidation" type_name="DefaultValidatorExtensions" block_coverage="0.00" line_coverage="0.00" blocks_covered="0" blocks_not_covered="6" lines_covered="0" lines_partially_covered="0" lines_not_covered="4">
          <ranges>
            <range source_id="3" start_line="968" end_line="968" start_column="3" end_column="43" covered="no" />
            <range source_id="3" start_line="969" end_line="969" start_column="3" end_column="73" covered="no" />
            <range source_id="3" start_line="970" end_line="970" start_column="3" end_column="53" covered="no" />
            <range source_id="3" start_line="972" end_line="972" start_column="3" end_column="101" covered="no" />
          </ranges>
        </function>
        <function id="14620" token="0x6000097" name="InclusiveBetween&lt;T, TProperty&gt;(FluentValidation.IRuleBuilder&lt;T, TProperty&gt;, TProperty, TProperty)" namespace="FluentValidation" type_name="DefaultValidatorExtensions" block_coverage="0.00" line_coverage="0.00" blocks_covered="0" blocks_not_covered="3" lines_covered="0" lines_partially_covered="0" lines_not_covered="1">
          <ranges>
            <range source_id="3" start_line="986" end_line="986" start_column="3" end_column="104" covered="no" />
          </ranges>
        </function>
        <function id="14635" token="0x6000098" name="InclusiveBetween&lt;T, TProperty&gt;(FluentValidation.IRuleBuilder&lt;T, TProperty&gt;, TProperty, TProperty, System.Collections.Generic.IComparer&lt;TProperty&gt;)" namespace="FluentValidation" type_name="DefaultValidatorExtensions" block_coverage="0.00" line_coverage="0.00" blocks_covered="0" blocks_not_covered="3" lines_covered="0" lines_partially_covered="0" lines_not_covered="1">
          <ranges>
            <range source_id="3" start_line="1000" end_line="1000" start_column="3" end_column="100" covered="no" />
          </ranges>
        </function>
        <function id="14651" token="0x6000099" name="InclusiveBetween&lt;T, TProperty&gt;(FluentValidation.IRuleBuilder&lt;T, System.Nullable&lt;TProperty&gt;&gt;, TProperty, TProperty)" namespace="FluentValidation" type_name="DefaultValidatorExtensions" block_coverage="0.00" line_coverage="0.00" blocks_covered="0" blocks_not_covered="3" lines_covered="0" lines_partially_covered="0" lines_not_covered="1">
          <ranges>
            <range source_id="3" start_line="1013" end_line="1013" start_column="3" end_column="105" covered="no" />
          </ranges>
        </function>
        <function id="14666" token="0x600009a" name="ExclusiveBetween&lt;T, TProperty&gt;(FluentValidation.IRuleBuilder&lt;T, TProperty&gt;, TProperty, TProperty)" namespace="FluentValidation" type_name="DefaultValidatorExtensions" block_coverage="0.00" line_coverage="0.00" blocks_covered="0" blocks_not_covered="3" lines_covered="0" lines_partially_covered="0" lines_not_covered="1">
          <ranges>
            <range source_id="3" start_line="1027" end_line="1027" start_column="3" end_column="104" covered="no" />
          </ranges>
        </function>
        <function id="14681" token="0x600009b" name="ExclusiveBetween&lt;T, TProperty&gt;(FluentValidation.IRuleBuilder&lt;T, TProperty&gt;, TProperty, TProperty, System.Collections.Generic.IComparer&lt;TProperty&gt;)" namespace="FluentValidation" type_name="DefaultValidatorExtensions" block_coverage="0.00" line_coverage="0.00" blocks_covered="0" blocks_not_covered="3" lines_covered="0" lines_partially_covered="0" lines_not_covered="1">
          <ranges>
            <range source_id="3" start_line="1042" end_line="1042" start_column="6" end_column="94" covered="no" />
          </ranges>
        </function>
        <function id="14697" token="0x600009c" name="ExclusiveBetween&lt;T, TProperty&gt;(FluentValidation.IRuleBuilder&lt;T, System.Nullable&lt;TProperty&gt;&gt;, TProperty, TProperty)" namespace="FluentValidation" type_name="DefaultValidatorExtensions" block_coverage="0.00" line_coverage="0.00" blocks_covered="0" blocks_not_covered="3" lines_covered="0" lines_partially_covered="0" lines_not_covered="1">
          <ranges>
            <range source_id="3" start_line="1055" end_line="1055" start_column="6" end_column="100" covered="no" />
          </ranges>
        </function>
        <function id="14712" token="0x600009d" name="CreditCard&lt;T&gt;(FluentValidation.IRuleBuilder&lt;T, string&gt;)" namespace="FluentValidation" type_name="DefaultValidatorExtensions" block_coverage="0.00" line_coverage="0.00" blocks_covered="0" blocks_not_covered="3" lines_covered="0" lines_partially_covered="0" lines_not_covered="1">
          <ranges>
            <range source_id="3" start_line="1061" end_line="1061" start_column="6" end_column="60" covered="no" />
          </ranges>
        </function>
        <function id="14725" token="0x600009e" name="IsInEnum&lt;T, TProperty&gt;(FluentValidation.IRuleBuilder&lt;T, TProperty&gt;)" namespace="FluentValidation" type_name="DefaultValidatorExtensions" block_coverage="0.00" line_coverage="0.00" blocks_covered="0" blocks_not_covered="3" lines_covered="0" lines_partially_covered="0" lines_not_covered="1">
          <ranges>
            <range source_id="3" start_line="1071" end_line="1071" start_column="6" end_column="64" covered="no" />
          </ranges>
        </function>
        <function id="14738" token="0x600009f" name="ScalePrecision&lt;T&gt;(FluentValidation.IRuleBuilder&lt;T, System.Decimal&gt;, int, int, bool)" namespace="FluentValidation" type_name="DefaultValidatorExtensions" block_coverage="0.00" line_coverage="0.00" blocks_covered="0" blocks_not_covered="4" lines_covered="0" lines_partially_covered="0" lines_not_covered="1">
          <ranges>
            <range source_id="3" start_line="1084" end_line="1084" start_column="6" end_column="126" covered="no" />
          </ranges>
        </function>
        <function id="14760" token="0x60000a0" name="ScalePrecision&lt;T&gt;(FluentValidation.IRuleBuilder&lt;T, System.Nullable&lt;System.Decimal&gt;&gt;, int, int, bool)" namespace="FluentValidation" type_name="DefaultValidatorExtensions" block_coverage="0.00" line_coverage="0.00" blocks_covered="0" blocks_not_covered="4" lines_covered="0" lines_partially_covered="0" lines_not_covered="1">
          <ranges>
            <range source_id="3" start_line="1097" end_line="1097" start_column="6" end_column="126" covered="no" />
          </ranges>
        </function>
        <function id="14782" token="0x60000a1" name="PrecisionScale&lt;T&gt;(FluentValidation.IRuleBuilder&lt;T, System.Decimal&gt;, int, int, bool)" namespace="FluentValidation" type_name="DefaultValidatorExtensions" block_coverage="0.00" line_coverage="0.00" blocks_covered="0" blocks_not_covered="4" lines_covered="0" lines_partially_covered="0" lines_not_covered="1">
          <ranges>
            <range source_id="3" start_line="1109" end_line="1109" start_column="6" end_column="126" covered="no" />
          </ranges>
        </function>
        <function id="14804" token="0x60000a2" name="PrecisionScale&lt;T&gt;(FluentValidation.IRuleBuilder&lt;T, System.Nullable&lt;System.Decimal&gt;&gt;, int, int, bool)" namespace="FluentValidation" type_name="DefaultValidatorExtensions" block_coverage="0.00" line_coverage="0.00" blocks_covered="0" blocks_not_covered="4" lines_covered="0" lines_partially_covered="0" lines_not_covered="1">
          <ranges>
            <range source_id="3" start_line="1121" end_line="1121" start_column="6" end_column="126" covered="no" />
          </ranges>
        </function>
        <function id="14828" token="0x60000a3" name="Custom&lt;T, TProperty&gt;(FluentValidation.IRuleBuilder&lt;T, TProperty&gt;, System.Action&lt;TProperty, FluentValidation.ValidationContext&lt;T&gt;&gt;)" namespace="FluentValidation" type_name="DefaultValidatorExtensions" block_coverage="0.00" line_coverage="0.00" blocks_covered="0" blocks_not_covered="6" lines_covered="0" lines_partially_covered="0" lines_not_covered="5">
          <ranges>
            <range source_id="3" start_line="1132" end_line="1132" start_column="3" end_column="22" covered="no" />
            <range source_id="3" start_line="1132" end_line="1132" start_column="23" end_column="71" covered="no" />
            <range source_id="3" start_line="1133" end_line="1136" start_column="3" end_column="6" covered="no" />
          </ranges>
        </function>
        <function id="14896" token="0x60000a4" name="CustomAsync&lt;T, TProperty&gt;(FluentValidation.IRuleBuilder&lt;T, TProperty&gt;, System.Func&lt;TProperty, FluentValidation.ValidationContext&lt;T&gt;, System.Threading.CancellationToken, System.Threading.Tasks.Task&gt;)" namespace="FluentValidation" type_name="DefaultValidatorExtensions" block_coverage="0.00" line_coverage="0.00" blocks_covered="0" blocks_not_covered="6" lines_covered="0" lines_partially_covered="0" lines_not_covered="5">
          <ranges>
            <range source_id="3" start_line="1148" end_line="1148" start_column="3" end_column="22" covered="no" />
            <range source_id="3" start_line="1148" end_line="1148" start_column="23" end_column="71" covered="no" />
            <range source_id="3" start_line="1149" end_line="1152" start_column="3" end_column="6" covered="no" />
          </ranges>
        </function>
        <function id="14964" token="0x60000a5" name="ForEach&lt;T, TElement&gt;(FluentValidation.IRuleBuilder&lt;T, System.Collections.Generic.IEnumerable&lt;TElement&gt;&gt;, System.Action&lt;FluentValidation.IRuleBuilderInitialCollection&lt;System.Collections.Generic.IEnumerable&lt;TElement&gt;, TElement&gt;&gt;)" namespace="FluentValidation" type_name="DefaultValidatorExtensions" block_coverage="0.00" line_coverage="0.00" blocks_covered="0" blocks_not_covered="14" lines_covered="0" lines_partially_covered="0" lines_not_covered="10">
          <ranges>
            <range source_id="3" start_line="1165" end_line="1165" start_column="3" end_column="69" covered="no" />
            <range source_id="3" start_line="1170" end_line="1170" start_column="3" end_column="72" covered="no" />
            <range source_id="3" start_line="1171" end_line="1171" start_column="3" end_column="66" covered="no" />
            <range source_id="3" start_line="1172" end_line="1172" start_column="3" end_column="84" covered="no" />
            <range source_id="3" start_line="1174" end_line="1174" start_column="3" end_column="46" covered="no" />
            <range source_id="3" start_line="1176" end_line="1178" start_column="3" end_column="6" covered="no" />
            <range source_id="3" start_line="1180" end_line="1180" start_column="3" end_column="33" covered="no" />
            <range source_id="3" start_line="1181" end_line="1181" start_column="3" end_column="51" covered="no" />
          </ranges>
        </function>
        <function id="15098" token="0x60000a6" name="IsEnumName&lt;T&gt;(FluentValidation.IRuleBuilder&lt;T, string&gt;, System.Type, bool)" namespace="FluentValidation" type_name="DefaultValidatorExtensions" block_coverage="0.00" line_coverage="0.00" blocks_covered="0" blocks_not_covered="3" lines_covered="0" lines_partially_covered="0" lines_not_covered="1">
          <ranges>
            <range source_id="3" start_line="1193" end_line="1193" start_column="6" end_column="83" covered="no" />
          </ranges>
        </function>
        <function id="15116" token="0x60000a7" name="ChildRules&lt;T, TProperty&gt;(FluentValidation.IRuleBuilder&lt;T, TProperty&gt;, System.Action&lt;FluentValidation.InlineValidator&lt;TProperty&gt;&gt;)" namespace="FluentValidation" type_name="DefaultValidatorExtensions" block_coverage="0.00" line_coverage="0.00" blocks_covered="0" blocks_not_covered="25" lines_covered="0" lines_partially_covered="0" lines_not_covered="12">
          <ranges>
            <range source_id="3" start_line="1205" end_line="1205" start_column="3" end_column="22" covered="no" />
            <range source_id="3" start_line="1205" end_line="1205" start_column="23" end_column="71" covered="no" />
            <range source_id="3" start_line="1206" end_line="1206" start_column="3" end_column="56" covered="no" />
            <range source_id="3" start_line="1207" end_line="1207" start_column="3" end_column="81" covered="no" />
            <range source_id="3" start_line="1211" end_line="1211" start_column="3" end_column="108" covered="no" />
            <range source_id="3" start_line="1212" end_line="1212" start_column="4" end_column="53" covered="no" />
            <range source_id="3" start_line="1215" end_line="1215" start_column="4" end_column="74" covered="no" />
            <range source_id="3" start_line="1221" end_line="1221" start_column="3" end_column="52" covered="no" />
            <range source_id="3" start_line="1223" end_line="1223" start_column="3" end_column="21" covered="no" />
            <range source_id="3" start_line="1225" end_line="1225" start_column="23" end_column="38" covered="no" />
            <range source_id="3" start_line="1225" end_line="1225" start_column="11" end_column="19" covered="no" />
            <range source_id="3" start_line="1226" end_line="1226" start_column="4" end_column="30" covered="no" />
            <range source_id="3" start_line="1227" end_line="1227" start_column="5" end_column="30" covered="no" />
            <range source_id="3" start_line="1225" end_line="1225" start_column="20" end_column="22" covered="no" />
            <range source_id="3" start_line="1230" end_line="1230" start_column="3" end_column="46" covered="no" />
          </ranges>
        </function>
        <function id="15300" token="0x60000a8" name="SetInheritanceValidator&lt;T, TProperty&gt;(FluentValidation.IRuleBuilder&lt;T, TProperty&gt;, System.Action&lt;FluentValidation.Validators.PolymorphicValidator&lt;T, TProperty&gt;&gt;)" namespace="FluentValidation" type_name="DefaultValidatorExtensions" block_coverage="0.00" line_coverage="0.00" blocks_covered="0" blocks_not_covered="7" lines_covered="0" lines_partially_covered="0" lines_not_covered="4">
          <ranges>
            <range source_id="3" start_line="1242" end_line="1242" start_column="3" end_column="38" covered="no" />
            <range source_id="3" start_line="1242" end_line="1242" start_column="39" end_column="103" covered="no" />
            <range source_id="3" start_line="1243" end_line="1243" start_column="3" end_column="60" covered="no" />
            <range source_id="3" start_line="1244" end_line="1244" start_column="3" end_column="37" covered="no" />
            <range source_id="3" start_line="1245" end_line="1245" start_column="3" end_column="91" covered="no" />
          </ranges>
        </function>
        <function id="15347" token="0x60000a9" name="GetDisplayName&lt;T, TProperty&gt;(System.Reflection.MemberInfo, System.Linq.Expressions.Expression&lt;System.Func&lt;T, TProperty&gt;&gt;)" namespace="FluentValidation" type_name="DefaultValidatorExtensions" block_coverage="0.00" line_coverage="0.00" blocks_covered="0" blocks_not_covered="10" lines_covered="0" lines_partially_covered="0" lines_not_covered="1">
          <ranges>
            <range source_id="3" start_line="1249" end_line="1249" start_column="6" end_column="114" covered="no" />
          </ranges>
        </function>
        <function id="15396" token="0x60000aa" name="Validate&lt;T&gt;(FluentValidation.IValidator&lt;T&gt;, T, System.Action&lt;FluentValidation.Internal.ValidationStrategy&lt;T&gt;&gt;)" namespace="FluentValidation" type_name="DefaultValidatorExtensions" block_coverage="0.00" line_coverage="0.00" blocks_covered="0" blocks_not_covered="3" lines_covered="0" lines_partially_covered="0" lines_not_covered="1">
          <ranges>
            <range source_id="4" start_line="38" end_line="38" start_column="6" end_column="83" covered="no" />
          </ranges>
        </function>
        <function id="15411" token="0x60000ab" name="ValidateAsync&lt;T&gt;(FluentValidation.IValidator&lt;T&gt;, T, System.Action&lt;FluentValidation.Internal.ValidationStrategy&lt;T&gt;&gt;, System.Threading.CancellationToken)" namespace="FluentValidation" type_name="DefaultValidatorExtensions" block_coverage="0.00" line_coverage="0.00" blocks_covered="0" blocks_not_covered="3" lines_covered="0" lines_partially_covered="0" lines_not_covered="1">
          <ranges>
            <range source_id="4" start_line="50" end_line="50" start_column="6" end_column="102" covered="no" />
          </ranges>
        </function>
        <function id="15427" token="0x60000ac" name="ValidateAndThrow&lt;T&gt;(FluentValidation.IValidator&lt;T&gt;, T)" namespace="FluentValidation" type_name="DefaultValidatorExtensions" block_coverage="0.00" line_coverage="0.00" blocks_covered="0" blocks_not_covered="5" lines_covered="0" lines_partially_covered="0" lines_not_covered="4">
          <ranges>
            <range source_id="4" start_line="59" end_line="61" start_column="3" end_column="6" covered="no" />
            <range source_id="4" start_line="62" end_line="62" start_column="2" end_column="3" covered="no" />
          </ranges>
        </function>
        <function id="15551" token="0x60000ae" name="Configure&lt;T, TProperty&gt;(FluentValidation.IRuleBuilderInitial&lt;T, TProperty&gt;, System.Action&lt;FluentValidation.IValidationRule&lt;T, TProperty&gt;&gt;)" namespace="FluentValidation" type_name="DefaultValidatorOptions" block_coverage="0.00" line_coverage="0.00" blocks_covered="0" blocks_not_covered="3" lines_covered="0" lines_partially_covered="0" lines_not_covered="2">
          <ranges>
            <range source_id="5" start_line="39" end_line="39" start_column="3" end_column="43" covered="no" />
            <range source_id="5" start_line="40" end_line="40" start_column="3" end_column="22" covered="no" />
          </ranges>
        </function>
        <function id="15566" token="0x60000af" name="Configure&lt;T, TProperty&gt;(FluentValidation.IRuleBuilderOptions&lt;T, TProperty&gt;, System.Action&lt;FluentValidation.IValidationRule&lt;T, TProperty&gt;&gt;)" namespace="FluentValidation" type_name="DefaultValidatorOptions" block_coverage="0.00" line_coverage="0.00" blocks_covered="0" blocks_not_covered="3" lines_covered="0" lines_partially_covered="0" lines_not_covered="2">
          <ranges>
            <range source_id="5" start_line="50" end_line="50" start_column="3" end_column="43" covered="no" />
            <range source_id="5" start_line="51" end_line="51" start_column="3" end_column="22" covered="no" />
          </ranges>
        </function>
        <function id="15581" token="0x60000b0" name="Configure&lt;T, TElement&gt;(FluentValidation.IRuleBuilderInitialCollection&lt;T, TElement&gt;, System.Action&lt;FluentValidation.ICollectionRule&lt;T, TElement&gt;&gt;)" namespace="FluentValidation" type_name="DefaultValidatorOptions" block_coverage="0.00" line_coverage="0.00" blocks_covered="0" blocks_not_covered="3" lines_covered="0" lines_partially_covered="0" lines_not_covered="2">
          <ranges>
            <range source_id="5" start_line="61" end_line="61" start_column="3" end_column="43" covered="no" />
            <range source_id="5" start_line="62" end_line="62" start_column="3" end_column="22" covered="no" />
          </ranges>
        </function>
        <function id="15596" token="0x60000b1" name="Configurable&lt;T, TProperty&gt;(FluentValidation.IRuleBuilder&lt;T, TProperty&gt;)" namespace="FluentValidation" type_name="DefaultValidatorOptions" block_coverage="0.00" line_coverage="0.00" blocks_covered="0" blocks_not_covered="2" lines_covered="0" lines_partially_covered="0" lines_not_covered="1">
          <ranges>
            <range source_id="5" start_line="71" end_line="71" start_column="6" end_column="61" covered="no" />
          </ranges>
        </function>
        <function id="15609" token="0x60000b2" name="Configurable&lt;T, TCollectionElement&gt;(FluentValidation.IRuleBuilderInitialCollection&lt;T, TCollectionElement&gt;)" namespace="FluentValidation" type_name="DefaultValidatorOptions" block_coverage="0.00" line_coverage="0.00" blocks_covered="0" blocks_not_covered="2" lines_covered="0" lines_partially_covered="0" lines_not_covered="1">
          <ranges>
            <range source_id="5" start_line="79" end_line="79" start_column="6" end_column="111" covered="no" />
          </ranges>
        </function>
        <function id="15627" token="0x60000b3" name="Cascade&lt;T, TProperty&gt;(FluentValidation.IRuleBuilderInitial&lt;T, TProperty&gt;, FluentValidation.CascadeMode)" namespace="FluentValidation" type_name="DefaultValidatorOptions" block_coverage="0.00" line_coverage="0.00" blocks_covered="0" blocks_not_covered="3" lines_covered="0" lines_partially_covered="0" lines_not_covered="2">
          <ranges>
            <range source_id="5" start_line="96" end_line="96" start_column="3" end_column="55" covered="no" />
            <range source_id="5" start_line="97" end_line="97" start_column="3" end_column="22" covered="no" />
          </ranges>
        </function>
        <function id="15642" token="0x60000b4" name="Cascade&lt;T, TProperty&gt;(FluentValidation.IRuleBuilderInitialCollection&lt;T, TProperty&gt;, FluentValidation.CascadeMode)" namespace="FluentValidation" type_name="DefaultValidatorOptions" block_coverage="0.00" line_coverage="0.00" blocks_covered="0" blocks_not_covered="3" lines_covered="0" lines_partially_covered="0" lines_not_covered="2">
          <ranges>
            <range source_id="5" start_line="115" end_line="115" start_column="3" end_column="55" covered="no" />
            <range source_id="5" start_line="116" end_line="116" start_column="3" end_column="22" covered="no" />
          </ranges>
        </function>
        <function id="15657" token="0x60000b5" name="WithMessage&lt;T, TProperty&gt;(FluentValidation.IRuleBuilderOptions&lt;T, TProperty&gt;, string)" namespace="FluentValidation" type_name="DefaultValidatorOptions" block_coverage="0.00" line_coverage="0.00" blocks_covered="0" blocks_not_covered="5" lines_covered="0" lines_partially_covered="0" lines_not_covered="3">
          <ranges>
            <range source_id="5" start_line="126" end_line="126" start_column="3" end_column="101" covered="no" />
            <range source_id="5" start_line="127" end_line="127" start_column="3" end_column="60" covered="no" />
            <range source_id="5" start_line="128" end_line="128" start_column="3" end_column="15" covered="no" />
          </ranges>
        </function>
        <function id="15696" token="0x60000b6" name="WithMessage&lt;T, TProperty&gt;(FluentValidation.IRuleBuilderOptions&lt;T, TProperty&gt;, System.Func&lt;T, string&gt;)" namespace="FluentValidation" type_name="DefaultValidatorOptions" block_coverage="0.00" line_coverage="0.00" blocks_covered="0" blocks_not_covered="6" lines_covered="0" lines_partially_covered="0" lines_not_covered="5">
          <ranges>
            <range source_id="5" start_line="138" end_line="138" start_column="3" end_column="89" covered="no" />
            <range source_id="5" start_line="139" end_line="141" start_column="3" end_column="6" covered="no" />
            <range source_id="5" start_line="142" end_line="142" start_column="3" end_column="15" covered="no" />
          </ranges>
        </function>
        <function id="15772" token="0x60000b7" name="WithMessage&lt;T, TProperty&gt;(FluentValidation.IRuleBuilderOptions&lt;T, TProperty&gt;, System.Func&lt;T, TProperty, string&gt;)" namespace="FluentValidation" type_name="DefaultValidatorOptions" block_coverage="0.00" line_coverage="0.00" blocks_covered="0" blocks_not_covered="6" lines_covered="0" lines_partially_covered="0" lines_not_covered="5">
          <ranges>
            <range source_id="5" start_line="152" end_line="152" start_column="3" end_column="89" covered="no" />
            <range source_id="5" start_line="153" end_line="155" start_column="3" end_column="6" covered="no" />
            <range source_id="5" start_line="156" end_line="156" start_column="3" end_column="15" covered="no" />
          </ranges>
        </function>
        <function id="15848" token="0x60000b8" name="WithErrorCode&lt;T, TProperty&gt;(FluentValidation.IRuleBuilderOptions&lt;T, TProperty&gt;, string)" namespace="FluentValidation" type_name="DefaultValidatorOptions" block_coverage="0.00" line_coverage="0.00" blocks_covered="0" blocks_not_covered="5" lines_covered="0" lines_partially_covered="0" lines_not_covered="3">
          <ranges>
            <range source_id="5" start_line="166" end_line="166" start_column="3" end_column="100" covered="no" />
            <range source_id="5" start_line="167" end_line="167" start_column="3" end_column="52" covered="no" />
            <range source_id="5" start_line="168" end_line="168" start_column="3" end_column="15" covered="no" />
          </ranges>
        </function>
        <function id="15884" token="0x60000b9" name="When&lt;T, TProperty&gt;(FluentValidation.IRuleBuilderOptions&lt;T, TProperty&gt;, System.Func&lt;T, bool&gt;, FluentValidation.ApplyConditionTo)" namespace="FluentValidation" type_name="DefaultValidatorOptions" block_coverage="0.00" line_coverage="0.00" blocks_covered="0" blocks_not_covered="4" lines_covered="0" lines_partially_covered="0" lines_not_covered="2">
          <ranges>
            <range source_id="5" start_line="180" end_line="180" start_column="3" end_column="90" covered="no" />
            <range source_id="5" start_line="181" end_line="181" start_column="3" end_column="64" covered="no" />
          </ranges>
        </function>
        <function id="15952" token="0x60000ba" name="When&lt;T, TProperty&gt;(FluentValidation.IRuleBuilderOptionsConditions&lt;T, TProperty&gt;, System.Func&lt;T, bool&gt;, FluentValidation.ApplyConditionTo)" namespace="FluentValidation" type_name="DefaultValidatorOptions" block_coverage="0.00" line_coverage="0.00" blocks_covered="0" blocks_not_covered="4" lines_covered="0" lines_partially_covered="0" lines_not_covered="2">
          <ranges>
            <range source_id="5" start_line="193" end_line="193" start_column="3" end_column="90" covered="no" />
            <range source_id="5" start_line="194" end_line="194" start_column="3" end_column="64" covered="no" />
          </ranges>
        </function>
        <function id="16020" token="0x60000bb" name="When&lt;T, TProperty&gt;(FluentValidation.IRuleBuilderOptions&lt;T, TProperty&gt;, System.Func&lt;T, FluentValidation.ValidationContext&lt;T&gt;, bool&gt;, FluentValidation.ApplyConditionTo)" namespace="FluentValidation" type_name="DefaultValidatorOptions" block_coverage="0.00" line_coverage="0.00" blocks_covered="0" blocks_not_covered="5" lines_covered="0" lines_partially_covered="0" lines_not_covered="3">
          <ranges>
            <range source_id="5" start_line="206" end_line="206" start_column="3" end_column="90" covered="no" />
            <range source_id="5" start_line="208" end_line="208" start_column="3" end_column="152" covered="no" />
            <range source_id="5" start_line="209" end_line="209" start_column="3" end_column="15" covered="no" />
          </ranges>
        </function>
        <function id="16092" token="0x60000bc" name="When&lt;T, TProperty&gt;(FluentValidation.IRuleBuilderOptionsConditions&lt;T, TProperty&gt;, System.Func&lt;T, FluentValidation.ValidationContext&lt;T&gt;, bool&gt;, FluentValidation.ApplyConditionTo)" namespace="FluentValidation" type_name="DefaultValidatorOptions" block_coverage="0.00" line_coverage="0.00" blocks_covered="0" blocks_not_covered="5" lines_covered="0" lines_partially_covered="0" lines_not_covered="3">
          <ranges>
            <range source_id="5" start_line="221" end_line="221" start_column="3" end_column="90" covered="no" />
            <range source_id="5" start_line="223" end_line="223" start_column="3" end_column="152" covered="no" />
            <range source_id="5" start_line="224" end_line="224" start_column="3" end_column="15" covered="no" />
          </ranges>
        </function>
        <function id="16164" token="0x60000bd" name="Unless&lt;T, TProperty&gt;(FluentValidation.IRuleBuilderOptions&lt;T, TProperty&gt;, System.Func&lt;T, bool&gt;, FluentValidation.ApplyConditionTo)" namespace="FluentValidation" type_name="DefaultValidatorOptions" block_coverage="0.00" line_coverage="0.00" blocks_covered="0" blocks_not_covered="4" lines_covered="0" lines_partially_covered="0" lines_not_covered="2">
          <ranges>
            <range source_id="5" start_line="236" end_line="236" start_column="3" end_column="91" covered="no" />
            <range source_id="5" start_line="237" end_line="237" start_column="3" end_column="66" covered="no" />
          </ranges>
        </function>
        <function id="16232" token="0x60000be" name="Unless&lt;T, TProperty&gt;(FluentValidation.IRuleBuilderOptionsConditions&lt;T, TProperty&gt;, System.Func&lt;T, bool&gt;, FluentValidation.ApplyConditionTo)" namespace="FluentValidation" type_name="DefaultValidatorOptions" block_coverage="0.00" line_coverage="0.00" blocks_covered="0" blocks_not_covered="4" lines_covered="0" lines_partially_covered="0" lines_not_covered="2">
          <ranges>
            <range source_id="5" start_line="249" end_line="249" start_column="3" end_column="91" covered="no" />
            <range source_id="5" start_line="250" end_line="250" start_column="3" end_column="66" covered="no" />
          </ranges>
        </function>
        <function id="16300" token="0x60000bf" name="Unless&lt;T, TProperty&gt;(FluentValidation.IRuleBuilderOptions&lt;T, TProperty&gt;, System.Func&lt;T, FluentValidation.ValidationContext&lt;T&gt;, bool&gt;, FluentValidation.ApplyConditionTo)" namespace="FluentValidation" type_name="DefaultValidatorOptions" block_coverage="0.00" line_coverage="0.00" blocks_covered="0" blocks_not_covered="4" lines_covered="0" lines_partially_covered="0" lines_not_covered="2">
          <ranges>
            <range source_id="5" start_line="262" end_line="262" start_column="3" end_column="91" covered="no" />
            <range source_id="5" start_line="263" end_line="263" start_column="3" end_column="70" covered="no" />
          </ranges>
        </function>
        <function id="16368" token="0x60000c0" name="Unless&lt;T, TProperty&gt;(FluentValidation.IRuleBuilderOptionsConditions&lt;T, TProperty&gt;, System.Func&lt;T, FluentValidation.ValidationContext&lt;T&gt;, bool&gt;, FluentValidation.ApplyConditionTo)" namespace="FluentValidation" type_name="DefaultValidatorOptions" block_coverage="0.00" line_coverage="0.00" blocks_covered="0" blocks_not_covered="4" lines_covered="0" lines_partially_covered="0" lines_not_covered="2">
          <ranges>
            <range source_id="5" start_line="275" end_line="275" start_column="3" end_column="91" covered="no" />
            <range source_id="5" start_line="276" end_line="276" start_column="3" end_column="70" covered="no" />
          </ranges>
        </function>
        <function id="16436" token="0x60000c1" name="WhenAsync&lt;T, TProperty&gt;(FluentValidation.IRuleBuilderOptions&lt;T, TProperty&gt;, System.Func&lt;T, System.Threading.CancellationToken, System.Threading.Tasks.Task&lt;bool&gt;&gt;, FluentValidation.ApplyConditionTo)" namespace="FluentValidation" type_name="DefaultValidatorOptions" block_coverage="0.00" line_coverage="0.00" blocks_covered="0" blocks_not_covered="4" lines_covered="0" lines_partially_covered="0" lines_not_covered="2">
          <ranges>
            <range source_id="5" start_line="288" end_line="288" start_column="3" end_column="95" covered="no" />
            <range source_id="5" start_line="289" end_line="289" start_column="3" end_column="77" covered="no" />
          </ranges>
        </function>
        <function id="16504" token="0x60000c2" name="WhenAsync&lt;T, TProperty&gt;(FluentValidation.IRuleBuilderOptionsConditions&lt;T, TProperty&gt;, System.Func&lt;T, System.Threading.CancellationToken, System.Threading.Tasks.Task&lt;bool&gt;&gt;, FluentValidation.ApplyConditionTo)" namespace="FluentValidation" type_name="DefaultValidatorOptions" block_coverage="0.00" line_coverage="0.00" blocks_covered="0" blocks_not_covered="4" lines_covered="0" lines_partially_covered="0" lines_not_covered="2">
          <ranges>
            <range source_id="5" start_line="301" end_line="301" start_column="3" end_column="95" covered="no" />
            <range source_id="5" start_line="302" end_line="302" start_column="3" end_column="77" covered="no" />
          </ranges>
        </function>
        <function id="16572" token="0x60000c3" name="WhenAsync&lt;T, TProperty&gt;(FluentValidation.IRuleBuilderOptions&lt;T, TProperty&gt;, System.Func&lt;T, FluentValidation.ValidationContext&lt;T&gt;, System.Threading.CancellationToken, System.Threading.Tasks.Task&lt;bool&gt;&gt;, FluentValidation.ApplyConditionTo)" namespace="FluentValidation" type_name="DefaultValidatorOptions" block_coverage="0.00" line_coverage="0.00" blocks_covered="0" blocks_not_covered="5" lines_covered="0" lines_partially_covered="0" lines_not_covered="3">
          <ranges>
            <range source_id="5" start_line="314" end_line="314" start_column="3" end_column="95" covered="no" />
            <range source_id="5" start_line="316" end_line="316" start_column="3" end_column="167" covered="no" />
            <range source_id="5" start_line="317" end_line="317" start_column="3" end_column="15" covered="no" />
          </ranges>
        </function>
        <function id="16644" token="0x60000c4" name="WhenAsync&lt;T, TProperty&gt;(FluentValidation.IRuleBuilderOptionsConditions&lt;T, TProperty&gt;, System.Func&lt;T, FluentValidation.ValidationContext&lt;T&gt;, System.Threading.CancellationToken, System.Threading.Tasks.Task&lt;bool&gt;&gt;, FluentValidation.ApplyConditionTo)" namespace="FluentValidation" type_name="DefaultValidatorOptions" block_coverage="0.00" line_coverage="0.00" blocks_covered="0" blocks_not_covered="5" lines_covered="0" lines_partially_covered="0" lines_not_covered="3">
          <ranges>
            <range source_id="5" start_line="329" end_line="329" start_column="3" end_column="95" covered="no" />
            <range source_id="5" start_line="331" end_line="331" start_column="3" end_column="167" covered="no" />
            <range source_id="5" start_line="332" end_line="332" start_column="3" end_column="15" covered="no" />
          </ranges>
        </function>
        <function id="16716" token="0x60000c5" name="UnlessAsync&lt;T, TProperty&gt;(FluentValidation.IRuleBuilderOptions&lt;T, TProperty&gt;, System.Func&lt;T, System.Threading.CancellationToken, System.Threading.Tasks.Task&lt;bool&gt;&gt;, FluentValidation.ApplyConditionTo)" namespace="FluentValidation" type_name="DefaultValidatorOptions" block_coverage="0.00" line_coverage="0.00" blocks_covered="0" blocks_not_covered="4" lines_covered="0" lines_partially_covered="0" lines_not_covered="2">
          <ranges>
            <range source_id="5" start_line="344" end_line="344" start_column="3" end_column="96" covered="no" />
            <range source_id="5" start_line="345" end_line="345" start_column="3" end_column="79" covered="no" />
          </ranges>
        </function>
        <function id="16784" token="0x60000c6" name="UnlessAsync&lt;T, TProperty&gt;(FluentValidation.IRuleBuilderOptionsConditions&lt;T, TProperty&gt;, System.Func&lt;T, System.Threading.CancellationToken, System.Threading.Tasks.Task&lt;bool&gt;&gt;, FluentValidation.ApplyConditionTo)" namespace="FluentValidation" type_name="DefaultValidatorOptions" block_coverage="0.00" line_coverage="0.00" blocks_covered="0" blocks_not_covered="4" lines_covered="0" lines_partially_covered="0" lines_not_covered="2">
          <ranges>
            <range source_id="5" start_line="357" end_line="357" start_column="3" end_column="96" covered="no" />
            <range source_id="5" start_line="358" end_line="358" start_column="3" end_column="79" covered="no" />
          </ranges>
        </function>
        <function id="16852" token="0x60000c7" name="UnlessAsync&lt;T, TProperty&gt;(FluentValidation.IRuleBuilderOptions&lt;T, TProperty&gt;, System.Func&lt;T, FluentValidation.ValidationContext&lt;T&gt;, System.Threading.CancellationToken, System.Threading.Tasks.Task&lt;bool&gt;&gt;, FluentValidation.ApplyConditionTo)" namespace="FluentValidation" type_name="DefaultValidatorOptions" block_coverage="0.00" line_coverage="0.00" blocks_covered="0" blocks_not_covered="4" lines_covered="0" lines_partially_covered="0" lines_not_covered="2">
          <ranges>
            <range source_id="5" start_line="370" end_line="370" start_column="3" end_column="96" covered="no" />
            <range source_id="5" start_line="371" end_line="371" start_column="3" end_column="95" covered="no" />
          </ranges>
        </function>
        <function id="16920" token="0x60000c8" name="UnlessAsync&lt;T, TProperty&gt;(FluentValidation.IRuleBuilderOptionsConditions&lt;T, TProperty&gt;, System.Func&lt;T, FluentValidation.ValidationContext&lt;T&gt;, System.Threading.CancellationToken, System.Threading.Tasks.Task&lt;bool&gt;&gt;, FluentValidation.ApplyConditionTo)" namespace="FluentValidation" type_name="DefaultValidatorOptions" block_coverage="0.00" line_coverage="0.00" blocks_covered="0" blocks_not_covered="4" lines_covered="0" lines_partially_covered="0" lines_not_covered="2">
          <ranges>
            <range source_id="5" start_line="383" end_line="383" start_column="3" end_column="96" covered="no" />
            <range source_id="5" start_line="384" end_line="384" start_column="3" end_column="95" covered="no" />
          </ranges>
        </function>
        <function id="16986" token="0x60000c9" name="Where&lt;T, TCollectionElement&gt;(FluentValidation.IRuleBuilderInitialCollection&lt;T, TCollectionElement&gt;, System.Func&lt;TCollectionElement, bool&gt;)" namespace="FluentValidation" type_name="DefaultValidatorOptions" block_coverage="0.00" line_coverage="0.00" blocks_covered="0" blocks_not_covered="4" lines_covered="0" lines_partially_covered="0" lines_not_covered="3">
          <ranges>
            <range source_id="5" start_line="395" end_line="395" start_column="3" end_column="68" covered="no" />
            <range source_id="5" start_line="396" end_line="396" start_column="3" end_column="41" covered="no" />
            <range source_id="5" start_line="397" end_line="397" start_column="3" end_column="15" covered="no" />
          </ranges>
        </function>
        <function id="17017" token="0x60000ca" name="WithName&lt;T, TProperty&gt;(FluentValidation.IRuleBuilderOptions&lt;T, TProperty&gt;, string)" namespace="FluentValidation" type_name="DefaultValidatorOptions" block_coverage="0.00" line_coverage="0.00" blocks_covered="0" blocks_not_covered="4" lines_covered="0" lines_partially_covered="0" lines_not_covered="3">
          <ranges>
            <range source_id="5" start_line="407" end_line="407" start_column="3" end_column="120" covered="no" />
            <range source_id="5" start_line="408" end_line="408" start_column="3" end_column="59" covered="no" />
            <range source_id="5" start_line="409" end_line="409" start_column="3" end_column="15" covered="no" />
          </ranges>
        </function>
        <function id="17048" token="0x60000cb" name="WithName&lt;T, TProperty&gt;(FluentValidation.IRuleBuilderOptions&lt;T, TProperty&gt;, System.Func&lt;T, string&gt;)" namespace="FluentValidation" type_name="DefaultValidatorOptions" block_coverage="0.00" line_coverage="0.00" blocks_covered="0" blocks_not_covered="5" lines_covered="0" lines_partially_covered="0" lines_not_covered="6">
          <ranges>
            <range source_id="5" start_line="419" end_line="419" start_column="3" end_column="72" covered="no" />
            <range source_id="5" start_line="423" end_line="426" start_column="3" end_column="7" covered="no" />
            <range source_id="5" start_line="427" end_line="427" start_column="3" end_column="15" covered="no" />
          </ranges>
        </function>
        <function id="17119" token="0x60000cc" name="OverridePropertyName&lt;T, TProperty&gt;(FluentValidation.IRuleBuilderOptions&lt;T, TProperty&gt;, string)" namespace="FluentValidation" type_name="DefaultValidatorOptions" block_coverage="0.00" line_coverage="0.00" blocks_covered="0" blocks_not_covered="6" lines_covered="0" lines_partially_covered="0" lines_not_covered="3">
          <ranges>
            <range source_id="5" start_line="439" end_line="439" start_column="3" end_column="28" covered="no" />
            <range source_id="5" start_line="439" end_line="439" start_column="29" end_column="155" covered="no" />
            <range source_id="5" start_line="440" end_line="440" start_column="3" end_column="50" covered="no" />
            <range source_id="5" start_line="441" end_line="441" start_column="3" end_column="15" covered="no" />
          </ranges>
        </function>
        <function id="17156" token="0x60000cd" name="OverridePropertyName&lt;T, TProperty&gt;(FluentValidation.IRuleBuilderOptions&lt;T, TProperty&gt;, System.Linq.Expressions.Expression&lt;System.Func&lt;T, object&gt;&gt;)" namespace="FluentValidation" type_name="DefaultValidatorOptions" block_coverage="0.00" line_coverage="0.00" blocks_covered="0" blocks_not_covered="11" lines_covered="0" lines_partially_covered="0" lines_not_covered="4">
          <ranges>
            <range source_id="5" start_line="452" end_line="452" start_column="3" end_column="20" covered="no" />
            <range source_id="5" start_line="452" end_line="452" start_column="21" end_column="67" covered="no" />
            <range source_id="5" start_line="453" end_line="453" start_column="3" end_column="33" covered="no" />
            <range source_id="5" start_line="454" end_line="454" start_column="3" end_column="22" covered="no" />
            <range source_id="5" start_line="454" end_line="454" start_column="23" end_column="123" covered="no" />
            <range source_id="5" start_line="455" end_line="455" start_column="3" end_column="49" covered="no" />
          </ranges>
        </function>
        <function id="17224" token="0x60000ce" name="WithState&lt;T, TProperty&gt;(FluentValidation.IRuleBuilderOptions&lt;T, TProperty&gt;, System.Func&lt;T, object&gt;)" namespace="FluentValidation" type_name="DefaultValidatorOptions" block_coverage="0.00" line_coverage="0.00" blocks_covered="0" blocks_not_covered="6" lines_covered="0" lines_partially_covered="0" lines_not_covered="4">
          <ranges>
            <range source_id="5" start_line="467" end_line="467" start_column="3" end_column="97" covered="no" />
            <range source_id="5" start_line="468" end_line="468" start_column="3" end_column="118" covered="no" />
            <range source_id="5" start_line="469" end_line="469" start_column="3" end_column="60" covered="no" />
            <range source_id="5" start_line="470" end_line="470" start_column="3" end_column="15" covered="no" />
          </ranges>
        </function>
        <function id="17300" token="0x60000cf" name="WithState&lt;T, TProperty&gt;(FluentValidation.IRuleBuilderOptions&lt;T, TProperty&gt;, System.Func&lt;T, TProperty, object&gt;)" namespace="FluentValidation" type_name="DefaultValidatorOptions" block_coverage="0.00" line_coverage="0.00" blocks_covered="0" blocks_not_covered="6" lines_covered="0" lines_partially_covered="0" lines_not_covered="6">
          <ranges>
            <range source_id="5" start_line="482" end_line="482" start_column="3" end_column="97" covered="no" />
            <range source_id="5" start_line="484" end_line="486" start_column="3" end_column="6" covered="no" />
            <range source_id="5" start_line="488" end_line="488" start_column="3" end_column="60" covered="no" />
            <range source_id="5" start_line="489" end_line="489" start_column="3" end_column="15" covered="no" />
          </ranges>
        </function>
        <function id="17376" token="0x60000d0" name="WithSeverity&lt;T, TProperty&gt;(FluentValidation.IRuleBuilderOptions&lt;T, TProperty&gt;, FluentValidation.Severity)" namespace="FluentValidation" type_name="DefaultValidatorOptions" block_coverage="0.00" line_coverage="0.00" blocks_covered="0" blocks_not_covered="5" lines_covered="0" lines_partially_covered="0" lines_not_covered="2">
          <ranges>
            <range source_id="5" start_line="501" end_line="501" start_column="3" end_column="68" covered="no" />
            <range source_id="5" start_line="502" end_line="502" start_column="3" end_column="15" covered="no" />
          </ranges>
        </function>
        <function id="17432" token="0x60000d1" name="WithSeverity&lt;T, TProperty&gt;(FluentValidation.IRuleBuilderOptions&lt;T, TProperty&gt;, System.Func&lt;T, FluentValidation.Severity&gt;)" namespace="FluentValidation" type_name="DefaultValidatorOptions" block_coverage="0.00" line_coverage="0.00" blocks_covered="0" blocks_not_covered="6" lines_covered="0" lines_partially_covered="0" lines_not_covered="3">
          <ranges>
            <range source_id="5" start_line="514" end_line="514" start_column="3" end_column="106" covered="no" />
            <range source_id="5" start_line="520" end_line="520" start_column="3" end_column="66" covered="no" />
            <range source_id="5" start_line="521" end_line="521" start_column="3" end_column="15" covered="no" />
          </ranges>
        </function>
        <function id="17508" token="0x60000d2" name="WithSeverity&lt;T, TProperty&gt;(FluentValidation.IRuleBuilderOptions&lt;T, TProperty&gt;, System.Func&lt;T, TProperty, FluentValidation.Severity&gt;)" namespace="FluentValidation" type_name="DefaultValidatorOptions" block_coverage="0.00" line_coverage="0.00" blocks_covered="0" blocks_not_covered="6" lines_covered="0" lines_partially_covered="0" lines_not_covered="3">
          <ranges>
            <range source_id="5" start_line="533" end_line="533" start_column="3" end_column="106" covered="no" />
            <range source_id="5" start_line="539" end_line="539" start_column="3" end_column="66" covered="no" />
            <range source_id="5" start_line="540" end_line="540" start_column="3" end_column="15" covered="no" />
          </ranges>
        </function>
        <function id="17584" token="0x60000d3" name="WithSeverity&lt;T, TProperty&gt;(FluentValidation.IRuleBuilderOptions&lt;T, TProperty&gt;, System.Func&lt;T, TProperty, FluentValidation.ValidationContext&lt;T&gt;, FluentValidation.Severity&gt;)" namespace="FluentValidation" type_name="DefaultValidatorOptions" block_coverage="0.00" line_coverage="0.00" blocks_covered="0" blocks_not_covered="6" lines_covered="0" lines_partially_covered="0" lines_not_covered="3">
          <ranges>
            <range source_id="5" start_line="552" end_line="552" start_column="3" end_column="106" covered="no" />
            <range source_id="5" start_line="558" end_line="558" start_column="3" end_column="66" covered="no" />
            <range source_id="5" start_line="559" end_line="559" start_column="3" end_column="15" covered="no" />
          </ranges>
        </function>
        <function id="17660" token="0x60000d4" name="OverrideIndexer&lt;T, TCollectionElement&gt;(FluentValidation.IRuleBuilderInitialCollection&lt;T, TCollectionElement&gt;, System.Func&lt;T, System.Collections.Generic.IEnumerable&lt;TCollectionElement&gt;, TCollectionElement, int, string&gt;)" namespace="FluentValidation" type_name="DefaultValidatorOptions" block_coverage="0.00" line_coverage="0.00" blocks_covered="0" blocks_not_covered="4" lines_covered="0" lines_partially_covered="0" lines_not_covered="3">
          <ranges>
            <range source_id="5" start_line="570" end_line="570" start_column="3" end_column="76" covered="no" />
            <range source_id="5" start_line="571" end_line="571" start_column="3" end_column="46" covered="no" />
            <range source_id="5" start_line="572" end_line="572" start_column="3" end_column="15" covered="no" />
          </ranges>
        </function>
        <function id="17691" token="0x60000d9" name="Add&lt;TProperty&gt;(System.Func&lt;FluentValidation.InlineValidator&lt;T&gt;, FluentValidation.IRuleBuilderOptions&lt;T, TProperty&gt;&gt;)" namespace="FluentValidation" type_name="InlineValidator&lt;T&gt;" block_coverage="0.00" line_coverage="0.00" blocks_covered="0" blocks_not_covered="2" lines_covered="0" lines_partially_covered="0" lines_not_covered="2">
          <ranges>
            <range source_id="6" start_line="49" end_line="49" start_column="3" end_column="21" covered="no" />
            <range source_id="6" start_line="50" end_line="50" start_column="2" end_column="3" covered="no" />
          </ranges>
        </function>
        <function id="17709" token="0x60000e5" name="FluentValidation.IHasFailures.get_Failures()" namespace="FluentValidation" type_name="ValidationContext&lt;T&gt;" block_coverage="0.00" line_coverage="0.00" blocks_covered="0" blocks_not_covered="2" lines_covered="0" lines_partially_covered="0" lines_not_covered="1">
          <ranges>
            <range source_id="7" start_line="85" end_line="85" start_column="51" end_column="59" covered="no" />
          </ranges>
        </function>
        <function id="17717" token="0x60000e6" name="get_Failures()" namespace="FluentValidation" type_name="ValidationContext&lt;T&gt;" block_coverage="100.00" line_coverage="100.00" blocks_covered="1" blocks_not_covered="0" lines_covered="1" lines_partially_covered="0" lines_not_covered="0">
          <ranges>
            <range source_id="7" start_line="86" end_line="86" start_column="46" end_column="50" covered="yes" />
          </ranges>
        </function>
        <function id="17725" token="0x60000e7" name="get_MessageFormatter()" namespace="FluentValidation" type_name="ValidationContext&lt;T&gt;" block_coverage="100.00" line_coverage="100.00" blocks_covered="1" blocks_not_covered="0" lines_covered="1" lines_partially_covered="0" lines_not_covered="0">
          <ranges>
            <range source_id="7" start_line="91" end_line="91" start_column="45" end_column="49" covered="yes" />
          </ranges>
        </function>
        <function id="17733" token="0x60000e8" name="ValidationContext(T)" namespace="FluentValidation" type_name="ValidationContext&lt;T&gt;" block_coverage="100.00" line_coverage="100.00" blocks_covered="6" blocks_not_covered="0" lines_covered="2" lines_partially_covered="0" lines_not_covered="0">
          <ranges>
            <range source_id="7" start_line="98" end_line="98" start_column="5" end_column="113" covered="yes" />
            <range source_id="7" start_line="99" end_line="99" start_column="2" end_column="3" covered="yes" />
          </ranges>
        </function>
        <function id="17763" token="0x60000e9" name="ValidationContext(T, FluentValidation.Internal.PropertyChain, FluentValidation.Internal.IValidatorSelector)" namespace="FluentValidation" type_name="ValidationContext&lt;T&gt;" block_coverage="100.00" line_coverage="100.00" blocks_covered="6" blocks_not_covered="0" lines_covered="2" lines_partially_covered="0" lines_not_covered="0">
          <ranges>
            <range source_id="7" start_line="108" end_line="108" start_column="5" end_column="145" covered="yes" />
            <range source_id="7" start_line="109" end_line="109" start_column="2" end_column="3" covered="yes" />
          </ranges>
        </function>
        <function id="17794" token="0x60000ea" name="ValidationContext(T, FluentValidation.Internal.PropertyChain, FluentValidation.Internal.IValidatorSelector, System.Collections.Generic.List&lt;FluentValidation.Results.ValidationFailure&gt;, FluentValidation.Internal.MessageFormatter)" namespace="FluentValidation" type_name="ValidationContext&lt;T&gt;" block_coverage="100.00" line_coverage="100.00" blocks_covered="7" blocks_not_covered="0" lines_covered="8" lines_partially_covered="0" lines_not_covered="0">
          <ranges>
            <range source_id="7" start_line="139" end_line="139" start_column="87" end_column="119" covered="yes" />
            <range source_id="7" start_line="111" end_line="111" start_column="2" end_column="186" covered="yes" />
            <range source_id="7" start_line="112" end_line="112" start_column="3" end_column="52" covered="yes" />
            <range source_id="7" start_line="113" end_line="113" start_column="3" end_column="43" covered="yes" />
            <range source_id="7" start_line="114" end_line="114" start_column="3" end_column="32" covered="yes" />
            <range source_id="7" start_line="115" end_line="115" start_column="3" end_column="23" covered="yes" />
            <range source_id="7" start_line="116" end_line="116" start_column="3" end_column="39" covered="yes" />
            <range source_id="7" start_line="117" end_line="117" start_column="2" end_column="3" covered="yes" />
          </ranges>
        </function>
        <function id="17856" token="0x60000eb" name="CreateWithOptions(T, System.Action&lt;FluentValidation.Internal.ValidationStrategy&lt;T&gt;&gt;)" namespace="FluentValidation" type_name="ValidationContext&lt;T&gt;" block_coverage="0.00" line_coverage="0.00" blocks_covered="0" blocks_not_covered="7" lines_covered="0" lines_partially_covered="0" lines_not_covered="4">
          <ranges>
            <range source_id="7" start_line="125" end_line="125" start_column="3" end_column="23" covered="no" />
            <range source_id="7" start_line="125" end_line="125" start_column="24" end_column="73" covered="no" />
            <range source_id="7" start_line="126" end_line="126" start_column="3" end_column="46" covered="no" />
            <range source_id="7" start_line="127" end_line="127" start_column="3" end_column="21" covered="no" />
            <range source_id="7" start_line="128" end_line="128" start_column="3" end_column="52" covered="no" />
          </ranges>
        </function>
        <function id="17903" token="0x60000ec" name="get_InstanceToValidate()" namespace="FluentValidation" type_name="ValidationContext&lt;T&gt;" block_coverage="100.00" line_coverage="100.00" blocks_covered="1" blocks_not_covered="0" lines_covered="1" lines_partially_covered="0" lines_not_covered="0">
          <ranges>
            <range source_id="7" start_line="134" end_line="134" start_column="32" end_column="36" covered="yes" />
          </ranges>
        </function>
        <function id="17911" token="0x60000ed" name="set_InstanceToValidate(T)" namespace="FluentValidation" type_name="ValidationContext&lt;T&gt;" block_coverage="100.00" line_coverage="100.00" blocks_covered="1" blocks_not_covered="0" lines_covered="1" lines_partially_covered="0" lines_not_covered="0">
          <ranges>
            <range source_id="7" start_line="134" end_line="134" start_column="37" end_column="49" covered="yes" />
          </ranges>
        </function>
        <function id="17920" token="0x60000ee" name="get_RootContextData()" namespace="FluentValidation" type_name="ValidationContext&lt;T&gt;" block_coverage="100.00" line_coverage="100.00" blocks_covered="1" blocks_not_covered="0" lines_covered="1" lines_partially_covered="0" lines_not_covered="0">
          <ranges>
            <range source_id="7" start_line="139" end_line="139" start_column="55" end_column="59" covered="yes" />
          </ranges>
        </function>
        <function id="17928" token="0x60000ef" name="set_RootContextData(System.Collections.Generic.IDictionary&lt;string, object&gt;)" namespace="FluentValidation" type_name="ValidationContext&lt;T&gt;" block_coverage="0.00" line_coverage="0.00" blocks_covered="0" blocks_not_covered="1" lines_covered="0" lines_partially_covered="0" lines_not_covered="1">
          <ranges>
            <range source_id="7" start_line="139" end_line="139" start_column="60" end_column="82" covered="no" />
          </ranges>
        </function>
        <function id="17937" token="0x60000f0" name="get_PropertyChain()" namespace="FluentValidation" type_name="ValidationContext&lt;T&gt;" block_coverage="100.00" line_coverage="100.00" blocks_covered="1" blocks_not_covered="0" lines_covered="1" lines_partially_covered="0" lines_not_covered="0">
          <ranges>
            <range source_id="7" start_line="144" end_line="144" start_column="39" end_column="43" covered="yes" />
          </ranges>
        </function>
        <function id="17945" token="0x60000f1" name="set_PropertyChain(FluentValidation.Internal.PropertyChain)" namespace="FluentValidation" type_name="ValidationContext&lt;T&gt;" block_coverage="100.00" line_coverage="100.00" blocks_covered="1" blocks_not_covered="0" lines_covered="1" lines_partially_covered="0" lines_not_covered="0">
          <ranges>
            <range source_id="7" start_line="144" end_line="144" start_column="44" end_column="56" covered="yes" />
          </ranges>
        </function>
        <function id="17954" token="0x60000f2" name="FluentValidation.IValidationContext.get_InstanceToValidate()" namespace="FluentValidation" type_name="ValidationContext&lt;T&gt;" block_coverage="0.00" line_coverage="0.00" blocks_covered="0" blocks_not_covered="2" lines_covered="0" lines_partially_covered="0" lines_not_covered="1">
          <ranges>
            <range source_id="7" start_line="149" end_line="149" start_column="50" end_column="68" covered="no" />
          </ranges>
        </function>
        <function id="17967" token="0x60000f3" name="get_Selector()" namespace="FluentValidation" type_name="ValidationContext&lt;T&gt;" block_coverage="100.00" line_coverage="100.00" blocks_covered="1" blocks_not_covered="0" lines_covered="1" lines_partially_covered="0" lines_not_covered="0">
          <ranges>
            <range source_id="7" start_line="154" end_line="154" start_column="39" end_column="43" covered="yes" />
          </ranges>
        </function>
        <function id="17975" token="0x60000f4" name="set_Selector(FluentValidation.Internal.IValidatorSelector)" namespace="FluentValidation" type_name="ValidationContext&lt;T&gt;" block_coverage="100.00" line_coverage="100.00" blocks_covered="1" blocks_not_covered="0" lines_covered="1" lines_partially_covered="0" lines_not_covered="0">
          <ranges>
            <range source_id="7" start_line="154" end_line="154" start_column="44" end_column="56" covered="yes" />
          </ranges>
        </function>
        <function id="17984" token="0x60000f5" name="get_IsChildContext()" namespace="FluentValidation" type_name="ValidationContext&lt;T&gt;" block_coverage="0.00" line_coverage="0.00" blocks_covered="0" blocks_not_covered="1" lines_covered="0" lines_partially_covered="0" lines_not_covered="1">
          <ranges>
            <range source_id="7" start_line="159" end_line="159" start_column="39" end_column="43" covered="no" />
          </ranges>
        </function>
        <function id="17992" token="0x60000f6" name="set_IsChildContext(bool)" namespace="FluentValidation" type_name="ValidationContext&lt;T&gt;" block_coverage="0.00" line_coverage="0.00" blocks_covered="0" blocks_not_covered="1" lines_covered="0" lines_partially_covered="0" lines_not_covered="1">
          <ranges>
            <range source_id="7" start_line="159" end_line="159" start_column="44" end_column="57" covered="no" />
          </ranges>
        </function>
        <function id="18001" token="0x60000f7" name="get_IsChildCollectionContext()" namespace="FluentValidation" type_name="ValidationContext&lt;T&gt;" block_coverage="0.00" line_coverage="0.00" blocks_covered="0" blocks_not_covered="1" lines_covered="0" lines_partially_covered="0" lines_not_covered="1">
          <ranges>
            <range source_id="7" start_line="164" end_line="164" start_column="49" end_column="53" covered="no" />
          </ranges>
        </function>
        <function id="18009" token="0x60000f8" name="set_IsChildCollectionContext(bool)" namespace="FluentValidation" type_name="ValidationContext&lt;T&gt;" block_coverage="0.00" line_coverage="0.00" blocks_covered="0" blocks_not_covered="1" lines_covered="0" lines_partially_covered="0" lines_not_covered="1">
          <ranges>
            <range source_id="7" start_line="164" end_line="164" start_column="54" end_column="67" covered="no" />
          </ranges>
        </function>
        <function id="18018" token="0x60000f9" name="FluentValidation.IValidationContext.get_ParentContext()" namespace="FluentValidation" type_name="ValidationContext&lt;T&gt;" block_coverage="0.00" line_coverage="0.00" blocks_covered="0" blocks_not_covered="1" lines_covered="0" lines_partially_covered="0" lines_not_covered="1">
          <ranges>
            <range source_id="7" start_line="168" end_line="168" start_column="57" end_column="71" covered="no" />
          </ranges>
        </function>
        <function id="18026" token="0x60000fa" name="get_IsAsync()" namespace="FluentValidation" type_name="ValidationContext&lt;T&gt;" block_coverage="0.00" line_coverage="0.00" blocks_covered="0" blocks_not_covered="1" lines_covered="0" lines_partially_covered="0" lines_not_covered="1">
          <ranges>
            <range source_id="7" start_line="172" end_line="172" start_column="3" end_column="7" covered="no" />
          </ranges>
        </function>
        <function id="18034" token="0x60000fb" name="set_IsAsync(bool)" namespace="FluentValidation" type_name="ValidationContext&lt;T&gt;" block_coverage="0.00" line_coverage="0.00" blocks_covered="0" blocks_not_covered="1" lines_covered="0" lines_partially_covered="0" lines_not_covered="1">
          <ranges>
            <range source_id="7" start_line="173" end_line="173" start_column="3" end_column="16" covered="no" />
          </ranges>
        </function>
        <function id="18043" token="0x60000fc" name="get_ThrowOnFailures()" namespace="FluentValidation" type_name="ValidationContext&lt;T&gt;" block_coverage="100.00" line_coverage="100.00" blocks_covered="1" blocks_not_covered="0" lines_covered="1" lines_partially_covered="0" lines_not_covered="0">
          <ranges>
            <range source_id="7" start_line="180" end_line="180" start_column="32" end_column="36" covered="yes" />
          </ranges>
        </function>
        <function id="18051" token="0x60000fd" name="set_ThrowOnFailures(bool)" namespace="FluentValidation" type_name="ValidationContext&lt;T&gt;" block_coverage="0.00" line_coverage="0.00" blocks_covered="0" blocks_not_covered="1" lines_covered="0" lines_partially_covered="0" lines_not_covered="1">
          <ranges>
            <range source_id="7" start_line="180" end_line="180" start_column="37" end_column="50" covered="no" />
          </ranges>
        </function>
        <function id="18060" token="0x60000fe" name="get_SharedConditionCache()" namespace="FluentValidation" type_name="ValidationContext&lt;T&gt;" block_coverage="0.00" line_coverage="0.00" blocks_covered="0" blocks_not_covered="4" lines_covered="0" lines_partially_covered="0" lines_not_covered="2">
          <ranges>
            <range source_id="7" start_line="192" end_line="192" start_column="4" end_column="36" covered="no" />
            <range source_id="7" start_line="193" end_line="193" start_column="4" end_column="33" covered="no" />
          </ranges>
        </function>
        <function id="18088" token="0x60000ff" name="GetFromNonGenericContext(FluentValidation.IValidationContext)" namespace="FluentValidation" type_name="ValidationContext&lt;T&gt;" block_coverage="4.76" line_coverage="9.09" blocks_covered="3" blocks_not_covered="60" lines_covered="2" lines_partially_covered="1" lines_not_covered="19">
          <ranges>
            <range source_id="7" start_line="205" end_line="205" start_column="3" end_column="23" covered="yes" />
            <range source_id="7" start_line="205" end_line="205" start_column="24" end_column="73" covered="no" />
            <range source_id="7" start_line="208" end_line="208" start_column="3" end_column="41" covered="yes" />
            <range source_id="7" start_line="209" end_line="209" start_column="4" end_column="13" covered="yes" />
            <range source_id="7" start_line="213" end_line="213" start_column="3" end_column="58" covered="no" />
            <range source_id="7" start_line="214" end_line="214" start_column="4" end_column="92" covered="no" />
            <range source_id="7" start_line="216" end_line="222" start_column="4" end_column="6" covered="no" />
            <range source_id="7" start_line="225" end_line="225" start_column="3" end_column="42" covered="no" />
            <range source_id="7" start_line="226" end_line="226" start_column="4" end_column="92" covered="no" />
            <range source_id="7" start_line="228" end_line="234" start_column="4" end_column="6" covered="no" />
            <range source_id="7" start_line="237" end_line="237" start_column="3" end_column="195" covered="no" />
          </ranges>
        </function>
        <function id="18524" token="0x6000100" name="CloneForChildValidator&lt;TChild&gt;(TChild, bool, FluentValidation.Internal.IValidatorSelector)" namespace="FluentValidation" type_name="ValidationContext&lt;T&gt;" block_coverage="0.00" line_coverage="0.00" blocks_covered="0" blocks_not_covered="15" lines_covered="0" lines_partially_covered="0" lines_not_covered="6">
          <ranges>
            <range source_id="7" start_line="248" end_line="253" start_column="3" end_column="5" covered="no" />
          </ranges>
        </function>
        <function id="18616" token="0x6000101" name="PrepareForChildCollectionValidator()" namespace="FluentValidation" type_name="ValidationContext&lt;T&gt;" block_coverage="0.00" line_coverage="0.00" blocks_covered="0" blocks_not_covered="13" lines_covered="0" lines_partially_covered="0" lines_not_covered="6">
          <ranges>
            <range source_id="7" start_line="257" end_line="257" start_column="3" end_column="20" covered="no" />
            <range source_id="7" start_line="258" end_line="258" start_column="3" end_column="113" covered="no" />
            <range source_id="7" start_line="259" end_line="259" start_column="3" end_column="25" covered="no" />
            <range source_id="7" start_line="260" end_line="260" start_column="3" end_column="35" covered="no" />
            <range source_id="7" start_line="261" end_line="261" start_column="3" end_column="39" covered="no" />
            <range source_id="7" start_line="262" end_line="262" start_column="2" end_column="3" covered="no" />
          </ranges>
        </function>
        <function id="18720" token="0x6000102" name="RestoreState()" namespace="FluentValidation" type_name="ValidationContext&lt;T&gt;" block_coverage="0.00" line_coverage="0.00" blocks_covered="0" blocks_not_covered="5" lines_covered="0" lines_partially_covered="0" lines_not_covered="7">
          <ranges>
            <range source_id="7" start_line="265" end_line="265" start_column="3" end_column="28" covered="no" />
            <range source_id="7" start_line="266" end_line="266" start_column="3" end_column="41" covered="no" />
            <range source_id="7" start_line="267" end_line="267" start_column="3" end_column="61" covered="no" />
            <range source_id="7" start_line="268" end_line="268" start_column="3" end_column="40" covered="no" />
            <range source_id="7" start_line="269" end_line="269" start_column="3" end_column="31" covered="no" />
            <range source_id="7" start_line="270" end_line="270" start_column="3" end_column="54" covered="no" />
            <range source_id="7" start_line="271" end_line="271" start_column="2" end_column="3" covered="no" />
          </ranges>
        </function>
        <function id="18805" token="0x6000103" name="AddFailure(FluentValidation.Results.ValidationFailure)" namespace="FluentValidation" type_name="ValidationContext&lt;T&gt;" block_coverage="0.00" line_coverage="0.00" blocks_covered="0" blocks_not_covered="6" lines_covered="0" lines_partially_covered="0" lines_not_covered="3">
          <ranges>
            <range source_id="7" start_line="282" end_line="282" start_column="3" end_column="23" covered="no" />
            <range source_id="7" start_line="282" end_line="282" start_column="24" end_column="128" covered="no" />
            <range source_id="7" start_line="283" end_line="283" start_column="3" end_column="25" covered="no" />
            <range source_id="7" start_line="284" end_line="284" start_column="2" end_column="3" covered="no" />
          </ranges>
        </function>
        <function id="18840" token="0x6000104" name="AddFailure(string, string)" namespace="FluentValidation" type_name="ValidationContext&lt;T&gt;" block_coverage="0.00" line_coverage="0.00" blocks_covered="0" blocks_not_covered="10" lines_covered="0" lines_partially_covered="0" lines_not_covered="4">
          <ranges>
            <range source_id="7" start_line="292" end_line="292" start_column="3" end_column="107" covered="no" />
            <range source_id="7" start_line="293" end_line="293" start_column="3" end_column="62" covered="no" />
            <range source_id="7" start_line="294" end_line="294" start_column="3" end_column="114" covered="no" />
            <range source_id="7" start_line="295" end_line="295" start_column="2" end_column="3" covered="no" />
          </ranges>
        </function>
        <function id="18916" token="0x6000105" name="AddFailure(string)" namespace="FluentValidation" type_name="ValidationContext&lt;T&gt;" block_coverage="0.00" line_coverage="0.00" blocks_covered="0" blocks_not_covered="7" lines_covered="0" lines_partially_covered="0" lines_not_covered="4">
          <ranges>
            <range source_id="7" start_line="303" end_line="303" start_column="3" end_column="107" covered="no" />
            <range source_id="7" start_line="304" end_line="304" start_column="3" end_column="62" covered="no" />
            <range source_id="7" start_line="305" end_line="305" start_column="3" end_column="65" covered="no" />
            <range source_id="7" start_line="306" end_line="306" start_column="2" end_column="3" covered="no" />
          </ranges>
        </function>
        <function id="18966" token="0x6000106" name="get_DisplayName()" namespace="FluentValidation" type_name="ValidationContext&lt;T&gt;" block_coverage="100.00" line_coverage="100.00" blocks_covered="2" blocks_not_covered="0" lines_covered="1" lines_partially_covered="0" lines_not_covered="0">
          <ranges>
            <range source_id="7" start_line="313" end_line="313" start_column="31" end_column="53" covered="yes" />
          </ranges>
        </function>
        <function id="18980" token="0x6000107" name="get_PropertyPath()" namespace="FluentValidation" type_name="ValidationContext&lt;T&gt;" block_coverage="100.00" line_coverage="100.00" blocks_covered="1" blocks_not_covered="0" lines_covered="1" lines_partially_covered="0" lines_not_covered="0">
          <ranges>
            <range source_id="7" start_line="319" end_line="319" start_column="31" end_column="35" covered="yes" />
          </ranges>
        </function>
        <function id="18988" token="0x6000108" name="set_PropertyPath(string)" namespace="FluentValidation" type_name="ValidationContext&lt;T&gt;" block_coverage="100.00" line_coverage="100.00" blocks_covered="1" blocks_not_covered="0" lines_covered="1" lines_partially_covered="0" lines_not_covered="0">
          <ranges>
            <range source_id="7" start_line="319" end_line="319" start_column="36" end_column="48" covered="yes" />
          </ranges>
        </function>
        <function id="18997" token="0x6000109" name="get_PropertyName()" namespace="FluentValidation" type_name="ValidationContext&lt;T&gt;" block_coverage="0.00" line_coverage="0.00" blocks_covered="0" blocks_not_covered="2" lines_covered="0" lines_partially_covered="0" lines_not_covered="1">
          <ranges>
            <range source_id="7" start_line="322" end_line="322" start_column="32" end_column="44" covered="no" />
          </ranges>
        </function>
        <function id="19005" token="0x600010a" name="get_RawPropertyName()" namespace="FluentValidation" type_name="ValidationContext&lt;T&gt;" block_coverage="0.00" line_coverage="0.00" blocks_covered="0" blocks_not_covered="1" lines_covered="0" lines_partially_covered="0" lines_not_covered="1">
          <ranges>
            <range source_id="7" start_line="324" end_line="324" start_column="36" end_column="40" covered="no" />
          </ranges>
        </function>
        <function id="19013" token="0x600010b" name="set_RawPropertyName(string)" namespace="FluentValidation" type_name="ValidationContext&lt;T&gt;" block_coverage="100.00" line_coverage="100.00" blocks_covered="1" blocks_not_covered="0" lines_covered="1" lines_partially_covered="0" lines_not_covered="0">
          <ranges>
            <range source_id="7" start_line="324" end_line="324" start_column="41" end_column="53" covered="yes" />
          </ranges>
        </function>
        <function id="19022" token="0x600010c" name="InitializeForPropertyValidator(string, System.Func&lt;FluentValidation.ValidationContext&lt;T&gt;, string&gt;, string)" namespace="FluentValidation" type_name="ValidationContext&lt;T&gt;" block_coverage="100.00" line_coverage="100.00" blocks_covered="3" blocks_not_covered="0" lines_covered="4" lines_partially_covered="0" lines_not_covered="0">
          <ranges>
            <range source_id="7" start_line="327" end_line="327" start_column="3" end_column="31" covered="yes" />
            <range source_id="7" start_line="328" end_line="328" start_column="3" end_column="38" covered="yes" />
            <range source_id="7" start_line="329" end_line="329" start_column="3" end_column="37" covered="yes" />
            <range source_id="7" start_line="330" end_line="330" start_column="2" end_column="3" covered="yes" />
          </ranges>
        </function>
        <function id="19045" token="0x600013f" name="get_Errors()" namespace="FluentValidation" type_name="ValidationException" block_coverage="0.00" line_coverage="0.00" blocks_covered="0" blocks_not_covered="1" lines_covered="0" lines_partially_covered="0" lines_not_covered="1">
          <ranges>
            <range source_id="8" start_line="35" end_line="35" start_column="49" end_column="53" covered="no" />
          </ranges>
        </function>
        <function id="19053" token="0x6000140" name="set_Errors(System.Collections.Generic.IEnumerable&lt;FluentValidation.Results.ValidationFailure&gt;)" namespace="FluentValidation" type_name="ValidationException" block_coverage="100.00" line_coverage="100.00" blocks_covered="1" blocks_not_covered="0" lines_covered="1" lines_partially_covered="0" lines_not_covered="0">
          <ranges>
            <range source_id="8" start_line="35" end_line="35" start_column="54" end_column="66" covered="yes" />
          </ranges>
        </function>
        <function id="19062" token="0x6000141" name="ValidationException(string)" namespace="FluentValidation" type_name="ValidationException" block_coverage="0.00" line_coverage="0.00" blocks_covered="0" blocks_not_covered="3" lines_covered="0" lines_partially_covered="0" lines_not_covered="2">
          <ranges>
            <range source_id="8" start_line="41" end_line="41" start_column="47" end_column="99" covered="no" />
            <range source_id="8" start_line="43" end_line="43" start_column="2" end_column="3" covered="no" />
          </ranges>
        </function>
        <function id="19076" token="0x6000142" name="ValidationException(string, System.Collections.Generic.IEnumerable&lt;FluentValidation.Results.ValidationFailure&gt;)" namespace="FluentValidation" type_name="ValidationException" block_coverage="0.00" line_coverage="0.00" blocks_covered="0" blocks_not_covered="3" lines_covered="0" lines_partially_covered="0" lines_not_covered="3">
          <ranges>
            <range source_id="8" start_line="50" end_line="50" start_column="86" end_column="99" covered="no" />
            <range source_id="8" start_line="51" end_line="51" start_column="3" end_column="19" covered="no" />
            <range source_id="8" start_line="52" end_line="52" start_column="2" end_column="3" covered="no" />
          </ranges>
        </function>
        <function id="19092" token="0x6000143" name="ValidationException(string, System.Collections.Generic.IEnumerable&lt;FluentValidation.Results.ValidationFailure&gt;, bool)" namespace="FluentValidation" type_name="ValidationException" block_coverage="0.00" line_coverage="0.00" blocks_covered="0" blocks_not_covered="7" lines_covered="0" lines_partially_covered="0" lines_not_covered="3">
          <ranges>
            <range source_id="8" start_line="61" end_line="61" start_column="5" end_column="84" covered="no" />
            <range source_id="8" start_line="62" end_line="62" start_column="3" end_column="19" covered="no" />
            <range source_id="8" start_line="63" end_line="63" start_column="2" end_column="3" covered="no" />
          </ranges>
        </function>
        <function id="19130" token="0x6000144" name="ValidationException(System.Collections.Generic.IEnumerable&lt;FluentValidation.Results.ValidationFailure&gt;)" namespace="FluentValidation" type_name="ValidationException" block_coverage="100.00" line_coverage="100.00" blocks_covered="4" blocks_not_covered="0" lines_covered="3" lines_partially_covered="0" lines_not_covered="0">
          <ranges>
            <range source_id="8" start_line="69" end_line="69" start_column="70" end_column="101" covered="yes" />
            <range source_id="8" start_line="70" end_line="70" start_column="3" end_column="19" covered="yes" />
            <range source_id="8" start_line="71" end_line="71" start_column="2" end_column="3" covered="yes" />
          </ranges>
        </function>
        <function id="19152" token="0x6000145" name="BuildErrorMessage(System.Collections.Generic.IEnumerable&lt;FluentValidation.Results.ValidationFailure&gt;)" namespace="FluentValidation" type_name="ValidationException" block_coverage="100.00" line_coverage="100.00" blocks_covered="7" blocks_not_covered="0" lines_covered="2" lines_partially_covered="0" lines_not_covered="0">
          <ranges>
            <range source_id="8" start_line="74" end_line="74" start_column="3" end_column="130" covered="yes" />
            <range source_id="8" start_line="75" end_line="75" start_column="3" end_column="65" covered="yes" />
          </ranges>
        </function>
        <function id="19224" token="0x6000146" name="ValidationException(System.Runtime.Serialization.SerializationInfo, System.Runtime.Serialization.StreamingContext)" namespace="FluentValidation" type_name="ValidationException" block_coverage="0.00" line_coverage="0.00" blocks_covered="0" blocks_not_covered="5" lines_covered="0" lines_partially_covered="0" lines_not_covered="3">
          <ranges>
            <range source_id="8" start_line="81" end_line="81" start_column="81" end_column="100" covered="no" />
            <range source_id="8" start_line="82" end_line="82" start_column="3" end_column="110" covered="no" />
            <range source_id="8" start_line="83" end_line="83" start_column="2" end_column="3" covered="no" />
          </ranges>
        </function>
        <function id="19266" token="0x6000147" name="GetObjectData(System.Runtime.Serialization.SerializationInfo, System.Runtime.Serialization.StreamingContext)" namespace="FluentValidation" type_name="ValidationException" block_coverage="0.00" line_coverage="0.00" blocks_covered="0" blocks_not_covered="7" lines_covered="0" lines_partially_covered="0" lines_not_covered="4">
          <ranges>
            <range source_id="8" start_line="89" end_line="89" start_column="3" end_column="20" covered="no" />
            <range source_id="8" start_line="89" end_line="89" start_column="21" end_column="61" covered="no" />
            <range source_id="8" start_line="91" end_line="91" start_column="3" end_column="35" covered="no" />
            <range source_id="8" start_line="92" end_line="92" start_column="3" end_column="37" covered="no" />
            <range source_id="8" start_line="93" end_line="93" start_column="2" end_column="3" covered="no" />
          </ranges>
        </function>
        <function id="19307" token="0x6000148" name="get_Rules()" namespace="FluentValidation" type_name="ValidatorDescriptor&lt;T&gt;" block_coverage="0.00" line_coverage="0.00" blocks_covered="0" blocks_not_covered="1" lines_covered="0" lines_partially_covered="0" lines_not_covered="1">
          <ranges>
            <range source_id="9" start_line="36" end_line="36" start_column="46" end_column="50" covered="no" />
          </ranges>
        </function>
        <function id="19315" token="0x6000149" name="ValidatorDescriptor(System.Collections.Generic.IEnumerable&lt;FluentValidation.IValidationRule&gt;)" namespace="FluentValidation" type_name="ValidatorDescriptor&lt;T&gt;" block_coverage="0.00" line_coverage="0.00" blocks_covered="0" blocks_not_covered="2" lines_covered="0" lines_partially_covered="0" lines_not_covered="3">
          <ranges>
            <range source_id="9" start_line="42" end_line="42" start_column="2" end_column="64" covered="no" />
            <range source_id="9" start_line="43" end_line="43" start_column="3" end_column="17" covered="no" />
            <range source_id="9" start_line="44" end_line="44" start_column="2" end_column="3" covered="no" />
          </ranges>
        </function>
        <function id="19332" token="0x600014a" name="GetName(string)" namespace="FluentValidation" type_name="ValidatorDescriptor&lt;T&gt;" block_coverage="0.00" line_coverage="0.00" blocks_covered="0" blocks_not_covered="9" lines_covered="0" lines_partially_covered="0" lines_not_covered="5">
          <ranges>
            <range source_id="9" start_line="52" end_line="55" start_column="3" end_column="22" covered="no" />
            <range source_id="9" start_line="57" end_line="57" start_column="3" end_column="19" covered="no" />
          </ranges>
        </function>
        <function id="19424" token="0x600014b" name="GetMembersWithValidators()" namespace="FluentValidation" type_name="ValidatorDescriptor&lt;T&gt;" block_coverage="0.00" line_coverage="0.00" blocks_covered="0" blocks_not_covered="16" lines_covered="0" lines_partially_covered="0" lines_not_covered="4">
          <ranges>
            <range source_id="9" start_line="64" end_line="66" start_column="3" end_column="63" covered="no" />
            <range source_id="9" start_line="68" end_line="68" start_column="3" end_column="89" covered="no" />
          </ranges>
        </function>
        <function id="19577" token="0x600014c" name="GetValidatorsForMember(string)" namespace="FluentValidation" type_name="ValidatorDescriptor&lt;T&gt;" block_coverage="0.00" line_coverage="0.00" blocks_covered="0" blocks_not_covered="3" lines_covered="0" lines_partially_covered="0" lines_not_covered="1">
          <ranges>
            <range source_id="9" start_line="77" end_line="77" start_column="3" end_column="43" covered="no" />
          </ranges>
        </function>
        <function id="19592" token="0x600014d" name="GetRulesForMember(string)" namespace="FluentValidation" type_name="ValidatorDescriptor&lt;T&gt;" block_coverage="0.00" line_coverage="0.00" blocks_covered="0" blocks_not_covered="5" lines_covered="0" lines_partially_covered="0" lines_not_covered="4">
          <ranges>
            <range source_id="9" start_line="86" end_line="88" start_column="3" end_column="16" covered="no" />
            <range source_id="9" start_line="90" end_line="90" start_column="3" end_column="25" covered="no" />
          </ranges>
        </function>
        <function id="19648" token="0x600014e" name="GetName(System.Linq.Expressions.Expression&lt;System.Func&lt;T, object&gt;&gt;)" namespace="FluentValidation" type_name="ValidatorDescriptor&lt;T&gt;" block_coverage="0.00" line_coverage="0.00" blocks_covered="0" blocks_not_covered="13" lines_covered="0" lines_partially_covered="0" lines_not_covered="4">
          <ranges>
            <range source_id="9" start_line="99" end_line="99" start_column="3" end_column="47" covered="no" />
            <range source_id="9" start_line="101" end_line="101" start_column="3" end_column="22" covered="no" />
            <range source_id="9" start_line="102" end_line="102" start_column="4" end_column="129" covered="no" />
            <range source_id="9" start_line="105" end_line="105" start_column="3" end_column="31" covered="no" />
          </ranges>
        </function>
        <function id="19744" token="0x600014f" name="GetRulesByRuleset()" namespace="FluentValidation" type_name="ValidatorDescriptor&lt;T&gt;" block_coverage="0.00" line_coverage="0.00" blocks_covered="0" blocks_not_covered="21" lines_covered="0" lines_partially_covered="0" lines_not_covered="6">
          <ranges>
            <range source_id="9" start_line="113" end_line="117" start_column="3" end_column="45" covered="no" />
            <range source_id="9" start_line="119" end_line="119" start_column="3" end_column="25" covered="no" />
          </ranges>
        </function>
        <function id="19938" token="0x6000150" name="GetValidator&lt;T&gt;()" namespace="FluentValidation" type_name="ValidatorFactoryBase" block_coverage="0.00" line_coverage="0.00" blocks_covered="0" blocks_not_covered="3" lines_covered="0" lines_partially_covered="0" lines_not_covered="1">
          <ranges>
            <range source_id="10" start_line="34" end_line="34" start_column="3" end_column="49" covered="no" />
          </ranges>
        </function>
        <function id="19964" token="0x6000151" name="GetValidator(System.Type)" namespace="FluentValidation" type_name="ValidatorFactoryBase" block_coverage="0.00" line_coverage="0.00" blocks_covered="0" blocks_not_covered="4" lines_covered="0" lines_partially_covered="0" lines_not_covered="2">
          <ranges>
            <range source_id="10" start_line="42" end_line="42" start_column="3" end_column="64" covered="no" />
            <range source_id="10" start_line="43" end_line="43" start_column="3" end_column="38" covered="no" />
          </ranges>
        </function>
        <function id="20018" token="0x6000154" name="get_CascadeMode()" namespace="FluentValidation" type_name="ValidatorConfiguration" block_coverage="0.00" line_coverage="0.00" blocks_covered="0" blocks_not_covered="7" lines_covered="0" lines_partially_covered="0" lines_not_covered="8">
          <ranges>
            <range source_id="11" start_line="77" end_line="77" start_column="4" end_column="70" covered="no" />
            <range source_id="11" start_line="78" end_line="78" start_column="5" end_column="42" covered="no" />
            <range source_id="11" start_line="80" end_line="80" start_column="9" end_column="119" covered="no" />
            <range source_id="11" start_line="81" end_line="81" start_column="5" end_column="43" covered="no" />
            <range source_id="11" start_line="84" end_line="87" start_column="5" end_column="101" covered="no" />
          </ranges>
        </function>
        <function id="20070" token="0x6000155" name="set_CascadeMode(FluentValidation.CascadeMode)" namespace="FluentValidation" type_name="ValidatorConfiguration" block_coverage="0.00" line_coverage="0.00" blocks_covered="0" blocks_not_covered="9" lines_covered="0" lines_partially_covered="0" lines_not_covered="7">
          <ranges>
            <range source_id="11" start_line="92" end_line="94" start_column="4" end_column="13" covered="no" />
            <range source_id="11" start_line="96" end_line="98" start_column="4" end_column="13" covered="no" />
            <range source_id="11" start_line="100" end_line="100" start_column="3" end_column="4" covered="no" />
          </ranges>
        </function>
        <function id="20100" token="0x6000156" name="get_DefaultClassLevelCascadeMode()" namespace="FluentValidation" type_name="ValidatorConfiguration" block_coverage="100.00" line_coverage="100.00" blocks_covered="1" blocks_not_covered="0" lines_covered="1" lines_partially_covered="0" lines_not_covered="0">
          <ranges>
            <range source_id="11" start_line="115" end_line="115" start_column="10" end_column="39" covered="yes" />
          </ranges>
        </function>
        <function id="20108" token="0x6000157" name="set_DefaultClassLevelCascadeMode(FluentValidation.CascadeMode)" namespace="FluentValidation" type_name="ValidatorConfiguration" block_coverage="0.00" line_coverage="0.00" blocks_covered="0" blocks_not_covered="4" lines_covered="0" lines_partially_covered="0" lines_not_covered="3">
          <ranges>
            <range source_id="11" start_line="117" end_line="119" start_column="10" end_column="11" covered="no" />
          </ranges>
        </function>
        <function id="20124" token="0x6000158" name="get_DefaultRuleLevelCascadeMode()" namespace="FluentValidation" type_name="ValidatorConfiguration" block_coverage="100.00" line_coverage="100.00" blocks_covered="1" blocks_not_covered="0" lines_covered="1" lines_partially_covered="0" lines_not_covered="0">
          <ranges>
            <range source_id="11" start_line="135" end_line="135" start_column="10" end_column="38" covered="yes" />
          </ranges>
        </function>
        <function id="20132" token="0x6000159" name="set_DefaultRuleLevelCascadeMode(FluentValidation.CascadeMode)" namespace="FluentValidation" type_name="ValidatorConfiguration" block_coverage="0.00" line_coverage="0.00" blocks_covered="0" blocks_not_covered="4" lines_covered="0" lines_partially_covered="0" lines_not_covered="3">
          <ranges>
            <range source_id="11" start_line="137" end_line="139" start_column="10" end_column="11" covered="no" />
          </ranges>
        </function>
        <function id="20148" token="0x600015a" name="get_Severity()" namespace="FluentValidation" type_name="ValidatorConfiguration" block_coverage="100.00" line_coverage="100.00" blocks_covered="1" blocks_not_covered="0" lines_covered="1" lines_partially_covered="0" lines_not_covered="0">
          <ranges>
            <range source_id="11" start_line="146" end_line="146" start_column="29" end_column="33" covered="yes" />
          </ranges>
        </function>
        <function id="20156" token="0x600015b" name="set_Severity(FluentValidation.Severity)" namespace="FluentValidation" type_name="ValidatorConfiguration" block_coverage="0.00" line_coverage="0.00" blocks_covered="0" blocks_not_covered="1" lines_covered="0" lines_partially_covered="0" lines_not_covered="1">
          <ranges>
            <range source_id="11" start_line="146" end_line="146" start_column="34" end_column="38" covered="no" />
          </ranges>
        </function>
        <function id="20165" token="0x600015c" name="get_PropertyChainSeparator()" namespace="FluentValidation" type_name="ValidatorConfiguration" block_coverage="0.00" line_coverage="0.00" blocks_covered="0" blocks_not_covered="1" lines_covered="0" lines_partially_covered="0" lines_not_covered="1">
          <ranges>
            <range source_id="11" start_line="151" end_line="151" start_column="41" end_column="45" covered="no" />
          </ranges>
        </function>
        <function id="20173" token="0x600015d" name="set_PropertyChainSeparator(string)" namespace="FluentValidation" type_name="ValidatorConfiguration" block_coverage="0.00" line_coverage="0.00" blocks_covered="0" blocks_not_covered="1" lines_covered="0" lines_partially_covered="0" lines_not_covered="1">
          <ranges>
            <range source_id="11" start_line="151" end_line="151" start_column="46" end_column="50" covered="no" />
          </ranges>
        </function>
        <function id="20182" token="0x600015e" name="get_LanguageManager()" namespace="FluentValidation" type_name="ValidatorConfiguration" block_coverage="100.00" line_coverage="100.00" blocks_covered="1" blocks_not_covered="0" lines_covered="1" lines_partially_covered="0" lines_not_covered="0">
          <ranges>
            <range source_id="11" start_line="157" end_line="157" start_column="10" end_column="26" covered="yes" />
          </ranges>
        </function>
        <function id="20190" token="0x600015f" name="set_LanguageManager(FluentValidation.Resources.ILanguageManager)" namespace="FluentValidation" type_name="ValidatorConfiguration" block_coverage="0.00" line_coverage="0.00" blocks_covered="0" blocks_not_covered="4" lines_covered="0" lines_partially_covered="0" lines_not_covered="1">
          <ranges>
            <range source_id="11" start_line="158" end_line="158" start_column="10" end_column="84" covered="no" />
          </ranges>
        </function>
        <function id="20214" token="0x6000160" name="get_ValidatorSelectors()" namespace="FluentValidation" type_name="ValidatorConfiguration" block_coverage="100.00" line_coverage="100.00" blocks_covered="1" blocks_not_covered="0" lines_covered="1" lines_partially_covered="0" lines_not_covered="0">
          <ranges>
            <range source_id="11" start_line="164" end_line="164" start_column="55" end_column="59" covered="yes" />
          </ranges>
        </function>
        <function id="20222" token="0x6000161" name="get_MessageFormatterFactory()" namespace="FluentValidation" type_name="ValidatorConfiguration" block_coverage="100.00" line_coverage="100.00" blocks_covered="1" blocks_not_covered="0" lines_covered="1" lines_partially_covered="0" lines_not_covered="0">
          <ranges>
            <range source_id="11" start_line="170" end_line="170" start_column="10" end_column="34" covered="yes" />
          </ranges>
        </function>
        <function id="20230" token="0x6000162" name="set_MessageFormatterFactory(System.Func&lt;FluentValidation.Internal.MessageFormatter&gt;)" namespace="FluentValidation" type_name="ValidatorConfiguration" block_coverage="0.00" line_coverage="0.00" blocks_covered="0" blocks_not_covered="5" lines_covered="0" lines_partially_covered="0" lines_not_covered="1">
          <ranges>
            <range source_id="11" start_line="171" end_line="171" start_column="10" end_column="76" covered="no" />
          </ranges>
        </function>
        <function id="20274" token="0x6000163" name="get_PropertyNameResolver()" namespace="FluentValidation" type_name="ValidatorConfiguration" block_coverage="100.00" line_coverage="100.00" blocks_covered="1" blocks_not_covered="0" lines_covered="1" lines_partially_covered="0" lines_not_covered="0">
          <ranges>
            <range source_id="11" start_line="178" end_line="178" start_column="10" end_column="31" covered="yes" />
          </ranges>
        </function>
        <function id="20282" token="0x6000164" name="set_PropertyNameResolver(System.Func&lt;System.Type, System.Reflection.MemberInfo, System.Linq.Expressions.LambdaExpression, string&gt;)" namespace="FluentValidation" type_name="ValidatorConfiguration" block_coverage="0.00" line_coverage="0.00" blocks_covered="0" blocks_not_covered="3" lines_covered="0" lines_partially_covered="0" lines_not_covered="1">
          <ranges>
            <range source_id="11" start_line="179" end_line="179" start_column="10" end_column="70" covered="no" />
          </ranges>
        </function>
        <function id="20307" token="0x6000165" name="get_DisplayNameResolver()" namespace="FluentValidation" type_name="ValidatorConfiguration" block_coverage="100.00" line_coverage="100.00" blocks_covered="1" blocks_not_covered="0" lines_covered="1" lines_partially_covered="0" lines_not_covered="0">
          <ranges>
            <range source_id="11" start_line="186" end_line="186" start_column="10" end_column="30" covered="yes" />
          </ranges>
        </function>
        <function id="20315" token="0x6000166" name="set_DisplayNameResolver(System.Func&lt;System.Type, System.Reflection.MemberInfo, System.Linq.Expressions.LambdaExpression, string&gt;)" namespace="FluentValidation" type_name="ValidatorConfiguration" block_coverage="0.00" line_coverage="0.00" blocks_covered="0" blocks_not_covered="3" lines_covered="0" lines_partially_covered="0" lines_not_covered="1">
          <ranges>
            <range source_id="11" start_line="187" end_line="187" start_column="10" end_column="68" covered="no" />
          </ranges>
        </function>
        <function id="20340" token="0x6000167" name="get_DisableAccessorCache()" namespace="FluentValidation" type_name="ValidatorConfiguration" block_coverage="100.00" line_coverage="100.00" blocks_covered="1" blocks_not_covered="0" lines_covered="1" lines_partially_covered="0" lines_not_covered="0">
          <ranges>
            <range source_id="11" start_line="193" end_line="193" start_column="37" end_column="41" covered="yes" />
          </ranges>
        </function>
        <function id="20348" token="0x6000168" name="set_DisableAccessorCache(bool)" namespace="FluentValidation" type_name="ValidatorConfiguration" block_coverage="0.00" line_coverage="0.00" blocks_covered="0" blocks_not_covered="1" lines_covered="0" lines_partially_covered="0" lines_not_covered="1">
          <ranges>
            <range source_id="11" start_line="193" end_line="193" start_column="42" end_column="46" covered="no" />
          </ranges>
        </function>
        <function id="20357" token="0x6000169" name="get_ErrorCodeResolver()" namespace="FluentValidation" type_name="ValidatorConfiguration" block_coverage="100.00" line_coverage="100.00" blocks_covered="1" blocks_not_covered="0" lines_covered="1" lines_partially_covered="0" lines_not_covered="0">
          <ranges>
            <range source_id="11" start_line="199" end_line="199" start_column="10" end_column="28" covered="yes" />
          </ranges>
        </function>
        <function id="20365" token="0x600016a" name="set_ErrorCodeResolver(System.Func&lt;FluentValidation.Validators.IPropertyValidator, string&gt;)" namespace="FluentValidation" type_name="ValidatorConfiguration" block_coverage="0.00" line_coverage="0.00" blocks_covered="0" blocks_not_covered="3" lines_covered="0" lines_partially_covered="0" lines_not_covered="1">
          <ranges>
            <range source_id="11" start_line="200" end_line="200" start_column="10" end_column="64" covered="no" />
          </ranges>
        </function>
        <function id="20390" token="0x600016b" name="get_OnFailureCreated()" namespace="FluentValidation" type_name="ValidatorConfiguration" block_coverage="100.00" line_coverage="100.00" blocks_covered="1" blocks_not_covered="0" lines_covered="1" lines_partially_covered="0" lines_not_covered="0">
          <ranges>
            <range source_id="11" start_line="206" end_line="206" start_column="132" end_column="136" covered="yes" />
          </ranges>
        </function>
        <function id="20398" token="0x600016c" name="set_OnFailureCreated(System.Func&lt;FluentValidation.Results.ValidationFailure, FluentValidation.IValidationContext, object, FluentValidation.IValidationRule, FluentValidation.Internal.IRuleComponent, FluentValidation.Results.ValidationFailure&gt;)" namespace="FluentValidation" type_name="ValidatorConfiguration" block_coverage="0.00" line_coverage="0.00" blocks_covered="0" blocks_not_covered="1" lines_covered="0" lines_partially_covered="0" lines_not_covered="1">
          <ranges>
            <range source_id="11" start_line="206" end_line="206" start_column="137" end_column="141" covered="no" />
          </ranges>
        </function>
        <function id="20408" token="0x600016d" name="DefaultPropertyNameResolver(System.Type, System.Reflection.MemberInfo, System.Linq.Expressions.LambdaExpression)" namespace="FluentValidation" type_name="ValidatorConfiguration" block_coverage="60.00" line_coverage="75.00" blocks_covered="6" blocks_not_covered="4" lines_covered="3" lines_partially_covered="0" lines_not_covered="1">
          <ranges>
            <range source_id="11" start_line="209" end_line="209" start_column="3" end_column="26" covered="yes" />
            <range source_id="11" start_line="210" end_line="210" start_column="4" end_column="57" covered="yes" />
            <range source_id="11" start_line="211" end_line="211" start_column="4" end_column="24" covered="yes" />
            <range source_id="11" start_line="211" end_line="211" start_column="25" end_column="49" covered="yes" />
            <range source_id="11" start_line="214" end_line="214" start_column="3" end_column="27" covered="no" />
          </ranges>
        </function>
        <function id="20458" token="0x600016e" name="DefaultDisplayNameResolver(System.Type, System.Reflection.MemberInfo, System.Linq.Expressions.LambdaExpression)" namespace="FluentValidation" type_name="ValidatorConfiguration" block_coverage="100.00" line_coverage="100.00" blocks_covered="1" blocks_not_covered="0" lines_covered="1" lines_partially_covered="0" lines_not_covered="0">
          <ranges>
            <range source_id="11" start_line="217" end_line="217" start_column="109" end_column="113" covered="yes" />
          </ranges>
        </function>
        <function id="20461" token="0x600016f" name="DefaultErrorCodeResolver(FluentValidation.Validators.IPropertyValidator)" namespace="FluentValidation" type_name="ValidatorConfiguration" block_coverage="100.00" line_coverage="100.00" blocks_covered="2" blocks_not_covered="0" lines_covered="1" lines_partially_covered="0" lines_not_covered="0">
          <ranges>
            <range source_id="11" start_line="220" end_line="220" start_column="3" end_column="25" covered="yes" />
          </ranges>
        </function>
        <function id="20472" token="0x6000170" name="ValidatorConfiguration()" namespace="FluentValidation" type_name="ValidatorConfiguration" block_coverage="100.00" line_coverage="100.00" blocks_covered="10" blocks_not_covered="0" lines_covered="7" lines_partially_covered="0" lines_not_covered="0">
          <ranges>
            <range source_id="11" start_line="35" end_line="35" start_column="2" end_column="111" covered="yes" />
            <range source_id="11" start_line="36" end_line="36" start_column="2" end_column="109" covered="yes" />
            <range source_id="11" start_line="37" end_line="37" start_column="2" end_column="89" covered="yes" />
            <range source_id="11" start_line="38" end_line="38" start_column="2" end_column="89" covered="yes" />
            <range source_id="11" start_line="39" end_line="39" start_column="2" end_column="68" covered="yes" />
            <range source_id="11" start_line="151" end_line="151" start_column="55" end_column="58" covered="yes" />
            <range source_id="11" start_line="164" end_line="164" start_column="64" end_column="94" covered="yes" />
          </ranges>
        </function>
        <function id="20615" token="0x6000171" name="get_Global()" namespace="FluentValidation" type_name="ValidatorOptions" block_coverage="100.00" line_coverage="100.00" blocks_covered="1" blocks_not_covered="0" lines_covered="1" lines_partially_covered="0" lines_not_covered="0">
          <ranges>
            <range source_id="11" start_line="231" end_line="231" start_column="48" end_column="52" covered="yes" />
          </ranges>
        </function>
        <function id="20622" token="0x6000172" name="ValidatorOptions()" namespace="FluentValidation" type_name="ValidatorOptions" block_coverage="100.00" line_coverage="100.00" blocks_covered="2" blocks_not_covered="0" lines_covered="1" lines_partially_covered="0" lines_not_covered="0">
          <ranges>
            <range source_id="11" start_line="231" end_line="231" start_column="57" end_column="85" covered="yes" />
          </ranges>
        </function>
        <function id="20634" token="0x6000173" name="get_DefaultValidatorSelectorFactory()" namespace="FluentValidation" type_name="ValidatorSelectorOptions" block_coverage="100.00" line_coverage="100.00" blocks_covered="1" blocks_not_covered="0" lines_covered="1" lines_partially_covered="0" lines_not_covered="0">
          <ranges>
            <range source_id="11" start_line="249" end_line="249" start_column="10" end_column="35" covered="yes" />
          </ranges>
        </function>
        <function id="20642" token="0x6000174" name="set_DefaultValidatorSelectorFactory(System.Func&lt;FluentValidation.Internal.IValidatorSelector&gt;)" namespace="FluentValidation" type_name="ValidatorSelectorOptions" block_coverage="0.00" line_coverage="0.00" blocks_covered="0" blocks_not_covered="5" lines_covered="0" lines_partially_covered="0" lines_not_covered="1">
          <ranges>
            <range source_id="11" start_line="250" end_line="250" start_column="10" end_column="70" covered="no" />
          </ranges>
        </function>
        <function id="20686" token="0x6000175" name="get_MemberNameValidatorSelectorFactory()" namespace="FluentValidation" type_name="ValidatorSelectorOptions" block_coverage="0.00" line_coverage="0.00" blocks_covered="0" blocks_not_covered="1" lines_covered="0" lines_partially_covered="0" lines_not_covered="1">
          <ranges>
            <range source_id="11" start_line="257" end_line="257" start_column="10" end_column="38" covered="no" />
          </ranges>
        </function>
        <function id="20694" token="0x6000176" name="set_MemberNameValidatorSelectorFactory(System.Func&lt;System.Collections.Generic.IEnumerable&lt;string&gt;, FluentValidation.Internal.IValidatorSelector&gt;)" namespace="FluentValidation" type_name="ValidatorSelectorOptions" block_coverage="0.00" line_coverage="0.00" blocks_covered="0" blocks_not_covered="5" lines_covered="0" lines_partially_covered="0" lines_not_covered="1">
          <ranges>
            <range source_id="11" start_line="258" end_line="258" start_column="10" end_column="109" covered="no" />
          </ranges>
        </function>
        <function id="20738" token="0x6000177" name="get_RulesetValidatorSelectorFactory()" namespace="FluentValidation" type_name="ValidatorSelectorOptions" block_coverage="0.00" line_coverage="0.00" blocks_covered="0" blocks_not_covered="1" lines_covered="0" lines_partially_covered="0" lines_not_covered="1">
          <ranges>
            <range source_id="11" start_line="265" end_line="265" start_column="10" end_column="35" covered="no" />
          </ranges>
        </function>
        <function id="20746" token="0x6000178" name="set_RulesetValidatorSelectorFactory(System.Func&lt;System.Collections.Generic.IEnumerable&lt;string&gt;, FluentValidation.Internal.IValidatorSelector&gt;)" namespace="FluentValidation" type_name="ValidatorSelectorOptions" block_coverage="0.00" line_coverage="0.00" blocks_covered="0" blocks_not_covered="5" lines_covered="0" lines_partially_covered="0" lines_not_covered="1">
          <ranges>
            <range source_id="11" start_line="266" end_line="266" start_column="10" end_column="99" covered="no" />
          </ranges>
        </function>
        <function id="20790" token="0x6000179" name="get_CompositeValidatorSelectorFactory()" namespace="FluentValidation" type_name="ValidatorSelectorOptions" block_coverage="0.00" line_coverage="0.00" blocks_covered="0" blocks_not_covered="1" lines_covered="0" lines_partially_covered="0" lines_not_covered="1">
          <ranges>
            <range source_id="11" start_line="273" end_line="273" start_column="10" end_column="44" covered="no" />
          </ranges>
        </function>
        <function id="20798" token="0x600017a" name="set_CompositeValidatorSelectorFactory(System.Func&lt;System.Collections.Generic.IEnumerable&lt;FluentValidation.Internal.IValidatorSelector&gt;, FluentValidation.Internal.IValidatorSelector&gt;)" namespace="FluentValidation" type_name="ValidatorSelectorOptions" block_coverage="0.00" line_coverage="0.00" blocks_covered="0" blocks_not_covered="5" lines_covered="0" lines_partially_covered="0" lines_not_covered="1">
          <ranges>
            <range source_id="11" start_line="274" end_line="274" start_column="10" end_column="112" covered="no" />
          </ranges>
        </function>
        <function id="20844" token="0x600017b" name="ValidatorSelectorOptions()" namespace="FluentValidation" type_name="ValidatorSelectorOptions" block_coverage="100.00" line_coverage="100.00" blocks_covered="14" blocks_not_covered="0" lines_covered="4" lines_partially_covered="0" lines_not_covered="0">
          <ranges>
            <range source_id="11" start_line="240" end_line="240" start_column="2" end_column="85" covered="yes" />
            <range source_id="11" start_line="241" end_line="241" start_column="2" end_column="145" covered="yes" />
            <range source_id="11" start_line="242" end_line="242" start_column="2" end_column="135" covered="yes" />
            <range source_id="11" start_line="243" end_line="243" start_column="2" end_column="160" covered="yes" />
          </ranges>
        </function>
        <function id="21011" token="0x600017c" name="ValidatorSelectorOptions()" namespace="FluentValidation" type_name="ValidatorSelectorOptions" block_coverage="100.00" line_coverage="100.00" blocks_covered="2" blocks_not_covered="0" lines_covered="1" lines_partially_covered="0" lines_not_covered="0">
          <ranges>
            <range source_id="11" start_line="238" end_line="238" start_column="2" end_column="94" covered="yes" />
          </ranges>
        </function>
        <function id="21023" token="0x600017d" name="AbstractComparisonValidator(TProperty)" namespace="FluentValidation.Validators" type_name="AbstractComparisonValidator&lt;T, TProperty&gt;" block_coverage="0.00" line_coverage="0.00" blocks_covered="0" blocks_not_covered="3" lines_covered="0" lines_partially_covered="0" lines_not_covered="4">
          <ranges>
            <range source_id="12" start_line="36" end_line="36" start_column="2" end_column="56" covered="no" />
            <range source_id="12" start_line="37" end_line="37" start_column="3" end_column="57" covered="no" />
            <range source_id="12" start_line="38" end_line="38" start_column="3" end_column="26" covered="no" />
            <range source_id="12" start_line="39" end_line="39" start_column="2" end_column="3" covered="no" />
          </ranges>
        </function>
        <function id="21059" token="0x600017e" name="AbstractComparisonValidator(System.Func&lt;T, System.ValueTuple&lt;bool, TProperty&gt;&gt;, System.Reflection.MemberInfo, string)" namespace="FluentValidation.Validators" type_name="AbstractComparisonValidator&lt;T, TProperty&gt;" block_coverage="0.00" line_coverage="0.00" blocks_covered="0" blocks_not_covered="3" lines_covered="0" lines_partially_covered="0" lines_not_covered="5">
          <ranges>
            <range source_id="12" start_line="46" end_line="46" start_column="2" end_column="146" covered="no" />
            <range source_id="12" start_line="47" end_line="47" start_column="3" end_column="56" covered="no" />
            <range source_id="12" start_line="48" end_line="48" start_column="3" end_column="52" covered="no" />
            <range source_id="12" start_line="49" end_line="49" start_column="3" end_column="28" covered="no" />
            <range source_id="12" start_line="50" end_line="50" start_column="2" end_column="3" covered="no" />
          </ranges>
        </function>
        <function id="21088" token="0x600017f" name="AbstractComparisonValidator(System.Func&lt;T, TProperty&gt;, System.Reflection.MemberInfo, string)" namespace="FluentValidation.Validators" type_name="AbstractComparisonValidator&lt;T, TProperty&gt;" block_coverage="0.00" line_coverage="0.00" blocks_covered="0" blocks_not_covered="3" lines_covered="0" lines_partially_covered="0" lines_not_covered="5">
          <ranges>
            <range source_id="12" start_line="57" end_line="57" start_column="2" end_column="123" covered="no" />
            <range source_id="12" start_line="58" end_line="58" start_column="3" end_column="44" covered="no" />
            <range source_id="12" start_line="59" end_line="59" start_column="3" end_column="52" covered="no" />
            <range source_id="12" start_line="60" end_line="60" start_column="3" end_column="28" covered="no" />
            <range source_id="12" start_line="61" end_line="61" start_column="2" end_column="3" covered="no" />
          </ranges>
        </function>
        <function id="21120" token="0x6000180" name="IsValid(FluentValidation.ValidationContext&lt;T&gt;, TProperty)" namespace="FluentValidation.Validators" type_name="AbstractComparisonValidator&lt;T, TProperty&gt;" block_coverage="0.00" line_coverage="0.00" blocks_covered="0" blocks_not_covered="17" lines_covered="0" lines_partially_covered="0" lines_not_covered="8">
          <ranges>
            <range source_id="12" start_line="70" end_line="70" start_column="3" end_column="28" covered="no" />
            <range source_id="12" start_line="73" end_line="73" start_column="4" end_column="16" covered="no" />
            <range source_id="12" start_line="76" end_line="76" start_column="3" end_column="52" covered="no" />
            <range source_id="12" start_line="78" end_line="78" start_column="3" end_column="81" covered="no" />
            <range source_id="12" start_line="79" end_line="79" start_column="4" end_column="116" covered="no" />
            <range source_id="12" start_line="80" end_line="80" start_column="4" end_column="102" covered="no" />
            <range source_id="12" start_line="81" end_line="81" start_column="4" end_column="17" covered="no" />
            <range source_id="12" start_line="84" end_line="84" start_column="3" end_column="15" covered="no" />
          </ranges>
        </function>
        <function id="21252" token="0x6000181" name="GetComparisonValue(FluentValidation.ValidationContext&lt;T&gt;)" namespace="FluentValidation.Validators" type_name="AbstractComparisonValidator&lt;T, TProperty&gt;" block_coverage="0.00" line_coverage="0.00" blocks_covered="0" blocks_not_covered="13" lines_covered="0" lines_partially_covered="0" lines_not_covered="6">
          <ranges>
            <range source_id="12" start_line="88" end_line="88" start_column="3" end_column="34" covered="no" />
            <range source_id="12" start_line="89" end_line="89" start_column="4" end_column="64" covered="no" />
            <range source_id="12" start_line="90" end_line="90" start_column="4" end_column="34" covered="no" />
            <range source_id="12" start_line="92" end_line="92" start_column="3" end_column="47" covered="no" />
            <range source_id="12" start_line="93" end_line="93" start_column="4" end_column="71" covered="no" />
            <range source_id="12" start_line="96" end_line="96" start_column="3" end_column="51" covered="no" />
          </ranges>
        </function>
        <function id="21358" token="0x6000184" name="get_MemberToCompare()" namespace="FluentValidation.Validators" type_name="AbstractComparisonValidator&lt;T, TProperty&gt;" block_coverage="0.00" line_coverage="0.00" blocks_covered="0" blocks_not_covered="1" lines_covered="0" lines_partially_covered="0" lines_not_covered="1">
          <ranges>
            <range source_id="12" start_line="114" end_line="114" start_column="38" end_column="42" covered="no" />
          </ranges>
        </function>
        <function id="21366" token="0x6000185" name="set_MemberToCompare(System.Reflection.MemberInfo)" namespace="FluentValidation.Validators" type_name="AbstractComparisonValidator&lt;T, TProperty&gt;" block_coverage="0.00" line_coverage="0.00" blocks_covered="0" blocks_not_covered="1" lines_covered="0" lines_partially_covered="0" lines_not_covered="1">
          <ranges>
            <range source_id="12" start_line="114" end_line="114" start_column="43" end_column="55" covered="no" />
          </ranges>
        </function>
        <function id="21375" token="0x6000186" name="get_ValueToCompare()" namespace="FluentValidation.Validators" type_name="AbstractComparisonValidator&lt;T, TProperty&gt;" block_coverage="0.00" line_coverage="0.00" blocks_covered="0" blocks_not_covered="1" lines_covered="0" lines_partially_covered="0" lines_not_covered="1">
          <ranges>
            <range source_id="12" start_line="119" end_line="119" start_column="36" end_column="40" covered="no" />
          </ranges>
        </function>
        <function id="21383" token="0x6000187" name="FluentValidation.Validators.IComparisonValidator.get_ValueToCompare()" namespace="FluentValidation.Validators" type_name="AbstractComparisonValidator&lt;T, TProperty&gt;" block_coverage="0.00" line_coverage="0.00" blocks_covered="0" blocks_not_covered="7" lines_covered="0" lines_partially_covered="0" lines_not_covered="1">
          <ranges>
            <range source_id="12" start_line="129" end_line="129" start_column="3" end_column="81" covered="no" />
          </ranges>
        </function>
        <function id="21420" token="0x600018b" name="get_Name()" namespace="FluentValidation.Validators" type_name="AsyncPredicateValidator&lt;T, TProperty&gt;" block_coverage="0.00" line_coverage="0.00" blocks_covered="0" blocks_not_covered="1" lines_covered="0" lines_partially_covered="0" lines_not_covered="1">
          <ranges>
            <range source_id="13" start_line="33" end_line="33" start_column="33" end_column="58" covered="no" />
          </ranges>
        </function>
        <function id="21427" token="0x600018c" name="AsyncPredicateValidator(System.Func&lt;T, TProperty, FluentValidation.ValidationContext&lt;T&gt;, System.Threading.CancellationToken, System.Threading.Tasks.Task&lt;bool&gt;&gt;)" namespace="FluentValidation.Validators" type_name="AsyncPredicateValidator&lt;T, TProperty&gt;" block_coverage="0.00" line_coverage="0.00" blocks_covered="0" blocks_not_covered="3" lines_covered="0" lines_partially_covered="0" lines_not_covered="4">
          <ranges>
            <range source_id="13" start_line="39" end_line="39" start_column="2" end_column="115" covered="no" />
            <range source_id="13" start_line="40" end_line="40" start_column="3" end_column="72" covered="no" />
            <range source_id="13" start_line="41" end_line="41" start_column="3" end_column="31" covered="no" />
            <range source_id="13" start_line="42" end_line="42" start_column="2" end_column="3" covered="no" />
          </ranges>
        </function>
        <function id="21458" token="0x600018d" name="IsValidAsync(FluentValidation.ValidationContext&lt;T&gt;, TProperty, System.Threading.CancellationToken)" namespace="FluentValidation.Validators" type_name="AsyncPredicateValidator&lt;T, TProperty&gt;" block_coverage="0.00" line_coverage="0.00" blocks_covered="0" blocks_not_covered="3" lines_covered="0" lines_partially_covered="0" lines_not_covered="1">
          <ranges>
            <range source_id="13" start_line="45" end_line="45" start_column="3" end_column="79" covered="no" />
          </ranges>
        </function>
        <function id="21480" token="0x600018e" name="GetDefaultMessageTemplate(string)" namespace="FluentValidation.Validators" type_name="AsyncPredicateValidator&lt;T, TProperty&gt;" block_coverage="0.00" line_coverage="0.00" blocks_covered="0" blocks_not_covered="3" lines_covered="0" lines_partially_covered="0" lines_not_covered="1">
          <ranges>
            <range source_id="13" start_line="49" end_line="49" start_column="3" end_column="37" covered="no" />
          </ranges>
        </function>
        <function id="21495" token="0x600018f" name="FluentValidation.Validators.IPropertyValidator.GetDefaultMessageTemplate(string)" namespace="FluentValidation.Validators" type_name="AsyncPropertyValidator&lt;T, TProperty&gt;" block_coverage="0.00" line_coverage="0.00" blocks_covered="0" blocks_not_covered="2" lines_covered="0" lines_partially_covered="0" lines_not_covered="1">
          <ranges>
            <range source_id="14" start_line="27" end_line="27" start_column="6" end_column="42" covered="no" />
          </ranges>
        </function>
        <function id="21504" token="0x6000191" name="GetDefaultMessageTemplate(string)" namespace="FluentValidation.Validators" type_name="AsyncPropertyValidator&lt;T, TProperty&gt;" block_coverage="0.00" line_coverage="0.00" blocks_covered="0" blocks_not_covered="1" lines_covered="0" lines_partially_covered="0" lines_not_covered="1">
          <ranges>
            <range source_id="14" start_line="37" end_line="37" start_column="74" end_column="119" covered="no" />
          </ranges>
        </function>
        <function id="21511" token="0x6000193" name="Localized(string, string)" namespace="FluentValidation.Validators" type_name="AsyncPropertyValidator&lt;T, TProperty&gt;" block_coverage="0.00" line_coverage="0.00" blocks_covered="0" blocks_not_covered="4" lines_covered="0" lines_partially_covered="0" lines_not_covered="1">
          <ranges>
            <range source_id="14" start_line="52" end_line="52" start_column="3" end_column="108" covered="no" />
          </ranges>
        </function>
        <function id="21538" token="0x6000196" name="get_Name()" namespace="FluentValidation.Validators" type_name="ChildValidatorAdaptor&lt;T, TProperty&gt;" block_coverage="0.00" line_coverage="0.00" blocks_covered="0" blocks_not_covered="1" lines_covered="0" lines_partially_covered="0" lines_not_covered="1">
          <ranges>
            <range source_id="15" start_line="22" end_line="22" start_column="33" end_column="56" covered="no" />
          </ranges>
        </function>
        <function id="21545" token="0x6000197" name="get_ValidatorType()" namespace="FluentValidation.Validators" type_name="ChildValidatorAdaptor&lt;T, TProperty&gt;" block_coverage="0.00" line_coverage="0.00" blocks_covered="0" blocks_not_covered="1" lines_covered="0" lines_partially_covered="0" lines_not_covered="1">
          <ranges>
            <range source_id="15" start_line="24" end_line="24" start_column="30" end_column="34" covered="no" />
          </ranges>
        </function>
        <function id="21553" token="0x6000198" name="get_RuleSets()" namespace="FluentValidation.Validators" type_name="ChildValidatorAdaptor&lt;T, TProperty&gt;" block_coverage="0.00" line_coverage="0.00" blocks_covered="0" blocks_not_covered="1" lines_covered="0" lines_partially_covered="0" lines_not_covered="1">
          <ranges>
            <range source_id="15" start_line="26" end_line="26" start_column="29" end_column="33" covered="no" />
          </ranges>
        </function>
        <function id="21561" token="0x6000199" name="set_RuleSets(string[])" namespace="FluentValidation.Validators" type_name="ChildValidatorAdaptor&lt;T, TProperty&gt;" block_coverage="0.00" line_coverage="0.00" blocks_covered="0" blocks_not_covered="1" lines_covered="0" lines_partially_covered="0" lines_not_covered="1">
          <ranges>
            <range source_id="15" start_line="26" end_line="26" start_column="34" end_column="38" covered="no" />
          </ranges>
        </function>
        <function id="21570" token="0x600019a" name="ChildValidatorAdaptor(FluentValidation.IValidator&lt;TProperty&gt;, System.Type)" namespace="FluentValidation.Validators" type_name="ChildValidatorAdaptor&lt;T, TProperty&gt;" block_coverage="0.00" line_coverage="0.00" blocks_covered="0" blocks_not_covered="2" lines_covered="0" lines_partially_covered="0" lines_not_covered="4">
          <ranges>
            <range source_id="15" start_line="28" end_line="28" start_column="2" end_column="83" covered="no" />
            <range source_id="15" start_line="29" end_line="29" start_column="3" end_column="26" covered="no" />
            <range source_id="15" start_line="30" end_line="30" start_column="3" end_column="33" covered="no" />
            <range source_id="15" start_line="31" end_line="31" start_column="2" end_column="3" covered="no" />
          </ranges>
        </function>
        <function id="21592" token="0x600019b" name="ChildValidatorAdaptor(System.Func&lt;FluentValidation.ValidationContext&lt;T&gt;, TProperty, FluentValidation.IValidator&lt;TProperty&gt;&gt;, System.Type)" namespace="FluentValidation.Validators" type_name="ChildValidatorAdaptor&lt;T, TProperty&gt;" block_coverage="0.00" line_coverage="0.00" blocks_covered="0" blocks_not_covered="2" lines_covered="0" lines_partially_covered="0" lines_not_covered="4">
          <ranges>
            <range source_id="15" start_line="33" end_line="33" start_column="2" end_column="130" covered="no" />
            <range source_id="15" start_line="34" end_line="34" start_column="3" end_column="42" covered="no" />
            <range source_id="15" start_line="35" end_line="35" start_column="3" end_column="33" covered="no" />
            <range source_id="15" start_line="36" end_line="36" start_column="2" end_column="3" covered="no" />
          </ranges>
        </function>
        <function id="21616" token="0x600019c" name="IsValid(FluentValidation.ValidationContext&lt;T&gt;, TProperty)" namespace="FluentValidation.Validators" type_name="ChildValidatorAdaptor&lt;T, TProperty&gt;" block_coverage="0.00" line_coverage="0.00" blocks_covered="0" blocks_not_covered="10" lines_covered="0" lines_partially_covered="0" lines_not_covered="10">
          <ranges>
            <range source_id="15" start_line="39" end_line="39" start_column="3" end_column="21" covered="no" />
            <range source_id="15" start_line="40" end_line="40" start_column="4" end_column="16" covered="no" />
            <range source_id="15" start_line="43" end_line="43" start_column="3" end_column="48" covered="no" />
            <range source_id="15" start_line="45" end_line="45" start_column="3" end_column="25" covered="no" />
            <range source_id="15" start_line="46" end_line="46" start_column="4" end_column="16" covered="no" />
            <range source_id="15" start_line="49" end_line="49" start_column="3" end_column="80" covered="no" />
            <range source_id="15" start_line="54" end_line="54" start_column="3" end_column="85" covered="no" />
            <range source_id="15" start_line="56" end_line="56" start_column="3" end_column="34" covered="no" />
            <range source_id="15" start_line="59" end_line="59" start_column="3" end_column="62" covered="no" />
            <range source_id="15" start_line="60" end_line="60" start_column="3" end_column="15" covered="no" />
          </ranges>
        </function>
        <function id="21783" token="0x600019e" name="GetValidator(FluentValidation.ValidationContext&lt;T&gt;, TProperty)" namespace="FluentValidation.Validators" type_name="ChildValidatorAdaptor&lt;T, TProperty&gt;" block_coverage="0.00" line_coverage="0.00" blocks_covered="0" blocks_not_covered="5" lines_covered="0" lines_partially_covered="0" lines_not_covered="2">
          <ranges>
            <range source_id="15" start_line="89" end_line="89" start_column="3" end_column="80" covered="no" />
            <range source_id="15" start_line="91" end_line="91" start_column="3" end_column="87" covered="no" />
          </ranges>
        </function>
        <function id="21832" token="0x600019f" name="CreateNewValidationContextForChildValidator(FluentValidation.ValidationContext&lt;T&gt;, TProperty)" namespace="FluentValidation.Validators" type_name="ChildValidatorAdaptor&lt;T, TProperty&gt;" block_coverage="0.00" line_coverage="0.00" blocks_covered="0" blocks_not_covered="8" lines_covered="0" lines_partially_covered="0" lines_not_covered="5">
          <ranges>
            <range source_id="15" start_line="95" end_line="95" start_column="3" end_column="46" covered="no" />
            <range source_id="15" start_line="96" end_line="96" start_column="3" end_column="74" covered="no" />
            <range source_id="15" start_line="98" end_line="98" start_column="3" end_column="40" covered="no" />
            <range source_id="15" start_line="99" end_line="99" start_column="4" end_column="58" covered="no" />
            <range source_id="15" start_line="101" end_line="101" start_column="3" end_column="21" covered="no" />
          </ranges>
        </function>
        <function id="21890" token="0x60001a0" name="GetSelector(FluentValidation.ValidationContext&lt;T&gt;, TProperty)" namespace="FluentValidation.Validators" type_name="ChildValidatorAdaptor&lt;T, TProperty&gt;" block_coverage="0.00" line_coverage="0.00" blocks_covered="0" blocks_not_covered="9" lines_covered="0" lines_partially_covered="0" lines_not_covered="1">
          <ranges>
            <range source_id="15" start_line="105" end_line="105" start_column="3" end_column="79" covered="no" />
          </ranges>
        </function>
        <function id="21924" token="0x60001a1" name="HandleCollectionIndex(FluentValidation.ValidationContext&lt;T&gt;, out object, out object)" namespace="FluentValidation.Validators" type_name="ChildValidatorAdaptor&lt;T, TProperty&gt;" block_coverage="0.00" line_coverage="0.00" blocks_covered="0" blocks_not_covered="9" lines_covered="0" lines_partially_covered="0" lines_not_covered="5">
          <ranges>
            <range source_id="15" start_line="109" end_line="109" start_column="3" end_column="24" covered="no" />
            <range source_id="15" start_line="110" end_line="110" start_column="3" end_column="92" covered="no" />
            <range source_id="15" start_line="111" end_line="111" start_column="4" end_column="83" covered="no" />
            <range source_id="15" start_line="112" end_line="112" start_column="4" end_column="60" covered="no" />
            <range source_id="15" start_line="114" end_line="114" start_column="2" end_column="3" covered="no" />
          </ranges>
        </function>
        <function id="22000" token="0x60001a2" name="ResetCollectionIndex(FluentValidation.ValidationContext&lt;T&gt;, object, object)" namespace="FluentValidation.Validators" type_name="ChildValidatorAdaptor&lt;T, TProperty&gt;" block_coverage="0.00" line_coverage="0.00" blocks_covered="0" blocks_not_covered="8" lines_covered="0" lines_partially_covered="0" lines_not_covered="5">
          <ranges>
            <range source_id="15" start_line="118" end_line="118" start_column="3" end_column="21" covered="no" />
            <range source_id="15" start_line="119" end_line="119" start_column="4" end_column="30" covered="no" />
            <range source_id="15" start_line="120" end_line="120" start_column="5" end_column="69" covered="no" />
            <range source_id="15" start_line="123" end_line="123" start_column="5" end_column="60" covered="no" />
            <range source_id="15" start_line="126" end_line="126" start_column="2" end_column="3" covered="no" />
          </ranges>
        </function>
        <function id="22043" token="0x60001a3" name="get_Instance()" namespace="FluentValidation.Validators" type_name="ComparableComparer&lt;T&gt;" block_coverage="0.00" line_coverage="0.00" blocks_covered="0" blocks_not_covered="1" lines_covered="0" lines_partially_covered="0" lines_not_covered="1">
          <ranges>
            <range source_id="16" start_line="25" end_line="25" start_column="51" end_column="55" covered="no" />
          </ranges>
        </function>
        <function id="22050" token="0x60001a4" name="ComparableComparer()" namespace="FluentValidation.Validators" type_name="ComparableComparer&lt;T&gt;" block_coverage="0.00" line_coverage="0.00" blocks_covered="0" blocks_not_covered="2" lines_covered="0" lines_partially_covered="0" lines_not_covered="2">
          <ranges>
            <range source_id="16" start_line="28" end_line="28" start_column="3" end_column="42" covered="no" />
            <range source_id="16" start_line="29" end_line="29" start_column="2" end_column="3" covered="no" />
          </ranges>
        </function>
        <function id="22062" token="0x60001a5" name="Compare(T, T)" namespace="FluentValidation.Validators" type_name="ComparableComparer&lt;T&gt;" block_coverage="0.00" line_coverage="0.00" blocks_covered="0" blocks_not_covered="2" lines_covered="0" lines_partially_covered="0" lines_not_covered="1">
          <ranges>
            <range source_id="16" start_line="32" end_line="32" start_column="3" end_column="25" covered="no" />
          </ranges>
        </function>
        <function id="22086" token="0x60001a7" name="get_Name()" namespace="FluentValidation.Validators" type_name="CreditCardValidator&lt;T&gt;" block_coverage="0.00" line_coverage="0.00" blocks_covered="0" blocks_not_covered="1" lines_covered="0" lines_partially_covered="0" lines_not_covered="1">
          <ranges>
            <range source_id="17" start_line="30" end_line="30" start_column="33" end_column="54" covered="no" />
          </ranges>
        </function>
        <function id="22093" token="0x60001a8" name="GetDefaultMessageTemplate(string)" namespace="FluentValidation.Validators" type_name="CreditCardValidator&lt;T&gt;" block_coverage="0.00" line_coverage="0.00" blocks_covered="0" blocks_not_covered="3" lines_covered="0" lines_partially_covered="0" lines_not_covered="1">
          <ranges>
            <range source_id="17" start_line="33" end_line="33" start_column="3" end_column="37" covered="no" />
          </ranges>
        </function>
        <function id="22108" token="0x60001a9" name="IsValid(FluentValidation.ValidationContext&lt;T&gt;, string)" namespace="FluentValidation.Validators" type_name="CreditCardValidator&lt;T&gt;" block_coverage="0.00" line_coverage="0.00" blocks_covered="0" blocks_not_covered="23" lines_covered="0" lines_partially_covered="0" lines_not_covered="15">
          <ranges>
            <range source_id="17" start_line="37" end_line="37" start_column="3" end_column="21" covered="no" />
            <range source_id="17" start_line="38" end_line="38" start_column="4" end_column="16" covered="no" />
            <range source_id="17" start_line="41" end_line="41" start_column="3" end_column="51" covered="no" />
            <range source_id="17" start_line="43" end_line="43" start_column="3" end_column="20" covered="no" />
            <range source_id="17" start_line="44" end_line="44" start_column="3" end_column="26" covered="no" />
            <range source_id="17" start_line="46" end_line="46" start_column="26" end_column="55" covered="no" />
            <range source_id="17" start_line="46" end_line="46" start_column="12" end_column="22" covered="no" />
            <range source_id="17" start_line="47" end_line="47" start_column="4" end_column="29" covered="no" />
            <range source_id="17" start_line="48" end_line="48" start_column="5" end_column="18" covered="no" />
            <range source_id="17" start_line="51" end_line="51" start_column="4" end_column="57" covered="no" />
            <range source_id="17" start_line="52" end_line="52" start_column="4" end_column="27" covered="no" />
            <range source_id="17" start_line="55" end_line="55" start_column="5" end_column="33" covered="no" />
            <range source_id="17" start_line="56" end_line="56" start_column="5" end_column="22" covered="no" />
            <range source_id="17" start_line="54" end_line="54" start_column="4" end_column="26" covered="no" />
            <range source_id="17" start_line="46" end_line="46" start_column="23" end_column="25" covered="no" />
            <range source_id="17" start_line="60" end_line="60" start_column="3" end_column="31" covered="no" />
            <range source_id="17" start_line="61" end_line="61" start_column="2" end_column="3" covered="no" />
          </ranges>
        </function>
        <function id="22300" token="0x60001ab" name="get_Name()" namespace="FluentValidation.Validators" type_name="EmailValidator&lt;T&gt;" block_coverage="0.00" line_coverage="0.00" blocks_covered="0" blocks_not_covered="1" lines_covered="0" lines_partially_covered="0" lines_not_covered="1">
          <ranges>
            <range source_id="18" start_line="47" end_line="47" start_column="33" end_column="49" covered="no" />
          </ranges>
        </function>
        <function id="22307" token="0x60001ac" name="IsValid(FluentValidation.ValidationContext&lt;T&gt;, string)" namespace="FluentValidation.Validators" type_name="EmailValidator&lt;T&gt;" block_coverage="0.00" line_coverage="0.00" blocks_covered="0" blocks_not_covered="6" lines_covered="0" lines_partially_covered="0" lines_not_covered="4">
          <ranges>
            <range source_id="18" start_line="50" end_line="50" start_column="3" end_column="21" covered="no" />
            <range source_id="18" start_line="50" end_line="50" start_column="22" end_column="34" covered="no" />
            <range source_id="18" start_line="52" end_line="52" start_column="3" end_column="30" covered="no" />
            <range source_id="18" start_line="53" end_line="53" start_column="4" end_column="17" covered="no" />
            <range source_id="18" start_line="56" end_line="56" start_column="3" end_column="15" covered="no" />
          </ranges>
        </function>
        <function id="22330" token="0x60001ad" name="get_Expression()" namespace="FluentValidation.Validators" type_name="EmailValidator&lt;T&gt;" block_coverage="0.00" line_coverage="0.00" blocks_covered="0" blocks_not_covered="1" lines_covered="0" lines_partially_covered="0" lines_not_covered="1">
          <ranges>
            <range source_id="18" start_line="59" end_line="59" start_column="30" end_column="41" covered="no" />
          </ranges>
        </function>
        <function id="22337" token="0x60001ae" name="CreateRegEx()" namespace="FluentValidation.Validators" type_name="EmailValidator&lt;T&gt;" block_coverage="0.00" line_coverage="0.00" blocks_covered="0" blocks_not_covered="3" lines_covered="0" lines_partially_covered="0" lines_not_covered="1">
          <ranges>
            <range source_id="18" start_line="63" end_line="63" start_column="3" end_column="69" covered="no" />
          </ranges>
        </function>
        <function id="22365" token="0x60001af" name="GetDefaultMessageTemplate(string)" namespace="FluentValidation.Validators" type_name="EmailValidator&lt;T&gt;" block_coverage="0.00" line_coverage="0.00" blocks_covered="0" blocks_not_covered="3" lines_covered="0" lines_partially_covered="0" lines_not_covered="1">
          <ranges>
            <range source_id="18" start_line="67" end_line="67" start_column="3" end_column="37" covered="no" />
          </ranges>
        </function>
        <function id="22388" token="0x60001b1" name="EmailValidator()" namespace="FluentValidation.Validators" type_name="EmailValidator&lt;T&gt;" block_coverage="0.00" line_coverage="0.00" blocks_covered="0" blocks_not_covered="2" lines_covered="0" lines_partially_covered="0" lines_not_covered="1">
          <ranges>
            <range source_id="18" start_line="43" end_line="43" start_column="2" end_column="55" covered="no" />
          </ranges>
        </function>
        <function id="22400" token="0x60001b2" name="get_Name()" namespace="FluentValidation.Validators" type_name="AspNetCoreCompatibleEmailValidator&lt;T&gt;" block_coverage="0.00" line_coverage="0.00" blocks_covered="0" blocks_not_covered="1" lines_covered="0" lines_partially_covered="0" lines_not_covered="1">
          <ranges>
            <range source_id="18" start_line="73" end_line="73" start_column="33" end_column="49" covered="no" />
          </ranges>
        </function>
        <function id="22408" token="0x60001b3" name="IsValid(FluentValidation.ValidationContext&lt;T&gt;, string)" namespace="FluentValidation.Validators" type_name="AspNetCoreCompatibleEmailValidator&lt;T&gt;" block_coverage="0.00" line_coverage="0.00" blocks_covered="0" blocks_not_covered="9" lines_covered="0" lines_partially_covered="0" lines_not_covered="7">
          <ranges>
            <range source_id="18" start_line="76" end_line="76" start_column="3" end_column="21" covered="no" />
            <range source_id="18" start_line="77" end_line="77" start_column="4" end_column="16" covered="no" />
            <range source_id="18" start_line="82" end_line="82" start_column="3" end_column="34" covered="no" />
            <range source_id="18" start_line="84" end_line="87" start_column="3" end_column="36" covered="no" />
          </ranges>
        </function>
        <function id="22463" token="0x60001b4" name="GetDefaultMessageTemplate(string)" namespace="FluentValidation.Validators" type_name="AspNetCoreCompatibleEmailValidator&lt;T&gt;" block_coverage="0.00" line_coverage="0.00" blocks_covered="0" blocks_not_covered="3" lines_covered="0" lines_partially_covered="0" lines_not_covered="1">
          <ranges>
            <range source_id="18" start_line="91" end_line="91" start_column="3" end_column="37" covered="no" />
          </ranges>
        </function>
        <function id="22486" token="0x60001b6" name="get_Name()" namespace="FluentValidation.Validators" type_name="EmptyValidator&lt;T, TProperty&gt;" block_coverage="0.00" line_coverage="0.00" blocks_covered="0" blocks_not_covered="1" lines_covered="0" lines_partially_covered="0" lines_not_covered="1">
          <ranges>
            <range source_id="19" start_line="29" end_line="29" start_column="33" end_column="49" covered="no" />
          </ranges>
        </function>
        <function id="22496" token="0x60001b7" name="IsValid(FluentValidation.ValidationContext&lt;T&gt;, TProperty)" namespace="FluentValidation.Validators" type_name="EmptyValidator&lt;T, TProperty&gt;" block_coverage="0.00" line_coverage="0.00" blocks_covered="0" blocks_not_covered="17" lines_covered="0" lines_partially_covered="0" lines_not_covered="9">
          <ranges>
            <range source_id="19" start_line="32" end_line="32" start_column="3" end_column="21" covered="no" />
            <range source_id="19" start_line="33" end_line="33" start_column="4" end_column="16" covered="no" />
            <range source_id="19" start_line="36" end_line="36" start_column="3" end_column="57" covered="no" />
            <range source_id="19" start_line="37" end_line="37" start_column="4" end_column="16" covered="no" />
            <range source_id="19" start_line="40" end_line="40" start_column="3" end_column="50" covered="no" />
            <range source_id="19" start_line="41" end_line="41" start_column="4" end_column="16" covered="no" />
            <range source_id="19" start_line="44" end_line="44" start_column="3" end_column="44" covered="no" />
            <range source_id="19" start_line="45" end_line="45" start_column="4" end_column="16" covered="no" />
            <range source_id="19" start_line="48" end_line="48" start_column="3" end_column="69" covered="no" />
          </ranges>
        </function>
        <function id="22614" token="0x60001b8" name="GetDefaultMessageTemplate(string)" namespace="FluentValidation.Validators" type_name="EmptyValidator&lt;T, TProperty&gt;" block_coverage="0.00" line_coverage="0.00" blocks_covered="0" blocks_not_covered="3" lines_covered="0" lines_partially_covered="0" lines_not_covered="1">
          <ranges>
            <range source_id="19" start_line="52" end_line="52" start_column="3" end_column="37" covered="no" />
          </ranges>
        </function>
        <function id="22632" token="0x60001b9" name="IsEmpty(System.Collections.IEnumerable)" namespace="FluentValidation.Validators" type_name="EmptyValidator&lt;T, TProperty&gt;" block_coverage="0.00" line_coverage="0.00" blocks_covered="0" blocks_not_covered="5" lines_covered="0" lines_partially_covered="0" lines_not_covered="4">
          <ranges>
            <range source_id="19" start_line="56" end_line="56" start_column="3" end_column="47" covered="no" />
            <range source_id="19" start_line="58" end_line="58" start_column="3" end_column="36" covered="no" />
            <range source_id="19" start_line="59" end_line="59" start_column="4" end_column="34" covered="no" />
            <range source_id="19" start_line="61" end_line="61" start_column="2" end_column="3" covered="no" />
          </ranges>
        </function>
        <function id="22708" token="0x60001bb" name="get_Name()" namespace="FluentValidation.Validators" type_name="EnumValidator&lt;T, TProperty&gt;" block_coverage="0.00" line_coverage="0.00" blocks_covered="0" blocks_not_covered="1" lines_covered="0" lines_partially_covered="0" lines_not_covered="1">
          <ranges>
            <range source_id="20" start_line="29" end_line="29" start_column="33" end_column="48" covered="no" />
          </ranges>
        </function>
        <function id="22716" token="0x60001bc" name="IsValid(FluentValidation.ValidationContext&lt;T&gt;, TProperty)" namespace="FluentValidation.Validators" type_name="EnumValidator&lt;T, TProperty&gt;" block_coverage="0.00" line_coverage="0.00" blocks_covered="0" blocks_not_covered="14" lines_covered="0" lines_partially_covered="0" lines_not_covered="6">
          <ranges>
            <range source_id="20" start_line="32" end_line="32" start_column="3" end_column="21" covered="no" />
            <range source_id="20" start_line="32" end_line="32" start_column="22" end_column="34" covered="no" />
            <range source_id="20" start_line="34" end_line="34" start_column="3" end_column="79" covered="no" />
            <range source_id="20" start_line="36" end_line="36" start_column="3" end_column="34" covered="no" />
            <range source_id="20" start_line="36" end_line="36" start_column="35" end_column="48" covered="no" />
            <range source_id="20" start_line="38" end_line="38" start_column="3" end_column="71" covered="no" />
            <range source_id="20" start_line="39" end_line="39" start_column="4" end_column="57" covered="no" />
            <range source_id="20" start_line="42" end_line="42" start_column="3" end_column="52" covered="no" />
          </ranges>
        </function>
        <function id="22804" token="0x60001bd" name="IsFlagsEnumDefined(System.Type, object)" namespace="FluentValidation.Validators" type_name="EnumValidator&lt;T, TProperty&gt;" block_coverage="0.00" line_coverage="0.00" blocks_covered="0" blocks_not_covered="23" lines_covered="0" lines_partially_covered="0" lines_not_covered="19">
          <ranges>
            <range source_id="20" start_line="46" end_line="46" start_column="3" end_column="56" covered="no" />
            <range source_id="20" start_line="50" end_line="50" start_column="5" end_column="35" covered="no" />
            <range source_id="20" start_line="51" end_line="51" start_column="5" end_column="57" covered="no" />
            <range source_id="20" start_line="55" end_line="55" start_column="5" end_column="36" covered="no" />
            <range source_id="20" start_line="57" end_line="57" start_column="5" end_column="57" covered="no" />
            <range source_id="20" start_line="61" end_line="61" start_column="5" end_column="34" covered="no" />
            <range source_id="20" start_line="63" end_line="63" start_column="5" end_column="57" covered="no" />
            <range source_id="20" start_line="67" end_line="67" start_column="5" end_column="35" covered="no" />
            <range source_id="20" start_line="69" end_line="69" start_column="5" end_column="57" covered="no" />
            <range source_id="20" start_line="73" end_line="73" start_column="5" end_column="36" covered="no" />
            <range source_id="20" start_line="75" end_line="75" start_column="5" end_column="74" covered="no" />
            <range source_id="20" start_line="79" end_line="79" start_column="5" end_column="37" covered="no" />
            <range source_id="20" start_line="80" end_line="80" start_column="5" end_column="57" covered="no" />
            <range source_id="20" start_line="84" end_line="84" start_column="5" end_column="35" covered="no" />
            <range source_id="20" start_line="85" end_line="85" start_column="5" end_column="57" covered="no" />
            <range source_id="20" start_line="89" end_line="89" start_column="5" end_column="36" covered="no" />
            <range source_id="20" start_line="90" end_line="90" start_column="5" end_column="64" covered="no" />
            <range source_id="20" start_line="94" end_line="94" start_column="5" end_column="88" covered="no" />
            <range source_id="20" start_line="95" end_line="95" start_column="5" end_column="70" covered="no" />
          </ranges>
        </function>
        <function id="23228" token="0x60001be" name="EvaluateFlagEnumValues(long, System.Type)" namespace="FluentValidation.Validators" type_name="EnumValidator&lt;T, TProperty&gt;" block_coverage="0.00" line_coverage="0.00" blocks_covered="0" blocks_not_covered="13" lines_covered="0" lines_partially_covered="0" lines_not_covered="9">
          <ranges>
            <range source_id="20" start_line="100" end_line="100" start_column="3" end_column="17" covered="no" />
            <range source_id="20" start_line="101" end_line="101" start_column="29" end_column="53" covered="no" />
            <range source_id="20" start_line="101" end_line="101" start_column="12" end_column="25" covered="no" />
            <range source_id="20" start_line="102" end_line="102" start_column="4" end_column="54" covered="no" />
            <range source_id="20" start_line="103" end_line="103" start_column="4" end_column="55" covered="no" />
            <range source_id="20" start_line="104" end_line="104" start_column="5" end_column="30" covered="no" />
            <range source_id="20" start_line="105" end_line="105" start_column="5" end_column="23" covered="no" />
            <range source_id="20" start_line="106" end_line="106" start_column="6" end_column="18" covered="no" />
            <range source_id="20" start_line="101" end_line="101" start_column="26" end_column="28" covered="no" />
            <range source_id="20" start_line="110" end_line="110" start_column="3" end_column="16" covered="no" />
            <range source_id="20" start_line="111" end_line="111" start_column="2" end_column="3" covered="no" />
          </ranges>
        </function>
        <function id="23340" token="0x60001bf" name="GetDefaultMessageTemplate(string)" namespace="FluentValidation.Validators" type_name="EnumValidator&lt;T, TProperty&gt;" block_coverage="0.00" line_coverage="0.00" blocks_covered="0" blocks_not_covered="3" lines_covered="0" lines_partially_covered="0" lines_not_covered="1">
          <ranges>
            <range source_id="20" start_line="114" end_line="114" start_column="3" end_column="37" covered="no" />
          </ranges>
        </function>
        <function id="23355" token="0x60001c0" name="EnumValidator()" namespace="FluentValidation.Validators" type_name="EnumValidator&lt;T, TProperty&gt;" block_coverage="0.00" line_coverage="0.00" blocks_covered="0" blocks_not_covered="3" lines_covered="0" lines_partially_covered="0" lines_not_covered="1">
          <ranges>
            <range source_id="20" start_line="27" end_line="27" start_column="2" end_column="54" covered="no" />
          </ranges>
        </function>
        <function id="23379" token="0x60001c1" name="get_Name()" namespace="FluentValidation.Validators" type_name="EqualValidator&lt;T, TProperty&gt;" block_coverage="0.00" line_coverage="0.00" blocks_covered="0" blocks_not_covered="1" lines_covered="0" lines_partially_covered="0" lines_not_covered="1">
          <ranges>
            <range source_id="21" start_line="32" end_line="32" start_column="33" end_column="49" covered="no" />
          </ranges>
        </function>
        <function id="23386" token="0x60001c2" name="EqualValidator(TProperty, System.Collections.Generic.IEqualityComparer&lt;TProperty&gt;)" namespace="FluentValidation.Validators" type_name="EqualValidator&lt;T, TProperty&gt;" block_coverage="0.00" line_coverage="0.00" blocks_covered="0" blocks_not_covered="3" lines_covered="0" lines_partially_covered="0" lines_not_covered="4">
          <ranges>
            <range source_id="21" start_line="35" end_line="35" start_column="2" end_column="95" covered="no" />
            <range source_id="21" start_line="36" end_line="36" start_column="3" end_column="35" covered="no" />
            <range source_id="21" start_line="37" end_line="37" start_column="3" end_column="24" covered="no" />
            <range source_id="21" start_line="38" end_line="38" start_column="2" end_column="3" covered="no" />
          </ranges>
        </function>
        <function id="23408" token="0x60001c3" name="EqualValidator(System.Func&lt;T, TProperty&gt;, System.Reflection.MemberInfo, string, System.Collections.Generic.IEqualityComparer&lt;TProperty&gt;)" namespace="FluentValidation.Validators" type_name="EqualValidator&lt;T, TProperty&gt;" block_coverage="0.00" line_coverage="0.00" blocks_covered="0" blocks_not_covered="3" lines_covered="0" lines_partially_covered="0" lines_not_covered="6">
          <ranges>
            <range source_id="21" start_line="40" end_line="40" start_column="2" end_column="153" covered="no" />
            <range source_id="21" start_line="41" end_line="41" start_column="3" end_column="30" covered="no" />
            <range source_id="21" start_line="42" end_line="42" start_column="3" end_column="42" covered="no" />
            <range source_id="21" start_line="43" end_line="43" start_column="3" end_column="28" covered="no" />
            <range source_id="21" start_line="44" end_line="44" start_column="3" end_column="24" covered="no" />
            <range source_id="21" start_line="45" end_line="45" start_column="2" end_column="3" covered="no" />
          </ranges>
        </function>
        <function id="23448" token="0x60001c4" name="IsValid(FluentValidation.ValidationContext&lt;T&gt;, TProperty)" namespace="FluentValidation.Validators" type_name="EqualValidator&lt;T, TProperty&gt;" block_coverage="0.00" line_coverage="0.00" blocks_covered="0" blocks_not_covered="11" lines_covered="0" lines_partially_covered="0" lines_not_covered="7">
          <ranges>
            <range source_id="21" start_line="48" end_line="48" start_column="3" end_column="53" covered="no" />
            <range source_id="21" start_line="49" end_line="49" start_column="3" end_column="50" covered="no" />
            <range source_id="21" start_line="51" end_line="51" start_column="3" end_column="16" covered="no" />
            <range source_id="21" start_line="52" end_line="52" start_column="4" end_column="80" covered="no" />
            <range source_id="21" start_line="53" end_line="53" start_column="4" end_column="92" covered="no" />
            <range source_id="21" start_line="55" end_line="55" start_column="4" end_column="17" covered="no" />
            <range source_id="21" start_line="58" end_line="58" start_column="3" end_column="15" covered="no" />
          </ranges>
        </function>
        <function id="23537" token="0x60001c5" name="GetComparisonValue(FluentValidation.ValidationContext&lt;T&gt;)" namespace="FluentValidation.Validators" type_name="EqualValidator&lt;T, TProperty&gt;" block_coverage="0.00" line_coverage="0.00" blocks_covered="0" blocks_not_covered="6" lines_covered="0" lines_partially_covered="0" lines_not_covered="3">
          <ranges>
            <range source_id="21" start_line="62" end_line="62" start_column="3" end_column="21" covered="no" />
            <range source_id="21" start_line="63" end_line="63" start_column="4" end_column="45" covered="no" />
            <range source_id="21" start_line="66" end_line="66" start_column="3" end_column="25" covered="no" />
          </ranges>
        </function>
        <function id="23571" token="0x60001c6" name="get_Comparison()" namespace="FluentValidation.Validators" type_name="EqualValidator&lt;T, TProperty&gt;" block_coverage="0.00" line_coverage="0.00" blocks_covered="0" blocks_not_covered="1" lines_covered="0" lines_partially_covered="0" lines_not_covered="1">
          <ranges>
            <range source_id="21" start_line="69" end_line="69" start_column="34" end_column="50" covered="no" />
          </ranges>
        </function>
        <function id="23574" token="0x60001c7" name="get_MemberToCompare()" namespace="FluentValidation.Validators" type_name="EqualValidator&lt;T, TProperty&gt;" block_coverage="0.00" line_coverage="0.00" blocks_covered="0" blocks_not_covered="1" lines_covered="0" lines_partially_covered="0" lines_not_covered="1">
          <ranges>
            <range source_id="21" start_line="71" end_line="71" start_column="38" end_column="42" covered="no" />
          </ranges>
        </function>
        <function id="23582" token="0x60001c8" name="set_MemberToCompare(System.Reflection.MemberInfo)" namespace="FluentValidation.Validators" type_name="EqualValidator&lt;T, TProperty&gt;" block_coverage="0.00" line_coverage="0.00" blocks_covered="0" blocks_not_covered="1" lines_covered="0" lines_partially_covered="0" lines_not_covered="1">
          <ranges>
            <range source_id="21" start_line="71" end_line="71" start_column="43" end_column="55" covered="no" />
          </ranges>
        </function>
        <function id="23591" token="0x60001c9" name="get_ValueToCompare()" namespace="FluentValidation.Validators" type_name="EqualValidator&lt;T, TProperty&gt;" block_coverage="0.00" line_coverage="0.00" blocks_covered="0" blocks_not_covered="1" lines_covered="0" lines_partially_covered="0" lines_not_covered="1">
          <ranges>
            <range source_id="21" start_line="72" end_line="72" start_column="36" end_column="40" covered="no" />
          </ranges>
        </function>
        <function id="23599" token="0x60001ca" name="set_ValueToCompare(TProperty)" namespace="FluentValidation.Validators" type_name="EqualValidator&lt;T, TProperty&gt;" block_coverage="0.00" line_coverage="0.00" blocks_covered="0" blocks_not_covered="1" lines_covered="0" lines_partially_covered="0" lines_not_covered="1">
          <ranges>
            <range source_id="21" start_line="72" end_line="72" start_column="41" end_column="53" covered="no" />
          </ranges>
        </function>
        <function id="23608" token="0x60001cb" name="FluentValidation.Validators.IComparisonValidator.get_ValueToCompare()" namespace="FluentValidation.Validators" type_name="EqualValidator&lt;T, TProperty&gt;" block_coverage="0.00" line_coverage="0.00" blocks_covered="0" blocks_not_covered="2" lines_covered="0" lines_partially_covered="0" lines_not_covered="1">
          <ranges>
            <range source_id="21" start_line="74" end_line="74" start_column="48" end_column="62" covered="no" />
          </ranges>
        </function>
        <function id="23621" token="0x60001cc" name="Compare(TProperty, TProperty)" namespace="FluentValidation.Validators" type_name="EqualValidator&lt;T, TProperty&gt;" block_coverage="0.00" line_coverage="0.00" blocks_covered="0" blocks_not_covered="5" lines_covered="0" lines_partially_covered="0" lines_not_covered="3">
          <ranges>
            <range source_id="21" start_line="77" end_line="77" start_column="3" end_column="25" covered="no" />
            <range source_id="21" start_line="78" end_line="78" start_column="4" end_column="60" covered="no" />
            <range source_id="21" start_line="81" end_line="81" start_column="3" end_column="49" covered="no" />
          </ranges>
        </function>
        <function id="23662" token="0x60001cd" name="GetDefaultMessageTemplate(string)" namespace="FluentValidation.Validators" type_name="EqualValidator&lt;T, TProperty&gt;" block_coverage="0.00" line_coverage="0.00" blocks_covered="0" blocks_not_covered="3" lines_covered="0" lines_partially_covered="0" lines_not_covered="1">
          <ranges>
            <range source_id="21" start_line="85" end_line="85" start_column="3" end_column="37" covered="no" />
          </ranges>
        </function>
        <function id="23677" token="0x60001ce" name="get_Name()" namespace="FluentValidation.Validators" type_name="ExclusiveBetweenValidator&lt;T, TProperty&gt;" block_coverage="0.00" line_coverage="0.00" blocks_covered="0" blocks_not_covered="1" lines_covered="0" lines_partially_covered="0" lines_not_covered="1">
          <ranges>
            <range source_id="22" start_line="28" end_line="28" start_column="33" end_column="60" covered="no" />
          </ranges>
        </function>
        <function id="23684" token="0x60001cf" name="ExclusiveBetweenValidator(TProperty, TProperty, System.Collections.Generic.IComparer&lt;TProperty&gt;)" namespace="FluentValidation.Validators" type_name="ExclusiveBetweenValidator&lt;T, TProperty&gt;" block_coverage="0.00" line_coverage="0.00" blocks_covered="0" blocks_not_covered="2" lines_covered="0" lines_partially_covered="0" lines_not_covered="2">
          <ranges>
            <range source_id="22" start_line="30" end_line="30" start_column="98" end_column="122" covered="no" />
            <range source_id="22" start_line="31" end_line="31" start_column="2" end_column="3" covered="no" />
          </ranges>
        </function>
        <function id="23695" token="0x60001d0" name="HasError(TProperty)" namespace="FluentValidation.Validators" type_name="ExclusiveBetweenValidator&lt;T, TProperty&gt;" block_coverage="0.00" line_coverage="0.00" blocks_covered="0" blocks_not_covered="7" lines_covered="0" lines_partially_covered="0" lines_not_covered="1">
          <ranges>
            <range source_id="22" start_line="34" end_line="34" start_column="3" end_column="63" covered="no" />
          </ranges>
        </function>
        <function id="23734" token="0x60001d3" name="get_Name()" namespace="FluentValidation.Validators" type_name="GreaterThanOrEqualValidator&lt;T, TProperty&gt;" block_coverage="0.00" line_coverage="0.00" blocks_covered="0" blocks_not_covered="1" lines_covered="0" lines_partially_covered="0" lines_not_covered="1">
          <ranges>
            <range source_id="23" start_line="26" end_line="26" start_column="33" end_column="62" covered="no" />
          </ranges>
        </function>
        <function id="23741" token="0x60001d4" name="GreaterThanOrEqualValidator(TProperty)" namespace="FluentValidation.Validators" type_name="GreaterThanOrEqualValidator&lt;T, TProperty&gt;" block_coverage="0.00" line_coverage="0.00" blocks_covered="0" blocks_not_covered="2" lines_covered="0" lines_partially_covered="0" lines_not_covered="2">
          <ranges>
            <range source_id="23" start_line="29" end_line="29" start_column="3" end_column="14" covered="no" />
            <range source_id="23" start_line="30" end_line="30" start_column="2" end_column="3" covered="no" />
          </ranges>
        </function>
        <function id="23750" token="0x60001d5" name="GreaterThanOrEqualValidator(System.Func&lt;T, TProperty&gt;, System.Reflection.MemberInfo, string)" namespace="FluentValidation.Validators" type_name="GreaterThanOrEqualValidator&lt;T, TProperty&gt;" block_coverage="0.00" line_coverage="0.00" blocks_covered="0" blocks_not_covered="2" lines_covered="0" lines_partially_covered="0" lines_not_covered="2">
          <ranges>
            <range source_id="23" start_line="33" end_line="33" start_column="5" end_column="56" covered="no" />
            <range source_id="23" start_line="34" end_line="34" start_column="2" end_column="3" covered="no" />
          </ranges>
        </function>
        <function id="23761" token="0x60001d6" name="GreaterThanOrEqualValidator(System.Func&lt;T, System.ValueTuple&lt;bool, TProperty&gt;&gt;, System.Reflection.MemberInfo, string)" namespace="FluentValidation.Validators" type_name="GreaterThanOrEqualValidator&lt;T, TProperty&gt;" block_coverage="0.00" line_coverage="0.00" blocks_covered="0" blocks_not_covered="2" lines_covered="0" lines_partially_covered="0" lines_not_covered="2">
          <ranges>
            <range source_id="23" start_line="37" end_line="37" start_column="5" end_column="56" covered="no" />
            <range source_id="23" start_line="38" end_line="38" start_column="2" end_column="3" covered="no" />
          </ranges>
        </function>
        <function id="23772" token="0x60001d7" name="IsValid(TProperty, TProperty)" namespace="FluentValidation.Validators" type_name="GreaterThanOrEqualValidator&lt;T, TProperty&gt;" block_coverage="0.00" line_coverage="0.00" blocks_covered="0" blocks_not_covered="4" lines_covered="0" lines_partially_covered="0" lines_not_covered="3">
          <ranges>
            <range source_id="23" start_line="41" end_line="41" start_column="3" end_column="30" covered="no" />
            <range source_id="23" start_line="42" end_line="42" start_column="4" end_column="17" covered="no" />
            <range source_id="23" start_line="44" end_line="44" start_column="3" end_column="47" covered="no" />
          </ranges>
        </function>
        <function id="23804" token="0x60001d8" name="get_Comparison()" namespace="FluentValidation.Validators" type_name="GreaterThanOrEqualValidator&lt;T, TProperty&gt;" block_coverage="0.00" line_coverage="0.00" blocks_covered="0" blocks_not_covered="1" lines_covered="0" lines_partially_covered="0" lines_not_covered="1">
          <ranges>
            <range source_id="23" start_line="47" end_line="47" start_column="43" end_column="83" covered="no" />
          </ranges>
        </function>
        <function id="23807" token="0x60001d9" name="GetDefaultMessageTemplate(string)" namespace="FluentValidation.Validators" type_name="GreaterThanOrEqualValidator&lt;T, TProperty&gt;" block_coverage="0.00" line_coverage="0.00" blocks_covered="0" blocks_not_covered="3" lines_covered="0" lines_partially_covered="0" lines_not_covered="1">
          <ranges>
            <range source_id="23" start_line="50" end_line="50" start_column="3" end_column="37" covered="no" />
          </ranges>
        </function>
        <function id="23822" token="0x60001da" name="get_Name()" namespace="FluentValidation.Validators" type_name="GreaterThanValidator&lt;T, TProperty&gt;" block_coverage="0.00" line_coverage="0.00" blocks_covered="0" blocks_not_covered="1" lines_covered="0" lines_partially_covered="0" lines_not_covered="1">
          <ranges>
            <range source_id="24" start_line="28" end_line="28" start_column="33" end_column="55" covered="no" />
          </ranges>
        </function>
        <function id="23829" token="0x60001db" name="GreaterThanValidator(TProperty)" namespace="FluentValidation.Validators" type_name="GreaterThanValidator&lt;T, TProperty&gt;" block_coverage="0.00" line_coverage="0.00" blocks_covered="0" blocks_not_covered="2" lines_covered="0" lines_partially_covered="0" lines_not_covered="2">
          <ranges>
            <range source_id="24" start_line="30" end_line="30" start_column="49" end_column="60" covered="no" />
            <range source_id="24" start_line="31" end_line="31" start_column="2" end_column="3" covered="no" />
          </ranges>
        </function>
        <function id="23838" token="0x60001dc" name="GreaterThanValidator(System.Func&lt;T, TProperty&gt;, System.Reflection.MemberInfo, string)" namespace="FluentValidation.Validators" type_name="GreaterThanValidator&lt;T, TProperty&gt;" block_coverage="0.00" line_coverage="0.00" blocks_covered="0" blocks_not_covered="2" lines_covered="0" lines_partially_covered="0" lines_not_covered="2">
          <ranges>
            <range source_id="24" start_line="34" end_line="34" start_column="5" end_column="56" covered="no" />
            <range source_id="24" start_line="35" end_line="35" start_column="2" end_column="3" covered="no" />
          </ranges>
        </function>
        <function id="23849" token="0x60001dd" name="GreaterThanValidator(System.Func&lt;T, System.ValueTuple&lt;bool, TProperty&gt;&gt;, System.Reflection.MemberInfo, string)" namespace="FluentValidation.Validators" type_name="GreaterThanValidator&lt;T, TProperty&gt;" block_coverage="0.00" line_coverage="0.00" blocks_covered="0" blocks_not_covered="2" lines_covered="0" lines_partially_covered="0" lines_not_covered="2">
          <ranges>
            <range source_id="24" start_line="38" end_line="38" start_column="5" end_column="56" covered="no" />
            <range source_id="24" start_line="39" end_line="39" start_column="2" end_column="3" covered="no" />
          </ranges>
        </function>
        <function id="23860" token="0x60001de" name="IsValid(TProperty, TProperty)" namespace="FluentValidation.Validators" type_name="GreaterThanValidator&lt;T, TProperty&gt;" block_coverage="0.00" line_coverage="0.00" blocks_covered="0" blocks_not_covered="4" lines_covered="0" lines_partially_covered="0" lines_not_covered="3">
          <ranges>
            <range source_id="24" start_line="42" end_line="42" start_column="3" end_column="30" covered="no" />
            <range source_id="24" start_line="43" end_line="43" start_column="4" end_column="17" covered="no" />
            <range source_id="24" start_line="45" end_line="45" start_column="3" end_column="46" covered="no" />
          </ranges>
        </function>
        <function id="23889" token="0x60001df" name="get_Comparison()" namespace="FluentValidation.Validators" type_name="GreaterThanValidator&lt;T, TProperty&gt;" block_coverage="0.00" line_coverage="0.00" blocks_covered="0" blocks_not_covered="1" lines_covered="0" lines_partially_covered="0" lines_not_covered="1">
          <ranges>
            <range source_id="24" start_line="48" end_line="48" start_column="43" end_column="76" covered="no" />
          </ranges>
        </function>
        <function id="23892" token="0x60001e0" name="GetDefaultMessageTemplate(string)" namespace="FluentValidation.Validators" type_name="GreaterThanValidator&lt;T, TProperty&gt;" block_coverage="0.00" line_coverage="0.00" blocks_covered="0" blocks_not_covered="3" lines_covered="0" lines_partially_covered="0" lines_not_covered="1">
          <ranges>
            <range source_id="24" start_line="51" end_line="51" start_column="3" end_column="37" covered="no" />
          </ranges>
        </function>
        <function id="23907" token="0x60001e1" name="get_Name()" namespace="FluentValidation.Validators" type_name="InclusiveBetweenValidator&lt;T, TProperty&gt;" block_coverage="0.00" line_coverage="0.00" blocks_covered="0" blocks_not_covered="1" lines_covered="0" lines_partially_covered="0" lines_not_covered="1">
          <ranges>
            <range source_id="25" start_line="28" end_line="28" start_column="33" end_column="60" covered="no" />
          </ranges>
        </function>
        <function id="23914" token="0x60001e2" name="InclusiveBetweenValidator(TProperty, TProperty, System.Collections.Generic.IComparer&lt;TProperty&gt;)" namespace="FluentValidation.Validators" type_name="InclusiveBetweenValidator&lt;T, TProperty&gt;" block_coverage="0.00" line_coverage="0.00" blocks_covered="0" blocks_not_covered="2" lines_covered="0" lines_partially_covered="0" lines_not_covered="2">
          <ranges>
            <range source_id="25" start_line="30" end_line="30" start_column="98" end_column="122" covered="no" />
            <range source_id="25" start_line="31" end_line="31" start_column="2" end_column="3" covered="no" />
          </ranges>
        </function>
        <function id="23925" token="0x60001e3" name="HasError(TProperty)" namespace="FluentValidation.Validators" type_name="InclusiveBetweenValidator&lt;T, TProperty&gt;" block_coverage="0.00" line_coverage="0.00" blocks_covered="0" blocks_not_covered="7" lines_covered="0" lines_partially_covered="0" lines_not_covered="1">
          <ranges>
            <range source_id="25" start_line="34" end_line="34" start_column="3" end_column="61" covered="no" />
          </ranges>
        </function>
        <function id="23961" token="0x60001e8" name="get_Name()" namespace="FluentValidation.Validators" type_name="LengthValidator&lt;T&gt;" block_coverage="0.00" line_coverage="0.00" blocks_covered="0" blocks_not_covered="1" lines_covered="0" lines_partially_covered="0" lines_not_covered="1">
          <ranges>
            <range source_id="26" start_line="24" end_line="24" start_column="33" end_column="50" covered="no" />
          </ranges>
        </function>
        <function id="23968" token="0x60001e9" name="get_Min()" namespace="FluentValidation.Validators" type_name="LengthValidator&lt;T&gt;" block_coverage="100.00" line_coverage="100.00" blocks_covered="1" blocks_not_covered="0" lines_covered="1" lines_partially_covered="0" lines_not_covered="0">
          <ranges>
            <range source_id="26" start_line="26" end_line="26" start_column="19" end_column="23" covered="yes" />
          </ranges>
        </function>
        <function id="23976" token="0x60001ea" name="get_Max()" namespace="FluentValidation.Validators" type_name="LengthValidator&lt;T&gt;" block_coverage="100.00" line_coverage="100.00" blocks_covered="1" blocks_not_covered="0" lines_covered="1" lines_partially_covered="0" lines_not_covered="0">
          <ranges>
            <range source_id="26" start_line="27" end_line="27" start_column="19" end_column="23" covered="yes" />
          </ranges>
        </function>
        <function id="23984" token="0x60001eb" name="get_MinFunc()" namespace="FluentValidation.Validators" type_name="LengthValidator&lt;T&gt;" block_coverage="0.00" line_coverage="0.00" blocks_covered="0" blocks_not_covered="1" lines_covered="0" lines_partially_covered="0" lines_not_covered="1">
          <ranges>
            <range source_id="26" start_line="29" end_line="29" start_column="32" end_column="36" covered="no" />
          </ranges>
        </function>
        <function id="23992" token="0x60001ec" name="set_MinFunc(System.Func&lt;T, int&gt;)" namespace="FluentValidation.Validators" type_name="LengthValidator&lt;T&gt;" block_coverage="0.00" line_coverage="0.00" blocks_covered="0" blocks_not_covered="1" lines_covered="0" lines_partially_covered="0" lines_not_covered="1">
          <ranges>
            <range source_id="26" start_line="29" end_line="29" start_column="37" end_column="41" covered="no" />
          </ranges>
        </function>
        <function id="24001" token="0x60001ed" name="get_MaxFunc()" namespace="FluentValidation.Validators" type_name="LengthValidator&lt;T&gt;" block_coverage="100.00" line_coverage="100.00" blocks_covered="1" blocks_not_covered="0" lines_covered="1" lines_partially_covered="0" lines_not_covered="0">
          <ranges>
            <range source_id="26" start_line="30" end_line="30" start_column="32" end_column="36" covered="yes" />
          </ranges>
        </function>
        <function id="24009" token="0x60001ee" name="set_MaxFunc(System.Func&lt;T, int&gt;)" namespace="FluentValidation.Validators" type_name="LengthValidator&lt;T&gt;" block_coverage="0.00" line_coverage="0.00" blocks_covered="0" blocks_not_covered="1" lines_covered="0" lines_partially_covered="0" lines_not_covered="1">
          <ranges>
            <range source_id="26" start_line="30" end_line="30" start_column="37" end_column="41" covered="no" />
          </ranges>
        </function>
        <function id="24018" token="0x60001ef" name="LengthValidator(int, int)" namespace="FluentValidation.Validators" type_name="LengthValidator&lt;T&gt;" block_coverage="66.67" line_coverage="83.33" blocks_covered="4" blocks_not_covered="2" lines_covered="5" lines_partially_covered="0" lines_not_covered="1">
          <ranges>
            <range source_id="26" start_line="32" end_line="32" start_column="2" end_column="42" covered="yes" />
            <range source_id="26" start_line="33" end_line="33" start_column="3" end_column="13" covered="yes" />
            <range source_id="26" start_line="34" end_line="34" start_column="3" end_column="13" covered="yes" />
            <range source_id="26" start_line="36" end_line="36" start_column="3" end_column="30" covered="yes" />
            <range source_id="26" start_line="37" end_line="37" start_column="4" end_column="89" covered="no" />
            <range source_id="26" start_line="39" end_line="39" start_column="2" end_column="3" covered="yes" />
          </ranges>
        </function>
        <function id="24064" token="0x60001f0" name="LengthValidator(System.Func&lt;T, int&gt;, System.Func&lt;T, int&gt;)" namespace="FluentValidation.Validators" type_name="LengthValidator&lt;T&gt;" block_coverage="0.00" line_coverage="0.00" blocks_covered="0" blocks_not_covered="4" lines_covered="0" lines_partially_covered="0" lines_not_covered="4">
          <ranges>
            <range source_id="26" start_line="41" end_line="41" start_column="2" end_column="60" covered="no" />
            <range source_id="26" start_line="42" end_line="42" start_column="3" end_column="17" covered="no" />
            <range source_id="26" start_line="43" end_line="43" start_column="3" end_column="17" covered="no" />
            <range source_id="26" start_line="44" end_line="44" start_column="2" end_column="3" covered="no" />
          </ranges>
        </function>
        <function id="24088" token="0x60001f1" name="IsValid(FluentValidation.ValidationContext&lt;T&gt;, string)" namespace="FluentValidation.Validators" type_name="LengthValidator&lt;T&gt;" block_coverage="60.00" line_coverage="71.43" blocks_covered="15" blocks_not_covered="10" lines_covered="10" lines_partially_covered="2" lines_not_covered="2">
          <ranges>
            <range source_id="26" start_line="47" end_line="47" start_column="3" end_column="21" covered="yes" />
            <range source_id="26" start_line="47" end_line="47" start_column="22" end_column="34" covered="no" />
            <range source_id="26" start_line="49" end_line="49" start_column="3" end_column="17" covered="yes" />
            <range source_id="26" start_line="50" end_line="50" start_column="3" end_column="17" covered="yes" />
            <range source_id="26" start_line="52" end_line="52" start_column="3" end_column="42" covered="partial" />
            <range source_id="26" start_line="53" end_line="53" start_column="4" end_column="46" covered="no" />
            <range source_id="26" start_line="54" end_line="54" start_column="4" end_column="46" covered="no" />
            <range source_id="26" start_line="57" end_line="57" start_column="3" end_column="29" covered="yes" />
            <range source_id="26" start_line="59" end_line="59" start_column="3" end_column="51" covered="yes" />
            <range source_id="26" start_line="60" end_line="63" start_column="4" end_column="44" covered="yes" />
            <range source_id="26" start_line="65" end_line="65" start_column="4" end_column="17" covered="yes" />
            <range source_id="26" start_line="68" end_line="68" start_column="3" end_column="15" covered="yes" />
          </ranges>
        </function>
        <function id="24249" token="0x60001f2" name="GetDefaultMessageTemplate(string)" namespace="FluentValidation.Validators" type_name="LengthValidator&lt;T&gt;" block_coverage="0.00" line_coverage="0.00" blocks_covered="0" blocks_not_covered="3" lines_covered="0" lines_partially_covered="0" lines_not_covered="1">
          <ranges>
            <range source_id="26" start_line="72" end_line="72" start_column="3" end_column="37" covered="no" />
          </ranges>
        </function>
        <function id="24264" token="0x60001f3" name="get_Name()" namespace="FluentValidation.Validators" type_name="ExactLengthValidator&lt;T&gt;" block_coverage="0.00" line_coverage="0.00" blocks_covered="0" blocks_not_covered="1" lines_covered="0" lines_partially_covered="0" lines_not_covered="1">
          <ranges>
            <range source_id="26" start_line="77" end_line="77" start_column="33" end_column="55" covered="no" />
          </ranges>
        </function>
        <function id="24271" token="0x60001f4" name="ExactLengthValidator(int)" namespace="FluentValidation.Validators" type_name="ExactLengthValidator&lt;T&gt;" block_coverage="0.00" line_coverage="0.00" blocks_covered="0" blocks_not_covered="2" lines_covered="0" lines_partially_covered="0" lines_not_covered="2">
          <ranges>
            <range source_id="26" start_line="79" end_line="79" start_column="44" end_column="63" covered="no" />
            <range source_id="26" start_line="81" end_line="81" start_column="2" end_column="3" covered="no" />
          </ranges>
        </function>
        <function id="24281" token="0x60001f5" name="ExactLengthValidator(System.Func&lt;T, int&gt;)" namespace="FluentValidation.Validators" type_name="ExactLengthValidator&lt;T&gt;" block_coverage="0.00" line_coverage="0.00" blocks_covered="0" blocks_not_covered="2" lines_covered="0" lines_partially_covered="0" lines_not_covered="2">
          <ranges>
            <range source_id="26" start_line="84" end_line="84" start_column="5" end_column="25" covered="no" />
            <range source_id="26" start_line="86" end_line="86" start_column="2" end_column="3" covered="no" />
          </ranges>
        </function>
        <function id="24291" token="0x60001f6" name="GetDefaultMessageTemplate(string)" namespace="FluentValidation.Validators" type_name="ExactLengthValidator&lt;T&gt;" block_coverage="0.00" line_coverage="0.00" blocks_covered="0" blocks_not_covered="3" lines_covered="0" lines_partially_covered="0" lines_not_covered="1">
          <ranges>
            <range source_id="26" start_line="89" end_line="89" start_column="3" end_column="37" covered="no" />
          </ranges>
        </function>
        <function id="24306" token="0x60001f7" name="get_Name()" namespace="FluentValidation.Validators" type_name="MaximumLengthValidator&lt;T&gt;" block_coverage="0.00" line_coverage="0.00" blocks_covered="0" blocks_not_covered="1" lines_covered="0" lines_partially_covered="0" lines_not_covered="1">
          <ranges>
            <range source_id="26" start_line="94" end_line="94" start_column="33" end_column="57" covered="no" />
          </ranges>
        </function>
        <function id="24313" token="0x60001f8" name="MaximumLengthValidator(int)" namespace="FluentValidation.Validators" type_name="MaximumLengthValidator&lt;T&gt;" block_coverage="100.00" line_coverage="100.00" blocks_covered="2" blocks_not_covered="0" lines_covered="2" lines_partially_covered="0" lines_not_covered="0">
          <ranges>
            <range source_id="26" start_line="97" end_line="97" start_column="5" end_column="17" covered="yes" />
            <range source_id="26" start_line="99" end_line="99" start_column="2" end_column="3" covered="yes" />
          </ranges>
        </function>
        <function id="24323" token="0x60001f9" name="MaximumLengthValidator(System.Func&lt;T, int&gt;)" namespace="FluentValidation.Validators" type_name="MaximumLengthValidator&lt;T&gt;" block_coverage="0.00" line_coverage="0.00" blocks_covered="0" blocks_not_covered="5" lines_covered="0" lines_partially_covered="0" lines_not_covered="2">
          <ranges>
            <range source_id="26" start_line="102" end_line="102" start_column="5" end_column="24" covered="no" />
            <range source_id="26" start_line="104" end_line="104" start_column="2" end_column="3" covered="no" />
          </ranges>
        </function>
        <function id="24363" token="0x60001fa" name="GetDefaultMessageTemplate(string)" namespace="FluentValidation.Validators" type_name="MaximumLengthValidator&lt;T&gt;" block_coverage="0.00" line_coverage="0.00" blocks_covered="0" blocks_not_covered="3" lines_covered="0" lines_partially_covered="0" lines_not_covered="1">
          <ranges>
            <range source_id="26" start_line="107" end_line="107" start_column="3" end_column="37" covered="no" />
          </ranges>
        </function>
        <function id="24378" token="0x60001fb" name="get_Name()" namespace="FluentValidation.Validators" type_name="MinimumLengthValidator&lt;T&gt;" block_coverage="100.00" line_coverage="100.00" blocks_covered="1" blocks_not_covered="0" lines_covered="1" lines_partially_covered="0" lines_not_covered="0">
          <ranges>
            <range source_id="26" start_line="113" end_line="113" start_column="33" end_column="57" covered="yes" />
          </ranges>
        </function>
        <function id="24385" token="0x60001fc" name="MinimumLengthValidator(int)" namespace="FluentValidation.Validators" type_name="MinimumLengthValidator&lt;T&gt;" block_coverage="100.00" line_coverage="100.00" blocks_covered="2" blocks_not_covered="0" lines_covered="2" lines_partially_covered="0" lines_not_covered="0">
          <ranges>
            <range source_id="26" start_line="116" end_line="116" start_column="5" end_column="18" covered="yes" />
            <range source_id="26" start_line="117" end_line="117" start_column="2" end_column="3" covered="yes" />
          </ranges>
        </function>
        <function id="24395" token="0x60001fd" name="MinimumLengthValidator(System.Func&lt;T, int&gt;)" namespace="FluentValidation.Validators" type_name="MinimumLengthValidator&lt;T&gt;" block_coverage="0.00" line_coverage="0.00" blocks_covered="0" blocks_not_covered="5" lines_covered="0" lines_partially_covered="0" lines_not_covered="2">
          <ranges>
            <range source_id="26" start_line="120" end_line="120" start_column="5" end_column="25" covered="no" />
            <range source_id="26" start_line="122" end_line="122" start_column="2" end_column="3" covered="no" />
          </ranges>
        </function>
        <function id="24435" token="0x60001fe" name="GetDefaultMessageTemplate(string)" namespace="FluentValidation.Validators" type_name="MinimumLengthValidator&lt;T&gt;" block_coverage="100.00" line_coverage="100.00" blocks_covered="3" blocks_not_covered="0" lines_covered="1" lines_partially_covered="0" lines_not_covered="0">
          <ranges>
            <range source_id="26" start_line="125" end_line="125" start_column="3" end_column="37" covered="yes" />
          </ranges>
        </function>
        <function id="24450" token="0x6000201" name="get_Name()" namespace="FluentValidation.Validators" type_name="LessThanOrEqualValidator&lt;T, TProperty&gt;" block_coverage="0.00" line_coverage="0.00" blocks_covered="0" blocks_not_covered="1" lines_covered="0" lines_partially_covered="0" lines_not_covered="1">
          <ranges>
            <range source_id="27" start_line="26" end_line="26" start_column="33" end_column="59" covered="no" />
          </ranges>
        </function>
        <function id="24457" token="0x6000202" name="LessThanOrEqualValidator(TProperty)" namespace="FluentValidation.Validators" type_name="LessThanOrEqualValidator&lt;T, TProperty&gt;" block_coverage="0.00" line_coverage="0.00" blocks_covered="0" blocks_not_covered="2" lines_covered="0" lines_partially_covered="0" lines_not_covered="2">
          <ranges>
            <range source_id="27" start_line="28" end_line="28" start_column="53" end_column="64" covered="no" />
            <range source_id="27" start_line="29" end_line="29" start_column="2" end_column="3" covered="no" />
          </ranges>
        </function>
        <function id="24466" token="0x6000203" name="LessThanOrEqualValidator(System.Func&lt;T, TProperty&gt;, System.Reflection.MemberInfo, string)" namespace="FluentValidation.Validators" type_name="LessThanOrEqualValidator&lt;T, TProperty&gt;" block_coverage="0.00" line_coverage="0.00" blocks_covered="0" blocks_not_covered="2" lines_covered="0" lines_partially_covered="0" lines_not_covered="2">
          <ranges>
            <range source_id="27" start_line="32" end_line="32" start_column="5" end_column="56" covered="no" />
            <range source_id="27" start_line="33" end_line="33" start_column="2" end_column="3" covered="no" />
          </ranges>
        </function>
        <function id="24477" token="0x6000204" name="LessThanOrEqualValidator(System.Func&lt;T, System.ValueTuple&lt;bool, TProperty&gt;&gt;, System.Reflection.MemberInfo, string)" namespace="FluentValidation.Validators" type_name="LessThanOrEqualValidator&lt;T, TProperty&gt;" block_coverage="0.00" line_coverage="0.00" blocks_covered="0" blocks_not_covered="2" lines_covered="0" lines_partially_covered="0" lines_not_covered="2">
          <ranges>
            <range source_id="27" start_line="36" end_line="36" start_column="5" end_column="56" covered="no" />
            <range source_id="27" start_line="37" end_line="37" start_column="2" end_column="3" covered="no" />
          </ranges>
        </function>
        <function id="24488" token="0x6000205" name="IsValid(TProperty, TProperty)" namespace="FluentValidation.Validators" type_name="LessThanOrEqualValidator&lt;T, TProperty&gt;" block_coverage="0.00" line_coverage="0.00" blocks_covered="0" blocks_not_covered="4" lines_covered="0" lines_partially_covered="0" lines_not_covered="3">
          <ranges>
            <range source_id="27" start_line="40" end_line="40" start_column="3" end_column="30" covered="no" />
            <range source_id="27" start_line="41" end_line="41" start_column="4" end_column="17" covered="no" />
            <range source_id="27" start_line="43" end_line="43" start_column="3" end_column="47" covered="no" />
          </ranges>
        </function>
        <function id="24520" token="0x6000206" name="GetDefaultMessageTemplate(string)" namespace="FluentValidation.Validators" type_name="LessThanOrEqualValidator&lt;T, TProperty&gt;" block_coverage="0.00" line_coverage="0.00" blocks_covered="0" blocks_not_covered="3" lines_covered="0" lines_partially_covered="0" lines_not_covered="1">
          <ranges>
            <range source_id="27" start_line="47" end_line="47" start_column="3" end_column="37" covered="no" />
          </ranges>
        </function>
        <function id="24535" token="0x6000207" name="get_Comparison()" namespace="FluentValidation.Validators" type_name="LessThanOrEqualValidator&lt;T, TProperty&gt;" block_coverage="0.00" line_coverage="0.00" blocks_covered="0" blocks_not_covered="1" lines_covered="0" lines_partially_covered="0" lines_not_covered="1">
          <ranges>
            <range source_id="27" start_line="50" end_line="50" start_column="43" end_column="69" covered="no" />
          </ranges>
        </function>
        <function id="24538" token="0x6000208" name="get_Name()" namespace="FluentValidation.Validators" type_name="LessThanValidator&lt;T, TProperty&gt;" block_coverage="0.00" line_coverage="0.00" blocks_covered="0" blocks_not_covered="1" lines_covered="0" lines_partially_covered="0" lines_not_covered="1">
          <ranges>
            <range source_id="28" start_line="25" end_line="25" start_column="33" end_column="52" covered="no" />
          </ranges>
        </function>
        <function id="24545" token="0x6000209" name="LessThanValidator(TProperty)" namespace="FluentValidation.Validators" type_name="LessThanValidator&lt;T, TProperty&gt;" block_coverage="0.00" line_coverage="0.00" blocks_covered="0" blocks_not_covered="2" lines_covered="0" lines_partially_covered="0" lines_not_covered="2">
          <ranges>
            <range source_id="28" start_line="27" end_line="27" start_column="46" end_column="57" covered="no" />
            <range source_id="28" start_line="28" end_line="28" start_column="2" end_column="3" covered="no" />
          </ranges>
        </function>
        <function id="24554" token="0x600020a" name="LessThanValidator(System.Func&lt;T, TProperty&gt;, System.Reflection.MemberInfo, string)" namespace="FluentValidation.Validators" type_name="LessThanValidator&lt;T, TProperty&gt;" block_coverage="0.00" line_coverage="0.00" blocks_covered="0" blocks_not_covered="2" lines_covered="0" lines_partially_covered="0" lines_not_covered="2">
          <ranges>
            <range source_id="28" start_line="31" end_line="31" start_column="5" end_column="56" covered="no" />
            <range source_id="28" start_line="32" end_line="32" start_column="2" end_column="3" covered="no" />
          </ranges>
        </function>
        <function id="24565" token="0x600020b" name="LessThanValidator(System.Func&lt;T, System.ValueTuple&lt;bool, TProperty&gt;&gt;, System.Reflection.MemberInfo, string)" namespace="FluentValidation.Validators" type_name="LessThanValidator&lt;T, TProperty&gt;" block_coverage="0.00" line_coverage="0.00" blocks_covered="0" blocks_not_covered="2" lines_covered="0" lines_partially_covered="0" lines_not_covered="2">
          <ranges>
            <range source_id="28" start_line="35" end_line="35" start_column="5" end_column="56" covered="no" />
            <range source_id="28" start_line="36" end_line="36" start_column="2" end_column="3" covered="no" />
          </ranges>
        </function>
        <function id="24576" token="0x600020c" name="IsValid(TProperty, TProperty)" namespace="FluentValidation.Validators" type_name="LessThanValidator&lt;T, TProperty&gt;" block_coverage="0.00" line_coverage="0.00" blocks_covered="0" blocks_not_covered="4" lines_covered="0" lines_partially_covered="0" lines_not_covered="3">
          <ranges>
            <range source_id="28" start_line="39" end_line="39" start_column="3" end_column="30" covered="no" />
            <range source_id="28" start_line="40" end_line="40" start_column="4" end_column="17" covered="no" />
            <range source_id="28" start_line="42" end_line="42" start_column="3" end_column="46" covered="no" />
          </ranges>
        </function>
        <function id="24605" token="0x600020d" name="get_Comparison()" namespace="FluentValidation.Validators" type_name="LessThanValidator&lt;T, TProperty&gt;" block_coverage="0.00" line_coverage="0.00" blocks_covered="0" blocks_not_covered="1" lines_covered="0" lines_partially_covered="0" lines_not_covered="1">
          <ranges>
            <range source_id="28" start_line="45" end_line="45" start_column="43" end_column="62" covered="no" />
          </ranges>
        </function>
        <function id="24608" token="0x600020e" name="GetDefaultMessageTemplate(string)" namespace="FluentValidation.Validators" type_name="LessThanValidator&lt;T, TProperty&gt;" block_coverage="0.00" line_coverage="0.00" blocks_covered="0" blocks_not_covered="3" lines_covered="0" lines_partially_covered="0" lines_not_covered="1">
          <ranges>
            <range source_id="28" start_line="48" end_line="48" start_column="3" end_column="37" covered="no" />
          </ranges>
        </function>
        <function id="24623" token="0x600020f" name="IsValid(FluentValidation.ValidationContext&lt;T&gt;, TProperty)" namespace="FluentValidation.Validators" type_name="NoopPropertyValidator&lt;T, TProperty&gt;" block_coverage="0.00" line_coverage="0.00" blocks_covered="0" blocks_not_covered="1" lines_covered="0" lines_partially_covered="0" lines_not_covered="1">
          <ranges>
            <range source_id="29" start_line="29" end_line="29" start_column="81" end_column="85" covered="no" />
          </ranges>
        </function>
        <function id="24634" token="0x6000211" name="get_Name()" namespace="FluentValidation.Validators" type_name="NotEmptyValidator&lt;T, TProperty&gt;" block_coverage="0.00" line_coverage="0.00" blocks_covered="0" blocks_not_covered="1" lines_covered="0" lines_partially_covered="0" lines_not_covered="1">
          <ranges>
            <range source_id="30" start_line="29" end_line="29" start_column="33" end_column="52" covered="no" />
          </ranges>
        </function>
        <function id="24644" token="0x6000212" name="IsValid(FluentValidation.ValidationContext&lt;T&gt;, TProperty)" namespace="FluentValidation.Validators" type_name="NotEmptyValidator&lt;T, TProperty&gt;" block_coverage="0.00" line_coverage="0.00" blocks_covered="0" blocks_not_covered="17" lines_covered="0" lines_partially_covered="0" lines_not_covered="9">
          <ranges>
            <range source_id="30" start_line="32" end_line="32" start_column="3" end_column="21" covered="no" />
            <range source_id="30" start_line="33" end_line="33" start_column="4" end_column="17" covered="no" />
            <range source_id="30" start_line="36" end_line="36" start_column="3" end_column="57" covered="no" />
            <range source_id="30" start_line="37" end_line="37" start_column="4" end_column="17" covered="no" />
            <range source_id="30" start_line="40" end_line="40" start_column="3" end_column="50" covered="no" />
            <range source_id="30" start_line="41" end_line="41" start_column="4" end_column="17" covered="no" />
            <range source_id="30" start_line="44" end_line="44" start_column="3" end_column="44" covered="no" />
            <range source_id="30" start_line="45" end_line="45" start_column="4" end_column="17" covered="no" />
            <range source_id="30" start_line="48" end_line="48" start_column="3" end_column="70" covered="no" />
          </ranges>
        </function>
        <function id="24765" token="0x6000213" name="GetDefaultMessageTemplate(string)" namespace="FluentValidation.Validators" type_name="NotEmptyValidator&lt;T, TProperty&gt;" block_coverage="0.00" line_coverage="0.00" blocks_covered="0" blocks_not_covered="3" lines_covered="0" lines_partially_covered="0" lines_not_covered="1">
          <ranges>
            <range source_id="30" start_line="52" end_line="52" start_column="3" end_column="37" covered="no" />
          </ranges>
        </function>
        <function id="24780" token="0x6000214" name="IsEmpty(System.Collections.IEnumerable)" namespace="FluentValidation.Validators" type_name="NotEmptyValidator&lt;T, TProperty&gt;" block_coverage="0.00" line_coverage="0.00" blocks_covered="0" blocks_not_covered="5" lines_covered="0" lines_partially_covered="0" lines_not_covered="4">
          <ranges>
            <range source_id="30" start_line="56" end_line="56" start_column="3" end_column="47" covered="no" />
            <range source_id="30" start_line="58" end_line="58" start_column="3" end_column="36" covered="no" />
            <range source_id="30" start_line="59" end_line="59" start_column="4" end_column="34" covered="no" />
            <range source_id="30" start_line="61" end_line="61" start_column="2" end_column="3" covered="no" />
          </ranges>
        </function>
        <function id="24856" token="0x6000216" name="get_Name()" namespace="FluentValidation.Validators" type_name="NotEqualValidator&lt;T, TProperty&gt;" block_coverage="0.00" line_coverage="0.00" blocks_covered="0" blocks_not_covered="1" lines_covered="0" lines_partially_covered="0" lines_not_covered="1">
          <ranges>
            <range source_id="31" start_line="30" end_line="30" start_column="33" end_column="52" covered="no" />
          </ranges>
        </function>
        <function id="24863" token="0x6000217" name="NotEqualValidator(System.Func&lt;T, TProperty&gt;, System.Reflection.MemberInfo, string, System.Collections.Generic.IEqualityComparer&lt;TProperty&gt;)" namespace="FluentValidation.Validators" type_name="NotEqualValidator&lt;T, TProperty&gt;" block_coverage="0.00" line_coverage="0.00" blocks_covered="0" blocks_not_covered="3" lines_covered="0" lines_partially_covered="0" lines_not_covered="6">
          <ranges>
            <range source_id="31" start_line="32" end_line="32" start_column="2" end_column="159" covered="no" />
            <range source_id="31" start_line="33" end_line="33" start_column="3" end_column="16" covered="no" />
            <range source_id="31" start_line="34" end_line="34" start_column="3" end_column="32" covered="no" />
            <range source_id="31" start_line="35" end_line="35" start_column="3" end_column="42" covered="no" />
            <range source_id="31" start_line="36" end_line="36" start_column="3" end_column="37" covered="no" />
            <range source_id="31" start_line="37" end_line="37" start_column="2" end_column="3" covered="no" />
          </ranges>
        </function>
        <function id="24900" token="0x6000218" name="NotEqualValidator(TProperty, System.Collections.Generic.IEqualityComparer&lt;TProperty&gt;)" namespace="FluentValidation.Validators" type_name="NotEqualValidator&lt;T, TProperty&gt;" block_coverage="0.00" line_coverage="0.00" blocks_covered="0" blocks_not_covered="3" lines_covered="0" lines_partially_covered="0" lines_not_covered="4">
          <ranges>
            <range source_id="31" start_line="39" end_line="39" start_column="2" end_column="107" covered="no" />
            <range source_id="31" start_line="40" end_line="40" start_column="3" end_column="36" covered="no" />
            <range source_id="31" start_line="41" end_line="41" start_column="3" end_column="32" covered="no" />
            <range source_id="31" start_line="42" end_line="42" start_column="2" end_column="3" covered="no" />
          </ranges>
        </function>
        <function id="24924" token="0x6000219" name="IsValid(FluentValidation.ValidationContext&lt;T&gt;, TProperty)" namespace="FluentValidation.Validators" type_name="NotEqualValidator&lt;T, TProperty&gt;" block_coverage="0.00" line_coverage="0.00" blocks_covered="0" blocks_not_covered="11" lines_covered="0" lines_partially_covered="0" lines_not_covered="7">
          <ranges>
            <range source_id="31" start_line="45" end_line="45" start_column="3" end_column="53" covered="no" />
            <range source_id="31" start_line="46" end_line="46" start_column="3" end_column="51" covered="no" />
            <range source_id="31" start_line="48" end_line="48" start_column="3" end_column="16" covered="no" />
            <range source_id="31" start_line="49" end_line="49" start_column="4" end_column="80" covered="no" />
            <range source_id="31" start_line="50" end_line="50" start_column="4" end_column="92" covered="no" />
            <range source_id="31" start_line="51" end_line="51" start_column="4" end_column="17" covered="no" />
            <range source_id="31" start_line="54" end_line="54" start_column="3" end_column="15" covered="no" />
          </ranges>
        </function>
        <function id="25016" token="0x600021a" name="GetComparisonValue(FluentValidation.ValidationContext&lt;T&gt;)" namespace="FluentValidation.Validators" type_name="NotEqualValidator&lt;T, TProperty&gt;" block_coverage="0.00" line_coverage="0.00" blocks_covered="0" blocks_not_covered="6" lines_covered="0" lines_partially_covered="0" lines_not_covered="3">
          <ranges>
            <range source_id="31" start_line="58" end_line="58" start_column="3" end_column="21" covered="no" />
            <range source_id="31" start_line="59" end_line="59" start_column="4" end_column="45" covered="no" />
            <range source_id="31" start_line="62" end_line="62" start_column="3" end_column="25" covered="no" />
          </ranges>
        </function>
        <function id="25050" token="0x600021b" name="get_Comparison()" namespace="FluentValidation.Validators" type_name="NotEqualValidator&lt;T, TProperty&gt;" block_coverage="0.00" line_coverage="0.00" blocks_covered="0" blocks_not_covered="1" lines_covered="0" lines_partially_covered="0" lines_not_covered="1">
          <ranges>
            <range source_id="31" start_line="65" end_line="65" start_column="34" end_column="53" covered="no" />
          </ranges>
        </function>
        <function id="25053" token="0x600021c" name="get_MemberToCompare()" namespace="FluentValidation.Validators" type_name="NotEqualValidator&lt;T, TProperty&gt;" block_coverage="0.00" line_coverage="0.00" blocks_covered="0" blocks_not_covered="1" lines_covered="0" lines_partially_covered="0" lines_not_covered="1">
          <ranges>
            <range source_id="31" start_line="67" end_line="67" start_column="38" end_column="42" covered="no" />
          </ranges>
        </function>
        <function id="25061" token="0x600021d" name="set_MemberToCompare(System.Reflection.MemberInfo)" namespace="FluentValidation.Validators" type_name="NotEqualValidator&lt;T, TProperty&gt;" block_coverage="0.00" line_coverage="0.00" blocks_covered="0" blocks_not_covered="1" lines_covered="0" lines_partially_covered="0" lines_not_covered="1">
          <ranges>
            <range source_id="31" start_line="67" end_line="67" start_column="43" end_column="55" covered="no" />
          </ranges>
        </function>
        <function id="25070" token="0x600021e" name="get_ValueToCompare()" namespace="FluentValidation.Validators" type_name="NotEqualValidator&lt;T, TProperty&gt;" block_coverage="0.00" line_coverage="0.00" blocks_covered="0" blocks_not_covered="1" lines_covered="0" lines_partially_covered="0" lines_not_covered="1">
          <ranges>
            <range source_id="31" start_line="68" end_line="68" start_column="36" end_column="40" covered="no" />
          </ranges>
        </function>
        <function id="25078" token="0x600021f" name="set_ValueToCompare(TProperty)" namespace="FluentValidation.Validators" type_name="NotEqualValidator&lt;T, TProperty&gt;" block_coverage="0.00" line_coverage="0.00" blocks_covered="0" blocks_not_covered="1" lines_covered="0" lines_partially_covered="0" lines_not_covered="1">
          <ranges>
            <range source_id="31" start_line="68" end_line="68" start_column="41" end_column="53" covered="no" />
          </ranges>
        </function>
        <function id="25087" token="0x6000220" name="FluentValidation.Validators.IComparisonValidator.get_ValueToCompare()" namespace="FluentValidation.Validators" type_name="NotEqualValidator&lt;T, TProperty&gt;" block_coverage="0.00" line_coverage="0.00" blocks_covered="0" blocks_not_covered="2" lines_covered="0" lines_partially_covered="0" lines_not_covered="1">
          <ranges>
            <range source_id="31" start_line="70" end_line="70" start_column="48" end_column="62" covered="no" />
          </ranges>
        </function>
        <function id="25100" token="0x6000221" name="Compare(TProperty, TProperty)" namespace="FluentValidation.Validators" type_name="NotEqualValidator&lt;T, TProperty&gt;" block_coverage="0.00" line_coverage="0.00" blocks_covered="0" blocks_not_covered="5" lines_covered="0" lines_partially_covered="0" lines_not_covered="3">
          <ranges>
            <range source_id="31" start_line="73" end_line="73" start_column="3" end_column="24" covered="no" />
            <range source_id="31" start_line="74" end_line="74" start_column="4" end_column="60" covered="no" />
            <range source_id="31" start_line="77" end_line="77" start_column="3" end_column="49" covered="no" />
          </ranges>
        </function>
        <function id="25141" token="0x6000222" name="GetDefaultMessageTemplate(string)" namespace="FluentValidation.Validators" type_name="NotEqualValidator&lt;T, TProperty&gt;" block_coverage="0.00" line_coverage="0.00" blocks_covered="0" blocks_not_covered="3" lines_covered="0" lines_partially_covered="0" lines_not_covered="1">
          <ranges>
            <range source_id="31" start_line="81" end_line="81" start_column="3" end_column="37" covered="no" />
          </ranges>
        </function>
        <function id="25156" token="0x6000223" name="get_Name()" namespace="FluentValidation.Validators" type_name="NotNullValidator&lt;T, TProperty&gt;" block_coverage="0.00" line_coverage="0.00" blocks_covered="0" blocks_not_covered="1" lines_covered="0" lines_partially_covered="0" lines_not_covered="1">
          <ranges>
            <range source_id="32" start_line="26" end_line="26" start_column="33" end_column="51" covered="no" />
          </ranges>
        </function>
        <function id="25163" token="0x6000224" name="IsValid(FluentValidation.ValidationContext&lt;T&gt;, TProperty)" namespace="FluentValidation.Validators" type_name="NotNullValidator&lt;T, TProperty&gt;" block_coverage="0.00" line_coverage="0.00" blocks_covered="0" blocks_not_covered="1" lines_covered="0" lines_partially_covered="0" lines_not_covered="1">
          <ranges>
            <range source_id="32" start_line="29" end_line="29" start_column="3" end_column="24" covered="no" />
          </ranges>
        </function>
        <function id="25174" token="0x6000225" name="GetDefaultMessageTemplate(string)" namespace="FluentValidation.Validators" type_name="NotNullValidator&lt;T, TProperty&gt;" block_coverage="0.00" line_coverage="0.00" blocks_covered="0" blocks_not_covered="3" lines_covered="0" lines_partially_covered="0" lines_not_covered="1">
          <ranges>
            <range source_id="32" start_line="33" end_line="33" start_column="3" end_column="37" covered="no" />
          </ranges>
        </function>
        <function id="25197" token="0x6000227" name="get_Name()" namespace="FluentValidation.Validators" type_name="NullValidator&lt;T, TProperty&gt;" block_coverage="0.00" line_coverage="0.00" blocks_covered="0" blocks_not_covered="1" lines_covered="0" lines_partially_covered="0" lines_not_covered="1">
          <ranges>
            <range source_id="33" start_line="23" end_line="23" start_column="33" end_column="48" covered="no" />
          </ranges>
        </function>
        <function id="25204" token="0x6000228" name="IsValid(FluentValidation.ValidationContext&lt;T&gt;, TProperty)" namespace="FluentValidation.Validators" type_name="NullValidator&lt;T, TProperty&gt;" block_coverage="0.00" line_coverage="0.00" blocks_covered="0" blocks_not_covered="1" lines_covered="0" lines_partially_covered="0" lines_not_covered="1">
          <ranges>
            <range source_id="33" start_line="26" end_line="26" start_column="3" end_column="24" covered="no" />
          </ranges>
        </function>
        <function id="25215" token="0x6000229" name="GetDefaultMessageTemplate(string)" namespace="FluentValidation.Validators" type_name="NullValidator&lt;T, TProperty&gt;" block_coverage="0.00" line_coverage="0.00" blocks_covered="0" blocks_not_covered="3" lines_covered="0" lines_partially_covered="0" lines_not_covered="1">
          <ranges>
            <range source_id="33" start_line="30" end_line="30" start_column="3" end_column="37" covered="no" />
          </ranges>
        </function>
        <function id="25238" token="0x600022b" name="PolymorphicValidator()" namespace="FluentValidation.Validators" type_name="PolymorphicValidator&lt;T, TProperty&gt;" block_coverage="0.00" line_coverage="0.00" blocks_covered="0" blocks_not_covered="4" lines_covered="0" lines_partially_covered="0" lines_not_covered="3">
          <ranges>
            <range source_id="34" start_line="33" end_line="33" start_column="2" end_column="80" covered="no" />
            <range source_id="34" start_line="36" end_line="36" start_column="34" end_column="99" covered="no" />
            <range source_id="34" start_line="37" end_line="37" start_column="2" end_column="3" covered="no" />
          </ranges>
        </function>
        <function id="25268" token="0x600022c" name="Add&lt;TDerived&gt;(FluentValidation.IValidator&lt;TDerived&gt;, string[])" namespace="FluentValidation.Validators" type_name="PolymorphicValidator&lt;T, TProperty&gt;" block_coverage="0.00" line_coverage="0.00" blocks_covered="0" blocks_not_covered="7" lines_covered="0" lines_partially_covered="0" lines_not_covered="3">
          <ranges>
            <range source_id="34" start_line="47" end_line="47" start_column="3" end_column="32" covered="no" />
            <range source_id="34" start_line="47" end_line="47" start_column="33" end_column="91" covered="no" />
            <range source_id="34" start_line="48" end_line="48" start_column="3" end_column="98" covered="no" />
            <range source_id="34" start_line="49" end_line="49" start_column="3" end_column="15" covered="no" />
          </ranges>
        </function>
        <function id="25316" token="0x600022d" name="Add&lt;TDerived&gt;(System.Func&lt;T, FluentValidation.IValidator&lt;TDerived&gt;&gt;, string[])" namespace="FluentValidation.Validators" type_name="PolymorphicValidator&lt;T, TProperty&gt;" block_coverage="0.00" line_coverage="0.00" blocks_covered="0" blocks_not_covered="8" lines_covered="0" lines_partially_covered="0" lines_not_covered="3">
          <ranges>
            <range source_id="34" start_line="60" end_line="60" start_column="3" end_column="32" covered="no" />
            <range source_id="34" start_line="60" end_line="60" start_column="33" end_column="91" covered="no" />
            <range source_id="34" start_line="61" end_line="61" start_column="3" end_column="142" covered="no" />
            <range source_id="34" start_line="62" end_line="62" start_column="3" end_column="15" covered="no" />
          </ranges>
        </function>
        <function id="25404" token="0x600022e" name="Add&lt;TDerived&gt;(System.Func&lt;T, TDerived, FluentValidation.IValidator&lt;TDerived&gt;&gt;, string[])" namespace="FluentValidation.Validators" type_name="PolymorphicValidator&lt;T, TProperty&gt;" block_coverage="0.00" line_coverage="0.00" blocks_covered="0" blocks_not_covered="8" lines_covered="0" lines_partially_covered="0" lines_not_covered="3">
          <ranges>
            <range source_id="34" start_line="73" end_line="73" start_column="3" end_column="32" covered="no" />
            <range source_id="34" start_line="73" end_line="73" start_column="33" end_column="91" covered="no" />
            <range source_id="34" start_line="74" end_line="74" start_column="3" end_column="163" covered="no" />
            <range source_id="34" start_line="75" end_line="75" start_column="3" end_column="15" covered="no" />
          </ranges>
        </function>
        <function id="25492" token="0x600022f" name="Add(System.Type, FluentValidation.IValidator, string[])" namespace="FluentValidation.Validators" type_name="PolymorphicValidator&lt;T, TProperty&gt;" block_coverage="0.00" line_coverage="0.00" blocks_covered="0" blocks_not_covered="18" lines_covered="0" lines_partially_covered="0" lines_not_covered="6">
          <ranges>
            <range source_id="34" start_line="89" end_line="89" start_column="3" end_column="28" covered="no" />
            <range source_id="34" start_line="89" end_line="89" start_column="29" end_column="83" covered="no" />
            <range source_id="34" start_line="90" end_line="90" start_column="3" end_column="25" covered="no" />
            <range source_id="34" start_line="90" end_line="90" start_column="26" end_column="77" covered="no" />
            <range source_id="34" start_line="91" end_line="91" start_column="3" end_column="59" covered="no" />
            <range source_id="34" start_line="92" end_line="92" start_column="4" end_column="134" covered="no" />
            <range source_id="34" start_line="95" end_line="95" start_column="3" end_column="87" covered="no" />
            <range source_id="34" start_line="96" end_line="96" start_column="3" end_column="15" covered="no" />
          </ranges>
        </function>
        <function id="25608" token="0x6000230" name="GetValidator(FluentValidation.ValidationContext&lt;T&gt;, TProperty)" namespace="FluentValidation.Validators" type_name="PolymorphicValidator&lt;T, TProperty&gt;" block_coverage="0.00" line_coverage="0.00" blocks_covered="0" blocks_not_covered="8" lines_covered="0" lines_partially_covered="0" lines_not_covered="4">
          <ranges>
            <range source_id="34" start_line="101" end_line="101" start_column="3" end_column="21" covered="no" />
            <range source_id="34" start_line="101" end_line="101" start_column="22" end_column="34" covered="no" />
            <range source_id="34" start_line="103" end_line="103" start_column="3" end_column="88" covered="no" />
            <range source_id="34" start_line="104" end_line="104" start_column="4" end_column="64" covered="no" />
            <range source_id="34" start_line="107" end_line="107" start_column="3" end_column="15" covered="no" />
          </ranges>
        </function>
        <function id="25672" token="0x6000231" name="GetSelector(FluentValidation.ValidationContext&lt;T&gt;, TProperty)" namespace="FluentValidation.Validators" type_name="PolymorphicValidator&lt;T, TProperty&gt;" block_coverage="0.00" line_coverage="0.00" blocks_covered="0" blocks_not_covered="10" lines_covered="0" lines_partially_covered="0" lines_not_covered="3">
          <ranges>
            <range source_id="34" start_line="111" end_line="111" start_column="3" end_column="141" covered="no" />
            <range source_id="34" start_line="112" end_line="112" start_column="4" end_column="74" covered="no" />
            <range source_id="34" start_line="114" end_line="114" start_column="3" end_column="15" covered="no" />
          </ranges>
        </function>
        <function id="25742" token="0x6000232" name="get_Name()" namespace="FluentValidation.Validators" type_name="PredicateValidator&lt;T, TProperty&gt;" block_coverage="0.00" line_coverage="0.00" blocks_covered="0" blocks_not_covered="1" lines_covered="0" lines_partially_covered="0" lines_not_covered="1">
          <ranges>
            <range source_id="35" start_line="29" end_line="29" start_column="33" end_column="53" covered="no" />
          </ranges>
        </function>
        <function id="25749" token="0x6000233" name="PredicateValidator(FluentValidation.Validators.PredicateValidator.Predicate&lt;T, TProperty&gt;)" namespace="FluentValidation.Validators" type_name="PredicateValidator&lt;T, TProperty&gt;" block_coverage="0.00" line_coverage="0.00" blocks_covered="0" blocks_not_covered="3" lines_covered="0" lines_partially_covered="0" lines_not_covered="4">
          <ranges>
            <range source_id="35" start_line="31" end_line="31" start_column="2" end_column="48" covered="no" />
            <range source_id="35" start_line="32" end_line="32" start_column="3" end_column="72" covered="no" />
            <range source_id="35" start_line="33" end_line="33" start_column="3" end_column="31" covered="no" />
            <range source_id="35" start_line="34" end_line="34" start_column="2" end_column="3" covered="no" />
          </ranges>
        </function>
        <function id="25780" token="0x6000234" name="IsValid(FluentValidation.ValidationContext&lt;T&gt;, TProperty)" namespace="FluentValidation.Validators" type_name="PredicateValidator&lt;T, TProperty&gt;" block_coverage="0.00" line_coverage="0.00" blocks_covered="0" blocks_not_covered="5" lines_covered="0" lines_partially_covered="0" lines_not_covered="3">
          <ranges>
            <range source_id="35" start_line="37" end_line="37" start_column="3" end_column="63" covered="no" />
            <range source_id="35" start_line="38" end_line="38" start_column="4" end_column="17" covered="no" />
            <range source_id="35" start_line="41" end_line="41" start_column="3" end_column="15" covered="no" />
          </ranges>
        </function>
        <function id="25806" token="0x6000235" name="GetDefaultMessageTemplate(string)" namespace="FluentValidation.Validators" type_name="PredicateValidator&lt;T, TProperty&gt;" block_coverage="0.00" line_coverage="0.00" blocks_covered="0" blocks_not_covered="3" lines_covered="0" lines_partially_covered="0" lines_not_covered="1">
          <ranges>
            <range source_id="35" start_line="45" end_line="45" start_column="3" end_column="37" covered="no" />
          </ranges>
        </function>
        <function id="25821" token="0x6000236" name="FluentValidation.Validators.IPropertyValidator.GetDefaultMessageTemplate(string)" namespace="FluentValidation.Validators" type_name="PropertyValidator&lt;T, TProperty&gt;" block_coverage="100.00" line_coverage="100.00" blocks_covered="2" blocks_not_covered="0" lines_covered="1" lines_partially_covered="0" lines_not_covered="0">
          <ranges>
            <range source_id="36" start_line="26" end_line="26" start_column="6" end_column="42" covered="yes" />
          </ranges>
        </function>
        <function id="25830" token="0x6000237" name="GetDefaultMessageTemplate(string)" namespace="FluentValidation.Validators" type_name="PropertyValidator&lt;T, TProperty&gt;" block_coverage="0.00" line_coverage="0.00" blocks_covered="0" blocks_not_covered="1" lines_covered="0" lines_partially_covered="0" lines_not_covered="1">
          <ranges>
            <range source_id="36" start_line="33" end_line="33" start_column="74" end_column="119" covered="no" />
          </ranges>
        </function>
        <function id="25837" token="0x6000239" name="Localized(string, string)" namespace="FluentValidation.Validators" type_name="PropertyValidator&lt;T, TProperty&gt;" block_coverage="100.00" line_coverage="100.00" blocks_covered="4" blocks_not_covered="0" lines_covered="1" lines_partially_covered="0" lines_not_covered="0">
          <ranges>
            <range source_id="36" start_line="48" end_line="48" start_column="3" end_column="108" covered="yes" />
          </ranges>
        </function>
        <function id="25864" token="0x600023c" name="RangeValidator(TProperty, TProperty, System.Collections.Generic.IComparer&lt;TProperty&gt;)" namespace="FluentValidation.Validators" type_name="RangeValidator&lt;T, TProperty&gt;" block_coverage="0.00" line_coverage="0.00" blocks_covered="0" blocks_not_covered="6" lines_covered="0" lines_partially_covered="0" lines_not_covered="7">
          <ranges>
            <range source_id="37" start_line="31" end_line="31" start_column="2" end_column="84" covered="no" />
            <range source_id="37" start_line="32" end_line="32" start_column="3" end_column="11" covered="no" />
            <range source_id="37" start_line="33" end_line="33" start_column="3" end_column="15" covered="no" />
            <range source_id="37" start_line="35" end_line="35" start_column="3" end_column="32" covered="no" />
            <range source_id="37" start_line="37" end_line="37" start_column="3" end_column="40" covered="no" />
            <range source_id="37" start_line="38" end_line="38" start_column="4" end_column="88" covered="no" />
            <range source_id="37" start_line="40" end_line="40" start_column="2" end_column="3" covered="no" />
          </ranges>
        </function>
        <function id="25920" token="0x600023d" name="get_From()" namespace="FluentValidation.Validators" type_name="RangeValidator&lt;T, TProperty&gt;" block_coverage="0.00" line_coverage="0.00" blocks_covered="0" blocks_not_covered="1" lines_covered="0" lines_partially_covered="0" lines_not_covered="1">
          <ranges>
            <range source_id="37" start_line="42" end_line="42" start_column="26" end_column="30" covered="no" />
          </ranges>
        </function>
        <function id="25928" token="0x600023e" name="get_To()" namespace="FluentValidation.Validators" type_name="RangeValidator&lt;T, TProperty&gt;" block_coverage="0.00" line_coverage="0.00" blocks_covered="0" blocks_not_covered="1" lines_covered="0" lines_partially_covered="0" lines_not_covered="1">
          <ranges>
            <range source_id="37" start_line="43" end_line="43" start_column="24" end_column="28" covered="no" />
          </ranges>
        </function>
        <function id="25936" token="0x600023f" name="FluentValidation.Validators.IBetweenValidator.get_From()" namespace="FluentValidation.Validators" type_name="RangeValidator&lt;T, TProperty&gt;" block_coverage="0.00" line_coverage="0.00" blocks_covered="0" blocks_not_covered="2" lines_covered="0" lines_partially_covered="0" lines_not_covered="1">
          <ranges>
            <range source_id="37" start_line="45" end_line="45" start_column="35" end_column="39" covered="no" />
          </ranges>
        </function>
        <function id="25949" token="0x6000240" name="FluentValidation.Validators.IBetweenValidator.get_To()" namespace="FluentValidation.Validators" type_name="RangeValidator&lt;T, TProperty&gt;" block_coverage="0.00" line_coverage="0.00" blocks_covered="0" blocks_not_covered="2" lines_covered="0" lines_partially_covered="0" lines_not_covered="1">
          <ranges>
            <range source_id="37" start_line="46" end_line="46" start_column="33" end_column="35" covered="no" />
          </ranges>
        </function>
        <function id="25964" token="0x6000242" name="IsValid(FluentValidation.ValidationContext&lt;T&gt;, TProperty)" namespace="FluentValidation.Validators" type_name="RangeValidator&lt;T, TProperty&gt;" block_coverage="0.00" line_coverage="0.00" blocks_covered="0" blocks_not_covered="11" lines_covered="0" lines_partially_covered="0" lines_not_covered="7">
          <ranges>
            <range source_id="37" start_line="53" end_line="53" start_column="3" end_column="21" covered="no" />
            <range source_id="37" start_line="53" end_line="53" start_column="22" end_column="34" covered="no" />
            <range source_id="37" start_line="55" end_line="55" start_column="3" end_column="23" covered="no" />
            <range source_id="37" start_line="57" end_line="59" start_column="4" end_column="31" covered="no" />
            <range source_id="37" start_line="61" end_line="61" start_column="4" end_column="17" covered="no" />
            <range source_id="37" start_line="63" end_line="63" start_column="3" end_column="15" covered="no" />
          </ranges>
        </function>
        <function id="26048" token="0x6000243" name="Compare(TProperty, TProperty)" namespace="FluentValidation.Validators" type_name="RangeValidator&lt;T, TProperty&gt;" block_coverage="0.00" line_coverage="0.00" blocks_covered="0" blocks_not_covered="2" lines_covered="0" lines_partially_covered="0" lines_not_covered="1">
          <ranges>
            <range source_id="37" start_line="67" end_line="67" start_column="3" end_column="42" covered="no" />
          </ranges>
        </function>
        <function id="26063" token="0x6000244" name="GetDefaultMessageTemplate(string)" namespace="FluentValidation.Validators" type_name="RangeValidator&lt;T, TProperty&gt;" block_coverage="0.00" line_coverage="0.00" blocks_covered="0" blocks_not_covered="3" lines_covered="0" lines_partially_covered="0" lines_not_covered="1">
          <ranges>
            <range source_id="37" start_line="71" end_line="71" start_column="3" end_column="37" covered="no" />
          </ranges>
        </function>
        <function id="26078" token="0x6000245" name="CreateExclusiveBetween&lt;T, TProperty&gt;(TProperty, TProperty)" namespace="FluentValidation.Validators" type_name="RangeValidatorFactory" block_coverage="0.00" line_coverage="0.00" blocks_covered="0" blocks_not_covered="3" lines_covered="0" lines_partially_covered="0" lines_not_covered="1">
          <ranges>
            <range source_id="37" start_line="78" end_line="78" start_column="3" end_column="96" covered="no" />
          </ranges>
        </function>
        <function id="26092" token="0x6000246" name="CreateInclusiveBetween&lt;T, TProperty&gt;(TProperty, TProperty)" namespace="FluentValidation.Validators" type_name="RangeValidatorFactory" block_coverage="0.00" line_coverage="0.00" blocks_covered="0" blocks_not_covered="3" lines_covered="0" lines_partially_covered="0" lines_not_covered="1">
          <ranges>
            <range source_id="37" start_line="82" end_line="82" start_column="3" end_column="104" covered="no" />
          </ranges>
        </function>
        <function id="26106" token="0x6000247" name="get_Name()" namespace="FluentValidation.Validators" type_name="RegularExpressionValidator&lt;T&gt;" block_coverage="0.00" line_coverage="0.00" blocks_covered="0" blocks_not_covered="1" lines_covered="0" lines_partially_covered="0" lines_not_covered="1">
          <ranges>
            <range source_id="38" start_line="27" end_line="27" start_column="33" end_column="61" covered="no" />
          </ranges>
        </function>
        <function id="26116" token="0x6000248" name="RegularExpressionValidator(string)" namespace="FluentValidation.Validators" type_name="RegularExpressionValidator&lt;T&gt;" block_coverage="0.00" line_coverage="0.00" blocks_covered="0" blocks_not_covered="4" lines_covered="0" lines_partially_covered="0" lines_not_covered="5">
          <ranges>
            <range source_id="38" start_line="29" end_line="29" start_column="2" end_column="54" covered="no" />
            <range source_id="38" start_line="30" end_line="30" start_column="3" end_column="27" covered="no" />
            <range source_id="38" start_line="32" end_line="32" start_column="3" end_column="39" covered="no" />
            <range source_id="38" start_line="33" end_line="33" start_column="3" end_column="27" covered="no" />
            <range source_id="38" start_line="34" end_line="34" start_column="2" end_column="3" covered="no" />
          </ranges>
        </function>
        <function id="26180" token="0x6000249" name="RegularExpressionValidator(System.Text.RegularExpressions.Regex)" namespace="FluentValidation.Validators" type_name="RegularExpressionValidator&lt;T&gt;" block_coverage="0.00" line_coverage="0.00" blocks_covered="0" blocks_not_covered="4" lines_covered="0" lines_partially_covered="0" lines_not_covered="4">
          <ranges>
            <range source_id="38" start_line="36" end_line="36" start_column="2" end_column="48" covered="no" />
            <range source_id="38" start_line="37" end_line="37" start_column="3" end_column="33" covered="no" />
            <range source_id="38" start_line="38" end_line="38" start_column="3" end_column="27" covered="no" />
            <range source_id="38" start_line="39" end_line="39" start_column="2" end_column="3" covered="no" />
          </ranges>
        </function>
        <function id="26248" token="0x600024a" name="RegularExpressionValidator(string, System.Text.RegularExpressions.RegexOptions)" namespace="FluentValidation.Validators" type_name="RegularExpressionValidator&lt;T&gt;" block_coverage="0.00" line_coverage="0.00" blocks_covered="0" blocks_not_covered="4" lines_covered="0" lines_partially_covered="0" lines_not_covered="5">
          <ranges>
            <range source_id="38" start_line="41" end_line="41" start_column="2" end_column="76" covered="no" />
            <range source_id="38" start_line="42" end_line="42" start_column="3" end_column="27" covered="no" />
            <range source_id="38" start_line="43" end_line="43" start_column="3" end_column="48" covered="no" />
            <range source_id="38" start_line="44" end_line="44" start_column="3" end_column="27" covered="no" />
            <range source_id="38" start_line="45" end_line="45" start_column="2" end_column="3" covered="no" />
          </ranges>
        </function>
        <function id="26312" token="0x600024b" name="RegularExpressionValidator(System.Func&lt;T, string&gt;)" namespace="FluentValidation.Validators" type_name="RegularExpressionValidator&lt;T&gt;" block_coverage="0.00" line_coverage="0.00" blocks_covered="0" blocks_not_covered="3" lines_covered="0" lines_partially_covered="0" lines_not_covered="3">
          <ranges>
            <range source_id="38" start_line="47" end_line="47" start_column="2" end_column="67" covered="no" />
            <range source_id="38" start_line="48" end_line="48" start_column="3" end_column="52" covered="no" />
            <range source_id="38" start_line="49" end_line="49" start_column="2" end_column="3" covered="no" />
          </ranges>
        </function>
        <function id="26362" token="0x600024c" name="RegularExpressionValidator(System.Func&lt;T, System.Text.RegularExpressions.Regex&gt;)" namespace="FluentValidation.Validators" type_name="RegularExpressionValidator&lt;T&gt;" block_coverage="0.00" line_coverage="0.00" blocks_covered="0" blocks_not_covered="2" lines_covered="0" lines_partially_covered="0" lines_not_covered="3">
          <ranges>
            <range source_id="38" start_line="51" end_line="51" start_column="2" end_column="61" covered="no" />
            <range source_id="38" start_line="52" end_line="52" start_column="3" end_column="26" covered="no" />
            <range source_id="38" start_line="53" end_line="53" start_column="2" end_column="3" covered="no" />
          </ranges>
        </function>
        <function id="26380" token="0x600024d" name="RegularExpressionValidator(System.Func&lt;T, string&gt;, System.Text.RegularExpressions.RegexOptions)" namespace="FluentValidation.Validators" type_name="RegularExpressionValidator&lt;T&gt;" block_coverage="0.00" line_coverage="0.00" blocks_covered="0" blocks_not_covered="3" lines_covered="0" lines_partially_covered="0" lines_not_covered="3">
          <ranges>
            <range source_id="38" start_line="55" end_line="55" start_column="2" end_column="85" covered="no" />
            <range source_id="38" start_line="56" end_line="56" start_column="3" end_column="57" covered="no" />
            <range source_id="38" start_line="57" end_line="57" start_column="2" end_column="3" covered="no" />
          </ranges>
        </function>
        <function id="26440" token="0x600024e" name="IsValid(FluentValidation.ValidationContext&lt;T&gt;, string)" namespace="FluentValidation.Validators" type_name="RegularExpressionValidator&lt;T&gt;" block_coverage="0.00" line_coverage="0.00" blocks_covered="0" blocks_not_covered="12" lines_covered="0" lines_partially_covered="0" lines_not_covered="7">
          <ranges>
            <range source_id="38" start_line="60" end_line="60" start_column="3" end_column="21" covered="no" />
            <range source_id="38" start_line="61" end_line="61" start_column="4" end_column="16" covered="no" />
            <range source_id="38" start_line="64" end_line="64" start_column="3" end_column="54" covered="no" />
            <range source_id="38" start_line="66" end_line="66" start_column="3" end_column="46" covered="no" />
            <range source_id="38" start_line="67" end_line="67" start_column="4" end_column="83" covered="no" />
            <range source_id="38" start_line="68" end_line="68" start_column="4" end_column="17" covered="no" />
            <range source_id="38" start_line="70" end_line="70" start_column="3" end_column="15" covered="no" />
          </ranges>
        </function>
        <function id="26514" token="0x600024f" name="CreateRegex(string, System.Text.RegularExpressions.RegexOptions)" namespace="FluentValidation.Validators" type_name="RegularExpressionValidator&lt;T&gt;" block_coverage="0.00" line_coverage="0.00" blocks_covered="0" blocks_not_covered="3" lines_covered="0" lines_partially_covered="0" lines_not_covered="1">
          <ranges>
            <range source_id="38" start_line="74" end_line="74" start_column="3" end_column="68" covered="no" />
          </ranges>
        </function>
        <function id="26537" token="0x6000250" name="get_Expression()" namespace="FluentValidation.Validators" type_name="RegularExpressionValidator&lt;T&gt;" block_coverage="0.00" line_coverage="0.00" blocks_covered="0" blocks_not_covered="1" lines_covered="0" lines_partially_covered="0" lines_not_covered="1">
          <ranges>
            <range source_id="38" start_line="77" end_line="77" start_column="29" end_column="33" covered="no" />
          </ranges>
        </function>
        <function id="26545" token="0x6000251" name="GetDefaultMessageTemplate(string)" namespace="FluentValidation.Validators" type_name="RegularExpressionValidator&lt;T&gt;" block_coverage="0.00" line_coverage="0.00" blocks_covered="0" blocks_not_covered="3" lines_covered="0" lines_partially_covered="0" lines_not_covered="1">
          <ranges>
            <range source_id="38" start_line="80" end_line="80" start_column="3" end_column="37" covered="no" />
          </ranges>
        </function>
        <function id="26560" token="0x6000253" name="ScalePrecisionValidator(int, int)" namespace="FluentValidation.Validators" type_name="ScalePrecisionValidator&lt;T&gt;" block_coverage="0.00" line_coverage="0.00" blocks_covered="0" blocks_not_covered="3" lines_covered="0" lines_partially_covered="0" lines_not_covered="3">
          <ranges>
            <range source_id="39" start_line="42" end_line="42" start_column="2" end_column="58" covered="no" />
            <range source_id="39" start_line="43" end_line="43" start_column="3" end_column="26" covered="no" />
            <range source_id="39" start_line="44" end_line="44" start_column="2" end_column="3" covered="no" />
          </ranges>
        </function>
        <function id="26576" token="0x6000254" name="get_Name()" namespace="FluentValidation.Validators" type_name="ScalePrecisionValidator&lt;T&gt;" block_coverage="0.00" line_coverage="0.00" blocks_covered="0" blocks_not_covered="1" lines_covered="0" lines_partially_covered="0" lines_not_covered="1">
          <ranges>
            <range source_id="39" start_line="46" end_line="46" start_column="33" end_column="58" covered="no" />
          </ranges>
        </function>
        <function id="26583" token="0x6000255" name="get_Scale()" namespace="FluentValidation.Validators" type_name="ScalePrecisionValidator&lt;T&gt;" block_coverage="0.00" line_coverage="0.00" blocks_covered="0" blocks_not_covered="1" lines_covered="0" lines_partially_covered="0" lines_not_covered="1">
          <ranges>
            <range source_id="39" start_line="48" end_line="48" start_column="21" end_column="25" covered="no" />
          </ranges>
        </function>
        <function id="26591" token="0x6000256" name="set_Scale(int)" namespace="FluentValidation.Validators" type_name="ScalePrecisionValidator&lt;T&gt;" block_coverage="0.00" line_coverage="0.00" blocks_covered="0" blocks_not_covered="1" lines_covered="0" lines_partially_covered="0" lines_not_covered="1">
          <ranges>
            <range source_id="39" start_line="48" end_line="48" start_column="26" end_column="30" covered="no" />
          </ranges>
        </function>
        <function id="26600" token="0x6000257" name="get_Precision()" namespace="FluentValidation.Validators" type_name="ScalePrecisionValidator&lt;T&gt;" block_coverage="0.00" line_coverage="0.00" blocks_covered="0" blocks_not_covered="1" lines_covered="0" lines_partially_covered="0" lines_not_covered="1">
          <ranges>
            <range source_id="39" start_line="50" end_line="50" start_column="25" end_column="29" covered="no" />
          </ranges>
        </function>
        <function id="26608" token="0x6000258" name="set_Precision(int)" namespace="FluentValidation.Validators" type_name="ScalePrecisionValidator&lt;T&gt;" block_coverage="0.00" line_coverage="0.00" blocks_covered="0" blocks_not_covered="1" lines_covered="0" lines_partially_covered="0" lines_not_covered="1">
          <ranges>
            <range source_id="39" start_line="50" end_line="50" start_column="30" end_column="34" covered="no" />
          </ranges>
        </function>
        <function id="26617" token="0x6000259" name="get_IgnoreTrailingZeros()" namespace="FluentValidation.Validators" type_name="ScalePrecisionValidator&lt;T&gt;" block_coverage="0.00" line_coverage="0.00" blocks_covered="0" blocks_not_covered="1" lines_covered="0" lines_partially_covered="0" lines_not_covered="1">
          <ranges>
            <range source_id="39" start_line="52" end_line="52" start_column="36" end_column="40" covered="no" />
          </ranges>
        </function>
        <function id="26625" token="0x600025a" name="set_IgnoreTrailingZeros(bool)" namespace="FluentValidation.Validators" type_name="ScalePrecisionValidator&lt;T&gt;" block_coverage="0.00" line_coverage="0.00" blocks_covered="0" blocks_not_covered="1" lines_covered="0" lines_partially_covered="0" lines_not_covered="1">
          <ranges>
            <range source_id="39" start_line="52" end_line="52" start_column="41" end_column="45" covered="no" />
          </ranges>
        </function>
        <function id="26636" token="0x600025b" name="IsValid(FluentValidation.ValidationContext&lt;T&gt;, decimal)" namespace="FluentValidation.Validators" type_name="ScalePrecisionValidator&lt;T&gt;" block_coverage="0.00" line_coverage="0.00" blocks_covered="0" blocks_not_covered="19" lines_covered="0" lines_partially_covered="0" lines_not_covered="12">
          <ranges>
            <range source_id="39" start_line="55" end_line="55" start_column="3" end_column="38" covered="no" />
            <range source_id="39" start_line="56" end_line="56" start_column="3" end_column="46" covered="no" />
            <range source_id="39" start_line="57" end_line="57" start_column="3" end_column="47" covered="no" />
            <range source_id="39" start_line="58" end_line="58" start_column="3" end_column="49" covered="no" />
            <range source_id="39" start_line="59" end_line="59" start_column="3" end_column="68" covered="no" />
            <range source_id="39" start_line="60" end_line="64" start_column="4" end_column="43" covered="no" />
            <range source_id="39" start_line="66" end_line="66" start_column="4" end_column="17" covered="no" />
            <range source_id="39" start_line="68" end_line="68" start_column="3" end_column="15" covered="no" />
          </ranges>
        </function>
        <function id="26788" token="0x600025c" name="Init(int, int)" namespace="FluentValidation.Validators" type_name="ScalePrecisionValidator&lt;T&gt;" block_coverage="0.00" line_coverage="0.00" blocks_covered="0" blocks_not_covered="37" lines_covered="0" lines_partially_covered="0" lines_not_covered="13">
          <ranges>
            <range source_id="39" start_line="72" end_line="72" start_column="3" end_column="17" covered="no" />
            <range source_id="39" start_line="73" end_line="73" start_column="3" end_column="25" covered="no" />
            <range source_id="39" start_line="75" end_line="75" start_column="3" end_column="17" covered="no" />
            <range source_id="39" start_line="76" end_line="77" start_column="4" end_column="75" covered="no" />
            <range source_id="39" start_line="78" end_line="78" start_column="3" end_column="21" covered="no" />
            <range source_id="39" start_line="79" end_line="80" start_column="4" end_column="87" covered="no" />
            <range source_id="39" start_line="81" end_line="81" start_column="3" end_column="25" covered="no" />
            <range source_id="39" start_line="82" end_line="84" start_column="4" end_column="84" covered="no" />
            <range source_id="39" start_line="85" end_line="85" start_column="2" end_column="3" covered="no" />
          </ranges>
        </function>
        <function id="27067" token="0x600025d" name="GetBits(decimal)" namespace="FluentValidation.Validators" type_name="ScalePrecisionValidator&lt;T&gt;" block_coverage="0.00" line_coverage="0.00" blocks_covered="0" blocks_not_covered="2" lines_covered="0" lines_partially_covered="0" lines_not_covered="1">
          <ranges>
            <range source_id="39" start_line="90" end_line="90" start_column="3" end_column="51" covered="no" />
          </ranges>
        </function>
        <function id="27080" token="0x600025e" name="GetMantissa(decimal)" namespace="FluentValidation.Validators" type_name="ScalePrecisionValidator&lt;T&gt;" block_coverage="0.00" line_coverage="0.00" blocks_covered="0" blocks_not_covered="13" lines_covered="0" lines_partially_covered="0" lines_not_covered="2">
          <ranges>
            <range source_id="39" start_line="94" end_line="94" start_column="3" end_column="31" covered="no" />
            <range source_id="39" start_line="95" end_line="95" start_column="3" end_column="84" covered="no" />
          </ranges>
        </function>
        <function id="27191" token="0x600025f" name="GetUnsignedScale(decimal)" namespace="FluentValidation.Validators" type_name="ScalePrecisionValidator&lt;T&gt;" block_coverage="0.00" line_coverage="0.00" blocks_covered="0" blocks_not_covered="2" lines_covered="0" lines_partially_covered="0" lines_not_covered="3">
          <ranges>
            <range source_id="39" start_line="99" end_line="99" start_column="3" end_column="31" covered="no" />
            <range source_id="39" start_line="100" end_line="100" start_column="3" end_column="37" covered="no" />
            <range source_id="39" start_line="101" end_line="101" start_column="3" end_column="16" covered="no" />
          </ranges>
        </function>
        <function id="27208" token="0x6000260" name="GetScale(decimal)" namespace="FluentValidation.Validators" type_name="ScalePrecisionValidator&lt;T&gt;" block_coverage="0.00" line_coverage="0.00" blocks_covered="0" blocks_not_covered="6" lines_covered="0" lines_partially_covered="0" lines_not_covered="4">
          <ranges>
            <range source_id="39" start_line="105" end_line="105" start_column="3" end_column="42" covered="no" />
            <range source_id="39" start_line="106" end_line="106" start_column="3" end_column="27" covered="no" />
            <range source_id="39" start_line="107" end_line="107" start_column="4" end_column="52" covered="no" />
            <range source_id="39" start_line="110" end_line="110" start_column="3" end_column="21" covered="no" />
          </ranges>
        </function>
        <function id="27248" token="0x6000261" name="NumTrailingZeros(decimal)" namespace="FluentValidation.Validators" type_name="ScalePrecisionValidator&lt;T&gt;" block_coverage="0.00" line_coverage="0.00" blocks_covered="0" blocks_not_covered="12" lines_covered="0" lines_partially_covered="0" lines_not_covered="5">
          <ranges>
            <range source_id="39" start_line="114" end_line="114" start_column="3" end_column="26" covered="no" />
            <range source_id="39" start_line="115" end_line="115" start_column="3" end_column="42" covered="no" />
            <range source_id="39" start_line="116" end_line="116" start_column="8" end_column="42" covered="no" />
            <range source_id="39" start_line="117" end_line="117" start_column="4" end_column="20" covered="no" />
            <range source_id="39" start_line="116" end_line="116" start_column="85" end_column="94" covered="no" />
            <range source_id="39" start_line="116" end_line="116" start_column="44" end_column="83" covered="no" />
            <range source_id="39" start_line="120" end_line="120" start_column="3" end_column="24" covered="no" />
          </ranges>
        </function>
        <function id="27328" token="0x6000262" name="GetPrecision(decimal)" namespace="FluentValidation.Validators" type_name="ScalePrecisionValidator&lt;T&gt;" block_coverage="0.00" line_coverage="0.00" blocks_covered="0" blocks_not_covered="12" lines_covered="0" lines_partially_covered="0" lines_not_covered="6">
          <ranges>
            <range source_id="39" start_line="125" end_line="125" start_column="3" end_column="22" covered="no" />
            <range source_id="39" start_line="126" end_line="126" start_column="8" end_column="42" covered="no" />
            <range source_id="39" start_line="127" end_line="127" start_column="4" end_column="16" covered="no" />
            <range source_id="39" start_line="126" end_line="126" start_column="54" end_column="63" covered="no" />
            <range source_id="39" start_line="126" end_line="126" start_column="44" end_column="52" covered="no" />
            <range source_id="39" start_line="130" end_line="130" start_column="3" end_column="27" covered="no" />
            <range source_id="39" start_line="131" end_line="131" start_column="4" end_column="56" covered="no" />
            <range source_id="39" start_line="134" end_line="134" start_column="3" end_column="25" covered="no" />
          </ranges>
        </function>
        <function id="27401" token="0x6000263" name="GetDefaultMessageTemplate(string)" namespace="FluentValidation.Validators" type_name="ScalePrecisionValidator&lt;T&gt;" block_coverage="0.00" line_coverage="0.00" blocks_covered="0" blocks_not_covered="3" lines_covered="0" lines_partially_covered="0" lines_not_covered="1">
          <ranges>
            <range source_id="39" start_line="138" end_line="138" start_column="3" end_column="37" covered="no" />
          </ranges>
        </function>
        <function id="27416" token="0x6000264" name="get_Name()" namespace="FluentValidation.Validators" type_name="StringEnumValidator&lt;T&gt;" block_coverage="0.00" line_coverage="0.00" blocks_covered="0" blocks_not_covered="1" lines_covered="0" lines_partially_covered="0" lines_not_covered="1">
          <ranges>
            <range source_id="40" start_line="31" end_line="31" start_column="33" end_column="54" covered="no" />
          </ranges>
        </function>
        <function id="27423" token="0x6000265" name="StringEnumValidator(System.Type, bool)" namespace="FluentValidation.Validators" type_name="StringEnumValidator&lt;T&gt;" block_coverage="0.00" line_coverage="0.00" blocks_covered="0" blocks_not_covered="7" lines_covered="0" lines_partially_covered="0" lines_not_covered="6">
          <ranges>
            <range source_id="40" start_line="33" end_line="33" start_column="2" end_column="63" covered="no" />
            <range source_id="40" start_line="34" end_line="34" start_column="3" end_column="24" covered="no" />
            <range source_id="40" start_line="34" end_line="34" start_column="25" end_column="75" covered="no" />
            <range source_id="40" start_line="36" end_line="36" start_column="3" end_column="29" covered="no" />
            <range source_id="40" start_line="38" end_line="38" start_column="3" end_column="24" covered="no" />
            <range source_id="40" start_line="39" end_line="39" start_column="3" end_column="34" covered="no" />
            <range source_id="40" start_line="40" end_line="40" start_column="2" end_column="3" covered="no" />
          </ranges>
        </function>
        <function id="27472" token="0x6000266" name="IsValid(FluentValidation.ValidationContext&lt;T&gt;, string)" namespace="FluentValidation.Validators" type_name="StringEnumValidator&lt;T&gt;" block_coverage="0.00" line_coverage="0.00" blocks_covered="0" blocks_not_covered="9" lines_covered="0" lines_partially_covered="0" lines_not_covered="3">
          <ranges>
            <range source_id="40" start_line="43" end_line="43" start_column="3" end_column="21" covered="no" />
            <range source_id="40" start_line="43" end_line="43" start_column="22" end_column="34" covered="no" />
            <range source_id="40" start_line="44" end_line="44" start_column="3" end_column="99" covered="no" />
            <range source_id="40" start_line="45" end_line="45" start_column="3" end_column="73" covered="no" />
          </ranges>
        </function>
        <function id="27556" token="0x6000267" name="CheckTypeIsEnum(System.Type)" namespace="FluentValidation.Validators" type_name="StringEnumValidator&lt;T&gt;" block_coverage="0.00" line_coverage="0.00" blocks_covered="0" blocks_not_covered="7" lines_covered="0" lines_partially_covered="0" lines_not_covered="4">
          <ranges>
            <range source_id="40" start_line="49" end_line="49" start_column="3" end_column="24" covered="no" />
            <range source_id="40" start_line="50" end_line="50" start_column="4" end_column="101" covered="no" />
            <range source_id="40" start_line="51" end_line="51" start_column="4" end_column="69" covered="no" />
            <range source_id="40" start_line="53" end_line="53" start_column="2" end_column="3" covered="no" />
          </ranges>
        </function>
        <function id="27611" token="0x6000268" name="GetDefaultMessageTemplate(string)" namespace="FluentValidation.Validators" type_name="StringEnumValidator&lt;T&gt;" block_coverage="0.00" line_coverage="0.00" blocks_covered="0" blocks_not_covered="2" lines_covered="0" lines_partially_covered="0" lines_not_covered="1">
          <ranges>
            <range source_id="40" start_line="57" end_line="57" start_column="3" end_column="48" covered="no" />
          </ranges>
        </function>
        <function id="27625" token="0x600026a" name="get_Parent()" namespace="FluentValidation.TestHelper" type_name="TestValidationContinuation" block_coverage="0.00" line_coverage="0.00" blocks_covered="0" blocks_not_covered="1" lines_covered="0" lines_partially_covered="0" lines_not_covered="1">
          <ranges>
            <range source_id="41" start_line="21" end_line="21" start_column="46" end_column="50" covered="no" />
          </ranges>
        </function>
        <function id="27633" token="0x600026b" name="TestValidationContinuation(System.Collections.Generic.IEnumerable&lt;FluentValidation.Results.ValidationFailure&gt;, FluentValidation.TestHelper.ITestValidationContinuation)" namespace="FluentValidation.TestHelper" type_name="TestValidationContinuation" block_coverage="0.00" line_coverage="0.00" blocks_covered="0" blocks_not_covered="3" lines_covered="0" lines_partially_covered="0" lines_not_covered="5">
          <ranges>
            <range source_id="41" start_line="23" end_line="23" start_column="2" end_column="119" covered="no" />
            <range source_id="41" start_line="24" end_line="24" start_column="3" end_column="27" covered="no" />
            <range source_id="41" start_line="25" end_line="25" start_column="3" end_column="59" covered="no" />
            <range source_id="41" start_line="26" end_line="26" start_column="3" end_column="19" covered="no" />
            <range source_id="41" start_line="27" end_line="27" start_column="2" end_column="3" covered="no" />
          </ranges>
        </function>
        <function id="27666" token="0x600026c" name="ApplyPredicate(System.Func&lt;FluentValidation.Results.ValidationFailure, bool&gt;)" namespace="FluentValidation.TestHelper" type_name="TestValidationContinuation" block_coverage="0.00" line_coverage="0.00" blocks_covered="0" blocks_not_covered="2" lines_covered="0" lines_partially_covered="0" lines_not_covered="2">
          <ranges>
            <range source_id="41" start_line="30" end_line="30" start_column="3" end_column="37" covered="no" />
            <range source_id="41" start_line="31" end_line="31" start_column="2" end_column="3" covered="no" />
          </ranges>
        </function>
        <function id="27680" token="0x600026d" name="GetEnumerator()" namespace="FluentValidation.TestHelper" type_name="TestValidationContinuation" block_coverage="0.00" line_coverage="0.00" blocks_covered="0" blocks_not_covered="3" lines_covered="0" lines_partially_covered="0" lines_not_covered="1">
          <ranges>
            <range source_id="41" start_line="34" end_line="34" start_column="3" end_column="42" covered="no" />
          </ranges>
        </function>
        <function id="27693" token="0x600026e" name="System.Collections.IEnumerable.GetEnumerator()" namespace="FluentValidation.TestHelper" type_name="TestValidationContinuation" block_coverage="0.00" line_coverage="0.00" blocks_covered="0" blocks_not_covered="3" lines_covered="0" lines_partially_covered="0" lines_not_covered="1">
          <ranges>
            <range source_id="41" start_line="38" end_line="38" start_column="3" end_column="58" covered="no" />
          </ranges>
        </function>
        <function id="27708" token="0x600026f" name="get_MatchedFailures()" namespace="FluentValidation.TestHelper" type_name="TestValidationContinuation" block_coverage="0.00" line_coverage="0.00" blocks_covered="0" blocks_not_covered="9" lines_covered="0" lines_partially_covered="0" lines_not_covered="4">
          <ranges>
            <range source_id="41" start_line="43" end_line="43" start_column="4" end_column="39" covered="no" />
            <range source_id="41" start_line="44" end_line="44" start_column="30" end_column="41" covered="no" />
            <range source_id="41" start_line="44" end_line="44" start_column="13" end_column="26" covered="no" />
            <range source_id="41" start_line="45" end_line="45" start_column="5" end_column="56" covered="no" />
            <range source_id="41" start_line="44" end_line="44" start_column="27" end_column="29" covered="no" />
            <range source_id="41" start_line="48" end_line="48" start_column="4" end_column="27" covered="no" />
          </ranges>
        </function>
        <function id="27816" token="0x6000271" name="TestValidationResult(FluentValidation.Results.ValidationResult)" namespace="FluentValidation.TestHelper" type_name="TestValidationResult&lt;T&gt;" block_coverage="0.00" line_coverage="0.00" blocks_covered="0" blocks_not_covered="5" lines_covered="0" lines_partially_covered="0" lines_not_covered="3">
          <ranges>
            <range source_id="42" start_line="33" end_line="33" start_column="67" end_column="96" covered="no" />
            <range source_id="42" start_line="34" end_line="34" start_column="3" end_column="56" covered="no" />
            <range source_id="42" start_line="35" end_line="35" start_column="2" end_column="3" covered="no" />
          </ranges>
        </function>
        <function id="27844" token="0x6000272" name="ShouldHaveValidationErrorFor&lt;TProperty&gt;(System.Linq.Expressions.Expression&lt;System.Func&lt;T, TProperty&gt;&gt;)" namespace="FluentValidation.TestHelper" type_name="TestValidationResult&lt;T&gt;" block_coverage="0.00" line_coverage="0.00" blocks_covered="0" blocks_not_covered="7" lines_covered="0" lines_partially_covered="0" lines_not_covered="2">
          <ranges>
            <range source_id="42" start_line="38" end_line="38" start_column="3" end_column="125" covered="no" />
            <range source_id="42" start_line="39" end_line="39" start_column="3" end_column="56" covered="no" />
          </ranges>
        </function>
        <function id="27900" token="0x6000273" name="ShouldNotHaveValidationErrorFor&lt;TProperty&gt;(System.Linq.Expressions.Expression&lt;System.Func&lt;T, TProperty&gt;&gt;)" namespace="FluentValidation.TestHelper" type_name="TestValidationResult&lt;T&gt;" block_coverage="0.00" line_coverage="0.00" blocks_covered="0" blocks_not_covered="7" lines_covered="0" lines_partially_covered="0" lines_not_covered="3">
          <ranges>
            <range source_id="42" start_line="43" end_line="43" start_column="3" end_column="125" covered="no" />
            <range source_id="42" start_line="44" end_line="44" start_column="3" end_column="52" covered="no" />
            <range source_id="42" start_line="45" end_line="45" start_column="2" end_column="3" covered="no" />
          </ranges>
        </function>
        <function id="27954" token="0x6000274" name="ShouldHaveValidationErrorFor(string)" namespace="FluentValidation.TestHelper" type_name="TestValidationResult&lt;T&gt;" block_coverage="0.00" line_coverage="0.00" blocks_covered="0" blocks_not_covered="2" lines_covered="0" lines_partially_covered="0" lines_not_covered="1">
          <ranges>
            <range source_id="42" start_line="48" end_line="48" start_column="3" end_column="57" covered="no" />
          </ranges>
        </function>
        <function id="27964" token="0x6000275" name="ShouldNotHaveValidationErrorFor(string)" namespace="FluentValidation.TestHelper" type_name="TestValidationResult&lt;T&gt;" block_coverage="0.00" line_coverage="0.00" blocks_covered="0" blocks_not_covered="2" lines_covered="0" lines_partially_covered="0" lines_not_covered="2">
          <ranges>
            <range source_id="42" start_line="52" end_line="52" start_column="3" end_column="53" covered="no" />
            <range source_id="42" start_line="53" end_line="53" start_column="2" end_column="3" covered="no" />
          </ranges>
        </function>
        <function id="27976" token="0x6000276" name="ShouldHaveValidationError(string, bool)" namespace="FluentValidation.TestHelper" type_name="TestValidationResult&lt;T&gt;" block_coverage="0.00" line_coverage="0.00" blocks_covered="0" blocks_not_covered="36" lines_covered="0" lines_partially_covered="0" lines_not_covered="15">
          <ranges>
            <range source_id="42" start_line="57" end_line="57" start_column="3" end_column="55" covered="no" />
            <range source_id="42" start_line="58" end_line="60" start_column="3" end_column="90" covered="no" />
            <range source_id="42" start_line="62" end_line="62" start_column="3" end_column="20" covered="no" />
            <range source_id="42" start_line="63" end_line="63" start_column="4" end_column="18" covered="no" />
            <range source_id="42" start_line="67" end_line="67" start_column="3" end_column="87" covered="no" />
            <range source_id="42" start_line="69" end_line="69" start_column="3" end_column="28" covered="no" />
            <range source_id="42" start_line="71" end_line="71" start_column="3" end_column="29" covered="no" />
            <range source_id="42" start_line="72" end_line="72" start_column="4" end_column="36" covered="no" />
            <range source_id="42" start_line="73" end_line="73" start_column="9" end_column="18" covered="no" />
            <range source_id="42" start_line="74" end_line="74" start_column="5" end_column="65" covered="no" />
            <range source_id="42" start_line="73" end_line="73" start_column="38" end_column="41" covered="no" />
            <range source_id="42" start_line="73" end_line="73" start_column="20" end_column="36" covered="no" />
            <range source_id="42" start_line="76" end_line="76" start_column="4" end_column="108" covered="no" />
            <range source_id="42" start_line="79" end_line="79" start_column="4" end_column="43" covered="no" />
            <range source_id="42" start_line="82" end_line="82" start_column="3" end_column="51" covered="no" />
          </ranges>
        </function>
        <function id="28260" token="0x6000277" name="ShouldNotHaveValidationError(string, bool)" namespace="FluentValidation.TestHelper" type_name="TestValidationResult&lt;T&gt;" block_coverage="0.00" line_coverage="0.00" blocks_covered="0" blocks_not_covered="28" lines_covered="0" lines_partially_covered="0" lines_not_covered="14">
          <ranges>
            <range source_id="42" start_line="87" end_line="90" start_column="3" end_column="14" covered="no" />
            <range source_id="42" start_line="92" end_line="92" start_column="3" end_column="22" covered="no" />
            <range source_id="42" start_line="93" end_line="93" start_column="4" end_column="90" covered="no" />
            <range source_id="42" start_line="94" end_line="94" start_column="4" end_column="64" covered="no" />
            <range source_id="42" start_line="95" end_line="95" start_column="5" end_column="58" covered="no" />
            <range source_id="42" start_line="97" end_line="97" start_column="4" end_column="36" covered="no" />
            <range source_id="42" start_line="98" end_line="98" start_column="9" end_column="18" covered="no" />
            <range source_id="42" start_line="99" end_line="99" start_column="5" end_column="67" covered="no" />
            <range source_id="42" start_line="98" end_line="98" start_column="40" end_column="43" covered="no" />
            <range source_id="42" start_line="98" end_line="98" start_column="20" end_column="38" covered="no" />
            <range source_id="42" start_line="101" end_line="101" start_column="4" end_column="96" covered="no" />
            <range source_id="42" start_line="102" end_line="102" start_column="4" end_column="62" covered="no" />
            <range source_id="42" start_line="104" end_line="104" start_column="2" end_column="3" covered="no" />
          </ranges>
        </function>
        <function id="28508" token="0x6000278" name="NormalizePropertyName(string)" namespace="FluentValidation.TestHelper" type_name="TestValidationResult&lt;T&gt;" block_coverage="0.00" line_coverage="0.00" blocks_covered="0" blocks_not_covered="2" lines_covered="0" lines_partially_covered="0" lines_not_covered="1">
          <ranges>
            <range source_id="42" start_line="107" end_line="107" start_column="3" end_column="63" covered="no" />
          </ranges>
        </function>
        <function id="28526" token="0x6000279" name="get_Errors()" namespace="FluentValidation.TestHelper" type_name="ValidationTestException" block_coverage="0.00" line_coverage="0.00" blocks_covered="0" blocks_not_covered="1" lines_covered="0" lines_partially_covered="0" lines_not_covered="1">
          <ranges>
            <range source_id="43" start_line="27" end_line="27" start_column="42" end_column="46" covered="no" />
          </ranges>
        </function>
        <function id="28534" token="0x600027a" name="ValidationTestException(string)" namespace="FluentValidation.TestHelper" type_name="ValidationTestException" block_coverage="0.00" line_coverage="0.00" blocks_covered="0" blocks_not_covered="2" lines_covered="0" lines_partially_covered="0" lines_not_covered="2">
          <ranges>
            <range source_id="43" start_line="29" end_line="29" start_column="51" end_column="64" covered="no" />
            <range source_id="43" start_line="30" end_line="30" start_column="2" end_column="3" covered="no" />
          </ranges>
        </function>
        <function id="28543" token="0x600027b" name="ValidationTestException(string, System.Collections.Generic.List&lt;FluentValidation.Results.ValidationFailure&gt;)" namespace="FluentValidation.TestHelper" type_name="ValidationTestException" block_coverage="0.00" line_coverage="0.00" blocks_covered="0" blocks_not_covered="2" lines_covered="0" lines_partially_covered="0" lines_not_covered="3">
          <ranges>
            <range source_id="43" start_line="32" end_line="32" start_column="83" end_column="96" covered="no" />
            <range source_id="43" start_line="33" end_line="33" start_column="3" end_column="19" covered="no" />
            <range source_id="43" start_line="34" end_line="34" start_column="2" end_column="3" covered="no" />
          </ranges>
        </function>
        <function id="28560" token="0x600027c" name="ShouldHaveChildValidator&lt;T, TProperty&gt;(FluentValidation.IValidator&lt;T&gt;, System.Linq.Expressions.Expression&lt;System.Func&lt;T, TProperty&gt;&gt;, System.Type)" namespace="FluentValidation.TestHelper" type_name="ValidationTestExtension" block_coverage="0.00" line_coverage="0.00" blocks_covered="0" blocks_not_covered="44" lines_covered="0" lines_partially_covered="0" lines_not_covered="15">
          <ranges>
            <range source_id="44" start_line="39" end_line="39" start_column="3" end_column="49" covered="no" />
            <range source_id="44" start_line="40" end_line="40" start_column="3" end_column="59" covered="no" />
            <range source_id="44" start_line="42" end_line="42" start_column="3" end_column="75" covered="no" />
            <range source_id="44" start_line="43" end_line="43" start_column="4" end_column="218" covered="no" />
            <range source_id="44" start_line="46" end_line="50" start_column="3" end_column="17" covered="no" />
            <range source_id="44" start_line="53" end_line="53" start_column="3" end_column="125" covered="no" />
            <range source_id="44" start_line="55" end_line="55" start_column="3" end_column="110" covered="no" />
            <range source_id="44" start_line="57" end_line="57" start_column="3" end_column="77" covered="no" />
            <range source_id="44" start_line="58" end_line="58" start_column="4" end_column="126" covered="no" />
            <range source_id="44" start_line="59" end_line="59" start_column="4" end_column="210" covered="no" />
            <range source_id="44" start_line="61" end_line="61" start_column="2" end_column="3" covered="no" />
          </ranges>
        </function>
        <function id="28872" token="0x600027d" name="GetDependentRules&lt;T, TProperty&gt;(string, System.Linq.Expressions.Expression&lt;System.Func&lt;T, TProperty&gt;&gt;, FluentValidation.IValidatorDescriptor)" namespace="FluentValidation.TestHelper" type_name="ValidationTestExtension" block_coverage="0.00" line_coverage="0.00" blocks_covered="0" blocks_not_covered="19" lines_covered="0" lines_partially_covered="0" lines_not_covered="7">
          <ranges>
            <range source_id="44" start_line="64" end_line="64" start_column="3" end_column="81" covered="no" />
            <range source_id="44" start_line="66" end_line="70" start_column="3" end_column="30" covered="no" />
            <range source_id="44" start_line="72" end_line="72" start_column="3" end_column="16" covered="no" />
          </ranges>
        </function>
        <function id="29020" token="0x600027e" name="GetModelLevelValidators&lt;T&gt;(FluentValidation.IValidatorDescriptor)" namespace="FluentValidation.TestHelper" type_name="ValidationTestExtension" block_coverage="0.00" line_coverage="0.00" blocks_covered="0" blocks_not_covered="16" lines_covered="0" lines_partially_covered="0" lines_not_covered="5">
          <ranges>
            <range source_id="44" start_line="76" end_line="76" start_column="3" end_column="79" covered="no" />
            <range source_id="44" start_line="77" end_line="80" start_column="3" end_column="15" covered="no" />
          </ranges>
        </function>
        <function id="29158" token="0x600027f" name="TestValidate&lt;T&gt;(FluentValidation.IValidator&lt;T&gt;, T, System.Action&lt;FluentValidation.Internal.ValidationStrategy&lt;T&gt;&gt;)" namespace="FluentValidation.TestHelper" type_name="ValidationTestExtension" block_coverage="0.00" line_coverage="0.00" blocks_covered="0" blocks_not_covered="8" lines_covered="0" lines_partially_covered="0" lines_not_covered="2">
          <ranges>
            <range source_id="44" start_line="87" end_line="87" start_column="3" end_column="24" covered="no" />
            <range source_id="44" start_line="88" end_line="88" start_column="3" end_column="97" covered="no" />
          </ranges>
        </function>
        <function id="29212" token="0x6000280" name="TestValidate&lt;T&gt;(FluentValidation.IValidator&lt;T&gt;, FluentValidation.ValidationContext&lt;T&gt;)" namespace="FluentValidation.TestHelper" type_name="ValidationTestExtension" block_coverage="0.00" line_coverage="0.00" blocks_covered="0" blocks_not_covered="9" lines_covered="0" lines_partially_covered="0" lines_not_covered="4">
          <ranges>
            <range source_id="44" start_line="97" end_line="97" start_column="4" end_column="51" covered="no" />
            <range source_id="44" start_line="98" end_line="98" start_column="3" end_column="4" covered="no" />
            <range source_id="44" start_line="100" end_line="100" start_column="4" end_column="166" covered="no" />
            <range source_id="44" start_line="103" end_line="103" start_column="3" end_column="56" covered="no" />
          </ranges>
        </function>
        <function id="29284" token="0x6000281" name="TestValidateAsync&lt;T&gt;(FluentValidation.IValidator&lt;T&gt;, T, System.Action&lt;FluentValidation.Internal.ValidationStrategy&lt;T&gt;&gt;, System.Threading.CancellationToken)" namespace="FluentValidation.TestHelper" type_name="ValidationTestExtension" block_coverage="0.00" line_coverage="0.00" blocks_covered="0" blocks_not_covered="8" lines_covered="0" lines_partially_covered="0" lines_not_covered="2">
          <ranges>
            <range source_id="44" start_line="110" end_line="110" start_column="3" end_column="24" covered="no" />
            <range source_id="44" start_line="111" end_line="111" start_column="3" end_column="121" covered="no" />
          </ranges>
        </function>
        <function id="29419" token="0x6000283" name="ShouldHaveAnyValidationError&lt;T&gt;(FluentValidation.TestHelper.TestValidationResult&lt;T&gt;)" namespace="FluentValidation.TestHelper" type_name="ValidationTestExtension" block_coverage="0.00" line_coverage="0.00" blocks_covered="0" blocks_not_covered="8" lines_covered="0" lines_partially_covered="0" lines_not_covered="3">
          <ranges>
            <range source_id="44" start_line="124" end_line="124" start_column="3" end_column="42" covered="no" />
            <range source_id="44" start_line="125" end_line="125" start_column="4" end_column="103" covered="no" />
            <range source_id="44" start_line="127" end_line="127" start_column="3" end_column="70" covered="no" />
          </ranges>
        </function>
        <function id="29457" token="0x6000284" name="ShouldNotHaveAnyValidationErrors&lt;T&gt;(FluentValidation.TestHelper.TestValidationResult&lt;T&gt;)" namespace="FluentValidation.TestHelper" type_name="ValidationTestExtension" block_coverage="0.00" line_coverage="0.00" blocks_covered="0" blocks_not_covered="2" lines_covered="0" lines_partially_covered="0" lines_not_covered="2">
          <ranges>
            <range source_id="44" start_line="132" end_line="132" start_column="3" end_column="76" covered="no" />
            <range source_id="44" start_line="133" end_line="133" start_column="2" end_column="3" covered="no" />
          </ranges>
        </function>
        <function id="29472" token="0x6000285" name="BuildErrorMessage(FluentValidation.Results.ValidationFailure, string, string)" namespace="FluentValidation.TestHelper" type_name="ValidationTestExtension" block_coverage="0.00" line_coverage="0.00" blocks_covered="0" blocks_not_covered="41" lines_covered="0" lines_partially_covered="0" lines_not_covered="11">
          <ranges>
            <range source_id="44" start_line="136" end_line="136" start_column="3" end_column="51" covered="no" />
            <range source_id="44" start_line="137" end_line="140" start_column="4" end_column="57" covered="no" />
            <range source_id="44" start_line="142" end_line="142" start_column="4" end_column="100" covered="no" />
            <range source_id="44" start_line="143" end_line="143" start_column="9" end_column="18" covered="no" />
            <range source_id="44" start_line="144" end_line="144" start_column="5" end_column="106" covered="no" />
            <range source_id="44" start_line="145" end_line="145" start_column="6" end_column="198" covered="no" />
            <range source_id="44" start_line="143" end_line="143" start_column="54" end_column="57" covered="no" />
            <range source_id="44" start_line="143" end_line="143" start_column="20" end_column="52" covered="no" />
            <range source_id="44" start_line="148" end_line="148" start_column="4" end_column="37" covered="no" />
            <range source_id="44" start_line="150" end_line="150" start_column="3" end_column="25" covered="no" />
          </ranges>
        </function>
        <function id="29724" token="0x6000286" name="When(FluentValidation.TestHelper.ITestValidationContinuation, System.Func&lt;FluentValidation.Results.ValidationFailure, bool&gt;, string)" namespace="FluentValidation.TestHelper" type_name="ValidationTestExtension" block_coverage="0.00" line_coverage="0.00" blocks_covered="0" blocks_not_covered="11" lines_covered="0" lines_partially_covered="0" lines_not_covered="8">
          <ranges>
            <range source_id="44" start_line="156" end_line="156" start_column="3" end_column="113" covered="no" />
            <range source_id="44" start_line="157" end_line="157" start_column="3" end_column="43" covered="no" />
            <range source_id="44" start_line="159" end_line="159" start_column="3" end_column="33" covered="no" />
            <range source_id="44" start_line="160" end_line="160" start_column="3" end_column="19" covered="no" />
            <range source_id="44" start_line="161" end_line="161" start_column="4" end_column="60" covered="no" />
            <range source_id="44" start_line="162" end_line="162" start_column="4" end_column="109" covered="no" />
            <range source_id="44" start_line="163" end_line="163" start_column="4" end_column="47" covered="no" />
            <range source_id="44" start_line="166" end_line="166" start_column="3" end_column="17" covered="no" />
          </ranges>
        </function>
        <function id="29800" token="0x6000287" name="WhenAll(FluentValidation.TestHelper.ITestValidationContinuation, System.Func&lt;FluentValidation.Results.ValidationFailure, bool&gt;, string)" namespace="FluentValidation.TestHelper" type_name="ValidationTestExtension" block_coverage="0.00" line_coverage="0.00" blocks_covered="0" blocks_not_covered="12" lines_covered="0" lines_partially_covered="0" lines_not_covered="8">
          <ranges>
            <range source_id="44" start_line="171" end_line="171" start_column="3" end_column="113" covered="no" />
            <range source_id="44" start_line="172" end_line="172" start_column="3" end_column="43" covered="no" />
            <range source_id="44" start_line="174" end_line="174" start_column="3" end_column="53" covered="no" />
            <range source_id="44" start_line="176" end_line="176" start_column="3" end_column="19" covered="no" />
            <range source_id="44" start_line="177" end_line="177" start_column="4" end_column="51" covered="no" />
            <range source_id="44" start_line="178" end_line="178" start_column="4" end_column="106" covered="no" />
            <range source_id="44" start_line="179" end_line="179" start_column="4" end_column="47" covered="no" />
            <range source_id="44" start_line="182" end_line="182" start_column="3" end_column="17" covered="no" />
          </ranges>
        </function>
        <function id="29884" token="0x6000288" name="WithSeverity(FluentValidation.TestHelper.ITestValidationContinuation, FluentValidation.Severity)" namespace="FluentValidation.TestHelper" type_name="ValidationTestExtension" block_coverage="0.00" line_coverage="0.00" blocks_covered="0" blocks_not_covered="4" lines_covered="0" lines_partially_covered="0" lines_not_covered="1">
          <ranges>
            <range source_id="44" start_line="186" end_line="186" start_column="3" end_column="174" covered="no" />
          </ranges>
        </function>
        <function id="29952" token="0x6000289" name="WithCustomState(FluentValidation.TestHelper.ITestValidationContinuation, object, System.Collections.IEqualityComparer)" namespace="FluentValidation.TestHelper" type_name="ValidationTestExtension" block_coverage="0.00" line_coverage="0.00" blocks_covered="0" blocks_not_covered="4" lines_covered="0" lines_partially_covered="0" lines_not_covered="1">
          <ranges>
            <range source_id="44" start_line="190" end_line="190" start_column="3" end_column="247" covered="no" />
          </ranges>
        </function>
        <function id="30020" token="0x600028a" name="WithMessageArgument&lt;T&gt;(FluentValidation.TestHelper.ITestValidationContinuation, string, T)" namespace="FluentValidation.TestHelper" type_name="ValidationTestExtension" block_coverage="0.00" line_coverage="0.00" blocks_covered="0" blocks_not_covered="5" lines_covered="0" lines_partially_covered="0" lines_not_covered="2">
          <ranges>
            <range source_id="44" start_line="194" end_line="195" start_column="3" end_column="154" covered="no" />
          </ranges>
        </function>
        <function id="30104" token="0x600028b" name="WithErrorMessage(FluentValidation.TestHelper.ITestValidationContinuation, string)" namespace="FluentValidation.TestHelper" type_name="ValidationTestExtension" block_coverage="0.00" line_coverage="0.00" blocks_covered="0" blocks_not_covered="4" lines_covered="0" lines_partially_covered="0" lines_not_covered="1">
          <ranges>
            <range source_id="44" start_line="199" end_line="199" start_column="3" end_column="190" covered="no" />
          </ranges>
        </function>
        <function id="30164" token="0x600028c" name="WithErrorCode(FluentValidation.TestHelper.ITestValidationContinuation, string)" namespace="FluentValidation.TestHelper" type_name="ValidationTestExtension" block_coverage="0.00" line_coverage="0.00" blocks_covered="0" blocks_not_covered="4" lines_covered="0" lines_partially_covered="0" lines_not_covered="1">
          <ranges>
            <range source_id="44" start_line="203" end_line="203" start_column="3" end_column="178" covered="no" />
          </ranges>
        </function>
        <function id="30224" token="0x600028d" name="WithoutSeverity(FluentValidation.TestHelper.ITestValidationContinuation, FluentValidation.Severity)" namespace="FluentValidation.TestHelper" type_name="ValidationTestExtension" block_coverage="0.00" line_coverage="0.00" blocks_covered="0" blocks_not_covered="4" lines_covered="0" lines_partially_covered="0" lines_not_covered="1">
          <ranges>
            <range source_id="44" start_line="207" end_line="207" start_column="3" end_column="154" covered="no" />
          </ranges>
        </function>
        <function id="30292" token="0x600028e" name="WithoutCustomState(FluentValidation.TestHelper.ITestValidationContinuation, object)" namespace="FluentValidation.TestHelper" type_name="ValidationTestExtension" block_coverage="0.00" line_coverage="0.00" blocks_covered="0" blocks_not_covered="4" lines_covered="0" lines_partially_covered="0" lines_not_covered="1">
          <ranges>
            <range source_id="44" start_line="211" end_line="211" start_column="3" end_column="167" covered="no" />
          </ranges>
        </function>
        <function id="30352" token="0x600028f" name="WithoutErrorMessage(FluentValidation.TestHelper.ITestValidationContinuation, string)" namespace="FluentValidation.TestHelper" type_name="ValidationTestExtension" block_coverage="0.00" line_coverage="0.00" blocks_covered="0" blocks_not_covered="4" lines_covered="0" lines_partially_covered="0" lines_not_covered="1">
          <ranges>
            <range source_id="44" start_line="215" end_line="215" start_column="3" end_column="171" covered="no" />
          </ranges>
        </function>
        <function id="30412" token="0x6000290" name="WithoutErrorCode(FluentValidation.TestHelper.ITestValidationContinuation, string)" namespace="FluentValidation.TestHelper" type_name="ValidationTestExtension" block_coverage="0.00" line_coverage="0.00" blocks_covered="0" blocks_not_covered="4" lines_covered="0" lines_partially_covered="0" lines_not_covered="1">
          <ranges>
            <range source_id="44" start_line="219" end_line="219" start_column="3" end_column="159" covered="no" />
          </ranges>
        </function>
        <function id="30472" token="0x6000291" name="Only(FluentValidation.TestHelper.ITestValidationWith)" namespace="FluentValidation.TestHelper" type_name="ValidationTestExtension" block_coverage="0.00" line_coverage="0.00" blocks_covered="0" blocks_not_covered="31" lines_covered="0" lines_partially_covered="0" lines_not_covered="15">
          <ranges>
            <range source_id="44" start_line="223" end_line="223" start_column="3" end_column="54" covered="no" />
            <range source_id="44" start_line="224" end_line="224" start_column="3" end_column="60" covered="no" />
            <range source_id="44" start_line="228" end_line="228" start_column="4" end_column="36" covered="no" />
            <range source_id="44" start_line="229" end_line="229" start_column="5" end_column="88" covered="no" />
            <range source_id="44" start_line="231" end_line="231" start_column="4" end_column="69" covered="no" />
            <range source_id="44" start_line="232" end_line="232" start_column="5" end_column="34" covered="no" />
            <range source_id="44" start_line="234" end_line="234" start_column="3" end_column="58" covered="no" />
            <range source_id="44" start_line="236" end_line="236" start_column="3" end_column="39" covered="no" />
            <range source_id="44" start_line="237" end_line="237" start_column="4" end_column="90" covered="no" />
            <range source_id="44" start_line="238" end_line="238" start_column="4" end_column="36" covered="no" />
            <range source_id="44" start_line="239" end_line="239" start_column="9" end_column="18" covered="no" />
            <range source_id="44" start_line="240" end_line="240" start_column="5" end_column="80" covered="no" />
            <range source_id="44" start_line="239" end_line="239" start_column="53" end_column="56" covered="no" />
            <range source_id="44" start_line="239" end_line="239" start_column="20" end_column="51" covered="no" />
            <range source_id="44" start_line="242" end_line="242" start_column="4" end_column="96" covered="no" />
            <range source_id="44" start_line="244" end_line="244" start_column="4" end_column="52" covered="no" />
            <range source_id="44" start_line="246" end_line="246" start_column="3" end_column="19" covered="no" />
          </ranges>
        </function>
        <function id="30703" token="0x6000292" name="ValidationFailure()" namespace="FluentValidation.Results" type_name="ValidationFailure" block_coverage="100.00" line_coverage="100.00" blocks_covered="2" blocks_not_covered="0" lines_covered="2" lines_partially_covered="0" lines_not_covered="0">
          <ranges>
            <range source_id="45" start_line="33" end_line="33" start_column="2" end_column="28" covered="yes" />
            <range source_id="45" start_line="35" end_line="35" start_column="2" end_column="3" covered="yes" />
          </ranges>
        </function>
        <function id="30711" token="0x6000293" name="ValidationFailure(string, string)" namespace="FluentValidation.Results" type_name="ValidationFailure" block_coverage="0.00" line_coverage="0.00" blocks_covered="0" blocks_not_covered="2" lines_covered="0" lines_partially_covered="0" lines_not_covered="2">
          <ranges>
            <range source_id="45" start_line="40" end_line="40" start_column="71" end_column="109" covered="no" />
            <range source_id="45" start_line="42" end_line="42" start_column="2" end_column="3" covered="no" />
          </ranges>
        </function>
        <function id="30722" token="0x6000294" name="ValidationFailure(string, string, object)" namespace="FluentValidation.Results" type_name="ValidationFailure" block_coverage="100.00" line_coverage="100.00" blocks_covered="5" blocks_not_covered="0" lines_covered="5" lines_partially_covered="0" lines_not_covered="0">
          <ranges>
            <range source_id="45" start_line="47" end_line="47" start_column="2" end_column="91" covered="yes" />
            <range source_id="45" start_line="48" end_line="48" start_column="3" end_column="31" covered="yes" />
            <range source_id="45" start_line="49" end_line="49" start_column="3" end_column="31" covered="yes" />
            <range source_id="45" start_line="50" end_line="50" start_column="3" end_column="35" covered="yes" />
            <range source_id="45" start_line="51" end_line="51" start_column="2" end_column="3" covered="yes" />
          </ranges>
        </function>
        <function id="30751" token="0x6000295" name="get_PropertyName()" namespace="FluentValidation.Results" type_name="ValidationFailure" block_coverage="100.00" line_coverage="100.00" blocks_covered="1" blocks_not_covered="0" lines_covered="1" lines_partially_covered="0" lines_not_covered="0">
          <ranges>
            <range source_id="45" start_line="56" end_line="56" start_column="31" end_column="35" covered="yes" />
          </ranges>
        </function>
        <function id="30759" token="0x6000296" name="set_PropertyName(string)" namespace="FluentValidation.Results" type_name="ValidationFailure" block_coverage="100.00" line_coverage="100.00" blocks_covered="1" blocks_not_covered="0" lines_covered="1" lines_partially_covered="0" lines_not_covered="0">
          <ranges>
            <range source_id="45" start_line="56" end_line="56" start_column="36" end_column="40" covered="yes" />
          </ranges>
        </function>
        <function id="30768" token="0x6000297" name="get_ErrorMessage()" namespace="FluentValidation.Results" type_name="ValidationFailure" block_coverage="100.00" line_coverage="100.00" blocks_covered="1" blocks_not_covered="0" lines_covered="1" lines_partially_covered="0" lines_not_covered="0">
          <ranges>
            <range source_id="45" start_line="61" end_line="61" start_column="31" end_column="35" covered="yes" />
          </ranges>
        </function>
        <function id="30776" token="0x6000298" name="set_ErrorMessage(string)" namespace="FluentValidation.Results" type_name="ValidationFailure" block_coverage="100.00" line_coverage="100.00" blocks_covered="1" blocks_not_covered="0" lines_covered="1" lines_partially_covered="0" lines_not_covered="0">
          <ranges>
            <range source_id="45" start_line="61" end_line="61" start_column="36" end_column="40" covered="yes" />
          </ranges>
        </function>
        <function id="30785" token="0x6000299" name="get_AttemptedValue()" namespace="FluentValidation.Results" type_name="ValidationFailure" block_coverage="0.00" line_coverage="0.00" blocks_covered="0" blocks_not_covered="1" lines_covered="0" lines_partially_covered="0" lines_not_covered="1">
          <ranges>
            <range source_id="45" start_line="66" end_line="66" start_column="33" end_column="37" covered="no" />
          </ranges>
        </function>
        <function id="30793" token="0x600029a" name="set_AttemptedValue(object)" namespace="FluentValidation.Results" type_name="ValidationFailure" block_coverage="100.00" line_coverage="100.00" blocks_covered="1" blocks_not_covered="0" lines_covered="1" lines_partially_covered="0" lines_not_covered="0">
          <ranges>
            <range source_id="45" start_line="66" end_line="66" start_column="38" end_column="42" covered="yes" />
          </ranges>
        </function>
        <function id="30802" token="0x600029b" name="get_CustomState()" namespace="FluentValidation.Results" type_name="ValidationFailure" block_coverage="0.00" line_coverage="0.00" blocks_covered="0" blocks_not_covered="1" lines_covered="0" lines_partially_covered="0" lines_not_covered="1">
          <ranges>
            <range source_id="45" start_line="71" end_line="71" start_column="30" end_column="34" covered="no" />
          </ranges>
        </function>
        <function id="30810" token="0x600029c" name="set_CustomState(object)" namespace="FluentValidation.Results" type_name="ValidationFailure" block_coverage="0.00" line_coverage="0.00" blocks_covered="0" blocks_not_covered="1" lines_covered="0" lines_partially_covered="0" lines_not_covered="1">
          <ranges>
            <range source_id="45" start_line="71" end_line="71" start_column="35" end_column="39" covered="no" />
          </ranges>
        </function>
        <function id="30819" token="0x600029d" name="get_Severity()" namespace="FluentValidation.Results" type_name="ValidationFailure" block_coverage="100.00" line_coverage="100.00" blocks_covered="1" blocks_not_covered="0" lines_covered="1" lines_partially_covered="0" lines_not_covered="0">
          <ranges>
            <range source_id="45" start_line="76" end_line="76" start_column="29" end_column="33" covered="yes" />
          </ranges>
        </function>
        <function id="30827" token="0x600029e" name="set_Severity(FluentValidation.Severity)" namespace="FluentValidation.Results" type_name="ValidationFailure" block_coverage="100.00" line_coverage="100.00" blocks_covered="1" blocks_not_covered="0" lines_covered="1" lines_partially_covered="0" lines_not_covered="0">
          <ranges>
            <range source_id="45" start_line="76" end_line="76" start_column="34" end_column="38" covered="yes" />
          </ranges>
        </function>
        <function id="30836" token="0x600029f" name="get_ErrorCode()" namespace="FluentValidation.Results" type_name="ValidationFailure" block_coverage="0.00" line_coverage="0.00" blocks_covered="0" blocks_not_covered="1" lines_covered="0" lines_partially_covered="0" lines_not_covered="1">
          <ranges>
            <range source_id="45" start_line="81" end_line="81" start_column="28" end_column="32" covered="no" />
          </ranges>
        </function>
        <function id="30844" token="0x60002a0" name="set_ErrorCode(string)" namespace="FluentValidation.Results" type_name="ValidationFailure" block_coverage="100.00" line_coverage="100.00" blocks_covered="1" blocks_not_covered="0" lines_covered="1" lines_partially_covered="0" lines_not_covered="0">
          <ranges>
            <range source_id="45" start_line="81" end_line="81" start_column="33" end_column="37" covered="yes" />
          </ranges>
        </function>
        <function id="30853" token="0x60002a1" name="get_FormattedMessagePlaceholderValues()" namespace="FluentValidation.Results" type_name="ValidationFailure" block_coverage="0.00" line_coverage="0.00" blocks_covered="0" blocks_not_covered="1" lines_covered="0" lines_partially_covered="0" lines_not_covered="1">
          <ranges>
            <range source_id="45" start_line="86" end_line="86" start_column="72" end_column="76" covered="no" />
          </ranges>
        </function>
        <function id="30861" token="0x60002a2" name="set_FormattedMessagePlaceholderValues(System.Collections.Generic.Dictionary&lt;string, object&gt;)" namespace="FluentValidation.Results" type_name="ValidationFailure" block_coverage="100.00" line_coverage="100.00" blocks_covered="1" blocks_not_covered="0" lines_covered="1" lines_partially_covered="0" lines_not_covered="0">
          <ranges>
            <range source_id="45" start_line="86" end_line="86" start_column="77" end_column="81" covered="yes" />
          </ranges>
        </function>
        <function id="30870" token="0x60002a3" name="ToString()" namespace="FluentValidation.Results" type_name="ValidationFailure" block_coverage="0.00" line_coverage="0.00" blocks_covered="0" blocks_not_covered="2" lines_covered="0" lines_partially_covered="0" lines_not_covered="1">
          <ranges>
            <range source_id="45" start_line="92" end_line="92" start_column="3" end_column="23" covered="no" />
          </ranges>
        </function>
        <function id="30878" token="0x60002a4" name="get_IsValid()" namespace="FluentValidation.Results" type_name="ValidationResult" block_coverage="100.00" line_coverage="100.00" blocks_covered="3" blocks_not_covered="0" lines_covered="1" lines_partially_covered="0" lines_not_covered="0">
          <ranges>
            <range source_id="46" start_line="35" end_line="35" start_column="33" end_column="50" covered="yes" />
          </ranges>
        </function>
        <function id="30894" token="0x60002a5" name="get_Errors()" namespace="FluentValidation.Results" type_name="ValidationResult" block_coverage="100.00" line_coverage="100.00" blocks_covered="1" blocks_not_covered="0" lines_covered="1" lines_partially_covered="0" lines_not_covered="0">
          <ranges>
            <range source_id="46" start_line="41" end_line="41" start_column="10" end_column="17" covered="yes" />
          </ranges>
        </function>
        <function id="30902" token="0x60002a6" name="set_Errors(System.Collections.Generic.List&lt;FluentValidation.Results.ValidationFailure&gt;)" namespace="FluentValidation.Results" type_name="ValidationResult" block_coverage="0.00" line_coverage="0.00" blocks_covered="0" blocks_not_covered="9" lines_covered="0" lines_partially_covered="0" lines_not_covered="4">
          <ranges>
            <range source_id="46" start_line="43" end_line="43" start_column="4" end_column="22" covered="no" />
            <range source_id="46" start_line="44" end_line="44" start_column="5" end_column="52" covered="no" />
            <range source_id="46" start_line="49" end_line="49" start_column="4" end_column="63" covered="no" />
            <range source_id="46" start_line="50" end_line="50" start_column="3" end_column="4" covered="no" />
          </ranges>
        </function>
        <function id="30966" token="0x60002a7" name="get_RuleSetsExecuted()" namespace="FluentValidation.Results" type_name="ValidationResult" block_coverage="0.00" line_coverage="0.00" blocks_covered="0" blocks_not_covered="1" lines_covered="0" lines_partially_covered="0" lines_not_covered="1">
          <ranges>
            <range source_id="46" start_line="56" end_line="56" start_column="37" end_column="41" covered="no" />
          </ranges>
        </function>
        <function id="30974" token="0x60002a8" name="set_RuleSetsExecuted(string[])" namespace="FluentValidation.Results" type_name="ValidationResult" block_coverage="100.00" line_coverage="100.00" blocks_covered="1" blocks_not_covered="0" lines_covered="1" lines_partially_covered="0" lines_not_covered="0">
          <ranges>
            <range source_id="46" start_line="56" end_line="56" start_column="42" end_column="46" covered="yes" />
          </ranges>
        </function>
        <function id="30983" token="0x60002a9" name="ValidationResult()" namespace="FluentValidation.Results" type_name="ValidationResult" block_coverage="0.00" line_coverage="0.00" blocks_covered="0" blocks_not_covered="3" lines_covered="0" lines_partially_covered="0" lines_not_covered="3">
          <ranges>
            <range source_id="46" start_line="61" end_line="61" start_column="2" end_column="27" covered="no" />
            <range source_id="46" start_line="62" end_line="62" start_column="3" end_column="43" covered="no" />
            <range source_id="46" start_line="63" end_line="63" start_column="2" end_column="3" covered="no" />
          </ranges>
        </function>
        <function id="31002" token="0x60002aa" name="ValidationResult(System.Collections.Generic.IEnumerable&lt;FluentValidation.Results.ValidationFailure&gt;)" namespace="FluentValidation.Results" type_name="ValidationResult" block_coverage="0.00" line_coverage="0.00" blocks_covered="0" blocks_not_covered="7" lines_covered="0" lines_partially_covered="0" lines_not_covered="3">
          <ranges>
            <range source_id="46" start_line="73" end_line="73" start_column="2" end_column="66" covered="no" />
            <range source_id="46" start_line="74" end_line="74" start_column="3" end_column="65" covered="no" />
            <range source_id="46" start_line="75" end_line="75" start_column="2" end_column="3" covered="no" />
          </ranges>
        </function>
        <function id="31060" token="0x60002ab" name="ValidationResult(System.Collections.Generic.IEnumerable&lt;FluentValidation.Results.ValidationResult&gt;)" namespace="FluentValidation.Results" type_name="ValidationResult" block_coverage="0.00" line_coverage="0.00" blocks_covered="0" blocks_not_covered="18" lines_covered="0" lines_partially_covered="0" lines_not_covered="4">
          <ranges>
            <range source_id="46" start_line="81" end_line="81" start_column="2" end_column="69" covered="no" />
            <range source_id="46" start_line="82" end_line="82" start_column="3" end_column="61" covered="no" />
            <range source_id="46" start_line="83" end_line="83" start_column="3" end_column="131" covered="no" />
            <range source_id="46" start_line="84" end_line="84" start_column="2" end_column="3" covered="no" />
          </ranges>
        </function>
        <function id="31216" token="0x60002ac" name="ValidationResult(System.Collections.Generic.List&lt;FluentValidation.Results.ValidationFailure&gt;)" namespace="FluentValidation.Results" type_name="ValidationResult" block_coverage="100.00" line_coverage="100.00" blocks_covered="2" blocks_not_covered="0" lines_covered="3" lines_partially_covered="0" lines_not_covered="0">
          <ranges>
            <range source_id="46" start_line="86" end_line="86" start_column="2" end_column="59" covered="yes" />
            <range source_id="46" start_line="87" end_line="87" start_column="3" end_column="20" covered="yes" />
            <range source_id="46" start_line="88" end_line="88" start_column="2" end_column="3" covered="yes" />
          </ranges>
        </function>
        <function id="31231" token="0x60002ad" name="ToString()" namespace="FluentValidation.Results" type_name="ValidationResult" block_coverage="0.00" line_coverage="0.00" blocks_covered="0" blocks_not_covered="3" lines_covered="0" lines_partially_covered="0" lines_not_covered="1">
          <ranges>
            <range source_id="46" start_line="95" end_line="95" start_column="3" end_column="40" covered="no" />
          </ranges>
        </function>
        <function id="31244" token="0x60002ae" name="ToString(string)" namespace="FluentValidation.Results" type_name="ValidationResult" block_coverage="0.00" line_coverage="0.00" blocks_covered="0" blocks_not_covered="6" lines_covered="0" lines_partially_covered="0" lines_not_covered="1">
          <ranges>
            <range source_id="46" start_line="104" end_line="104" start_column="3" end_column="82" covered="no" />
          </ranges>
        </function>
        <function id="31296" token="0x60002af" name="ToDictionary()" namespace="FluentValidation.Results" type_name="ValidationResult" block_coverage="0.00" line_coverage="0.00" blocks_covered="0" blocks_not_covered="13" lines_covered="0" lines_partially_covered="0" lines_not_covered="6">
          <ranges>
            <range source_id="46" start_line="114" end_line="119" start_column="3" end_column="6" covered="no" />
          </ranges>
        </function>
        <function id="31420" token="0x60002b5" name="GetTranslation(string, string)" namespace="FluentValidation.Resources" type_name="LanguageManager" block_coverage="4.92" line_coverage="0.00" blocks_covered="13" blocks_not_covered="251" lines_covered="0" lines_partially_covered="57" lines_not_covered="0">
          <ranges>
            <range source_id="47" start_line="40" end_line="96" start_column="3" end_column="5" covered="partial" />
            <range source_id="47" start_line="41" end_line="41" start_column="39" end_column="74" covered="yes" />
            <range source_id="47" start_line="42" end_line="42" start_column="38" end_column="73" covered="no" />
            <range source_id="47" start_line="43" end_line="43" start_column="31" end_column="66" covered="no" />
            <range source_id="47" start_line="44" end_line="44" start_column="32" end_column="68" covered="no" />
            <range source_id="47" start_line="45" end_line="45" start_column="30" end_column="64" covered="no" />
            <range source_id="47" start_line="46" end_line="46" start_column="37" end_column="78" covered="no" />
            <range source_id="47" start_line="47" end_line="47" start_column="31" end_column="66" covered="no" />
            <range source_id="47" start_line="48" end_line="48" start_column="31" end_column="66" covered="no" />
            <range source_id="47" start_line="49" end_line="49" start_column="33" end_column="70" covered="no" />
            <range source_id="47" start_line="50" end_line="50" start_column="41" end_column="86" covered="no" />
            <range source_id="47" start_line="51" end_line="51" start_column="42" end_column="88" covered="no" />
            <range source_id="47" start_line="52" end_line="52" start_column="32" end_column="68" covered="no" />
            <range source_id="47" start_line="53" end_line="53" start_column="29" end_column="62" covered="no" />
            <range source_id="47" start_line="54" end_line="54" start_column="30" end_column="64" covered="no" />
            <range source_id="47" start_line="55" end_line="55" start_column="29" end_column="62" covered="no" />
            <range source_id="47" start_line="56" end_line="56" start_column="31" end_column="66" covered="no" />
            <range source_id="47" start_line="57" end_line="57" start_column="32" end_column="68" covered="no" />
            <range source_id="47" start_line="58" end_line="58" start_column="30" end_column="64" covered="no" />
            <range source_id="47" start_line="59" end_line="59" start_column="30" end_column="64" covered="no" />
            <range source_id="47" start_line="60" end_line="60" start_column="32" end_column="68" covered="no" />
            <range source_id="47" start_line="61" end_line="61" start_column="29" end_column="62" covered="no" />
            <range source_id="47" start_line="62" end_line="62" start_column="30" end_column="64" covered="no" />
            <range source_id="47" start_line="63" end_line="63" start_column="29" end_column="62" covered="no" />
            <range source_id="47" start_line="64" end_line="64" start_column="33" end_column="70" covered="no" />
            <range source_id="47" start_line="65" end_line="65" start_column="33" end_column="70" covered="no" />
            <range source_id="47" start_line="66" end_line="66" start_column="31" end_column="66" covered="no" />
            <range source_id="47" start_line="67" end_line="67" start_column="34" end_column="72" covered="no" />
            <range source_id="47" start_line="68" end_line="68" start_column="32" end_column="68" covered="no" />
            <range source_id="47" start_line="69" end_line="69" start_column="30" end_column="64" covered="no" />
            <range source_id="47" start_line="70" end_line="70" start_column="29" end_column="62" covered="no" />
            <range source_id="47" start_line="71" end_line="71" start_column="30" end_column="64" covered="no" />
            <range source_id="47" start_line="72" end_line="72" start_column="34" end_column="72" covered="no" />
            <range source_id="47" start_line="73" end_line="73" start_column="39" end_column="82" covered="no" />
            <range source_id="47" start_line="74" end_line="74" start_column="40" end_column="84" covered="no" />
            <range source_id="47" start_line="75" end_line="75" start_column="31" end_column="66" covered="no" />
            <range source_id="47" start_line="76" end_line="76" start_column="30" end_column="64" covered="no" />
            <range source_id="47" start_line="77" end_line="77" start_column="34" end_column="72" covered="no" />
            <range source_id="47" start_line="78" end_line="78" start_column="40" end_column="84" covered="no" />
            <range source_id="47" start_line="79" end_line="79" start_column="32" end_column="68" covered="no" />
            <range source_id="47" start_line="80" end_line="80" start_column="31" end_column="66" covered="no" />
            <range source_id="47" start_line="81" end_line="81" start_column="30" end_column="64" covered="no" />
            <range source_id="47" start_line="82" end_line="82" start_column="33" end_column="70" covered="no" />
            <range source_id="47" start_line="83" end_line="83" start_column="31" end_column="66" covered="no" />
            <range source_id="47" start_line="84" end_line="84" start_column="31" end_column="66" covered="no" />
            <range source_id="47" start_line="85" end_line="85" start_column="31" end_column="66" covered="no" />
            <range source_id="47" start_line="86" end_line="86" start_column="28" end_column="60" covered="no" />
            <range source_id="47" start_line="87" end_line="87" start_column="31" end_column="66" covered="no" />
            <range source_id="47" start_line="88" end_line="88" start_column="33" end_column="70" covered="no" />
            <range source_id="47" start_line="89" end_line="89" start_column="34" end_column="72" covered="no" />
            <range source_id="47" start_line="90" end_line="90" start_column="29" end_column="62" covered="no" />
            <range source_id="47" start_line="91" end_line="91" start_column="34" end_column="72" covered="no" />
            <range source_id="47" start_line="92" end_line="92" start_column="37" end_column="78" covered="no" />
            <range source_id="47" start_line="93" end_line="93" start_column="31" end_column="66" covered="no" />
            <range source_id="47" start_line="94" end_line="94" start_column="29" end_column="62" covered="no" />
            <range source_id="47" start_line="95" end_line="95" start_column="9" end_column="13" covered="no" />
          </ranges>
        </function>
        <function id="33278" token="0x60002b6" name="get_Enabled()" namespace="FluentValidation.Resources" type_name="LanguageManager" block_coverage="100.00" line_coverage="100.00" blocks_covered="1" blocks_not_covered="0" lines_covered="1" lines_partially_covered="0" lines_not_covered="0">
          <ranges>
            <range source_id="47" start_line="102" end_line="102" start_column="24" end_column="28" covered="yes" />
          </ranges>
        </function>
        <function id="33286" token="0x60002b7" name="set_Enabled(bool)" namespace="FluentValidation.Resources" type_name="LanguageManager" block_coverage="0.00" line_coverage="0.00" blocks_covered="0" blocks_not_covered="1" lines_covered="0" lines_partially_covered="0" lines_not_covered="1">
          <ranges>
            <range source_id="47" start_line="102" end_line="102" start_column="29" end_column="33" covered="no" />
          </ranges>
        </function>
        <function id="33295" token="0x60002b8" name="get_Culture()" namespace="FluentValidation.Resources" type_name="LanguageManager" block_coverage="100.00" line_coverage="100.00" blocks_covered="1" blocks_not_covered="0" lines_covered="1" lines_partially_covered="0" lines_not_covered="0">
          <ranges>
            <range source_id="47" start_line="107" end_line="107" start_column="31" end_column="35" covered="yes" />
          </ranges>
        </function>
        <function id="33303" token="0x60002b9" name="set_Culture(System.Globalization.CultureInfo)" namespace="FluentValidation.Resources" type_name="LanguageManager" block_coverage="0.00" line_coverage="0.00" blocks_covered="0" blocks_not_covered="1" lines_covered="0" lines_partially_covered="0" lines_not_covered="1">
          <ranges>
            <range source_id="47" start_line="107" end_line="107" start_column="36" end_column="40" covered="no" />
          </ranges>
        </function>
        <function id="33312" token="0x60002ba" name="Clear()" namespace="FluentValidation.Resources" type_name="LanguageManager" block_coverage="0.00" line_coverage="0.00" blocks_covered="0" blocks_not_covered="2" lines_covered="0" lines_partially_covered="0" lines_not_covered="2">
          <ranges>
            <range source_id="47" start_line="113" end_line="113" start_column="3" end_column="22" covered="no" />
            <range source_id="47" start_line="114" end_line="114" start_column="2" end_column="3" covered="no" />
          </ranges>
        </function>
        <function id="33328" token="0x60002bb" name="GetString(string, System.Globalization.CultureInfo)" namespace="FluentValidation.Resources" type_name="LanguageManager" block_coverage="34.09" line_coverage="35.71" blocks_covered="15" blocks_not_covered="29" lines_covered="5" lines_partially_covered="3" lines_not_covered="6">
          <ranges>
            <range source_id="47" start_line="126" end_line="126" start_column="3" end_column="15" covered="yes" />
            <range source_id="47" start_line="127" end_line="127" start_column="4" end_column="65" covered="yes" />
            <range source_id="47" start_line="129" end_line="129" start_column="4" end_column="56" covered="yes" />
            <range source_id="47" start_line="130" end_line="130" start_column="4" end_column="91" covered="yes" />
            <range source_id="47" start_line="133" end_line="133" start_column="4" end_column="33" covered="yes" />
            <range source_id="47" start_line="135" end_line="135" start_column="5" end_column="44" covered="no" />
            <range source_id="47" start_line="136" end_line="136" start_column="5" end_column="63" covered="no" />
            <range source_id="47" start_line="137" end_line="137" start_column="5" end_column="98" covered="no" />
            <range source_id="47" start_line="134" end_line="134" start_column="4" end_column="82" covered="partial" />
            <range source_id="47" start_line="140" end_line="140" start_column="4" end_column="65" covered="partial" />
            <range source_id="47" start_line="142" end_line="142" start_column="5" end_column="85" covered="no" />
            <range source_id="47" start_line="143" end_line="143" start_column="6" end_column="113" covered="no" />
            <range source_id="47" start_line="148" end_line="148" start_column="4" end_column="111" covered="no" />
            <range source_id="47" start_line="151" end_line="151" start_column="3" end_column="32" covered="partial" />
          </ranges>
        </function>
        <function id="33824" token="0x60002bc" name="AddTranslation(string, string, string)" namespace="FluentValidation.Resources" type_name="LanguageManager" block_coverage="0.00" line_coverage="0.00" blocks_covered="0" blocks_not_covered="15" lines_covered="0" lines_partially_covered="0" lines_not_covered="5">
          <ranges>
            <range source_id="47" start_line="155" end_line="155" start_column="3" end_column="38" covered="no" />
            <range source_id="47" start_line="155" end_line="155" start_column="39" end_column="89" covered="no" />
            <range source_id="47" start_line="156" end_line="156" start_column="3" end_column="33" covered="no" />
            <range source_id="47" start_line="156" end_line="156" start_column="34" end_column="79" covered="no" />
            <range source_id="47" start_line="157" end_line="157" start_column="3" end_column="37" covered="no" />
            <range source_id="47" start_line="157" end_line="157" start_column="38" end_column="87" covered="no" />
            <range source_id="47" start_line="159" end_line="159" start_column="3" end_column="46" covered="no" />
            <range source_id="47" start_line="160" end_line="160" start_column="2" end_column="3" covered="no" />
          </ranges>
        </function>
        <function id="33918" token="0x60002bd" name="LanguageManager()" namespace="FluentValidation.Resources" type_name="LanguageManager" block_coverage="100.00" line_coverage="100.00" blocks_covered="3" blocks_not_covered="0" lines_covered="2" lines_partially_covered="0" lines_not_covered="0">
          <ranges>
            <range source_id="47" start_line="31" end_line="31" start_column="2" end_column="112" covered="yes" />
            <range source_id="47" start_line="102" end_line="102" start_column="38" end_column="42" covered="yes" />
          </ranges>
        </function>
        <function id="33944" token="0x60002be" name="GetTranslation(string)" namespace="FluentValidation.Resources" type_name="AlbanianLanguage" block_coverage="0.00" line_coverage="0.00" blocks_covered="0" blocks_not_covered="157" lines_covered="0" lines_partially_covered="0" lines_not_covered="32">
          <ranges>
            <range source_id="48" start_line="30" end_line="61" start_column="53" end_column="3" covered="no" />
            <range source_id="48" start_line="31" end_line="31" start_column="23" end_column="78" covered="no" />
            <range source_id="48" start_line="32" end_line="32" start_column="36" end_column="122" covered="no" />
            <range source_id="48" start_line="33" end_line="33" start_column="29" end_column="96" covered="no" />
            <range source_id="48" start_line="34" end_line="34" start_column="24" end_column="144" covered="no" />
            <range source_id="48" start_line="35" end_line="35" start_column="31" end_column="148" covered="no" />
            <range source_id="48" start_line="36" end_line="36" start_column="31" end_column="149" covered="no" />
            <range source_id="48" start_line="37" end_line="37" start_column="33" end_column="117" covered="no" />
            <range source_id="48" start_line="38" end_line="38" start_column="26" end_column="93" covered="no" />
            <range source_id="48" start_line="39" end_line="39" start_column="26" end_column="68" covered="no" />
            <range source_id="48" start_line="40" end_line="40" start_column="26" end_column="98" covered="no" />
            <range source_id="48" start_line="41" end_line="41" start_column="25" end_column="67" covered="no" />
            <range source_id="48" start_line="42" end_line="42" start_column="27" end_column="83" covered="no" />
            <range source_id="48" start_line="43" end_line="43" start_column="32" end_column="88" covered="no" />
            <range source_id="48" start_line="44" end_line="44" start_column="35" end_column="84" covered="no" />
            <range source_id="48" start_line="45" end_line="45" start_column="23" end_column="91" covered="no" />
            <range source_id="48" start_line="46" end_line="46" start_column="29" end_column="136" covered="no" />
            <range source_id="48" start_line="47" end_line="47" start_column="34" end_column="122" covered="no" />
            <range source_id="48" start_line="48" end_line="48" start_column="34" end_column="137" covered="no" />
            <range source_id="48" start_line="49" end_line="49" start_column="28" end_column="92" covered="no" />
            <range source_id="48" start_line="50" end_line="50" start_column="32" end_column="225" covered="no" />
            <range source_id="48" start_line="51" end_line="51" start_column="23" end_column="65" covered="no" />
            <range source_id="48" start_line="52" end_line="52" start_column="22" end_column="60" covered="no" />
            <range source_id="48" start_line="53" end_line="53" start_column="22" end_column="103" covered="no" />
            <range source_id="48" start_line="55" end_line="55" start_column="22" end_column="101" covered="no" />
            <range source_id="48" start_line="56" end_line="56" start_column="29" end_column="105" covered="no" />
            <range source_id="48" start_line="57" end_line="57" start_column="29" end_column="106" covered="no" />
            <range source_id="48" start_line="58" end_line="58" start_column="27" end_column="93" covered="no" />
            <range source_id="48" start_line="59" end_line="59" start_column="32" end_column="87" covered="no" />
            <range source_id="48" start_line="60" end_line="60" start_column="8" end_column="12" covered="no" />
          </ranges>
        </function>
        <function id="35196" token="0x60002c0" name="GetTranslation(string)" namespace="FluentValidation.Resources" type_name="ArabicLanguage" block_coverage="0.00" line_coverage="0.00" blocks_covered="0" blocks_not_covered="157" lines_covered="0" lines_partially_covered="0" lines_not_covered="32">
          <ranges>
            <range source_id="49" start_line="28" end_line="59" start_column="53" end_column="3" covered="no" />
            <range source_id="49" start_line="29" end_line="29" start_column="23" end_column="65" covered="no" />
            <range source_id="49" start_line="30" end_line="30" start_column="36" end_column="104" covered="no" />
            <range source_id="49" start_line="31" end_line="31" start_column="29" end_column="88" covered="no" />
            <range source_id="49" start_line="32" end_line="32" start_column="24" end_column="128" covered="no" />
            <range source_id="49" start_line="33" end_line="33" start_column="31" end_column="124" covered="no" />
            <range source_id="49" start_line="34" end_line="34" start_column="31" end_column="124" covered="no" />
            <range source_id="49" start_line="35" end_line="35" start_column="33" end_column="100" covered="no" />
            <range source_id="49" start_line="36" end_line="36" start_column="26" end_column="84" covered="no" />
            <range source_id="49" start_line="37" end_line="37" start_column="26" end_column="67" covered="no" />
            <range source_id="49" start_line="38" end_line="38" start_column="26" end_column="79" covered="no" />
            <range source_id="49" start_line="39" end_line="39" start_column="25" end_column="66" covered="no" />
            <range source_id="49" start_line="40" end_line="40" start_column="27" end_column="70" covered="no" />
            <range source_id="49" start_line="41" end_line="41" start_column="32" end_column="75" covered="no" />
            <range source_id="49" start_line="42" end_line="42" start_column="35" end_column="74" covered="no" />
            <range source_id="49" start_line="43" end_line="43" start_column="23" end_column="75" covered="no" />
            <range source_id="49" start_line="44" end_line="44" start_column="29" end_column="122" covered="no" />
            <range source_id="49" start_line="45" end_line="45" start_column="34" end_column="113" covered="no" />
            <range source_id="49" start_line="46" end_line="46" start_column="34" end_column="122" covered="no" />
            <range source_id="49" start_line="47" end_line="47" start_column="28" end_column="73" covered="no" />
            <range source_id="49" start_line="48" end_line="48" start_column="32" end_column="218" covered="no" />
            <range source_id="49" start_line="49" end_line="49" start_column="23" end_column="61" covered="no" />
            <range source_id="49" start_line="50" end_line="50" start_column="22" end_column="60" covered="no" />
            <range source_id="49" start_line="51" end_line="51" start_column="22" end_column="99" covered="no" />
            <range source_id="49" start_line="53" end_line="53" start_column="22" end_column="94" covered="no" />
            <range source_id="49" start_line="54" end_line="54" start_column="29" end_column="90" covered="no" />
            <range source_id="49" start_line="55" end_line="55" start_column="29" end_column="90" covered="no" />
            <range source_id="49" start_line="56" end_line="56" start_column="27" end_column="88" covered="no" />
            <range source_id="49" start_line="57" end_line="57" start_column="32" end_column="81" covered="no" />
            <range source_id="49" start_line="58" end_line="58" start_column="8" end_column="12" covered="no" />
          </ranges>
        </function>
        <function id="36448" token="0x60002c2" name="GetTranslation(string)" namespace="FluentValidation.Resources" type_name="AzerbaijaneseLanguage" block_coverage="0.00" line_coverage="0.00" blocks_covered="0" blocks_not_covered="157" lines_covered="0" lines_partially_covered="0" lines_not_covered="32">
          <ranges>
            <range source_id="50" start_line="28" end_line="59" start_column="53" end_column="3" covered="no" />
            <range source_id="50" start_line="29" end_line="29" start_column="23" end_column="75" covered="no" />
            <range source_id="50" start_line="30" end_line="30" start_column="36" end_column="123" covered="no" />
            <range source_id="50" start_line="31" end_line="31" start_column="29" end_column="102" covered="no" />
            <range source_id="50" start_line="32" end_line="32" start_column="24" end_column="166" covered="no" />
            <range source_id="50" start_line="33" end_line="33" start_column="31" end_column="141" covered="no" />
            <range source_id="50" start_line="34" end_line="34" start_column="31" end_column="141" covered="no" />
            <range source_id="50" start_line="35" end_line="35" start_column="33" end_column="114" covered="no" />
            <range source_id="50" start_line="36" end_line="36" start_column="26" end_column="93" covered="no" />
            <range source_id="50" start_line="37" end_line="37" start_column="26" end_column="61" covered="no" />
            <range source_id="50" start_line="38" end_line="38" start_column="26" end_column="95" covered="no" />
            <range source_id="50" start_line="39" end_line="39" start_column="25" end_column="62" covered="no" />
            <range source_id="50" start_line="40" end_line="40" start_column="27" end_column="81" covered="no" />
            <range source_id="50" start_line="41" end_line="41" start_column="32" end_column="85" covered="no" />
            <range source_id="50" start_line="42" end_line="42" start_column="35" end_column="85" covered="no" />
            <range source_id="50" start_line="43" end_line="43" start_column="23" end_column="90" covered="no" />
            <range source_id="50" start_line="44" end_line="44" start_column="29" end_column="133" covered="no" />
            <range source_id="50" start_line="45" end_line="45" start_column="34" end_column="132" covered="no" />
            <range source_id="50" start_line="46" end_line="46" start_column="34" end_column="160" covered="no" />
            <range source_id="50" start_line="47" end_line="47" start_column="28" end_column="82" covered="no" />
            <range source_id="50" start_line="48" end_line="48" start_column="32" end_column="221" covered="no" />
            <range source_id="50" start_line="49" end_line="49" start_column="23" end_column="56" covered="no" />
            <range source_id="50" start_line="50" end_line="50" start_column="22" end_column="55" covered="no" />
            <range source_id="50" start_line="51" end_line="51" start_column="22" end_column="102" covered="no" />
            <range source_id="50" start_line="53" end_line="53" start_column="22" end_column="109" covered="no" />
            <range source_id="50" start_line="54" end_line="54" start_column="29" end_column="101" covered="no" />
            <range source_id="50" start_line="55" end_line="55" start_column="29" end_column="101" covered="no" />
            <range source_id="50" start_line="56" end_line="56" start_column="27" end_column="88" covered="no" />
            <range source_id="50" start_line="57" end_line="57" start_column="32" end_column="88" covered="no" />
            <range source_id="50" start_line="58" end_line="58" start_column="8" end_column="12" covered="no" />
          </ranges>
        </function>
        <function id="37700" token="0x60002c4" name="GetTranslation(string)" namespace="FluentValidation.Resources" type_name="BengaliLanguage" block_coverage="0.00" line_coverage="0.00" blocks_covered="0" blocks_not_covered="157" lines_covered="0" lines_partially_covered="0" lines_not_covered="32">
          <ranges>
            <range source_id="51" start_line="28" end_line="59" start_column="53" end_column="3" covered="no" />
            <range source_id="51" start_line="29" end_line="29" start_column="23" end_column="62" covered="no" />
            <range source_id="51" start_line="30" end_line="30" start_column="36" end_column="104" covered="no" />
            <range source_id="51" start_line="31" end_line="31" start_column="29" end_column="87" covered="no" />
            <range source_id="51" start_line="32" end_line="32" start_column="24" end_column="150" covered="no" />
            <range source_id="51" start_line="33" end_line="33" start_column="31" end_column="150" covered="no" />
            <range source_id="51" start_line="34" end_line="34" start_column="31" end_column="149" covered="no" />
            <range source_id="51" start_line="35" end_line="35" start_column="33" end_column="99" covered="no" />
            <range source_id="51" start_line="36" end_line="36" start_column="26" end_column="87" covered="no" />
            <range source_id="51" start_line="37" end_line="37" start_column="26" end_column="63" covered="no" />
            <range source_id="51" start_line="38" end_line="38" start_column="26" end_column="77" covered="no" />
            <range source_id="51" start_line="39" end_line="39" start_column="25" end_column="62" covered="no" />
            <range source_id="51" start_line="40" end_line="40" start_column="27" end_column="78" covered="no" />
            <range source_id="51" start_line="41" end_line="41" start_column="32" end_column="83" covered="no" />
            <range source_id="51" start_line="42" end_line="42" start_column="35" end_column="72" covered="no" />
            <range source_id="51" start_line="43" end_line="43" start_column="23" end_column="81" covered="no" />
            <range source_id="51" start_line="44" end_line="44" start_column="29" end_column="131" covered="no" />
            <range source_id="51" start_line="45" end_line="45" start_column="34" end_column="126" covered="no" />
            <range source_id="51" start_line="46" end_line="46" start_column="34" end_column="130" covered="no" />
            <range source_id="51" start_line="47" end_line="47" start_column="28" end_column="75" covered="no" />
            <range source_id="51" start_line="48" end_line="48" start_column="32" end_column="178" covered="no" />
            <range source_id="51" start_line="49" end_line="49" start_column="23" end_column="58" covered="no" />
            <range source_id="51" start_line="50" end_line="50" start_column="22" end_column="57" covered="no" />
            <range source_id="51" start_line="51" end_line="51" start_column="22" end_column="77" covered="no" />
            <range source_id="51" start_line="53" end_line="53" start_column="22" end_column="106" covered="no" />
            <range source_id="51" start_line="54" end_line="54" start_column="29" end_column="106" covered="no" />
            <range source_id="51" start_line="55" end_line="55" start_column="29" end_column="108" covered="no" />
            <range source_id="51" start_line="56" end_line="56" start_column="27" end_column="87" covered="no" />
            <range source_id="51" start_line="57" end_line="57" start_column="32" end_column="88" covered="no" />
            <range source_id="51" start_line="58" end_line="58" start_column="8" end_column="12" covered="no" />
          </ranges>
        </function>
        <function id="38952" token="0x60002c6" name="GetTranslation(string)" namespace="FluentValidation.Resources" type_name="BosnianLanguage" block_coverage="0.00" line_coverage="0.00" blocks_covered="0" blocks_not_covered="157" lines_covered="0" lines_partially_covered="0" lines_not_covered="32">
          <ranges>
            <range source_id="52" start_line="28" end_line="59" start_column="53" end_column="3" covered="no" />
            <range source_id="52" start_line="29" end_line="29" start_column="23" end_column="68" covered="no" />
            <range source_id="52" start_line="30" end_line="30" start_column="36" end_column="102" covered="no" />
            <range source_id="52" start_line="31" end_line="31" start_column="29" end_column="86" covered="no" />
            <range source_id="52" start_line="32" end_line="32" start_column="24" end_column="133" covered="no" />
            <range source_id="52" start_line="33" end_line="33" start_column="31" end_column="128" covered="no" />
            <range source_id="52" start_line="34" end_line="34" start_column="31" end_column="131" covered="no" />
            <range source_id="52" start_line="35" end_line="35" start_column="33" end_column="100" covered="no" />
            <range source_id="52" start_line="36" end_line="36" start_column="26" end_column="84" covered="no" />
            <range source_id="52" start_line="37" end_line="37" start_column="26" end_column="66" covered="no" />
            <range source_id="52" start_line="38" end_line="38" start_column="26" end_column="86" covered="no" />
            <range source_id="52" start_line="39" end_line="39" start_column="25" end_column="65" covered="no" />
            <range source_id="52" start_line="40" end_line="40" start_column="27" end_column="75" covered="no" />
            <range source_id="52" start_line="41" end_line="41" start_column="32" end_column="80" covered="no" />
            <range source_id="52" start_line="42" end_line="42" start_column="35" end_column="83" covered="no" />
            <range source_id="52" start_line="43" end_line="43" start_column="23" end_column="79" covered="no" />
            <range source_id="52" start_line="44" end_line="44" start_column="29" end_column="123" covered="no" />
            <range source_id="52" start_line="45" end_line="45" start_column="34" end_column="112" covered="no" />
            <range source_id="52" start_line="46" end_line="46" start_column="34" end_column="126" covered="no" />
            <range source_id="52" start_line="47" end_line="47" start_column="28" end_column="77" covered="no" />
            <range source_id="52" start_line="48" end_line="48" start_column="32" end_column="213" covered="no" />
            <range source_id="52" start_line="49" end_line="49" start_column="23" end_column="59" covered="no" />
            <range source_id="52" start_line="50" end_line="50" start_column="22" end_column="58" covered="no" />
            <range source_id="52" start_line="51" end_line="51" start_column="22" end_column="100" covered="no" />
            <range source_id="52" start_line="53" end_line="53" start_column="22" end_column="95" covered="no" />
            <range source_id="52" start_line="54" end_line="54" start_column="29" end_column="90" covered="no" />
            <range source_id="52" start_line="55" end_line="55" start_column="29" end_column="93" covered="no" />
            <range source_id="52" start_line="56" end_line="56" start_column="27" end_column="85" covered="no" />
            <range source_id="52" start_line="57" end_line="57" start_column="32" end_column="82" covered="no" />
            <range source_id="52" start_line="58" end_line="58" start_column="8" end_column="12" covered="no" />
          </ranges>
        </function>
        <function id="40204" token="0x60002c8" name="GetTranslation(string)" namespace="FluentValidation.Resources" type_name="BulgarianLanguage" block_coverage="0.00" line_coverage="0.00" blocks_covered="0" blocks_not_covered="157" lines_covered="0" lines_partially_covered="0" lines_not_covered="32">
          <ranges>
            <range source_id="53" start_line="28" end_line="59" start_column="53" end_column="3" covered="no" />
            <range source_id="53" start_line="29" end_line="29" start_column="23" end_column="68" covered="no" />
            <range source_id="53" start_line="30" end_line="30" start_column="36" end_column="114" covered="no" />
            <range source_id="53" start_line="31" end_line="31" start_column="29" end_column="96" covered="no" />
            <range source_id="53" start_line="32" end_line="32" start_column="24" end_column="132" covered="no" />
            <range source_id="53" start_line="33" end_line="33" start_column="31" end_column="144" covered="no" />
            <range source_id="53" start_line="34" end_line="34" start_column="31" end_column="135" covered="no" />
            <range source_id="53" start_line="35" end_line="35" start_column="33" end_column="109" covered="no" />
            <range source_id="53" start_line="36" end_line="36" start_column="26" end_column="92" covered="no" />
            <range source_id="53" start_line="37" end_line="37" start_column="26" end_column="70" covered="no" />
            <range source_id="53" start_line="38" end_line="38" start_column="26" end_column="92" covered="no" />
            <range source_id="53" start_line="39" end_line="39" start_column="25" end_column="69" covered="no" />
            <range source_id="53" start_line="40" end_line="40" start_column="27" end_column="86" covered="no" />
            <range source_id="53" start_line="41" end_line="41" start_column="32" end_column="91" covered="no" />
            <range source_id="53" start_line="42" end_line="42" start_column="35" end_column="78" covered="no" />
            <range source_id="53" start_line="43" end_line="43" start_column="23" end_column="86" covered="no" />
            <range source_id="53" start_line="44" end_line="44" start_column="29" end_column="124" covered="no" />
            <range source_id="53" start_line="45" end_line="45" start_column="34" end_column="119" covered="no" />
            <range source_id="53" start_line="46" end_line="46" start_column="34" end_column="134" covered="no" />
            <range source_id="53" start_line="47" end_line="47" start_column="28" end_column="84" covered="no" />
            <range source_id="53" start_line="48" end_line="48" start_column="32" end_column="226" covered="no" />
            <range source_id="53" start_line="49" end_line="49" start_column="23" end_column="64" covered="no" />
            <range source_id="53" start_line="50" end_line="50" start_column="22" end_column="63" covered="no" />
            <range source_id="53" start_line="51" end_line="51" start_column="22" end_column="91" covered="no" />
            <range source_id="53" start_line="53" end_line="53" start_column="22" end_column="101" covered="no" />
            <range source_id="53" start_line="54" end_line="54" start_column="29" end_column="101" covered="no" />
            <range source_id="53" start_line="55" end_line="55" start_column="29" end_column="114" covered="no" />
            <range source_id="53" start_line="56" end_line="56" start_column="27" end_column="94" covered="no" />
            <range source_id="53" start_line="57" end_line="57" start_column="32" end_column="86" covered="no" />
            <range source_id="53" start_line="58" end_line="58" start_column="8" end_column="12" covered="no" />
          </ranges>
        </function>
        <function id="41456" token="0x60002ca" name="GetTranslation(string)" namespace="FluentValidation.Resources" type_name="CatalanLanguage" block_coverage="0.00" line_coverage="0.00" blocks_covered="0" blocks_not_covered="157" lines_covered="0" lines_partially_covered="0" lines_not_covered="32">
          <ranges>
            <range source_id="54" start_line="28" end_line="59" start_column="53" end_column="3" covered="no" />
            <range source_id="54" start_line="29" end_line="29" start_column="23" end_column="87" covered="no" />
            <range source_id="54" start_line="30" end_line="30" start_column="36" end_column="106" covered="no" />
            <range source_id="54" start_line="31" end_line="31" start_column="29" end_column="91" covered="no" />
            <range source_id="54" start_line="32" end_line="32" start_column="24" end_column="136" covered="no" />
            <range source_id="54" start_line="33" end_line="33" start_column="31" end_column="139" covered="no" />
            <range source_id="54" start_line="34" end_line="34" start_column="31" end_column="136" covered="no" />
            <range source_id="54" start_line="35" end_line="35" start_column="33" end_column="100" covered="no" />
            <range source_id="54" start_line="36" end_line="36" start_column="26" end_column="85" covered="no" />
            <range source_id="54" start_line="37" end_line="37" start_column="26" end_column="68" covered="no" />
            <range source_id="54" start_line="38" end_line="38" start_column="26" end_column="90" covered="no" />
            <range source_id="54" start_line="39" end_line="39" start_column="25" end_column="63" covered="no" />
            <range source_id="54" start_line="40" end_line="40" start_column="27" end_column="87" covered="no" />
            <range source_id="54" start_line="41" end_line="41" start_column="32" end_column="92" covered="no" />
            <range source_id="54" start_line="42" end_line="42" start_column="35" end_column="79" covered="no" />
            <range source_id="54" start_line="43" end_line="43" start_column="23" end_column="84" covered="no" />
            <range source_id="54" start_line="44" end_line="44" start_column="29" end_column="137" covered="no" />
            <range source_id="54" start_line="45" end_line="45" start_column="34" end_column="138" covered="no" />
            <range source_id="54" start_line="46" end_line="46" start_column="34" end_column="127" covered="no" />
            <range source_id="54" start_line="47" end_line="47" start_column="28" end_column="90" covered="no" />
            <range source_id="54" start_line="48" end_line="48" start_column="32" end_column="197" covered="no" />
            <range source_id="54" start_line="49" end_line="49" start_column="23" end_column="58" covered="no" />
            <range source_id="54" start_line="50" end_line="50" start_column="22" end_column="57" covered="no" />
            <range source_id="54" start_line="51" end_line="51" start_column="22" end_column="94" covered="no" />
            <range source_id="54" start_line="53" end_line="53" start_column="22" end_column="95" covered="no" />
            <range source_id="54" start_line="54" end_line="54" start_column="29" end_column="101" covered="no" />
            <range source_id="54" start_line="55" end_line="55" start_column="29" end_column="98" covered="no" />
            <range source_id="54" start_line="56" end_line="56" start_column="27" end_column="96" covered="no" />
            <range source_id="54" start_line="57" end_line="57" start_column="32" end_column="82" covered="no" />
            <range source_id="54" start_line="58" end_line="58" start_column="8" end_column="12" covered="no" />
          </ranges>
        </function>
        <function id="42708" token="0x60002cc" name="GetTranslation(string)" namespace="FluentValidation.Resources" type_name="ChineseSimplifiedLanguage" block_coverage="0.00" line_coverage="0.00" blocks_covered="0" blocks_not_covered="157" lines_covered="0" lines_partially_covered="0" lines_not_covered="32">
          <ranges>
            <range source_id="55" start_line="28" end_line="59" start_column="53" end_column="3" covered="no" />
            <range source_id="55" start_line="29" end_line="29" start_column="23" end_column="54" covered="no" />
            <range source_id="55" start_line="30" end_line="30" start_column="36" end_column="83" covered="no" />
            <range source_id="55" start_line="31" end_line="31" start_column="29" end_column="73" covered="no" />
            <range source_id="55" start_line="32" end_line="32" start_column="24" end_column="101" covered="no" />
            <range source_id="55" start_line="33" end_line="33" start_column="31" end_column="93" covered="no" />
            <range source_id="55" start_line="34" end_line="34" start_column="31" end_column="93" covered="no" />
            <range source_id="55" start_line="35" end_line="35" start_column="33" end_column="80" covered="no" />
            <range source_id="55" start_line="36" end_line="36" start_column="26" end_column="70" covered="no" />
            <range source_id="55" start_line="37" end_line="37" start_column="26" end_column="50" covered="no" />
            <range source_id="55" start_line="38" end_line="38" start_column="26" end_column="72" covered="no" />
            <range source_id="55" start_line="39" end_line="39" start_column="25" end_column="52" covered="no" />
            <range source_id="55" start_line="40" end_line="40" start_column="27" end_column="55" covered="no" />
            <range source_id="55" start_line="41" end_line="41" start_column="32" end_column="60" covered="no" />
            <range source_id="55" start_line="42" end_line="42" start_column="35" end_column="61" covered="no" />
            <range source_id="55" start_line="43" end_line="43" start_column="23" end_column="69" covered="no" />
            <range source_id="55" start_line="44" end_line="44" start_column="29" end_column="90" covered="no" />
            <range source_id="55" start_line="45" end_line="45" start_column="34" end_column="104" covered="no" />
            <range source_id="55" start_line="46" end_line="46" start_column="34" end_column="106" covered="no" />
            <range source_id="55" start_line="47" end_line="47" start_column="28" end_column="57" covered="no" />
            <range source_id="55" start_line="48" end_line="48" start_column="32" end_column="148" covered="no" />
            <range source_id="55" start_line="49" end_line="49" start_column="23" end_column="47" covered="no" />
            <range source_id="55" start_line="50" end_line="50" start_column="22" end_column="49" covered="no" />
            <range source_id="55" start_line="51" end_line="51" start_column="22" end_column="67" covered="no" />
            <range source_id="55" start_line="53" end_line="53" start_column="22" end_column="77" covered="no" />
            <range source_id="55" start_line="54" end_line="54" start_column="29" end_column="70" covered="no" />
            <range source_id="55" start_line="55" end_line="55" start_column="29" end_column="70" covered="no" />
            <range source_id="55" start_line="56" end_line="56" start_column="27" end_column="66" covered="no" />
            <range source_id="55" start_line="57" end_line="57" start_column="32" end_column="80" covered="no" />
            <range source_id="55" start_line="58" end_line="58" start_column="8" end_column="12" covered="no" />
          </ranges>
        </function>
        <function id="43960" token="0x60002ce" name="GetTranslation(string)" namespace="FluentValidation.Resources" type_name="ChineseTraditionalLanguage" block_coverage="0.00" line_coverage="0.00" blocks_covered="0" blocks_not_covered="157" lines_covered="0" lines_partially_covered="0" lines_not_covered="32">
          <ranges>
            <range source_id="56" start_line="28" end_line="59" start_column="53" end_column="3" covered="no" />
            <range source_id="56" start_line="29" end_line="29" start_column="23" end_column="54" covered="no" />
            <range source_id="56" start_line="30" end_line="30" start_column="36" end_column="83" covered="no" />
            <range source_id="56" start_line="31" end_line="31" start_column="29" end_column="73" covered="no" />
            <range source_id="56" start_line="32" end_line="32" start_column="24" end_column="101" covered="no" />
            <range source_id="56" start_line="33" end_line="33" start_column="31" end_column="93" covered="no" />
            <range source_id="56" start_line="34" end_line="34" start_column="31" end_column="93" covered="no" />
            <range source_id="56" start_line="35" end_line="35" start_column="33" end_column="80" covered="no" />
            <range source_id="56" start_line="36" end_line="36" start_column="26" end_column="70" covered="no" />
            <range source_id="56" start_line="37" end_line="37" start_column="26" end_column="50" covered="no" />
            <range source_id="56" start_line="38" end_line="38" start_column="26" end_column="72" covered="no" />
            <range source_id="56" start_line="39" end_line="39" start_column="25" end_column="52" covered="no" />
            <range source_id="56" start_line="40" end_line="40" start_column="27" end_column="55" covered="no" />
            <range source_id="56" start_line="41" end_line="41" start_column="32" end_column="60" covered="no" />
            <range source_id="56" start_line="42" end_line="42" start_column="35" end_column="61" covered="no" />
            <range source_id="56" start_line="43" end_line="43" start_column="23" end_column="69" covered="no" />
            <range source_id="56" start_line="44" end_line="44" start_column="29" end_column="90" covered="no" />
            <range source_id="56" start_line="45" end_line="45" start_column="34" end_column="104" covered="no" />
            <range source_id="56" start_line="46" end_line="46" start_column="34" end_column="106" covered="no" />
            <range source_id="56" start_line="47" end_line="47" start_column="28" end_column="58" covered="no" />
            <range source_id="56" start_line="48" end_line="48" start_column="32" end_column="148" covered="no" />
            <range source_id="56" start_line="49" end_line="49" start_column="23" end_column="47" covered="no" />
            <range source_id="56" start_line="50" end_line="50" start_column="22" end_column="49" covered="no" />
            <range source_id="56" start_line="51" end_line="51" start_column="22" end_column="68" covered="no" />
            <range source_id="56" start_line="53" end_line="53" start_column="22" end_column="77" covered="no" />
            <range source_id="56" start_line="54" end_line="54" start_column="29" end_column="70" covered="no" />
            <range source_id="56" start_line="55" end_line="55" start_column="29" end_column="70" covered="no" />
            <range source_id="56" start_line="56" end_line="56" start_column="27" end_column="66" covered="no" />
            <range source_id="56" start_line="57" end_line="57" start_column="32" end_column="80" covered="no" />
            <range source_id="56" start_line="58" end_line="58" start_column="8" end_column="12" covered="no" />
          </ranges>
        </function>
        <function id="45212" token="0x60002d0" name="GetTranslation(string)" namespace="FluentValidation.Resources" type_name="CroatianLanguage" block_coverage="0.00" line_coverage="0.00" blocks_covered="0" blocks_not_covered="157" lines_covered="0" lines_partially_covered="0" lines_not_covered="32">
          <ranges>
            <range source_id="57" start_line="28" end_line="59" start_column="53" end_column="3" covered="no" />
            <range source_id="57" start_line="29" end_line="29" start_column="23" end_column="70" covered="no" />
            <range source_id="57" start_line="30" end_line="30" start_column="36" end_column="101" covered="no" />
            <range source_id="57" start_line="31" end_line="31" start_column="29" end_column="86" covered="no" />
            <range source_id="57" start_line="32" end_line="32" start_column="24" end_column="129" covered="no" />
            <range source_id="57" start_line="33" end_line="33" start_column="31" end_column="133" covered="no" />
            <range source_id="57" start_line="34" end_line="34" start_column="31" end_column="134" covered="no" />
            <range source_id="57" start_line="35" end_line="35" start_column="33" end_column="99" covered="no" />
            <range source_id="57" start_line="36" end_line="36" start_column="26" end_column="84" covered="no" />
            <range source_id="57" start_line="37" end_line="37" start_column="26" end_column="66" covered="no" />
            <range source_id="57" start_line="38" end_line="38" start_column="26" end_column="86" covered="no" />
            <range source_id="57" start_line="39" end_line="39" start_column="25" end_column="57" covered="no" />
            <range source_id="57" start_line="40" end_line="40" start_column="27" end_column="60" covered="no" />
            <range source_id="57" start_line="41" end_line="41" start_column="32" end_column="65" covered="no" />
            <range source_id="57" start_line="42" end_line="42" start_column="35" end_column="83" covered="no" />
            <range source_id="57" start_line="43" end_line="43" start_column="23" end_column="79" covered="no" />
            <range source_id="57" start_line="44" end_line="44" start_column="29" end_column="119" covered="no" />
            <range source_id="57" start_line="45" end_line="45" start_column="34" end_column="113" covered="no" />
            <range source_id="57" start_line="46" end_line="46" start_column="34" end_column="138" covered="no" />
            <range source_id="57" start_line="47" end_line="47" start_column="28" end_column="82" covered="no" />
            <range source_id="57" start_line="48" end_line="48" start_column="32" end_column="204" covered="no" />
            <range source_id="57" start_line="49" end_line="49" start_column="23" end_column="59" covered="no" />
            <range source_id="57" start_line="50" end_line="50" start_column="22" end_column="58" covered="no" />
            <range source_id="57" start_line="51" end_line="51" start_column="22" end_column="100" covered="no" />
            <range source_id="57" start_line="53" end_line="53" start_column="22" end_column="92" covered="no" />
            <range source_id="57" start_line="54" end_line="54" start_column="29" end_column="96" covered="no" />
            <range source_id="57" start_line="55" end_line="55" start_column="29" end_column="97" covered="no" />
            <range source_id="57" start_line="56" end_line="56" start_column="27" end_column="82" covered="no" />
            <range source_id="57" start_line="57" end_line="57" start_column="32" end_column="82" covered="no" />
            <range source_id="57" start_line="58" end_line="58" start_column="8" end_column="12" covered="no" />
          </ranges>
        </function>
        <function id="46464" token="0x60002d2" name="GetTranslation(string)" namespace="FluentValidation.Resources" type_name="CzechLanguage" block_coverage="0.00" line_coverage="0.00" blocks_covered="0" blocks_not_covered="157" lines_covered="0" lines_partially_covered="0" lines_not_covered="32">
          <ranges>
            <range source_id="58" start_line="28" end_line="59" start_column="53" end_column="3" covered="no" />
            <range source_id="58" start_line="29" end_line="29" start_column="23" end_column="87" covered="no" />
            <range source_id="58" start_line="30" end_line="30" start_column="36" end_column="114" covered="no" />
            <range source_id="58" start_line="31" end_line="31" start_column="29" end_column="100" covered="no" />
            <range source_id="58" start_line="32" end_line="32" start_column="24" end_column="148" covered="no" />
            <range source_id="58" start_line="33" end_line="33" start_column="31" end_column="148" covered="no" />
            <range source_id="58" start_line="34" end_line="34" start_column="31" end_column="148" covered="no" />
            <range source_id="58" start_line="35" end_line="35" start_column="33" end_column="111" covered="no" />
            <range source_id="58" start_line="36" end_line="36" start_column="26" end_column="97" covered="no" />
            <range source_id="58" start_line="37" end_line="37" start_column="26" end_column="68" covered="no" />
            <range source_id="58" start_line="38" end_line="38" start_column="26" end_column="86" covered="no" />
            <range source_id="58" start_line="39" end_line="39" start_column="25" end_column="67" covered="no" />
            <range source_id="58" start_line="40" end_line="40" start_column="27" end_column="79" covered="no" />
            <range source_id="58" start_line="41" end_line="41" start_column="32" end_column="84" covered="no" />
            <range source_id="58" start_line="42" end_line="42" start_column="35" end_column="79" covered="no" />
            <range source_id="58" start_line="43" end_line="43" start_column="23" end_column="90" covered="no" />
            <range source_id="58" start_line="44" end_line="44" start_column="29" end_column="128" covered="no" />
            <range source_id="58" start_line="45" end_line="45" start_column="34" end_column="143" covered="no" />
            <range source_id="58" start_line="46" end_line="46" start_column="34" end_column="149" covered="no" />
            <range source_id="58" start_line="47" end_line="47" start_column="28" end_column="95" covered="no" />
            <range source_id="58" start_line="48" end_line="48" start_column="32" end_column="203" covered="no" />
            <range source_id="58" start_line="49" end_line="49" start_column="23" end_column="64" covered="no" />
            <range source_id="58" start_line="50" end_line="50" start_column="22" end_column="63" covered="no" />
            <range source_id="58" start_line="51" end_line="51" start_column="22" end_column="99" covered="no" />
            <range source_id="58" start_line="53" end_line="53" start_column="22" end_column="104" covered="no" />
            <range source_id="58" start_line="54" end_line="54" start_column="29" end_column="104" covered="no" />
            <range source_id="58" start_line="55" end_line="55" start_column="29" end_column="104" covered="no" />
            <range source_id="58" start_line="56" end_line="56" start_column="27" end_column="84" covered="no" />
            <range source_id="58" start_line="57" end_line="57" start_column="32" end_column="101" covered="no" />
            <range source_id="58" start_line="58" end_line="58" start_column="8" end_column="12" covered="no" />
          </ranges>
        </function>
        <function id="47716" token="0x60002d4" name="GetTranslation(string)" namespace="FluentValidation.Resources" type_name="DanishLanguage" block_coverage="0.00" line_coverage="0.00" blocks_covered="0" blocks_not_covered="157" lines_covered="0" lines_partially_covered="0" lines_not_covered="32">
          <ranges>
            <range source_id="59" start_line="28" end_line="59" start_column="53" end_column="3" covered="no" />
            <range source_id="59" start_line="29" end_line="29" start_column="23" end_column="75" covered="no" />
            <range source_id="59" start_line="30" end_line="30" start_column="36" end_column="110" covered="no" />
            <range source_id="59" start_line="31" end_line="31" start_column="29" end_column="89" covered="no" />
            <range source_id="59" start_line="32" end_line="32" start_column="24" end_column="129" covered="no" />
            <range source_id="59" start_line="33" end_line="33" start_column="31" end_column="136" covered="no" />
            <range source_id="59" start_line="34" end_line="34" start_column="31" end_column="136" covered="no" />
            <range source_id="59" start_line="35" end_line="35" start_column="33" end_column="107" covered="no" />
            <range source_id="59" start_line="36" end_line="36" start_column="26" end_column="86" covered="no" />
            <range source_id="59" start_line="37" end_line="37" start_column="26" end_column="62" covered="no" />
            <range source_id="59" start_line="38" end_line="38" start_column="26" end_column="86" covered="no" />
            <range source_id="59" start_line="39" end_line="39" start_column="25" end_column="61" covered="no" />
            <range source_id="59" start_line="40" end_line="40" start_column="27" end_column="90" covered="no" />
            <range source_id="59" start_line="41" end_line="41" start_column="32" end_column="95" covered="no" />
            <range source_id="59" start_line="42" end_line="42" start_column="35" end_column="83" covered="no" />
            <range source_id="59" start_line="43" end_line="43" start_column="23" end_column="80" covered="no" />
            <range source_id="59" start_line="44" end_line="44" start_column="29" end_column="118" covered="no" />
            <range source_id="59" start_line="45" end_line="45" start_column="34" end_column="119" covered="no" />
            <range source_id="59" start_line="46" end_line="46" start_column="34" end_column="131" covered="no" />
            <range source_id="59" start_line="47" end_line="47" start_column="28" end_column="83" covered="no" />
            <range source_id="59" start_line="48" end_line="48" start_column="32" end_column="202" covered="no" />
            <range source_id="59" start_line="49" end_line="49" start_column="23" end_column="57" covered="no" />
            <range source_id="59" start_line="50" end_line="50" start_column="22" end_column="56" covered="no" />
            <range source_id="59" start_line="51" end_line="51" start_column="22" end_column="101" covered="no" />
            <range source_id="59" start_line="53" end_line="53" start_column="22" end_column="90" covered="no" />
            <range source_id="59" start_line="54" end_line="54" start_column="29" end_column="100" covered="no" />
            <range source_id="59" start_line="55" end_line="55" start_column="29" end_column="100" covered="no" />
            <range source_id="59" start_line="56" end_line="56" start_column="27" end_column="79" covered="no" />
            <range source_id="59" start_line="57" end_line="57" start_column="32" end_column="83" covered="no" />
            <range source_id="59" start_line="58" end_line="58" start_column="8" end_column="12" covered="no" />
          </ranges>
        </function>
        <function id="48968" token="0x60002d6" name="GetTranslation(string)" namespace="FluentValidation.Resources" type_name="DutchLanguage" block_coverage="0.00" line_coverage="0.00" blocks_covered="0" blocks_not_covered="157" lines_covered="0" lines_partially_covered="0" lines_not_covered="32">
          <ranges>
            <range source_id="60" start_line="28" end_line="59" start_column="53" end_column="3" covered="no" />
            <range source_id="60" start_line="29" end_line="29" start_column="23" end_column="69" covered="no" />
            <range source_id="60" start_line="30" end_line="30" start_column="23" end_column="83" covered="no" />
            <range source_id="60" start_line="31" end_line="31" start_column="36" end_column="115" covered="no" />
            <range source_id="60" start_line="32" end_line="32" start_column="29" end_column="89" covered="no" />
            <range source_id="60" start_line="33" end_line="33" start_column="24" end_column="154" covered="no" />
            <range source_id="60" start_line="34" end_line="34" start_column="31" end_column="164" covered="no" />
            <range source_id="60" start_line="35" end_line="35" start_column="31" end_column="165" covered="no" />
            <range source_id="60" start_line="36" end_line="36" start_column="33" end_column="113" covered="no" />
            <range source_id="60" start_line="37" end_line="37" start_column="26" end_column="87" covered="no" />
            <range source_id="60" start_line="38" end_line="38" start_column="26" end_column="64" covered="no" />
            <range source_id="60" start_line="39" end_line="39" start_column="26" end_column="86" covered="no" />
            <range source_id="60" start_line="40" end_line="40" start_column="25" end_column="63" covered="no" />
            <range source_id="60" start_line="41" end_line="41" start_column="27" end_column="76" covered="no" />
            <range source_id="60" start_line="42" end_line="42" start_column="32" end_column="81" covered="no" />
            <range source_id="60" start_line="43" end_line="43" start_column="35" end_column="93" covered="no" />
            <range source_id="60" start_line="44" end_line="44" start_column="29" end_column="137" covered="no" />
            <range source_id="60" start_line="45" end_line="45" start_column="22" end_column="92" covered="no" />
            <range source_id="60" start_line="46" end_line="46" start_column="28" end_column="81" covered="no" />
            <range source_id="60" start_line="47" end_line="47" start_column="23" end_column="61" covered="no" />
            <range source_id="60" start_line="48" end_line="48" start_column="34" end_column="130" covered="no" />
            <range source_id="60" start_line="49" end_line="49" start_column="34" end_column="123" covered="no" />
            <range source_id="60" start_line="50" end_line="50" start_column="32" end_column="264" covered="no" />
            <range source_id="60" start_line="51" end_line="51" start_column="22" end_column="56" covered="no" />
            <range source_id="60" start_line="53" end_line="53" start_column="22" end_column="109" covered="no" />
            <range source_id="60" start_line="54" end_line="54" start_column="29" end_column="124" covered="no" />
            <range source_id="60" start_line="55" end_line="55" start_column="29" end_column="125" covered="no" />
            <range source_id="60" start_line="56" end_line="56" start_column="27" end_column="92" covered="no" />
            <range source_id="60" start_line="57" end_line="57" start_column="32" end_column="85" covered="no" />
            <range source_id="60" start_line="58" end_line="58" start_column="8" end_column="12" covered="no" />
          </ranges>
        </function>
        <function id="50220" token="0x60002d8" name="GetTranslation(string)" namespace="FluentValidation.Resources" type_name="EnglishLanguage" block_coverage="5.73" line_coverage="0.00" blocks_covered="9" blocks_not_covered="148" lines_covered="0" lines_partially_covered="32" lines_not_covered="0">
          <ranges>
            <range source_id="61" start_line="30" end_line="61" start_column="53" end_column="3" covered="partial" />
            <range source_id="61" start_line="31" end_line="31" start_column="23" end_column="71" covered="no" />
            <range source_id="61" start_line="32" end_line="32" start_column="36" end_column="108" covered="no" />
            <range source_id="61" start_line="33" end_line="33" start_column="29" end_column="89" covered="no" />
            <range source_id="61" start_line="34" end_line="34" start_column="24" end_column="136" covered="no" />
            <range source_id="61" start_line="35" end_line="35" start_column="31" end_column="142" covered="yes" />
            <range source_id="61" start_line="36" end_line="36" start_column="31" end_column="142" covered="no" />
            <range source_id="61" start_line="37" end_line="37" start_column="33" end_column="102" covered="no" />
            <range source_id="61" start_line="38" end_line="38" start_column="26" end_column="83" covered="no" />
            <range source_id="61" start_line="39" end_line="39" start_column="26" end_column="63" covered="no" />
            <range source_id="61" start_line="40" end_line="40" start_column="26" end_column="86" covered="no" />
            <range source_id="61" start_line="41" end_line="41" start_column="25" end_column="62" covered="no" />
            <range source_id="61" start_line="42" end_line="42" start_column="27" end_column="86" covered="no" />
            <range source_id="61" start_line="43" end_line="43" start_column="32" end_column="91" covered="no" />
            <range source_id="61" start_line="44" end_line="44" start_column="35" end_column="83" covered="no" />
            <range source_id="61" start_line="45" end_line="45" start_column="23" end_column="79" covered="no" />
            <range source_id="61" start_line="46" end_line="46" start_column="29" end_column="127" covered="no" />
            <range source_id="61" start_line="47" end_line="47" start_column="34" end_column="114" covered="no" />
            <range source_id="61" start_line="48" end_line="48" start_column="34" end_column="126" covered="no" />
            <range source_id="61" start_line="49" end_line="49" start_column="28" end_column="81" covered="no" />
            <range source_id="61" start_line="50" end_line="50" start_column="32" end_column="209" covered="no" />
            <range source_id="61" start_line="51" end_line="51" start_column="23" end_column="56" covered="no" />
            <range source_id="61" start_line="52" end_line="52" start_column="22" end_column="55" covered="no" />
            <range source_id="61" start_line="53" end_line="53" start_column="22" end_column="104" covered="no" />
            <range source_id="61" start_line="55" end_line="55" start_column="22" end_column="96" covered="no" />
            <range source_id="61" start_line="56" end_line="56" start_column="29" end_column="102" covered="no" />
            <range source_id="61" start_line="57" end_line="57" start_column="29" end_column="102" covered="no" />
            <range source_id="61" start_line="58" end_line="58" start_column="27" end_column="87" covered="no" />
            <range source_id="61" start_line="59" end_line="59" start_column="32" end_column="83" covered="no" />
            <range source_id="61" start_line="60" end_line="60" start_column="8" end_column="12" covered="no" />
          </ranges>
        </function>
        <function id="51472" token="0x60002da" name="GetTranslation(string)" namespace="FluentValidation.Resources" type_name="EstonianLanguage" block_coverage="0.00" line_coverage="0.00" blocks_covered="0" blocks_not_covered="157" lines_covered="0" lines_partially_covered="0" lines_not_covered="32">
          <ranges>
            <range source_id="62" start_line="28" end_line="59" start_column="53" end_column="3" covered="no" />
            <range source_id="62" start_line="29" end_line="29" start_column="23" end_column="71" covered="no" />
            <range source_id="62" start_line="30" end_line="30" start_column="36" end_column="111" covered="no" />
            <range source_id="62" start_line="31" end_line="31" start_column="29" end_column="90" covered="no" />
            <range source_id="62" start_line="32" end_line="32" start_column="24" end_column="116" covered="no" />
            <range source_id="62" start_line="33" end_line="33" start_column="31" end_column="120" covered="no" />
            <range source_id="62" start_line="34" end_line="34" start_column="31" end_column="123" covered="no" />
            <range source_id="62" start_line="35" end_line="35" start_column="33" end_column="109" covered="no" />
            <range source_id="62" start_line="36" end_line="36" start_column="26" end_column="88" covered="no" />
            <range source_id="62" start_line="37" end_line="37" start_column="26" end_column="62" covered="no" />
            <range source_id="62" start_line="38" end_line="38" start_column="26" end_column="87" covered="no" />
            <range source_id="62" start_line="39" end_line="39" start_column="25" end_column="61" covered="no" />
            <range source_id="62" start_line="40" end_line="40" start_column="27" end_column="66" covered="no" />
            <range source_id="62" start_line="41" end_line="41" start_column="32" end_column="71" covered="no" />
            <range source_id="62" start_line="42" end_line="42" start_column="35" end_column="73" covered="no" />
            <range source_id="62" start_line="43" end_line="43" start_column="23" end_column="94" covered="no" />
            <range source_id="62" start_line="44" end_line="44" start_column="29" end_column="109" covered="no" />
            <range source_id="62" start_line="45" end_line="45" start_column="34" end_column="114" covered="no" />
            <range source_id="62" start_line="46" end_line="46" start_column="34" end_column="114" covered="no" />
            <range source_id="62" start_line="47" end_line="47" start_column="28" end_column="81" covered="no" />
            <range source_id="62" start_line="48" end_line="48" start_column="32" end_column="190" covered="no" />
            <range source_id="62" start_line="49" end_line="49" start_column="23" end_column="58" covered="no" />
            <range source_id="62" start_line="50" end_line="50" start_column="22" end_column="57" covered="no" />
            <range source_id="62" start_line="51" end_line="51" start_column="22" end_column="91" covered="no" />
            <range source_id="62" start_line="53" end_line="53" start_column="22" end_column="82" covered="no" />
            <range source_id="62" start_line="54" end_line="54" start_column="29" end_column="93" covered="no" />
            <range source_id="62" start_line="55" end_line="55" start_column="29" end_column="89" covered="no" />
            <range source_id="62" start_line="56" end_line="56" start_column="27" end_column="83" covered="no" />
            <range source_id="62" start_line="57" end_line="57" start_column="32" end_column="84" covered="no" />
            <range source_id="62" start_line="58" end_line="58" start_column="8" end_column="12" covered="no" />
          </ranges>
        </function>
        <function id="52724" token="0x60002dc" name="GetTranslation(string)" namespace="FluentValidation.Resources" type_name="FinnishLanguage" block_coverage="0.00" line_coverage="0.00" blocks_covered="0" blocks_not_covered="157" lines_covered="0" lines_partially_covered="0" lines_not_covered="32">
          <ranges>
            <range source_id="63" start_line="28" end_line="59" start_column="53" end_column="3" covered="no" />
            <range source_id="63" start_line="29" end_line="29" start_column="23" end_column="78" covered="no" />
            <range source_id="63" start_line="30" end_line="30" start_column="36" end_column="115" covered="no" />
            <range source_id="63" start_line="31" end_line="31" start_column="29" end_column="93" covered="no" />
            <range source_id="63" start_line="32" end_line="32" start_column="24" end_column="116" covered="no" />
            <range source_id="63" start_line="33" end_line="33" start_column="31" end_column="121" covered="no" />
            <range source_id="63" start_line="34" end_line="34" start_column="31" end_column="118" covered="no" />
            <range source_id="63" start_line="35" end_line="35" start_column="33" end_column="112" covered="no" />
            <range source_id="63" start_line="36" end_line="36" start_column="26" end_column="90" covered="no" />
            <range source_id="63" start_line="37" end_line="37" start_column="26" end_column="63" covered="no" />
            <range source_id="63" start_line="38" end_line="38" start_column="26" end_column="93" covered="no" />
            <range source_id="63" start_line="39" end_line="39" start_column="25" end_column="62" covered="no" />
            <range source_id="63" start_line="40" end_line="40" start_column="27" end_column="76" covered="no" />
            <range source_id="63" start_line="41" end_line="41" start_column="32" end_column="81" covered="no" />
            <range source_id="63" start_line="42" end_line="42" start_column="35" end_column="79" covered="no" />
            <range source_id="63" start_line="43" end_line="43" start_column="23" end_column="91" covered="no" />
            <range source_id="63" start_line="44" end_line="44" start_column="29" end_column="109" covered="no" />
            <range source_id="63" start_line="45" end_line="45" start_column="34" end_column="119" covered="no" />
            <range source_id="63" start_line="46" end_line="46" start_column="34" end_column="108" covered="no" />
            <range source_id="63" start_line="47" end_line="47" start_column="28" end_column="86" covered="no" />
            <range source_id="63" start_line="48" end_line="48" start_column="32" end_column="197" covered="no" />
            <range source_id="63" start_line="49" end_line="49" start_column="23" end_column="61" covered="no" />
            <range source_id="63" start_line="50" end_line="50" start_column="22" end_column="60" covered="no" />
            <range source_id="63" start_line="51" end_line="51" start_column="22" end_column="77" covered="no" />
            <range source_id="63" start_line="53" end_line="53" start_column="22" end_column="84" covered="no" />
            <range source_id="63" start_line="54" end_line="54" start_column="29" end_column="87" covered="no" />
            <range source_id="63" start_line="55" end_line="55" start_column="29" end_column="88" covered="no" />
            <range source_id="63" start_line="56" end_line="56" start_column="27" end_column="83" covered="no" />
            <range source_id="63" start_line="57" end_line="57" start_column="32" end_column="82" covered="no" />
            <range source_id="63" start_line="58" end_line="58" start_column="8" end_column="12" covered="no" />
          </ranges>
        </function>
        <function id="53976" token="0x60002de" name="GetTranslation(string)" namespace="FluentValidation.Resources" type_name="FrenchLanguage" block_coverage="0.00" line_coverage="0.00" blocks_covered="0" blocks_not_covered="157" lines_covered="0" lines_partially_covered="0" lines_not_covered="32">
          <ranges>
            <range source_id="64" start_line="28" end_line="59" start_column="53" end_column="3" covered="no" />
            <range source_id="64" start_line="29" end_line="29" start_column="23" end_column="77" covered="no" />
            <range source_id="64" start_line="30" end_line="30" start_column="36" end_column="106" covered="no" />
            <range source_id="64" start_line="31" end_line="31" start_column="29" end_column="93" covered="no" />
            <range source_id="64" start_line="32" end_line="32" start_column="24" end_column="142" covered="no" />
            <range source_id="64" start_line="33" end_line="33" start_column="31" end_column="145" covered="no" />
            <range source_id="64" start_line="34" end_line="34" start_column="31" end_column="145" covered="no" />
            <range source_id="64" start_line="35" end_line="35" start_column="33" end_column="103" covered="no" />
            <range source_id="64" start_line="36" end_line="36" start_column="26" end_column="90" covered="no" />
            <range source_id="64" start_line="37" end_line="37" start_column="26" end_column="67" covered="no" />
            <range source_id="64" start_line="38" end_line="38" start_column="26" end_column="89" covered="no" />
            <range source_id="64" start_line="39" end_line="39" start_column="25" end_column="77" covered="no" />
            <range source_id="64" start_line="40" end_line="40" start_column="27" end_column="81" covered="no" />
            <range source_id="64" start_line="41" end_line="41" start_column="32" end_column="86" covered="no" />
            <range source_id="64" start_line="42" end_line="42" start_column="35" end_column="76" covered="no" />
            <range source_id="64" start_line="43" end_line="43" start_column="23" end_column="79" covered="no" />
            <range source_id="64" start_line="44" end_line="44" start_column="29" end_column="140" covered="no" />
            <range source_id="64" start_line="45" end_line="45" start_column="34" end_column="128" covered="no" />
            <range source_id="64" start_line="46" end_line="46" start_column="34" end_column="117" covered="no" />
            <range source_id="64" start_line="47" end_line="47" start_column="28" end_column="93" covered="no" />
            <range source_id="64" start_line="48" end_line="48" start_column="32" end_column="228" covered="no" />
            <range source_id="64" start_line="49" end_line="49" start_column="23" end_column="60" covered="no" />
            <range source_id="64" start_line="50" end_line="50" start_column="22" end_column="59" covered="no" />
            <range source_id="64" start_line="51" end_line="51" start_column="22" end_column="99" covered="no" />
            <range source_id="64" start_line="53" end_line="53" start_column="22" end_column="99" covered="no" />
            <range source_id="64" start_line="54" end_line="54" start_column="29" end_column="101" covered="no" />
            <range source_id="64" start_line="55" end_line="55" start_column="29" end_column="101" covered="no" />
            <range source_id="64" start_line="56" end_line="56" start_column="27" end_column="97" covered="no" />
            <range source_id="64" start_line="57" end_line="57" start_column="32" end_column="82" covered="no" />
            <range source_id="64" start_line="58" end_line="58" start_column="8" end_column="12" covered="no" />
          </ranges>
        </function>
        <function id="55228" token="0x60002e0" name="GetTranslation(string)" namespace="FluentValidation.Resources" type_name="GeorgianLanguage" block_coverage="0.00" line_coverage="0.00" blocks_covered="0" blocks_not_covered="157" lines_covered="0" lines_partially_covered="0" lines_not_covered="32">
          <ranges>
            <range source_id="65" start_line="28" end_line="59" start_column="53" end_column="3" covered="no" />
            <range source_id="65" start_line="29" end_line="29" start_column="23" end_column="79" covered="no" />
            <range source_id="65" start_line="30" end_line="30" start_column="36" end_column="101" covered="no" />
            <range source_id="65" start_line="31" end_line="31" start_column="29" end_column="86" covered="no" />
            <range source_id="65" start_line="32" end_line="32" start_column="24" end_column="131" covered="no" />
            <range source_id="65" start_line="33" end_line="33" start_column="31" end_column="138" covered="no" />
            <range source_id="65" start_line="34" end_line="34" start_column="31" end_column="141" covered="no" />
            <range source_id="65" start_line="35" end_line="35" start_column="33" end_column="101" covered="no" />
            <range source_id="65" start_line="36" end_line="36" start_column="26" end_column="86" covered="no" />
            <range source_id="65" start_line="37" end_line="37" start_column="26" end_column="66" covered="no" />
            <range source_id="65" start_line="38" end_line="38" start_column="26" end_column="83" covered="no" />
            <range source_id="65" start_line="39" end_line="39" start_column="25" end_column="65" covered="no" />
            <range source_id="65" start_line="40" end_line="40" start_column="27" end_column="89" covered="no" />
            <range source_id="65" start_line="41" end_line="41" start_column="32" end_column="94" covered="no" />
            <range source_id="65" start_line="42" end_line="42" start_column="35" end_column="75" covered="no" />
            <range source_id="65" start_line="43" end_line="43" start_column="23" end_column="77" covered="no" />
            <range source_id="65" start_line="44" end_line="44" start_column="29" end_column="121" covered="no" />
            <range source_id="65" start_line="45" end_line="45" start_column="34" end_column="126" covered="no" />
            <range source_id="65" start_line="46" end_line="46" start_column="34" end_column="122" covered="no" />
            <range source_id="65" start_line="47" end_line="47" start_column="28" end_column="89" covered="no" />
            <range source_id="65" start_line="48" end_line="48" start_column="32" end_column="207" covered="no" />
            <range source_id="65" start_line="49" end_line="49" start_column="23" end_column="60" covered="no" />
            <range source_id="65" start_line="50" end_line="50" start_column="22" end_column="59" covered="no" />
            <range source_id="65" start_line="51" end_line="51" start_column="22" end_column="95" covered="no" />
            <range source_id="65" start_line="53" end_line="53" start_column="22" end_column="90" covered="no" />
            <range source_id="65" start_line="54" end_line="54" start_column="29" end_column="97" covered="no" />
            <range source_id="65" start_line="55" end_line="55" start_column="29" end_column="100" covered="no" />
            <range source_id="65" start_line="56" end_line="56" start_column="27" end_column="80" covered="no" />
            <range source_id="65" start_line="57" end_line="57" start_column="32" end_column="91" covered="no" />
            <range source_id="65" start_line="58" end_line="58" start_column="8" end_column="12" covered="no" />
          </ranges>
        </function>
        <function id="56480" token="0x60002e2" name="GetTranslation(string)" namespace="FluentValidation.Resources" type_name="GermanLanguage" block_coverage="0.00" line_coverage="0.00" blocks_covered="0" blocks_not_covered="157" lines_covered="0" lines_partially_covered="0" lines_not_covered="32">
          <ranges>
            <range source_id="66" start_line="28" end_line="59" start_column="53" end_column="3" covered="no" />
            <range source_id="66" start_line="29" end_line="29" start_column="23" end_column="75" covered="no" />
            <range source_id="66" start_line="30" end_line="30" start_column="36" end_column="118" covered="no" />
            <range source_id="66" start_line="31" end_line="31" start_column="29" end_column="103" covered="no" />
            <range source_id="66" start_line="32" end_line="32" start_column="24" end_column="159" covered="no" />
            <range source_id="66" start_line="33" end_line="33" start_column="31" end_column="149" covered="no" />
            <range source_id="66" start_line="34" end_line="34" start_column="31" end_column="150" covered="no" />
            <range source_id="66" start_line="35" end_line="35" start_column="33" end_column="115" covered="no" />
            <range source_id="66" start_line="36" end_line="36" start_column="26" end_column="100" covered="no" />
            <range source_id="66" start_line="37" end_line="37" start_column="26" end_column="66" covered="no" />
            <range source_id="66" start_line="38" end_line="38" start_column="26" end_column="81" covered="no" />
            <range source_id="66" start_line="39" end_line="39" start_column="25" end_column="68" covered="no" />
            <range source_id="66" start_line="40" end_line="40" start_column="27" end_column="103" covered="no" />
            <range source_id="66" start_line="41" end_line="41" start_column="32" end_column="108" covered="no" />
            <range source_id="66" start_line="42" end_line="42" start_column="35" end_column="86" covered="no" />
            <range source_id="66" start_line="43" end_line="43" start_column="23" end_column="79" covered="no" />
            <range source_id="66" start_line="44" end_line="44" start_column="29" end_column="117" covered="no" />
            <range source_id="66" start_line="45" end_line="45" start_column="34" end_column="136" covered="no" />
            <range source_id="66" start_line="46" end_line="46" start_column="34" end_column="125" covered="no" />
            <range source_id="66" start_line="47" end_line="47" start_column="28" end_column="84" covered="no" />
            <range source_id="66" start_line="48" end_line="48" start_column="32" end_column="246" covered="no" />
            <range source_id="66" start_line="49" end_line="49" start_column="23" end_column="59" covered="no" />
            <range source_id="66" start_line="50" end_line="50" start_column="22" end_column="58" covered="no" />
            <range source_id="66" start_line="51" end_line="51" start_column="22" end_column="101" covered="no" />
            <range source_id="66" start_line="53" end_line="53" start_column="22" end_column="112" covered="no" />
            <range source_id="66" start_line="54" end_line="54" start_column="29" end_column="103" covered="no" />
            <range source_id="66" start_line="55" end_line="55" start_column="29" end_column="104" covered="no" />
            <range source_id="66" start_line="56" end_line="56" start_column="27" end_column="79" covered="no" />
            <range source_id="66" start_line="57" end_line="57" start_column="32" end_column="86" covered="no" />
            <range source_id="66" start_line="58" end_line="58" start_column="8" end_column="12" covered="no" />
          </ranges>
        </function>
        <function id="57732" token="0x60002e4" name="GetTranslation(string)" namespace="FluentValidation.Resources" type_name="GreekLanguage" block_coverage="0.00" line_coverage="0.00" blocks_covered="0" blocks_not_covered="157" lines_covered="0" lines_partially_covered="0" lines_not_covered="32">
          <ranges>
            <range source_id="67" start_line="28" end_line="59" start_column="53" end_column="3" covered="no" />
            <range source_id="67" start_line="29" end_line="29" start_column="23" end_column="91" covered="no" />
            <range source_id="67" start_line="30" end_line="30" start_column="36" end_column="124" covered="no" />
            <range source_id="67" start_line="31" end_line="31" start_column="29" end_column="112" covered="no" />
            <range source_id="67" start_line="32" end_line="32" start_column="24" end_column="163" covered="no" />
            <range source_id="67" start_line="33" end_line="33" start_column="31" end_column="165" covered="no" />
            <range source_id="67" start_line="34" end_line="34" start_column="31" end_column="161" covered="no" />
            <range source_id="67" start_line="35" end_line="35" start_column="33" end_column="120" covered="no" />
            <range source_id="67" start_line="36" end_line="36" start_column="26" end_column="108" covered="no" />
            <range source_id="67" start_line="37" end_line="37" start_column="26" end_column="79" covered="no" />
            <range source_id="67" start_line="38" end_line="38" start_column="26" end_column="105" covered="no" />
            <range source_id="67" start_line="39" end_line="39" start_column="25" end_column="78" covered="no" />
            <range source_id="67" start_line="40" end_line="40" start_column="27" end_column="96" covered="no" />
            <range source_id="67" start_line="41" end_line="41" start_column="32" end_column="101" covered="no" />
            <range source_id="67" start_line="42" end_line="42" start_column="35" end_column="96" covered="no" />
            <range source_id="67" start_line="43" end_line="43" start_column="23" end_column="98" covered="no" />
            <range source_id="67" start_line="44" end_line="44" start_column="29" end_column="152" covered="no" />
            <range source_id="67" start_line="45" end_line="45" start_column="34" end_column="144" covered="no" />
            <range source_id="67" start_line="46" end_line="46" start_column="34" end_column="167" covered="no" />
            <range source_id="67" start_line="47" end_line="47" start_column="28" end_column="103" covered="no" />
            <range source_id="67" start_line="48" end_line="48" start_column="32" end_column="269" covered="no" />
            <range source_id="67" start_line="49" end_line="49" start_column="23" end_column="72" covered="no" />
            <range source_id="67" start_line="50" end_line="50" start_column="22" end_column="71" covered="no" />
            <range source_id="67" start_line="51" end_line="51" start_column="22" end_column="151" covered="no" />
            <range source_id="67" start_line="53" end_line="53" start_column="22" end_column="117" covered="no" />
            <range source_id="67" start_line="54" end_line="54" start_column="29" end_column="119" covered="no" />
            <range source_id="67" start_line="55" end_line="55" start_column="29" end_column="115" covered="no" />
            <range source_id="67" start_line="56" end_line="56" start_column="27" end_column="106" covered="no" />
            <range source_id="67" start_line="57" end_line="57" start_column="32" end_column="103" covered="no" />
            <range source_id="67" start_line="58" end_line="58" start_column="8" end_column="12" covered="no" />
          </ranges>
        </function>
        <function id="58984" token="0x60002e6" name="GetTranslation(string)" namespace="FluentValidation.Resources" type_name="HebrewLanguage" block_coverage="0.00" line_coverage="0.00" blocks_covered="0" blocks_not_covered="157" lines_covered="0" lines_partially_covered="0" lines_not_covered="32">
          <ranges>
            <range source_id="68" start_line="28" end_line="59" start_column="53" end_column="3" covered="no" />
            <range source_id="68" start_line="29" end_line="29" start_column="23" end_column="66" covered="no" />
            <range source_id="68" start_line="30" end_line="30" start_column="36" end_column="102" covered="no" />
            <range source_id="68" start_line="31" end_line="31" start_column="29" end_column="87" covered="no" />
            <range source_id="68" start_line="32" end_line="32" start_column="24" end_column="116" covered="no" />
            <range source_id="68" start_line="33" end_line="33" start_column="31" end_column="116" covered="no" />
            <range source_id="68" start_line="34" end_line="34" start_column="31" end_column="118" covered="no" />
            <range source_id="68" start_line="35" end_line="35" start_column="33" end_column="98" covered="no" />
            <range source_id="68" start_line="36" end_line="36" start_column="26" end_column="83" covered="no" />
            <range source_id="68" start_line="37" end_line="37" start_column="26" end_column="63" covered="no" />
            <range source_id="68" start_line="38" end_line="38" start_column="26" end_column="87" covered="no" />
            <range source_id="68" start_line="39" end_line="39" start_column="25" end_column="62" covered="no" />
            <range source_id="68" start_line="40" end_line="40" start_column="27" end_column="73" covered="no" />
            <range source_id="68" start_line="41" end_line="41" start_column="32" end_column="78" covered="no" />
            <range source_id="68" start_line="42" end_line="42" start_column="35" end_column="72" covered="no" />
            <range source_id="68" start_line="43" end_line="43" start_column="23" end_column="81" covered="no" />
            <range source_id="68" start_line="44" end_line="44" start_column="29" end_column="109" covered="no" />
            <range source_id="68" start_line="45" end_line="45" start_column="34" end_column="107" covered="no" />
            <range source_id="68" start_line="46" end_line="46" start_column="34" end_column="117" covered="no" />
            <range source_id="68" start_line="47" end_line="47" start_column="28" end_column="74" covered="no" />
            <range source_id="68" start_line="48" end_line="48" start_column="32" end_column="205" covered="no" />
            <range source_id="68" start_line="49" end_line="49" start_column="23" end_column="57" covered="no" />
            <range source_id="68" start_line="50" end_line="50" start_column="22" end_column="56" covered="no" />
            <range source_id="68" start_line="51" end_line="51" start_column="22" end_column="89" covered="no" />
            <range source_id="68" start_line="53" end_line="53" start_column="22" end_column="88" covered="no" />
            <range source_id="68" start_line="54" end_line="54" start_column="29" end_column="88" covered="no" />
            <range source_id="68" start_line="55" end_line="55" start_column="29" end_column="90" covered="no" />
            <range source_id="68" start_line="56" end_line="56" start_column="27" end_column="81" covered="no" />
            <range source_id="68" start_line="57" end_line="57" start_column="32" end_column="83" covered="no" />
            <range source_id="68" start_line="58" end_line="58" start_column="8" end_column="12" covered="no" />
          </ranges>
        </function>
        <function id="60236" token="0x60002e8" name="GetTranslation(string)" namespace="FluentValidation.Resources" type_name="HindiLanguage" block_coverage="0.00" line_coverage="0.00" blocks_covered="0" blocks_not_covered="157" lines_covered="0" lines_partially_covered="0" lines_not_covered="32">
          <ranges>
            <range source_id="69" start_line="28" end_line="59" start_column="53" end_column="3" covered="no" />
            <range source_id="69" start_line="29" end_line="29" start_column="23" end_column="68" covered="no" />
            <range source_id="69" start_line="30" end_line="30" start_column="36" end_column="111" covered="no" />
            <range source_id="69" start_line="31" end_line="31" start_column="29" end_column="87" covered="no" />
            <range source_id="69" start_line="32" end_line="32" start_column="24" end_column="135" covered="no" />
            <range source_id="69" start_line="33" end_line="33" start_column="31" end_column="144" covered="no" />
            <range source_id="69" start_line="34" end_line="34" start_column="31" end_column="142" covered="no" />
            <range source_id="69" start_line="35" end_line="35" start_column="33" end_column="106" covered="no" />
            <range source_id="69" start_line="36" end_line="36" start_column="26" end_column="82" covered="no" />
            <range source_id="69" start_line="37" end_line="37" start_column="26" end_column="66" covered="no" />
            <range source_id="69" start_line="38" end_line="38" start_column="26" end_column="90" covered="no" />
            <range source_id="69" start_line="39" end_line="39" start_column="25" end_column="65" covered="no" />
            <range source_id="69" start_line="40" end_line="40" start_column="27" end_column="92" covered="no" />
            <range source_id="69" start_line="41" end_line="41" start_column="32" end_column="97" covered="no" />
            <range source_id="69" start_line="42" end_line="42" start_column="35" end_column="78" covered="no" />
            <range source_id="69" start_line="43" end_line="43" start_column="23" end_column="82" covered="no" />
            <range source_id="69" start_line="44" end_line="44" start_column="29" end_column="132" covered="no" />
            <range source_id="69" start_line="45" end_line="45" start_column="34" end_column="126" covered="no" />
            <range source_id="69" start_line="46" end_line="46" start_column="34" end_column="134" covered="no" />
            <range source_id="69" start_line="47" end_line="47" start_column="28" end_column="80" covered="no" />
            <range source_id="69" start_line="48" end_line="48" start_column="32" end_column="190" covered="no" />
            <range source_id="69" start_line="49" end_line="49" start_column="23" end_column="58" covered="no" />
            <range source_id="69" start_line="50" end_line="50" start_column="22" end_column="57" covered="no" />
            <range source_id="69" start_line="51" end_line="51" start_column="22" end_column="95" covered="no" />
            <range source_id="69" start_line="53" end_line="53" start_column="22" end_column="94" covered="no" />
            <range source_id="69" start_line="54" end_line="54" start_column="29" end_column="100" covered="no" />
            <range source_id="69" start_line="55" end_line="55" start_column="29" end_column="98" covered="no" />
            <range source_id="69" start_line="56" end_line="56" start_column="27" end_column="91" covered="no" />
            <range source_id="69" start_line="57" end_line="57" start_column="32" end_column="88" covered="no" />
            <range source_id="69" start_line="58" end_line="58" start_column="8" end_column="12" covered="no" />
          </ranges>
        </function>
        <function id="61488" token="0x60002ea" name="GetTranslation(string)" namespace="FluentValidation.Resources" type_name="HungarianLanguage" block_coverage="0.00" line_coverage="0.00" blocks_covered="0" blocks_not_covered="157" lines_covered="0" lines_partially_covered="0" lines_not_covered="32">
          <ranges>
            <range source_id="70" start_line="28" end_line="59" start_column="53" end_column="3" covered="no" />
            <range source_id="70" start_line="29" end_line="29" start_column="23" end_column="65" covered="no" />
            <range source_id="70" start_line="30" end_line="30" start_column="36" end_column="125" covered="no" />
            <range source_id="70" start_line="31" end_line="31" start_column="29" end_column="105" covered="no" />
            <range source_id="70" start_line="32" end_line="32" start_column="24" end_column="161" covered="no" />
            <range source_id="70" start_line="33" end_line="33" start_column="31" end_column="141" covered="no" />
            <range source_id="70" start_line="34" end_line="34" start_column="31" end_column="136" covered="no" />
            <range source_id="70" start_line="35" end_line="35" start_column="33" end_column="121" covered="no" />
            <range source_id="70" start_line="36" end_line="36" start_column="26" end_column="101" covered="no" />
            <range source_id="70" start_line="37" end_line="37" start_column="26" end_column="65" covered="no" />
            <range source_id="70" start_line="38" end_line="38" start_column="26" end_column="95" covered="no" />
            <range source_id="70" start_line="39" end_line="39" start_column="25" end_column="64" covered="no" />
            <range source_id="70" start_line="40" end_line="40" start_column="27" end_column="92" covered="no" />
            <range source_id="70" start_line="41" end_line="41" start_column="32" end_column="97" covered="no" />
            <range source_id="70" start_line="42" end_line="42" start_column="35" end_column="91" covered="no" />
            <range source_id="70" start_line="43" end_line="43" start_column="23" end_column="100" covered="no" />
            <range source_id="70" start_line="44" end_line="44" start_column="29" end_column="139" covered="no" />
            <range source_id="70" start_line="45" end_line="45" start_column="34" end_column="150" covered="no" />
            <range source_id="70" start_line="46" end_line="46" start_column="34" end_column="148" covered="no" />
            <range source_id="70" start_line="47" end_line="47" start_column="28" end_column="75" covered="no" />
            <range source_id="70" start_line="48" end_line="48" start_column="32" end_column="230" covered="no" />
            <range source_id="70" start_line="49" end_line="49" start_column="23" end_column="70" covered="no" />
            <range source_id="70" start_line="50" end_line="50" start_column="22" end_column="69" covered="no" />
            <range source_id="70" start_line="51" end_line="51" start_column="22" end_column="139" covered="no" />
            <range source_id="70" start_line="53" end_line="53" start_column="22" end_column="107" covered="no" />
            <range source_id="70" start_line="54" end_line="54" start_column="29" end_column="108" covered="no" />
            <range source_id="70" start_line="55" end_line="55" start_column="29" end_column="103" covered="no" />
            <range source_id="70" start_line="56" end_line="56" start_column="27" end_column="99" covered="no" />
            <range source_id="70" start_line="57" end_line="57" start_column="32" end_column="108" covered="no" />
            <range source_id="70" start_line="58" end_line="58" start_column="8" end_column="12" covered="no" />
          </ranges>
        </function>
        <function id="62740" token="0x60002ec" name="GetTranslation(string)" namespace="FluentValidation.Resources" type_name="IcelandicLanguage" block_coverage="0.00" line_coverage="0.00" blocks_covered="0" blocks_not_covered="157" lines_covered="0" lines_partially_covered="0" lines_not_covered="32">
          <ranges>
            <range source_id="71" start_line="28" end_line="59" start_column="53" end_column="3" covered="no" />
            <range source_id="71" start_line="29" end_line="29" start_column="23" end_column="63" covered="no" />
            <range source_id="71" start_line="30" end_line="30" start_column="36" end_column="108" covered="no" />
            <range source_id="71" start_line="31" end_line="31" start_column="29" end_column="92" covered="no" />
            <range source_id="71" start_line="32" end_line="32" start_column="24" end_column="134" covered="no" />
            <range source_id="71" start_line="33" end_line="33" start_column="31" end_column="143" covered="no" />
            <range source_id="71" start_line="34" end_line="34" start_column="31" end_column="134" covered="no" />
            <range source_id="71" start_line="35" end_line="35" start_column="33" end_column="109" covered="no" />
            <range source_id="71" start_line="36" end_line="36" start_column="26" end_column="89" covered="no" />
            <range source_id="71" start_line="37" end_line="37" start_column="26" end_column="62" covered="no" />
            <range source_id="71" start_line="38" end_line="38" start_column="26" end_column="87" covered="no" />
            <range source_id="71" start_line="39" end_line="39" start_column="25" end_column="61" covered="no" />
            <range source_id="71" start_line="40" end_line="40" start_column="27" end_column="90" covered="no" />
            <range source_id="71" start_line="41" end_line="41" start_column="32" end_column="95" covered="no" />
            <range source_id="71" start_line="42" end_line="42" start_column="35" end_column="78" covered="no" />
            <range source_id="71" start_line="43" end_line="43" start_column="23" end_column="86" covered="no" />
            <range source_id="71" start_line="44" end_line="44" start_column="29" end_column="125" covered="no" />
            <range source_id="71" start_line="45" end_line="45" start_column="34" end_column="113" covered="no" />
            <range source_id="71" start_line="46" end_line="46" start_column="34" end_column="121" covered="no" />
            <range source_id="71" start_line="47" end_line="47" start_column="28" end_column="77" covered="no" />
            <range source_id="71" start_line="48" end_line="48" start_column="32" end_column="215" covered="no" />
            <range source_id="71" start_line="49" end_line="49" start_column="23" end_column="62" covered="no" />
            <range source_id="71" start_line="50" end_line="50" start_column="22" end_column="61" covered="no" />
            <range source_id="71" start_line="51" end_line="51" start_column="22" end_column="95" covered="no" />
            <range source_id="71" start_line="53" end_line="53" start_column="22" end_column="98" covered="no" />
            <range source_id="71" start_line="54" end_line="54" start_column="29" end_column="107" covered="no" />
            <range source_id="71" start_line="55" end_line="55" start_column="29" end_column="98" covered="no" />
            <range source_id="71" start_line="56" end_line="56" start_column="27" end_column="89" covered="no" />
            <range source_id="71" start_line="57" end_line="57" start_column="32" end_column="89" covered="no" />
            <range source_id="71" start_line="58" end_line="58" start_column="8" end_column="12" covered="no" />
          </ranges>
        </function>
        <function id="63992" token="0x60002ee" name="GetTranslation(string)" namespace="FluentValidation.Resources" type_name="IndonesianLanguage" block_coverage="0.00" line_coverage="0.00" blocks_covered="0" blocks_not_covered="157" lines_covered="0" lines_partially_covered="0" lines_not_covered="32">
          <ranges>
            <range source_id="72" start_line="28" end_line="59" start_column="53" end_column="3" covered="no" />
            <range source_id="72" start_line="29" end_line="29" start_column="23" end_column="72" covered="no" />
            <range source_id="72" start_line="30" end_line="30" start_column="36" end_column="115" covered="no" />
            <range source_id="72" start_line="31" end_line="31" start_column="29" end_column="91" covered="no" />
            <range source_id="72" start_line="32" end_line="32" start_column="24" end_column="136" covered="no" />
            <range source_id="72" start_line="33" end_line="33" start_column="31" end_column="143" covered="no" />
            <range source_id="72" start_line="34" end_line="34" start_column="31" end_column="142" covered="no" />
            <range source_id="72" start_line="35" end_line="35" start_column="33" end_column="107" covered="no" />
            <range source_id="72" start_line="36" end_line="36" start_column="26" end_column="83" covered="no" />
            <range source_id="72" start_line="37" end_line="37" start_column="26" end_column="64" covered="no" />
            <range source_id="72" start_line="38" end_line="38" start_column="26" end_column="89" covered="no" />
            <range source_id="72" start_line="39" end_line="39" start_column="25" end_column="63" covered="no" />
            <range source_id="72" start_line="40" end_line="40" start_column="27" end_column="92" covered="no" />
            <range source_id="72" start_line="41" end_line="41" start_column="32" end_column="97" covered="no" />
            <range source_id="72" start_line="42" end_line="42" start_column="35" end_column="84" covered="no" />
            <range source_id="72" start_line="43" end_line="43" start_column="23" end_column="80" covered="no" />
            <range source_id="72" start_line="44" end_line="44" start_column="29" end_column="126" covered="no" />
            <range source_id="72" start_line="45" end_line="45" start_column="34" end_column="118" covered="no" />
            <range source_id="72" start_line="46" end_line="46" start_column="34" end_column="130" covered="no" />
            <range source_id="72" start_line="47" end_line="47" start_column="28" end_column="83" covered="no" />
            <range source_id="72" start_line="48" end_line="48" start_column="32" end_column="201" covered="no" />
            <range source_id="72" start_line="49" end_line="49" start_column="23" end_column="55" covered="no" />
            <range source_id="72" start_line="50" end_line="50" start_column="22" end_column="54" covered="no" />
            <range source_id="72" start_line="51" end_line="51" start_column="22" end_column="110" covered="no" />
            <range source_id="72" start_line="53" end_line="53" start_column="22" end_column="94" covered="no" />
            <range source_id="72" start_line="54" end_line="54" start_column="29" end_column="101" covered="no" />
            <range source_id="72" start_line="55" end_line="55" start_column="29" end_column="99" covered="no" />
            <range source_id="72" start_line="56" end_line="56" start_column="27" end_column="84" covered="no" />
            <range source_id="72" start_line="57" end_line="57" start_column="32" end_column="83" covered="no" />
            <range source_id="72" start_line="58" end_line="58" start_column="8" end_column="12" covered="no" />
          </ranges>
        </function>
        <function id="65244" token="0x60002f0" name="GetTranslation(string)" namespace="FluentValidation.Resources" type_name="ItalianLanguage" block_coverage="0.00" line_coverage="0.00" blocks_covered="0" blocks_not_covered="157" lines_covered="0" lines_partially_covered="0" lines_not_covered="32">
          <ranges>
            <range source_id="73" start_line="28" end_line="59" start_column="53" end_column="3" covered="no" />
            <range source_id="73" start_line="29" end_line="29" start_column="23" end_column="74" covered="no" />
            <range source_id="73" start_line="30" end_line="30" start_column="23" end_column="87" covered="no" />
            <range source_id="73" start_line="31" end_line="31" start_column="29" end_column="126" covered="no" />
            <range source_id="73" start_line="32" end_line="32" start_column="34" end_column="132" covered="no" />
            <range source_id="73" start_line="33" end_line="33" start_column="36" end_column="107" covered="no" />
            <range source_id="73" start_line="34" end_line="34" start_column="29" end_column="92" covered="no" />
            <range source_id="73" start_line="35" end_line="35" start_column="34" end_column="122" covered="no" />
            <range source_id="73" start_line="36" end_line="36" start_column="24" end_column="141" covered="no" />
            <range source_id="73" start_line="37" end_line="37" start_column="31" end_column="142" covered="no" />
            <range source_id="73" start_line="38" end_line="38" start_column="31" end_column="140" covered="no" />
            <range source_id="73" start_line="39" end_line="39" start_column="33" end_column="102" covered="no" />
            <range source_id="73" start_line="40" end_line="40" start_column="26" end_column="87" covered="no" />
            <range source_id="73" start_line="41" end_line="41" start_column="26" end_column="66" covered="no" />
            <range source_id="73" start_line="42" end_line="42" start_column="26" end_column="89" covered="no" />
            <range source_id="73" start_line="43" end_line="43" start_column="25" end_column="65" covered="no" />
            <range source_id="73" start_line="44" end_line="44" start_column="27" end_column="81" covered="no" />
            <range source_id="73" start_line="45" end_line="45" start_column="32" end_column="86" covered="no" />
            <range source_id="73" start_line="46" end_line="46" start_column="35" end_column="81" covered="no" />
            <range source_id="73" start_line="47" end_line="47" start_column="28" end_column="90" covered="no" />
            <range source_id="73" start_line="48" end_line="48" start_column="32" end_column="217" covered="no" />
            <range source_id="73" start_line="49" end_line="49" start_column="23" end_column="64" covered="no" />
            <range source_id="73" start_line="50" end_line="50" start_column="22" end_column="63" covered="no" />
            <range source_id="73" start_line="51" end_line="51" start_column="22" end_column="102" covered="no" />
            <range source_id="73" start_line="53" end_line="53" start_column="27" end_column="86" covered="no" />
            <range source_id="73" start_line="54" end_line="54" start_column="32" end_column="90" covered="no" />
            <range source_id="73" start_line="55" end_line="55" start_column="22" end_column="101" covered="no" />
            <range source_id="73" start_line="56" end_line="56" start_column="29" end_column="102" covered="no" />
            <range source_id="73" start_line="57" end_line="57" start_column="29" end_column="100" covered="no" />
            <range source_id="73" start_line="58" end_line="58" start_column="8" end_column="12" covered="no" />
          </ranges>
        </function>
        <function id="66496" token="0x60002f2" name="GetTranslation(string)" namespace="FluentValidation.Resources" type_name="JapaneseLanguage" block_coverage="0.00" line_coverage="0.00" blocks_covered="0" blocks_not_covered="157" lines_covered="0" lines_partially_covered="0" lines_not_covered="32">
          <ranges>
            <range source_id="74" start_line="28" end_line="59" start_column="53" end_column="3" covered="no" />
            <range source_id="74" start_line="29" end_line="29" start_column="23" end_column="61" covered="no" />
            <range source_id="74" start_line="30" end_line="30" start_column="36" end_column="90" covered="no" />
            <range source_id="74" start_line="31" end_line="31" start_column="29" end_column="86" covered="no" />
            <range source_id="74" start_line="32" end_line="32" start_column="24" end_column="115" covered="no" />
            <range source_id="74" start_line="33" end_line="33" start_column="31" end_column="111" covered="no" />
            <range source_id="74" start_line="34" end_line="34" start_column="31" end_column="106" covered="no" />
            <range source_id="74" start_line="35" end_line="35" start_column="33" end_column="87" covered="no" />
            <range source_id="74" start_line="36" end_line="36" start_column="26" end_column="80" covered="no" />
            <range source_id="74" start_line="37" end_line="37" start_column="26" end_column="58" covered="no" />
            <range source_id="74" start_line="38" end_line="38" start_column="26" end_column="81" covered="no" />
            <range source_id="74" start_line="39" end_line="39" start_column="25" end_column="57" covered="no" />
            <range source_id="74" start_line="40" end_line="40" start_column="27" end_column="66" covered="no" />
            <range source_id="74" start_line="41" end_line="41" start_column="32" end_column="71" covered="no" />
            <range source_id="74" start_line="42" end_line="42" start_column="35" end_column="68" covered="no" />
            <range source_id="74" start_line="43" end_line="43" start_column="23" end_column="78" covered="no" />
            <range source_id="74" start_line="44" end_line="44" start_column="29" end_column="101" covered="no" />
            <range source_id="74" start_line="45" end_line="45" start_column="34" end_column="112" covered="no" />
            <range source_id="74" start_line="46" end_line="46" start_column="34" end_column="109" covered="no" />
            <range source_id="74" start_line="47" end_line="47" start_column="28" end_column="69" covered="no" />
            <range source_id="74" start_line="48" end_line="48" start_column="32" end_column="154" covered="no" />
            <range source_id="74" start_line="49" end_line="49" start_column="23" end_column="55" covered="no" />
            <range source_id="74" start_line="50" end_line="50" start_column="22" end_column="54" covered="no" />
            <range source_id="74" start_line="51" end_line="51" start_column="22" end_column="74" covered="no" />
            <range source_id="74" start_line="53" end_line="53" start_column="22" end_column="87" covered="no" />
            <range source_id="74" start_line="54" end_line="54" start_column="29" end_column="83" covered="no" />
            <range source_id="74" start_line="55" end_line="55" start_column="29" end_column="77" covered="no" />
            <range source_id="74" start_line="56" end_line="56" start_column="27" end_column="73" covered="no" />
            <range source_id="74" start_line="57" end_line="57" start_column="32" end_column="83" covered="no" />
            <range source_id="74" start_line="58" end_line="58" start_column="8" end_column="12" covered="no" />
          </ranges>
        </function>
        <function id="67748" token="0x60002f4" name="GetTranslation(string)" namespace="FluentValidation.Resources" type_name="KazakhLanguage" block_coverage="0.00" line_coverage="0.00" blocks_covered="0" blocks_not_covered="157" lines_covered="0" lines_partially_covered="0" lines_not_covered="33">
          <ranges>
            <range source_id="75" start_line="28" end_line="60" start_column="53" end_column="3" covered="no" />
            <range source_id="75" start_line="29" end_line="29" start_column="23" end_column="75" covered="no" />
            <range source_id="75" start_line="30" end_line="30" start_column="36" end_column="122" covered="no" />
            <range source_id="75" start_line="31" end_line="31" start_column="29" end_column="103" covered="no" />
            <range source_id="75" start_line="32" end_line="32" start_column="24" end_column="152" covered="no" />
            <range source_id="75" start_line="33" end_line="33" start_column="31" end_column="152" covered="no" />
            <range source_id="75" start_line="34" end_line="34" start_column="31" end_column="152" covered="no" />
            <range source_id="75" start_line="35" end_line="35" start_column="33" end_column="118" covered="no" />
            <range source_id="75" start_line="36" end_line="36" start_column="26" end_column="93" covered="no" />
            <range source_id="75" start_line="37" end_line="37" start_column="26" end_column="62" covered="no" />
            <range source_id="75" start_line="38" end_line="38" start_column="26" end_column="90" covered="no" />
            <range source_id="75" start_line="39" end_line="39" start_column="25" end_column="61" covered="no" />
            <range source_id="75" start_line="40" end_line="40" start_column="27" end_column="80" covered="no" />
            <range source_id="75" start_line="41" end_line="41" start_column="32" end_column="85" covered="no" />
            <range source_id="75" start_line="42" end_line="42" start_column="35" end_column="73" covered="no" />
            <range source_id="75" start_line="43" end_line="43" start_column="23" end_column="85" covered="no" />
            <range source_id="75" start_line="44" end_line="44" start_column="29" end_column="128" covered="no" />
            <range source_id="75" start_line="45" end_line="45" start_column="34" end_column="126" covered="no" />
            <range source_id="75" start_line="46" end_line="46" start_column="34" end_column="152" covered="no" />
            <range source_id="75" start_line="47" end_line="47" start_column="28" end_column="65" covered="no" />
            <range source_id="75" start_line="48" end_line="48" start_column="32" end_column="229" covered="no" />
            <range source_id="75" start_line="49" end_line="49" start_column="23" end_column="58" covered="no" />
            <range source_id="75" start_line="50" end_line="50" start_column="22" end_column="57" covered="no" />
            <range source_id="75" start_line="51" end_line="51" start_column="22" end_column="82" covered="no" />
            <range source_id="75" start_line="53" end_line="53" start_column="22" end_column="109" covered="no" />
            <range source_id="75" start_line="54" end_line="54" start_column="29" end_column="109" covered="no" />
            <range source_id="75" start_line="55" end_line="55" start_column="29" end_column="109" covered="no" />
            <range source_id="75" start_line="56" end_line="56" start_column="27" end_column="85" covered="no" />
            <range source_id="75" start_line="57" end_line="57" start_column="32" end_column="91" covered="no" />
            <range source_id="75" start_line="59" end_line="59" start_column="8" end_column="12" covered="no" />
          </ranges>
        </function>
        <function id="69000" token="0x60002f6" name="GetTranslation(string)" namespace="FluentValidation.Resources" type_name="KhmerLanguage" block_coverage="0.00" line_coverage="0.00" blocks_covered="0" blocks_not_covered="157" lines_covered="0" lines_partially_covered="0" lines_not_covered="32">
          <ranges>
            <range source_id="76" start_line="28" end_line="59" start_column="53" end_column="3" covered="no" />
            <range source_id="76" start_line="29" end_line="29" start_column="23" end_column="68" covered="no" />
            <range source_id="76" start_line="30" end_line="30" start_column="36" end_column="92" covered="no" />
            <range source_id="76" start_line="31" end_line="31" start_column="29" end_column="79" covered="no" />
            <range source_id="76" start_line="32" end_line="32" start_column="24" end_column="126" covered="no" />
            <range source_id="76" start_line="33" end_line="33" start_column="31" end_column="130" covered="no" />
            <range source_id="76" start_line="34" end_line="34" start_column="31" end_column="130" covered="no" />
            <range source_id="76" start_line="35" end_line="35" start_column="33" end_column="93" covered="no" />
            <range source_id="76" start_line="36" end_line="36" start_column="26" end_column="77" covered="no" />
            <range source_id="76" start_line="37" end_line="37" start_column="26" end_column="58" covered="no" />
            <range source_id="76" start_line="38" end_line="38" start_column="26" end_column="81" covered="no" />
            <range source_id="76" start_line="39" end_line="39" start_column="25" end_column="57" covered="no" />
            <range source_id="76" start_line="40" end_line="40" start_column="27" end_column="92" covered="no" />
            <range source_id="76" start_line="41" end_line="41" start_column="32" end_column="97" covered="no" />
            <range source_id="76" start_line="42" end_line="42" start_column="35" end_column="78" covered="no" />
            <range source_id="76" start_line="43" end_line="43" start_column="23" end_column="75" covered="no" />
            <range source_id="76" start_line="44" end_line="44" start_column="29" end_column="111" covered="no" />
            <range source_id="76" start_line="45" end_line="45" start_column="34" end_column="116" covered="no" />
            <range source_id="76" start_line="46" end_line="46" start_column="34" end_column="126" covered="no" />
            <range source_id="76" start_line="47" end_line="47" start_column="28" end_column="78" covered="no" />
            <range source_id="76" start_line="48" end_line="48" start_column="32" end_column="189" covered="no" />
            <range source_id="76" start_line="49" end_line="49" start_column="23" end_column="88" covered="no" />
            <range source_id="76" start_line="50" end_line="50" start_column="22" end_column="87" covered="no" />
            <range source_id="76" start_line="51" end_line="51" start_column="22" end_column="84" covered="no" />
            <range source_id="76" start_line="53" end_line="53" start_column="22" end_column="100" covered="no" />
            <range source_id="76" start_line="54" end_line="54" start_column="29" end_column="93" covered="no" />
            <range source_id="76" start_line="55" end_line="55" start_column="29" end_column="93" covered="no" />
            <range source_id="76" start_line="56" end_line="56" start_column="27" end_column="74" covered="no" />
            <range source_id="76" start_line="57" end_line="57" start_column="32" end_column="84" covered="no" />
            <range source_id="76" start_line="58" end_line="58" start_column="8" end_column="12" covered="no" />
          </ranges>
        </function>
        <function id="70252" token="0x60002f8" name="GetTranslation(string)" namespace="FluentValidation.Resources" type_name="KoreanLanguage" block_coverage="0.00" line_coverage="0.00" blocks_covered="0" blocks_not_covered="157" lines_covered="0" lines_partially_covered="0" lines_not_covered="32">
          <ranges>
            <range source_id="77" start_line="28" end_line="59" start_column="53" end_column="3" covered="no" />
            <range source_id="77" start_line="29" end_line="29" start_column="28" end_column="69" covered="no" />
            <range source_id="77" start_line="30" end_line="30" start_column="23" end_column="63" covered="no" />
            <range source_id="77" start_line="31" end_line="31" start_column="23" end_column="73" covered="no" />
            <range source_id="77" start_line="32" end_line="32" start_column="29" end_column="112" covered="no" />
            <range source_id="77" start_line="33" end_line="33" start_column="34" end_column="109" covered="no" />
            <range source_id="77" start_line="34" end_line="34" start_column="36" end_column="88" covered="no" />
            <range source_id="77" start_line="35" end_line="35" start_column="29" end_column="81" covered="no" />
            <range source_id="77" start_line="36" end_line="36" start_column="34" end_column="108" covered="no" />
            <range source_id="77" start_line="37" end_line="37" start_column="24" end_column="119" covered="no" />
            <range source_id="77" start_line="38" end_line="38" start_column="31" end_column="103" covered="no" />
            <range source_id="77" start_line="39" end_line="39" start_column="31" end_column="104" covered="no" />
            <range source_id="77" start_line="40" end_line="40" start_column="33" end_column="85" covered="no" />
            <range source_id="77" start_line="41" end_line="41" start_column="26" end_column="80" covered="no" />
            <range source_id="77" start_line="42" end_line="42" start_column="26" end_column="68" covered="no" />
            <range source_id="77" start_line="43" end_line="43" start_column="26" end_column="78" covered="no" />
            <range source_id="77" start_line="44" end_line="44" start_column="25" end_column="61" covered="no" />
            <range source_id="77" start_line="45" end_line="45" start_column="27" end_column="60" covered="no" />
            <range source_id="77" start_line="46" end_line="46" start_column="32" end_column="65" covered="no" />
            <range source_id="77" start_line="47" end_line="47" start_column="35" end_column="68" covered="no" />
            <range source_id="77" start_line="48" end_line="48" start_column="32" end_column="170" covered="no" />
            <range source_id="77" start_line="49" end_line="49" start_column="23" end_column="53" covered="no" />
            <range source_id="77" start_line="50" end_line="50" start_column="22" end_column="52" covered="no" />
            <range source_id="77" start_line="51" end_line="51" start_column="22" end_column="81" covered="no" />
            <range source_id="77" start_line="53" end_line="53" start_column="27" end_column="79" covered="no" />
            <range source_id="77" start_line="54" end_line="54" start_column="32" end_column="79" covered="no" />
            <range source_id="77" start_line="55" end_line="55" start_column="22" end_column="87" covered="no" />
            <range source_id="77" start_line="56" end_line="56" start_column="29" end_column="75" covered="no" />
            <range source_id="77" start_line="57" end_line="57" start_column="29" end_column="76" covered="no" />
            <range source_id="77" start_line="58" end_line="58" start_column="8" end_column="12" covered="no" />
          </ranges>
        </function>
        <function id="71504" token="0x60002fa" name="GetTranslation(string)" namespace="FluentValidation.Resources" type_name="MacedonianLanguage" block_coverage="0.00" line_coverage="0.00" blocks_covered="0" blocks_not_covered="157" lines_covered="0" lines_partially_covered="0" lines_not_covered="32">
          <ranges>
            <range source_id="78" start_line="28" end_line="59" start_column="53" end_column="3" covered="no" />
            <range source_id="78" start_line="29" end_line="29" start_column="23" end_column="68" covered="no" />
            <range source_id="78" start_line="30" end_line="30" start_column="36" end_column="125" covered="no" />
            <range source_id="78" start_line="31" end_line="31" start_column="29" end_column="106" covered="no" />
            <range source_id="78" start_line="32" end_line="32" start_column="24" end_column="158" covered="no" />
            <range source_id="78" start_line="33" end_line="33" start_column="31" end_column="148" covered="no" />
            <range source_id="78" start_line="34" end_line="34" start_column="31" end_column="146" covered="no" />
            <range source_id="78" start_line="35" end_line="35" start_column="33" end_column="120" covered="no" />
            <range source_id="78" start_line="36" end_line="36" start_column="26" end_column="101" covered="no" />
            <range source_id="78" start_line="37" end_line="37" start_column="26" end_column="82" covered="no" />
            <range source_id="78" start_line="38" end_line="38" start_column="26" end_column="108" covered="no" />
            <range source_id="78" start_line="39" end_line="39" start_column="25" end_column="81" covered="no" />
            <range source_id="78" start_line="40" end_line="40" start_column="27" end_column="88" covered="no" />
            <range source_id="78" start_line="41" end_line="41" start_column="32" end_column="93" covered="no" />
            <range source_id="78" start_line="42" end_line="42" start_column="35" end_column="80" covered="no" />
            <range source_id="78" start_line="43" end_line="43" start_column="23" end_column="105" covered="no" />
            <range source_id="78" start_line="44" end_line="44" start_column="29" end_column="142" covered="no" />
            <range source_id="78" start_line="45" end_line="45" start_column="34" end_column="131" covered="no" />
            <range source_id="78" start_line="46" end_line="46" start_column="34" end_column="152" covered="no" />
            <range source_id="78" start_line="47" end_line="47" start_column="28" end_column="90" covered="no" />
            <range source_id="78" start_line="48" end_line="48" start_column="32" end_column="210" covered="no" />
            <range source_id="78" start_line="49" end_line="49" start_column="23" end_column="63" covered="no" />
            <range source_id="78" start_line="50" end_line="50" start_column="22" end_column="62" covered="no" />
            <range source_id="78" start_line="51" end_line="51" start_column="22" end_column="96" covered="no" />
            <range source_id="78" start_line="53" end_line="53" start_column="22" end_column="110" covered="no" />
            <range source_id="78" start_line="54" end_line="54" start_column="29" end_column="116" covered="no" />
            <range source_id="78" start_line="55" end_line="55" start_column="29" end_column="114" covered="no" />
            <range source_id="78" start_line="56" end_line="56" start_column="27" end_column="94" covered="no" />
            <range source_id="78" start_line="57" end_line="57" start_column="32" end_column="98" covered="no" />
            <range source_id="78" start_line="58" end_line="58" start_column="8" end_column="12" covered="no" />
          </ranges>
        </function>
        <function id="72756" token="0x60002fc" name="GetTranslation(string)" namespace="FluentValidation.Resources" type_name="NorwegianBokmalLanguage" block_coverage="0.00" line_coverage="0.00" blocks_covered="0" blocks_not_covered="157" lines_covered="0" lines_partially_covered="0" lines_not_covered="32">
          <ranges>
            <range source_id="79" start_line="28" end_line="59" start_column="53" end_column="3" covered="no" />
            <range source_id="79" start_line="29" end_line="29" start_column="23" end_column="74" covered="no" />
            <range source_id="79" start_line="30" end_line="30" start_column="36" end_column="106" covered="no" />
            <range source_id="79" start_line="31" end_line="31" start_column="29" end_column="89" covered="no" />
            <range source_id="79" start_line="32" end_line="32" start_column="24" end_column="130" covered="no" />
            <range source_id="79" start_line="33" end_line="33" start_column="31" end_column="132" covered="no" />
            <range source_id="79" start_line="34" end_line="34" start_column="31" end_column="132" covered="no" />
            <range source_id="79" start_line="35" end_line="35" start_column="33" end_column="103" covered="no" />
            <range source_id="79" start_line="36" end_line="36" start_column="26" end_column="86" covered="no" />
            <range source_id="79" start_line="37" end_line="37" start_column="26" end_column="63" covered="no" />
            <range source_id="79" start_line="38" end_line="38" start_column="26" end_column="87" covered="no" />
            <range source_id="79" start_line="39" end_line="39" start_column="25" end_column="62" covered="no" />
            <range source_id="79" start_line="40" end_line="40" start_column="27" end_column="91" covered="no" />
            <range source_id="79" start_line="41" end_line="41" start_column="32" end_column="96" covered="no" />
            <range source_id="79" start_line="42" end_line="42" start_column="35" end_column="77" covered="no" />
            <range source_id="79" start_line="43" end_line="43" start_column="23" end_column="80" covered="no" />
            <range source_id="79" start_line="44" end_line="44" start_column="29" end_column="119" covered="no" />
            <range source_id="79" start_line="45" end_line="45" start_column="34" end_column="120" covered="no" />
            <range source_id="79" start_line="46" end_line="46" start_column="34" end_column="132" covered="no" />
            <range source_id="79" start_line="47" end_line="47" start_column="28" end_column="83" covered="no" />
            <range source_id="79" start_line="48" end_line="48" start_column="32" end_column="204" covered="no" />
            <range source_id="79" start_line="49" end_line="49" start_column="23" end_column="57" covered="no" />
            <range source_id="79" start_line="50" end_line="50" start_column="22" end_column="56" covered="no" />
            <range source_id="79" start_line="51" end_line="51" start_column="22" end_column="100" covered="no" />
            <range source_id="79" start_line="53" end_line="53" start_column="22" end_column="90" covered="no" />
            <range source_id="79" start_line="54" end_line="54" start_column="29" end_column="96" covered="no" />
            <range source_id="79" start_line="55" end_line="55" start_column="29" end_column="96" covered="no" />
            <range source_id="79" start_line="56" end_line="56" start_column="27" end_column="79" covered="no" />
            <range source_id="79" start_line="57" end_line="57" start_column="32" end_column="83" covered="no" />
            <range source_id="79" start_line="58" end_line="58" start_column="8" end_column="12" covered="no" />
          </ranges>
        </function>
        <function id="74008" token="0x60002fe" name="GetTranslation(string)" namespace="FluentValidation.Resources" type_name="NorwegianNynorskLanguage" block_coverage="0.00" line_coverage="0.00" blocks_covered="0" blocks_not_covered="157" lines_covered="0" lines_partially_covered="0" lines_not_covered="32">
          <ranges>
            <range source_id="80" start_line="28" end_line="59" start_column="53" end_column="3" covered="no" />
            <range source_id="80" start_line="29" end_line="29" start_column="23" end_column="75" covered="no" />
            <range source_id="80" start_line="30" end_line="30" start_column="36" end_column="106" covered="no" />
            <range source_id="80" start_line="31" end_line="31" start_column="29" end_column="89" covered="no" />
            <range source_id="80" start_line="32" end_line="32" start_column="24" end_column="131" covered="no" />
            <range source_id="80" start_line="33" end_line="33" start_column="31" end_column="133" covered="no" />
            <range source_id="80" start_line="34" end_line="34" start_column="31" end_column="133" covered="no" />
            <range source_id="80" start_line="35" end_line="35" start_column="33" end_column="103" covered="no" />
            <range source_id="80" start_line="36" end_line="36" start_column="26" end_column="86" covered="no" />
            <range source_id="80" start_line="37" end_line="37" start_column="26" end_column="64" covered="no" />
            <range source_id="80" start_line="38" end_line="38" start_column="26" end_column="84" covered="no" />
            <range source_id="80" start_line="39" end_line="39" start_column="25" end_column="63" covered="no" />
            <range source_id="80" start_line="40" end_line="40" start_column="27" end_column="94" covered="no" />
            <range source_id="80" start_line="41" end_line="41" start_column="32" end_column="99" covered="no" />
            <range source_id="80" start_line="42" end_line="42" start_column="35" end_column="76" covered="no" />
            <range source_id="80" start_line="43" end_line="43" start_column="23" end_column="76" covered="no" />
            <range source_id="80" start_line="44" end_line="44" start_column="29" end_column="120" covered="no" />
            <range source_id="80" start_line="45" end_line="45" start_column="34" end_column="119" covered="no" />
            <range source_id="80" start_line="46" end_line="46" start_column="34" end_column="129" covered="no" />
            <range source_id="80" start_line="47" end_line="47" start_column="28" end_column="85" covered="no" />
            <range source_id="80" start_line="48" end_line="48" start_column="32" end_column="202" covered="no" />
            <range source_id="80" start_line="49" end_line="49" start_column="23" end_column="57" covered="no" />
            <range source_id="80" start_line="50" end_line="50" start_column="22" end_column="56" covered="no" />
            <range source_id="80" start_line="51" end_line="51" start_column="22" end_column="100" covered="no" />
            <range source_id="80" start_line="53" end_line="53" start_column="22" end_column="91" covered="no" />
            <range source_id="80" start_line="54" end_line="54" start_column="29" end_column="97" covered="no" />
            <range source_id="80" start_line="55" end_line="55" start_column="29" end_column="97" covered="no" />
            <range source_id="80" start_line="56" end_line="56" start_column="27" end_column="80" covered="no" />
            <range source_id="80" start_line="57" end_line="57" start_column="32" end_column="83" covered="no" />
            <range source_id="80" start_line="58" end_line="58" start_column="8" end_column="12" covered="no" />
          </ranges>
        </function>
        <function id="75260" token="0x6000300" name="GetTranslation(string)" namespace="FluentValidation.Resources" type_name="PersianLanguage" block_coverage="0.00" line_coverage="0.00" blocks_covered="0" blocks_not_covered="157" lines_covered="0" lines_partially_covered="0" lines_not_covered="32">
          <ranges>
            <range source_id="81" start_line="28" end_line="59" start_column="53" end_column="3" covered="no" />
            <range source_id="81" start_line="29" end_line="29" start_column="23" end_column="79" covered="no" />
            <range source_id="81" start_line="30" end_line="30" start_column="36" end_column="100" covered="no" />
            <range source_id="81" start_line="31" end_line="31" start_column="29" end_column="87" covered="no" />
            <range source_id="81" start_line="32" end_line="32" start_column="24" end_column="153" covered="no" />
            <range source_id="81" start_line="33" end_line="33" start_column="31" end_column="145" covered="no" />
            <range source_id="81" start_line="34" end_line="34" start_column="31" end_column="114" covered="no" />
            <range source_id="81" start_line="35" end_line="35" start_column="33" end_column="96" covered="no" />
            <range source_id="81" start_line="36" end_line="36" start_column="26" end_column="83" covered="no" />
            <range source_id="81" start_line="37" end_line="37" start_column="26" end_column="65" covered="no" />
            <range source_id="81" start_line="38" end_line="38" start_column="26" end_column="85" covered="no" />
            <range source_id="81" start_line="39" end_line="39" start_column="25" end_column="64" covered="no" />
            <range source_id="81" start_line="40" end_line="40" start_column="27" end_column="77" covered="no" />
            <range source_id="81" start_line="41" end_line="41" start_column="32" end_column="82" covered="no" />
            <range source_id="81" start_line="42" end_line="42" start_column="35" end_column="75" covered="no" />
            <range source_id="81" start_line="43" end_line="43" start_column="23" end_column="98" covered="no" />
            <range source_id="81" start_line="44" end_line="44" start_column="29" end_column="130" covered="no" />
            <range source_id="81" start_line="45" end_line="45" start_column="34" end_column="138" covered="no" />
            <range source_id="81" start_line="46" end_line="46" start_column="34" end_column="151" covered="no" />
            <range source_id="81" start_line="47" end_line="47" start_column="28" end_column="67" covered="no" />
            <range source_id="81" start_line="48" end_line="48" start_column="32" end_column="191" covered="no" />
            <range source_id="81" start_line="49" end_line="49" start_column="23" end_column="57" covered="no" />
            <range source_id="81" start_line="50" end_line="50" start_column="22" end_column="56" covered="no" />
            <range source_id="81" start_line="51" end_line="51" start_column="22" end_column="104" covered="no" />
            <range source_id="81" start_line="53" end_line="53" start_column="22" end_column="104" covered="no" />
            <range source_id="81" start_line="54" end_line="54" start_column="29" end_column="97" covered="no" />
            <range source_id="81" start_line="55" end_line="55" start_column="29" end_column="84" covered="no" />
            <range source_id="81" start_line="56" end_line="56" start_column="27" end_column="77" covered="no" />
            <range source_id="81" start_line="57" end_line="57" start_column="32" end_column="79" covered="no" />
            <range source_id="81" start_line="58" end_line="58" start_column="8" end_column="12" covered="no" />
          </ranges>
        </function>
        <function id="76512" token="0x6000302" name="GetTranslation(string)" namespace="FluentValidation.Resources" type_name="PolishLanguage" block_coverage="0.00" line_coverage="0.00" blocks_covered="0" blocks_not_covered="157" lines_covered="0" lines_partially_covered="0" lines_not_covered="32">
          <ranges>
            <range source_id="82" start_line="28" end_line="59" start_column="53" end_column="3" covered="no" />
            <range source_id="82" start_line="29" end_line="29" start_column="23" end_column="83" covered="no" />
            <range source_id="82" start_line="30" end_line="30" start_column="36" end_column="119" covered="no" />
            <range source_id="82" start_line="31" end_line="31" start_column="29" end_column="102" covered="no" />
            <range source_id="82" start_line="32" end_line="32" start_column="24" end_column="156" covered="no" />
            <range source_id="82" start_line="33" end_line="33" start_column="31" end_column="149" covered="no" />
            <range source_id="82" start_line="34" end_line="34" start_column="31" end_column="150" covered="no" />
            <range source_id="82" start_line="35" end_line="35" start_column="33" end_column="117" covered="no" />
            <range source_id="82" start_line="36" end_line="36" start_column="26" end_column="100" covered="no" />
            <range source_id="82" start_line="37" end_line="37" start_column="26" end_column="69" covered="no" />
            <range source_id="82" start_line="38" end_line="38" start_column="26" end_column="89" covered="no" />
            <range source_id="82" start_line="39" end_line="39" start_column="25" end_column="68" covered="no" />
            <range source_id="82" start_line="40" end_line="40" start_column="27" end_column="94" covered="no" />
            <range source_id="82" start_line="41" end_line="41" start_column="32" end_column="99" covered="no" />
            <range source_id="82" start_line="42" end_line="42" start_column="35" end_column="90" covered="no" />
            <range source_id="82" start_line="43" end_line="43" start_column="23" end_column="90" covered="no" />
            <range source_id="82" start_line="44" end_line="44" start_column="29" end_column="134" covered="no" />
            <range source_id="82" start_line="45" end_line="45" start_column="34" end_column="136" covered="no" />
            <range source_id="82" start_line="46" end_line="46" start_column="34" end_column="148" covered="no" />
            <range source_id="82" start_line="47" end_line="47" start_column="28" end_column="99" covered="no" />
            <range source_id="82" start_line="48" end_line="48" start_column="32" end_column="236" covered="no" />
            <range source_id="82" start_line="49" end_line="49" start_column="23" end_column="62" covered="no" />
            <range source_id="82" start_line="50" end_line="50" start_column="22" end_column="61" covered="no" />
            <range source_id="82" start_line="51" end_line="51" start_column="22" end_column="101" covered="no" />
            <range source_id="82" start_line="53" end_line="53" start_column="22" end_column="117" covered="no" />
            <range source_id="82" start_line="54" end_line="54" start_column="29" end_column="110" covered="no" />
            <range source_id="82" start_line="55" end_line="55" start_column="29" end_column="111" covered="no" />
            <range source_id="82" start_line="56" end_line="56" start_column="27" end_column="95" covered="no" />
            <range source_id="82" start_line="57" end_line="57" start_column="32" end_column="105" covered="no" />
            <range source_id="82" start_line="58" end_line="58" start_column="8" end_column="12" covered="no" />
          </ranges>
        </function>
        <function id="77764" token="0x6000304" name="GetTranslation(string)" namespace="FluentValidation.Resources" type_name="PortugueseBrazilLanguage" block_coverage="0.00" line_coverage="0.00" blocks_covered="0" blocks_not_covered="157" lines_covered="0" lines_partially_covered="0" lines_not_covered="32">
          <ranges>
            <range source_id="83" start_line="28" end_line="59" start_column="53" end_column="3" covered="no" />
            <range source_id="83" start_line="29" end_line="29" start_column="23" end_column="74" covered="no" />
            <range source_id="83" start_line="30" end_line="30" start_column="36" end_column="104" covered="no" />
            <range source_id="83" start_line="31" end_line="31" start_column="29" end_column="88" covered="no" />
            <range source_id="83" start_line="32" end_line="32" start_column="24" end_column="134" covered="no" />
            <range source_id="83" start_line="33" end_line="33" start_column="31" end_column="138" covered="no" />
            <range source_id="83" start_line="34" end_line="34" start_column="31" end_column="138" covered="no" />
            <range source_id="83" start_line="35" end_line="35" start_column="33" end_column="101" covered="no" />
            <range source_id="83" start_line="36" end_line="36" start_column="26" end_column="85" covered="no" />
            <range source_id="83" start_line="37" end_line="37" start_column="26" end_column="64" covered="no" />
            <range source_id="83" start_line="38" end_line="38" start_column="26" end_column="87" covered="no" />
            <range source_id="83" start_line="39" end_line="39" start_column="25" end_column="62" covered="no" />
            <range source_id="83" start_line="40" end_line="40" start_column="27" end_column="77" covered="no" />
            <range source_id="83" start_line="41" end_line="41" start_column="32" end_column="82" covered="no" />
            <range source_id="83" start_line="42" end_line="42" start_column="35" end_column="82" covered="no" />
            <range source_id="83" start_line="43" end_line="43" start_column="23" end_column="79" covered="no" />
            <range source_id="83" start_line="44" end_line="44" start_column="29" end_column="130" covered="no" />
            <range source_id="83" start_line="45" end_line="45" start_column="34" end_column="131" covered="no" />
            <range source_id="83" start_line="46" end_line="46" start_column="34" end_column="114" covered="no" />
            <range source_id="83" start_line="47" end_line="47" start_column="28" end_column="91" covered="no" />
            <range source_id="83" start_line="48" end_line="48" start_column="32" end_column="211" covered="no" />
            <range source_id="83" start_line="49" end_line="49" start_column="23" end_column="59" covered="no" />
            <range source_id="83" start_line="50" end_line="50" start_column="22" end_column="57" covered="no" />
            <range source_id="83" start_line="51" end_line="51" start_column="22" end_column="105" covered="no" />
            <range source_id="83" start_line="53" end_line="53" start_column="22" end_column="93" covered="no" />
            <range source_id="83" start_line="54" end_line="54" start_column="29" end_column="97" covered="no" />
            <range source_id="83" start_line="55" end_line="55" start_column="29" end_column="97" covered="no" />
            <range source_id="83" start_line="56" end_line="56" start_column="27" end_column="93" covered="no" />
            <range source_id="83" start_line="57" end_line="57" start_column="32" end_column="82" covered="no" />
            <range source_id="83" start_line="58" end_line="58" start_column="8" end_column="12" covered="no" />
          </ranges>
        </function>
        <function id="79016" token="0x6000306" name="GetTranslation(string)" namespace="FluentValidation.Resources" type_name="PortugueseLanguage" block_coverage="0.00" line_coverage="0.00" blocks_covered="0" blocks_not_covered="157" lines_covered="0" lines_partially_covered="0" lines_not_covered="32">
          <ranges>
            <range source_id="84" start_line="28" end_line="59" start_column="53" end_column="3" covered="no" />
            <range source_id="84" start_line="29" end_line="29" start_column="23" end_column="74" covered="no" />
            <range source_id="84" start_line="30" end_line="30" start_column="36" end_column="104" covered="no" />
            <range source_id="84" start_line="31" end_line="31" start_column="29" end_column="88" covered="no" />
            <range source_id="84" start_line="32" end_line="32" start_column="24" end_column="126" covered="no" />
            <range source_id="84" start_line="33" end_line="33" start_column="31" end_column="138" covered="no" />
            <range source_id="84" start_line="34" end_line="34" start_column="31" end_column="138" covered="no" />
            <range source_id="84" start_line="35" end_line="35" start_column="33" end_column="101" covered="no" />
            <range source_id="84" start_line="36" end_line="36" start_column="26" end_column="85" covered="no" />
            <range source_id="84" start_line="37" end_line="37" start_column="26" end_column="63" covered="no" />
            <range source_id="84" start_line="38" end_line="38" start_column="26" end_column="87" covered="no" />
            <range source_id="84" start_line="39" end_line="39" start_column="25" end_column="62" covered="no" />
            <range source_id="84" start_line="40" end_line="40" start_column="27" end_column="79" covered="no" />
            <range source_id="84" start_line="41" end_line="41" start_column="32" end_column="84" covered="no" />
            <range source_id="84" start_line="42" end_line="42" start_column="35" end_column="90" covered="no" />
            <range source_id="84" start_line="43" end_line="43" start_column="23" end_column="79" covered="no" />
            <range source_id="84" start_line="44" end_line="44" start_column="29" end_column="134" covered="no" />
            <range source_id="84" start_line="45" end_line="45" start_column="34" end_column="124" covered="no" />
            <range source_id="84" start_line="46" end_line="46" start_column="34" end_column="112" covered="no" />
            <range source_id="84" start_line="47" end_line="47" start_column="28" end_column="91" covered="no" />
            <range source_id="84" start_line="48" end_line="48" start_column="32" end_column="222" covered="no" />
            <range source_id="84" start_line="49" end_line="49" start_column="23" end_column="59" covered="no" />
            <range source_id="84" start_line="50" end_line="50" start_column="22" end_column="58" covered="no" />
            <range source_id="84" start_line="51" end_line="51" start_column="22" end_column="105" covered="no" />
            <range source_id="84" start_line="53" end_line="53" start_column="22" end_column="87" covered="no" />
            <range source_id="84" start_line="54" end_line="54" start_column="29" end_column="97" covered="no" />
            <range source_id="84" start_line="55" end_line="55" start_column="29" end_column="97" covered="no" />
            <range source_id="84" start_line="56" end_line="56" start_column="27" end_column="95" covered="no" />
            <range source_id="84" start_line="57" end_line="57" start_column="32" end_column="82" covered="no" />
            <range source_id="84" start_line="58" end_line="58" start_column="8" end_column="12" covered="no" />
          </ranges>
        </function>
        <function id="80268" token="0x6000308" name="GetTranslation(string)" namespace="FluentValidation.Resources" type_name="RomanianLanguage" block_coverage="0.00" line_coverage="0.00" blocks_covered="0" blocks_not_covered="157" lines_covered="0" lines_partially_covered="0" lines_not_covered="32">
          <ranges>
            <range source_id="85" start_line="28" end_line="59" start_column="53" end_column="3" covered="no" />
            <range source_id="85" start_line="29" end_line="29" start_column="23" end_column="75" covered="no" />
            <range source_id="85" start_line="30" end_line="30" start_column="36" end_column="112" covered="no" />
            <range source_id="85" start_line="31" end_line="31" start_column="29" end_column="95" covered="no" />
            <range source_id="85" start_line="32" end_line="32" start_column="24" end_column="139" covered="no" />
            <range source_id="85" start_line="33" end_line="33" start_column="31" end_column="149" covered="no" />
            <range source_id="85" start_line="34" end_line="34" start_column="31" end_column="149" covered="no" />
            <range source_id="85" start_line="35" end_line="35" start_column="33" end_column="109" covered="no" />
            <range source_id="85" start_line="36" end_line="36" start_column="26" end_column="95" covered="no" />
            <range source_id="85" start_line="37" end_line="37" start_column="26" end_column="71" covered="no" />
            <range source_id="85" start_line="38" end_line="38" start_column="26" end_column="94" covered="no" />
            <range source_id="85" start_line="39" end_line="39" start_column="25" end_column="67" covered="no" />
            <range source_id="85" start_line="40" end_line="40" start_column="27" end_column="92" covered="no" />
            <range source_id="85" start_line="41" end_line="41" start_column="32" end_column="97" covered="no" />
            <range source_id="85" start_line="42" end_line="42" start_column="35" end_column="81" covered="no" />
            <range source_id="85" start_line="43" end_line="43" start_column="23" end_column="87" covered="no" />
            <range source_id="85" start_line="44" end_line="44" start_column="29" end_column="141" covered="no" />
            <range source_id="85" start_line="45" end_line="45" start_column="34" end_column="118" covered="no" />
            <range source_id="85" start_line="46" end_line="46" start_column="34" end_column="129" covered="no" />
            <range source_id="85" start_line="47" end_line="47" start_column="28" end_column="88" covered="no" />
            <range source_id="85" start_line="48" end_line="48" start_column="32" end_column="218" covered="no" />
            <range source_id="85" start_line="49" end_line="49" start_column="23" end_column="65" covered="no" />
            <range source_id="85" start_line="50" end_line="50" start_column="22" end_column="62" covered="no" />
            <range source_id="85" start_line="51" end_line="51" start_column="22" end_column="105" covered="no" />
            <range source_id="85" start_line="53" end_line="53" start_column="22" end_column="99" covered="no" />
            <range source_id="85" start_line="54" end_line="54" start_column="29" end_column="109" covered="no" />
            <range source_id="85" start_line="55" end_line="55" start_column="29" end_column="109" covered="no" />
            <range source_id="85" start_line="56" end_line="56" start_column="27" end_column="102" covered="no" />
            <range source_id="85" start_line="57" end_line="57" start_column="32" end_column="87" covered="no" />
            <range source_id="85" start_line="58" end_line="58" start_column="8" end_column="12" covered="no" />
          </ranges>
        </function>
        <function id="81520" token="0x600030a" name="GetTranslation(string)" namespace="FluentValidation.Resources" type_name="RussianLanguage" block_coverage="0.00" line_coverage="0.00" blocks_covered="0" blocks_not_covered="157" lines_covered="0" lines_partially_covered="0" lines_not_covered="33">
          <ranges>
            <range source_id="86" start_line="28" end_line="60" start_column="53" end_column="3" covered="no" />
            <range source_id="86" start_line="29" end_line="29" start_column="23" end_column="63" covered="no" />
            <range source_id="86" start_line="30" end_line="30" start_column="36" end_column="104" covered="no" />
            <range source_id="86" start_line="31" end_line="31" start_column="29" end_column="87" covered="no" />
            <range source_id="86" start_line="32" end_line="32" start_column="24" end_column="147" covered="no" />
            <range source_id="86" start_line="33" end_line="33" start_column="31" end_column="145" covered="no" />
            <range source_id="86" start_line="34" end_line="34" start_column="31" end_column="145" covered="no" />
            <range source_id="86" start_line="35" end_line="35" start_column="33" end_column="101" covered="no" />
            <range source_id="86" start_line="36" end_line="36" start_column="26" end_column="84" covered="no" />
            <range source_id="86" start_line="37" end_line="37" start_column="26" end_column="67" covered="no" />
            <range source_id="86" start_line="38" end_line="38" start_column="26" end_column="86" covered="no" />
            <range source_id="86" start_line="39" end_line="39" start_column="25" end_column="66" covered="no" />
            <range source_id="86" start_line="40" end_line="40" start_column="27" end_column="81" covered="no" />
            <range source_id="86" start_line="41" end_line="41" start_column="32" end_column="86" covered="no" />
            <range source_id="86" start_line="42" end_line="42" start_column="35" end_column="76" covered="no" />
            <range source_id="86" start_line="43" end_line="43" start_column="23" end_column="80" covered="no" />
            <range source_id="86" start_line="44" end_line="44" start_column="29" end_column="137" covered="no" />
            <range source_id="86" start_line="45" end_line="45" start_column="34" end_column="132" covered="no" />
            <range source_id="86" start_line="46" end_line="46" start_column="34" end_column="158" covered="no" />
            <range source_id="86" start_line="47" end_line="47" start_column="28" end_column="68" covered="no" />
            <range source_id="86" start_line="48" end_line="48" start_column="32" end_column="255" covered="no" />
            <range source_id="86" start_line="49" end_line="49" start_column="23" end_column="61" covered="no" />
            <range source_id="86" start_line="50" end_line="50" start_column="22" end_column="60" covered="no" />
            <range source_id="86" start_line="51" end_line="51" start_column="22" end_column="90" covered="no" />
            <range source_id="86" start_line="53" end_line="53" start_column="22" end_column="99" covered="no" />
            <range source_id="86" start_line="54" end_line="54" start_column="29" end_column="97" covered="no" />
            <range source_id="86" start_line="55" end_line="55" start_column="29" end_column="97" covered="no" />
            <range source_id="86" start_line="56" end_line="56" start_column="27" end_column="89" covered="no" />
            <range source_id="86" start_line="57" end_line="57" start_column="32" end_column="93" covered="no" />
            <range source_id="86" start_line="59" end_line="59" start_column="8" end_column="12" covered="no" />
          </ranges>
        </function>
        <function id="82772" token="0x600030c" name="GetTranslation(string)" namespace="FluentValidation.Resources" type_name="SerbianLanguage" block_coverage="0.00" line_coverage="0.00" blocks_covered="0" blocks_not_covered="157" lines_covered="0" lines_partially_covered="0" lines_not_covered="32">
          <ranges>
            <range source_id="87" start_line="28" end_line="59" start_column="53" end_column="3" covered="no" />
            <range source_id="87" start_line="29" end_line="29" start_column="23" end_column="68" covered="no" />
            <range source_id="87" start_line="30" end_line="30" start_column="36" end_column="102" covered="no" />
            <range source_id="87" start_line="31" end_line="31" start_column="29" end_column="86" covered="no" />
            <range source_id="87" start_line="32" end_line="32" start_column="24" end_column="133" covered="no" />
            <range source_id="87" start_line="33" end_line="33" start_column="31" end_column="128" covered="no" />
            <range source_id="87" start_line="34" end_line="34" start_column="31" end_column="129" covered="no" />
            <range source_id="87" start_line="35" end_line="35" start_column="33" end_column="100" covered="no" />
            <range source_id="87" start_line="36" end_line="36" start_column="26" end_column="84" covered="no" />
            <range source_id="87" start_line="37" end_line="37" start_column="26" end_column="64" covered="no" />
            <range source_id="87" start_line="38" end_line="38" start_column="26" end_column="84" covered="no" />
            <range source_id="87" start_line="39" end_line="39" start_column="25" end_column="63" covered="no" />
            <range source_id="87" start_line="40" end_line="40" start_column="27" end_column="75" covered="no" />
            <range source_id="87" start_line="41" end_line="41" start_column="32" end_column="80" covered="no" />
            <range source_id="87" start_line="42" end_line="42" start_column="35" end_column="83" covered="no" />
            <range source_id="87" start_line="43" end_line="43" start_column="23" end_column="79" covered="no" />
            <range source_id="87" start_line="44" end_line="44" start_column="29" end_column="123" covered="no" />
            <range source_id="87" start_line="45" end_line="45" start_column="34" end_column="112" covered="no" />
            <range source_id="87" start_line="46" end_line="46" start_column="34" end_column="126" covered="no" />
            <range source_id="87" start_line="47" end_line="47" start_column="28" end_column="77" covered="no" />
            <range source_id="87" start_line="48" end_line="48" start_column="32" end_column="209" covered="no" />
            <range source_id="87" start_line="49" end_line="49" start_column="23" end_column="59" covered="no" />
            <range source_id="87" start_line="50" end_line="50" start_column="22" end_column="58" covered="no" />
            <range source_id="87" start_line="51" end_line="51" start_column="22" end_column="98" covered="no" />
            <range source_id="87" start_line="53" end_line="53" start_column="22" end_column="95" covered="no" />
            <range source_id="87" start_line="54" end_line="54" start_column="29" end_column="90" covered="no" />
            <range source_id="87" start_line="55" end_line="55" start_column="29" end_column="91" covered="no" />
            <range source_id="87" start_line="56" end_line="56" start_column="27" end_column="85" covered="no" />
            <range source_id="87" start_line="57" end_line="57" start_column="32" end_column="82" covered="no" />
            <range source_id="87" start_line="58" end_line="58" start_column="8" end_column="12" covered="no" />
          </ranges>
        </function>
        <function id="84024" token="0x600030e" name="GetTranslation(string)" namespace="FluentValidation.Resources" type_name="SlovakLanguage" block_coverage="0.00" line_coverage="0.00" blocks_covered="0" blocks_not_covered="157" lines_covered="0" lines_partially_covered="0" lines_not_covered="32">
          <ranges>
            <range source_id="88" start_line="28" end_line="59" start_column="53" end_column="3" covered="no" />
            <range source_id="88" start_line="29" end_line="29" start_column="23" end_column="85" covered="no" />
            <range source_id="88" start_line="30" end_line="30" start_column="36" end_column="120" covered="no" />
            <range source_id="88" start_line="31" end_line="31" start_column="29" end_column="101" covered="no" />
            <range source_id="88" start_line="32" end_line="32" start_column="24" end_column="145" covered="no" />
            <range source_id="88" start_line="33" end_line="33" start_column="31" end_column="151" covered="no" />
            <range source_id="88" start_line="34" end_line="34" start_column="31" end_column="151" covered="no" />
            <range source_id="88" start_line="35" end_line="35" start_column="33" end_column="117" covered="no" />
            <range source_id="88" start_line="36" end_line="36" start_column="26" end_column="98" covered="no" />
            <range source_id="88" start_line="37" end_line="37" start_column="26" end_column="69" covered="no" />
            <range source_id="88" start_line="38" end_line="38" start_column="26" end_column="87" covered="no" />
            <range source_id="88" start_line="39" end_line="39" start_column="25" end_column="68" covered="no" />
            <range source_id="88" start_line="40" end_line="40" start_column="27" end_column="80" covered="no" />
            <range source_id="88" start_line="41" end_line="41" start_column="32" end_column="85" covered="no" />
            <range source_id="88" start_line="42" end_line="42" start_column="35" end_column="79" covered="no" />
            <range source_id="88" start_line="43" end_line="43" start_column="23" end_column="90" covered="no" />
            <range source_id="88" start_line="44" end_line="44" start_column="29" end_column="130" covered="no" />
            <range source_id="88" start_line="45" end_line="45" start_column="34" end_column="145" covered="no" />
            <range source_id="88" start_line="46" end_line="46" start_column="34" end_column="148" covered="no" />
            <range source_id="88" start_line="47" end_line="47" start_column="28" end_column="89" covered="no" />
            <range source_id="88" start_line="48" end_line="48" start_column="32" end_column="208" covered="no" />
            <range source_id="88" start_line="49" end_line="49" start_column="23" end_column="64" covered="no" />
            <range source_id="88" start_line="50" end_line="50" start_column="22" end_column="63" covered="no" />
            <range source_id="88" start_line="51" end_line="51" start_column="22" end_column="99" covered="no" />
            <range source_id="88" start_line="53" end_line="53" start_column="22" end_column="100" covered="no" />
            <range source_id="88" start_line="54" end_line="54" start_column="29" end_column="106" covered="no" />
            <range source_id="88" start_line="55" end_line="55" start_column="29" end_column="106" covered="no" />
            <range source_id="88" start_line="56" end_line="56" start_column="27" end_column="86" covered="no" />
            <range source_id="88" start_line="57" end_line="57" start_column="32" end_column="103" covered="no" />
            <range source_id="88" start_line="58" end_line="58" start_column="8" end_column="12" covered="no" />
          </ranges>
        </function>
        <function id="85276" token="0x6000310" name="GetTranslation(string)" namespace="FluentValidation.Resources" type_name="SlovenianLanguage" block_coverage="0.00" line_coverage="0.00" blocks_covered="0" blocks_not_covered="157" lines_covered="0" lines_partially_covered="0" lines_not_covered="32">
          <ranges>
            <range source_id="89" start_line="28" end_line="59" start_column="53" end_column="3" covered="no" />
            <range source_id="89" start_line="29" end_line="29" start_column="23" end_column="70" covered="no" />
            <range source_id="89" start_line="30" end_line="30" start_column="36" end_column="100" covered="no" />
            <range source_id="89" start_line="31" end_line="31" start_column="29" end_column="87" covered="no" />
            <range source_id="89" start_line="32" end_line="32" start_column="24" end_column="133" covered="no" />
            <range source_id="89" start_line="33" end_line="33" start_column="31" end_column="130" covered="no" />
            <range source_id="89" start_line="34" end_line="34" start_column="31" end_column="131" covered="no" />
            <range source_id="89" start_line="35" end_line="35" start_column="33" end_column="98" covered="no" />
            <range source_id="89" start_line="36" end_line="36" start_column="26" end_column="85" covered="no" />
            <range source_id="89" start_line="37" end_line="37" start_column="26" end_column="64" covered="no" />
            <range source_id="89" start_line="38" end_line="38" start_column="26" end_column="82" covered="no" />
            <range source_id="89" start_line="39" end_line="39" start_column="25" end_column="63" covered="no" />
            <range source_id="89" start_line="40" end_line="40" start_column="27" end_column="80" covered="no" />
            <range source_id="89" start_line="41" end_line="41" start_column="32" end_column="85" covered="no" />
            <range source_id="89" start_line="42" end_line="42" start_column="35" end_column="75" covered="no" />
            <range source_id="89" start_line="43" end_line="43" start_column="23" end_column="77" covered="no" />
            <range source_id="89" start_line="44" end_line="44" start_column="29" end_column="111" covered="no" />
            <range source_id="89" start_line="45" end_line="45" start_column="34" end_column="110" covered="no" />
            <range source_id="89" start_line="46" end_line="46" start_column="34" end_column="122" covered="no" />
            <range source_id="89" start_line="47" end_line="47" start_column="28" end_column="85" covered="no" />
            <range source_id="89" start_line="48" end_line="48" start_column="32" end_column="187" covered="no" />
            <range source_id="89" start_line="49" end_line="49" start_column="23" end_column="59" covered="no" />
            <range source_id="89" start_line="50" end_line="50" start_column="22" end_column="58" covered="no" />
            <range source_id="89" start_line="51" end_line="51" start_column="22" end_column="96" covered="no" />
            <range source_id="89" start_line="53" end_line="53" start_column="22" end_column="94" covered="no" />
            <range source_id="89" start_line="54" end_line="54" start_column="29" end_column="95" covered="no" />
            <range source_id="89" start_line="55" end_line="55" start_column="29" end_column="96" covered="no" />
            <range source_id="89" start_line="56" end_line="56" start_column="27" end_column="76" covered="no" />
            <range source_id="89" start_line="57" end_line="57" start_column="32" end_column="80" covered="no" />
            <range source_id="89" start_line="58" end_line="58" start_column="8" end_column="12" covered="no" />
          </ranges>
        </function>
        <function id="86528" token="0x6000312" name="GetTranslation(string)" namespace="FluentValidation.Resources" type_name="SpanishLanguage" block_coverage="0.00" line_coverage="0.00" blocks_covered="0" blocks_not_covered="157" lines_covered="0" lines_partially_covered="0" lines_not_covered="32">
          <ranges>
            <range source_id="90" start_line="28" end_line="59" start_column="53" end_column="3" covered="no" />
            <range source_id="90" start_line="29" end_line="29" start_column="23" end_column="91" covered="no" />
            <range source_id="90" start_line="30" end_line="30" start_column="36" end_column="102" covered="no" />
            <range source_id="90" start_line="31" end_line="31" start_column="29" end_column="87" covered="no" />
            <range source_id="90" start_line="32" end_line="32" start_column="24" end_column="141" covered="no" />
            <range source_id="90" start_line="33" end_line="33" start_column="31" end_column="134" covered="no" />
            <range source_id="90" start_line="34" end_line="34" start_column="31" end_column="134" covered="no" />
            <range source_id="90" start_line="35" end_line="35" start_column="33" end_column="99" covered="no" />
            <range source_id="90" start_line="36" end_line="36" start_column="26" end_column="84" covered="no" />
            <range source_id="90" start_line="37" end_line="37" start_column="26" end_column="68" covered="no" />
            <range source_id="90" start_line="38" end_line="38" start_column="26" end_column="88" covered="no" />
            <range source_id="90" start_line="39" end_line="39" start_column="25" end_column="64" covered="no" />
            <range source_id="90" start_line="40" end_line="40" start_column="27" end_column="86" covered="no" />
            <range source_id="90" start_line="41" end_line="41" start_column="32" end_column="91" covered="no" />
            <range source_id="90" start_line="42" end_line="42" start_column="35" end_column="83" covered="no" />
            <range source_id="90" start_line="43" end_line="43" start_column="23" end_column="82" covered="no" />
            <range source_id="90" start_line="44" end_line="44" start_column="29" end_column="142" covered="no" />
            <range source_id="90" start_line="45" end_line="45" start_column="34" end_column="143" covered="no" />
            <range source_id="90" start_line="46" end_line="46" start_column="34" end_column="131" covered="no" />
            <range source_id="90" start_line="47" end_line="47" start_column="28" end_column="92" covered="no" />
            <range source_id="90" start_line="48" end_line="48" start_column="32" end_column="203" covered="no" />
            <range source_id="90" start_line="49" end_line="49" start_column="23" end_column="59" covered="no" />
            <range source_id="90" start_line="50" end_line="50" start_column="22" end_column="58" covered="no" />
            <range source_id="90" start_line="51" end_line="51" start_column="22" end_column="100" covered="no" />
            <range source_id="90" start_line="53" end_line="53" start_column="22" end_column="95" covered="no" />
            <range source_id="90" start_line="54" end_line="54" start_column="29" end_column="98" covered="no" />
            <range source_id="90" start_line="55" end_line="55" start_column="29" end_column="98" covered="no" />
            <range source_id="90" start_line="56" end_line="56" start_column="27" end_column="96" covered="no" />
            <range source_id="90" start_line="57" end_line="57" start_column="32" end_column="82" covered="no" />
            <range source_id="90" start_line="58" end_line="58" start_column="8" end_column="12" covered="no" />
          </ranges>
        </function>
        <function id="87780" token="0x6000314" name="GetTranslation(string)" namespace="FluentValidation.Resources" type_name="SwedishLanguage" block_coverage="0.00" line_coverage="0.00" blocks_covered="0" blocks_not_covered="157" lines_covered="0" lines_partially_covered="0" lines_not_covered="32">
          <ranges>
            <range source_id="91" start_line="28" end_line="59" start_column="53" end_column="3" covered="no" />
            <range source_id="91" start_line="29" end_line="29" start_column="23" end_column="75" covered="no" />
            <range source_id="91" start_line="30" end_line="30" start_column="36" end_column="111" covered="no" />
            <range source_id="91" start_line="31" end_line="31" start_column="29" end_column="89" covered="no" />
            <range source_id="91" start_line="32" end_line="32" start_column="24" end_column="135" covered="no" />
            <range source_id="91" start_line="33" end_line="33" start_column="31" end_column="147" covered="no" />
            <range source_id="91" start_line="34" end_line="34" start_column="31" end_column="147" covered="no" />
            <range source_id="91" start_line="35" end_line="35" start_column="33" end_column="108" covered="no" />
            <range source_id="91" start_line="36" end_line="36" start_column="26" end_column="86" covered="no" />
            <range source_id="91" start_line="37" end_line="37" start_column="26" end_column="59" covered="no" />
            <range source_id="91" start_line="38" end_line="38" start_column="26" end_column="92" covered="no" />
            <range source_id="91" start_line="39" end_line="39" start_column="25" end_column="58" covered="no" />
            <range source_id="91" start_line="40" end_line="40" start_column="27" end_column="90" covered="no" />
            <range source_id="91" start_line="41" end_line="41" start_column="32" end_column="95" covered="no" />
            <range source_id="91" start_line="42" end_line="42" start_column="35" end_column="84" covered="no" />
            <range source_id="91" start_line="43" end_line="43" start_column="23" end_column="86" covered="no" />
            <range source_id="91" start_line="44" end_line="44" start_column="29" end_column="117" covered="no" />
            <range source_id="91" start_line="45" end_line="45" start_column="34" end_column="115" covered="no" />
            <range source_id="91" start_line="46" end_line="46" start_column="34" end_column="142" covered="no" />
            <range source_id="91" start_line="47" end_line="47" start_column="28" end_column="87" covered="no" />
            <range source_id="91" start_line="48" end_line="48" start_column="32" end_column="209" covered="no" />
            <range source_id="91" start_line="49" end_line="49" start_column="23" end_column="58" covered="no" />
            <range source_id="91" start_line="50" end_line="50" start_column="22" end_column="57" covered="no" />
            <range source_id="91" start_line="51" end_line="51" start_column="22" end_column="104" covered="no" />
            <range source_id="91" start_line="53" end_line="53" start_column="22" end_column="102" covered="no" />
            <range source_id="91" start_line="54" end_line="54" start_column="29" end_column="105" covered="no" />
            <range source_id="91" start_line="55" end_line="55" start_column="29" end_column="105" covered="no" />
            <range source_id="91" start_line="56" end_line="56" start_column="27" end_column="84" covered="no" />
            <range source_id="91" start_line="57" end_line="57" start_column="32" end_column="87" covered="no" />
            <range source_id="91" start_line="58" end_line="58" start_column="8" end_column="12" covered="no" />
          </ranges>
        </function>
        <function id="89032" token="0x6000316" name="GetTranslation(string)" namespace="FluentValidation.Resources" type_name="TajikLanguage" block_coverage="0.00" line_coverage="0.00" blocks_covered="0" blocks_not_covered="157" lines_covered="0" lines_partially_covered="0" lines_not_covered="32">
          <ranges>
            <range source_id="92" start_line="28" end_line="59" start_column="53" end_column="3" covered="no" />
            <range source_id="92" start_line="29" end_line="29" start_column="23" end_column="80" covered="no" />
            <range source_id="92" start_line="30" end_line="30" start_column="36" end_column="109" covered="no" />
            <range source_id="92" start_line="31" end_line="31" start_column="29" end_column="92" covered="no" />
            <range source_id="92" start_line="32" end_line="32" start_column="24" end_column="144" covered="no" />
            <range source_id="92" start_line="33" end_line="33" start_column="31" end_column="143" covered="no" />
            <range source_id="92" start_line="34" end_line="34" start_column="31" end_column="140" covered="no" />
            <range source_id="92" start_line="35" end_line="35" start_column="33" end_column="103" covered="no" />
            <range source_id="92" start_line="36" end_line="36" start_column="26" end_column="86" covered="no" />
            <range source_id="92" start_line="37" end_line="37" start_column="26" end_column="63" covered="no" />
            <range source_id="92" start_line="38" end_line="38" start_column="26" end_column="89" covered="no" />
            <range source_id="92" start_line="39" end_line="39" start_column="25" end_column="62" covered="no" />
            <range source_id="92" start_line="40" end_line="40" start_column="27" end_column="80" covered="no" />
            <range source_id="92" start_line="41" end_line="41" start_column="32" end_column="85" covered="no" />
            <range source_id="92" start_line="42" end_line="42" start_column="35" end_column="78" covered="no" />
            <range source_id="92" start_line="43" end_line="43" start_column="23" end_column="84" covered="no" />
            <range source_id="92" start_line="44" end_line="44" start_column="29" end_column="129" covered="no" />
            <range source_id="92" start_line="45" end_line="45" start_column="34" end_column="124" covered="no" />
            <range source_id="92" start_line="46" end_line="46" start_column="34" end_column="146" covered="no" />
            <range source_id="92" start_line="47" end_line="47" start_column="28" end_column="81" covered="no" />
            <range source_id="92" start_line="48" end_line="48" start_column="32" end_column="207" covered="no" />
            <range source_id="92" start_line="49" end_line="49" start_column="23" end_column="58" covered="no" />
            <range source_id="92" start_line="50" end_line="50" start_column="22" end_column="57" covered="no" />
            <range source_id="92" start_line="51" end_line="51" start_column="22" end_column="107" covered="no" />
            <range source_id="92" start_line="53" end_line="53" start_column="22" end_column="96" covered="no" />
            <range source_id="92" start_line="54" end_line="54" start_column="29" end_column="98" covered="no" />
            <range source_id="92" start_line="55" end_line="55" start_column="29" end_column="95" covered="no" />
            <range source_id="92" start_line="56" end_line="56" start_column="27" end_column="84" covered="no" />
            <range source_id="92" start_line="57" end_line="57" start_column="32" end_column="83" covered="no" />
            <range source_id="92" start_line="58" end_line="58" start_column="8" end_column="12" covered="no" />
          </ranges>
        </function>
        <function id="90284" token="0x6000318" name="GetTranslation(string)" namespace="FluentValidation.Resources" type_name="ThaiLanguage" block_coverage="0.00" line_coverage="0.00" blocks_covered="0" blocks_not_covered="157" lines_covered="0" lines_partially_covered="0" lines_not_covered="32">
          <ranges>
            <range source_id="93" start_line="10" end_line="41" start_column="53" end_column="3" covered="no" />
            <range source_id="93" start_line="11" end_line="11" start_column="23" end_column="62" covered="no" />
            <range source_id="93" start_line="12" end_line="12" start_column="36" end_column="100" covered="no" />
            <range source_id="93" start_line="13" end_line="13" start_column="29" end_column="82" covered="no" />
            <range source_id="93" start_line="14" end_line="14" start_column="24" end_column="146" covered="no" />
            <range source_id="93" start_line="15" end_line="15" start_column="31" end_column="137" covered="no" />
            <range source_id="93" start_line="16" end_line="16" start_column="31" end_column="145" covered="no" />
            <range source_id="93" start_line="17" end_line="17" start_column="33" end_column="99" covered="no" />
            <range source_id="93" start_line="18" end_line="18" start_column="26" end_column="80" covered="no" />
            <range source_id="93" start_line="19" end_line="19" start_column="26" end_column="65" covered="no" />
            <range source_id="93" start_line="20" end_line="20" start_column="26" end_column="77" covered="no" />
            <range source_id="93" start_line="21" end_line="21" start_column="25" end_column="52" covered="no" />
            <range source_id="93" start_line="22" end_line="22" start_column="27" end_column="75" covered="no" />
            <range source_id="93" start_line="23" end_line="23" start_column="32" end_column="80" covered="no" />
            <range source_id="93" start_line="24" end_line="24" start_column="35" end_column="71" covered="no" />
            <range source_id="93" start_line="25" end_line="25" start_column="23" end_column="76" covered="no" />
            <range source_id="93" start_line="26" end_line="26" start_column="29" end_column="126" covered="no" />
            <range source_id="93" start_line="27" end_line="27" start_column="34" end_column="109" covered="no" />
            <range source_id="93" start_line="28" end_line="28" start_column="34" end_column="122" covered="no" />
            <range source_id="93" start_line="29" end_line="29" start_column="28" end_column="78" covered="no" />
            <range source_id="93" start_line="30" end_line="30" start_column="32" end_column="216" covered="no" />
            <range source_id="93" start_line="31" end_line="31" start_column="23" end_column="59" covered="no" />
            <range source_id="93" start_line="32" end_line="32" start_column="22" end_column="52" covered="no" />
            <range source_id="93" start_line="33" end_line="33" start_column="22" end_column="81" covered="no" />
            <range source_id="93" start_line="35" end_line="35" start_column="22" end_column="100" covered="no" />
            <range source_id="93" start_line="36" end_line="36" start_column="29" end_column="97" covered="no" />
            <range source_id="93" start_line="37" end_line="37" start_column="29" end_column="105" covered="no" />
            <range source_id="93" start_line="38" end_line="38" start_column="27" end_column="91" covered="no" />
            <range source_id="93" start_line="39" end_line="39" start_column="32" end_column="79" covered="no" />
            <range source_id="93" start_line="40" end_line="40" start_column="8" end_column="12" covered="no" />
          </ranges>
        </function>
        <function id="91536" token="0x600031a" name="GetTranslation(string)" namespace="FluentValidation.Resources" type_name="TurkishLanguage" block_coverage="0.00" line_coverage="0.00" blocks_covered="0" blocks_not_covered="157" lines_covered="0" lines_partially_covered="0" lines_not_covered="32">
          <ranges>
            <range source_id="94" start_line="28" end_line="59" start_column="53" end_column="3" covered="no" />
            <range source_id="94" start_line="29" end_line="29" start_column="23" end_column="76" covered="no" />
            <range source_id="94" start_line="30" end_line="30" start_column="36" end_column="116" covered="no" />
            <range source_id="94" start_line="31" end_line="31" start_column="29" end_column="99" covered="no" />
            <range source_id="94" start_line="32" end_line="32" start_column="24" end_column="154" covered="no" />
            <range source_id="94" start_line="33" end_line="33" start_column="31" end_column="134" covered="no" />
            <range source_id="94" start_line="34" end_line="34" start_column="31" end_column="134" covered="no" />
            <range source_id="94" start_line="35" end_line="35" start_column="33" end_column="107" covered="no" />
            <range source_id="94" start_line="36" end_line="36" start_column="26" end_column="90" covered="no" />
            <range source_id="94" start_line="37" end_line="37" start_column="26" end_column="58" covered="no" />
            <range source_id="94" start_line="38" end_line="38" start_column="26" end_column="89" covered="no" />
            <range source_id="94" start_line="39" end_line="39" start_column="25" end_column="55" covered="no" />
            <range source_id="94" start_line="40" end_line="40" start_column="27" end_column="82" covered="no" />
            <range source_id="94" start_line="41" end_line="41" start_column="32" end_column="87" covered="no" />
            <range source_id="94" start_line="42" end_line="42" start_column="35" end_column="84" covered="no" />
            <range source_id="94" start_line="43" end_line="43" start_column="23" end_column="84" covered="no" />
            <range source_id="94" start_line="44" end_line="44" start_column="29" end_column="127" covered="no" />
            <range source_id="94" start_line="45" end_line="45" start_column="34" end_column="120" covered="no" />
            <range source_id="94" start_line="46" end_line="46" start_column="34" end_column="134" covered="no" />
            <range source_id="94" start_line="47" end_line="47" start_column="28" end_column="86" covered="no" />
            <range source_id="94" start_line="48" end_line="48" start_column="32" end_column="187" covered="no" />
            <range source_id="94" start_line="49" end_line="49" start_column="23" end_column="56" covered="no" />
            <range source_id="94" start_line="50" end_line="50" start_column="22" end_column="55" covered="no" />
            <range source_id="94" start_line="51" end_line="51" start_column="22" end_column="97" covered="no" />
            <range source_id="94" start_line="53" end_line="53" start_column="22" end_column="106" covered="no" />
            <range source_id="94" start_line="54" end_line="54" start_column="29" end_column="99" covered="no" />
            <range source_id="94" start_line="55" end_line="55" start_column="29" end_column="99" covered="no" />
            <range source_id="94" start_line="56" end_line="56" start_column="27" end_column="87" covered="no" />
            <range source_id="94" start_line="57" end_line="57" start_column="32" end_column="83" covered="no" />
            <range source_id="94" start_line="58" end_line="58" start_column="8" end_column="12" covered="no" />
          </ranges>
        </function>
        <function id="92788" token="0x600031c" name="GetTranslation(string)" namespace="FluentValidation.Resources" type_name="UkrainianLanguage" block_coverage="0.00" line_coverage="0.00" blocks_covered="0" blocks_not_covered="157" lines_covered="0" lines_partially_covered="0" lines_not_covered="32">
          <ranges>
            <range source_id="95" start_line="28" end_line="59" start_column="53" end_column="3" covered="no" />
            <range source_id="95" start_line="29" end_line="29" start_column="23" end_column="61" covered="no" />
            <range source_id="95" start_line="30" end_line="30" start_column="36" end_column="109" covered="no" />
            <range source_id="95" start_line="31" end_line="31" start_column="29" end_column="88" covered="no" />
            <range source_id="95" start_line="32" end_line="32" start_column="24" end_column="134" covered="no" />
            <range source_id="95" start_line="33" end_line="33" start_column="31" end_column="135" covered="no" />
            <range source_id="95" start_line="34" end_line="34" start_column="31" end_column="132" covered="no" />
            <range source_id="95" start_line="35" end_line="35" start_column="33" end_column="105" covered="no" />
            <range source_id="95" start_line="36" end_line="36" start_column="26" end_column="84" covered="no" />
            <range source_id="95" start_line="37" end_line="37" start_column="26" end_column="67" covered="no" />
            <range source_id="95" start_line="38" end_line="38" start_column="26" end_column="85" covered="no" />
            <range source_id="95" start_line="39" end_line="39" start_column="25" end_column="66" covered="no" />
            <range source_id="95" start_line="40" end_line="40" start_column="27" end_column="81" covered="no" />
            <range source_id="95" start_line="41" end_line="41" start_column="32" end_column="86" covered="no" />
            <range source_id="95" start_line="42" end_line="42" start_column="35" end_column="78" covered="no" />
            <range source_id="95" start_line="43" end_line="43" start_column="23" end_column="78" covered="no" />
            <range source_id="95" start_line="44" end_line="44" start_column="29" end_column="120" covered="no" />
            <range source_id="95" start_line="45" end_line="45" start_column="34" end_column="117" covered="no" />
            <range source_id="95" start_line="46" end_line="46" start_column="34" end_column="107" covered="no" />
            <range source_id="95" start_line="47" end_line="47" start_column="28" end_column="77" covered="no" />
            <range source_id="95" start_line="48" end_line="48" start_column="32" end_column="204" covered="no" />
            <range source_id="95" start_line="49" end_line="49" start_column="23" end_column="60" covered="no" />
            <range source_id="95" start_line="50" end_line="50" start_column="22" end_column="59" covered="no" />
            <range source_id="95" start_line="51" end_line="51" start_column="22" end_column="97" covered="no" />
            <range source_id="95" start_line="53" end_line="53" start_column="22" end_column="99" covered="no" />
            <range source_id="95" start_line="54" end_line="54" start_column="29" end_column="100" covered="no" />
            <range source_id="95" start_line="55" end_line="55" start_column="29" end_column="97" covered="no" />
            <range source_id="95" start_line="56" end_line="56" start_column="27" end_column="85" covered="no" />
            <range source_id="95" start_line="57" end_line="57" start_column="32" end_column="89" covered="no" />
            <range source_id="95" start_line="58" end_line="58" start_column="8" end_column="12" covered="no" />
          </ranges>
        </function>
        <function id="94040" token="0x600031e" name="GetTranslation(string)" namespace="FluentValidation.Resources" type_name="UzbekCyrillicLanguage" block_coverage="0.00" line_coverage="0.00" blocks_covered="0" blocks_not_covered="157" lines_covered="0" lines_partially_covered="0" lines_not_covered="32">
          <ranges>
            <range source_id="96" start_line="28" end_line="59" start_column="53" end_column="3" covered="no" />
            <range source_id="96" start_line="29" end_line="29" start_column="23" end_column="77" covered="no" />
            <range source_id="96" start_line="30" end_line="30" start_column="36" end_column="101" covered="no" />
            <range source_id="96" start_line="31" end_line="31" start_column="29" end_column="89" covered="no" />
            <range source_id="96" start_line="32" end_line="32" start_column="24" end_column="145" covered="no" />
            <range source_id="96" start_line="33" end_line="33" start_column="31" end_column="138" covered="no" />
            <range source_id="96" start_line="34" end_line="34" start_column="31" end_column="142" covered="no" />
            <range source_id="96" start_line="35" end_line="35" start_column="33" end_column="100" covered="no" />
            <range source_id="96" start_line="36" end_line="36" start_column="26" end_column="84" covered="no" />
            <range source_id="96" start_line="37" end_line="37" start_column="26" end_column="68" covered="no" />
            <range source_id="96" start_line="38" end_line="38" start_column="26" end_column="91" covered="no" />
            <range source_id="96" start_line="39" end_line="39" start_column="25" end_column="67" covered="no" />
            <range source_id="96" start_line="40" end_line="40" start_column="27" end_column="80" covered="no" />
            <range source_id="96" start_line="41" end_line="41" start_column="32" end_column="85" covered="no" />
            <range source_id="96" start_line="42" end_line="42" start_column="35" end_column="71" covered="no" />
            <range source_id="96" start_line="43" end_line="43" start_column="23" end_column="81" covered="no" />
            <range source_id="96" start_line="44" end_line="44" start_column="29" end_column="135" covered="no" />
            <range source_id="96" start_line="45" end_line="45" start_column="34" end_column="117" covered="no" />
            <range source_id="96" start_line="46" end_line="46" start_column="34" end_column="152" covered="no" />
            <range source_id="96" start_line="47" end_line="47" start_column="28" end_column="79" covered="no" />
            <range source_id="96" start_line="48" end_line="48" start_column="32" end_column="256" covered="no" />
            <range source_id="96" start_line="49" end_line="49" start_column="23" end_column="58" covered="no" />
            <range source_id="96" start_line="50" end_line="50" start_column="22" end_column="57" covered="no" />
            <range source_id="96" start_line="51" end_line="51" start_column="22" end_column="82" covered="no" />
            <range source_id="96" start_line="53" end_line="53" start_column="22" end_column="104" covered="no" />
            <range source_id="96" start_line="54" end_line="54" start_column="29" end_column="97" covered="no" />
            <range source_id="96" start_line="55" end_line="55" start_column="29" end_column="101" covered="no" />
            <range source_id="96" start_line="56" end_line="56" start_column="27" end_column="94" covered="no" />
            <range source_id="96" start_line="57" end_line="57" start_column="32" end_column="94" covered="no" />
            <range source_id="96" start_line="58" end_line="58" start_column="8" end_column="12" covered="no" />
          </ranges>
        </function>
        <function id="95292" token="0x6000320" name="GetTranslation(string)" namespace="FluentValidation.Resources" type_name="UzbekLatinLanguage" block_coverage="0.00" line_coverage="0.00" blocks_covered="0" blocks_not_covered="157" lines_covered="0" lines_partially_covered="0" lines_not_covered="32">
          <ranges>
            <range source_id="97" start_line="28" end_line="59" start_column="53" end_column="3" covered="no" />
            <range source_id="97" start_line="29" end_line="29" start_column="23" end_column="79" covered="no" />
            <range source_id="97" start_line="30" end_line="30" start_column="36" end_column="104" covered="no" />
            <range source_id="97" start_line="31" end_line="31" start_column="29" end_column="92" covered="no" />
            <range source_id="97" start_line="32" end_line="32" start_column="24" end_column="149" covered="no" />
            <range source_id="97" start_line="33" end_line="33" start_column="31" end_column="141" covered="no" />
            <range source_id="97" start_line="34" end_line="34" start_column="31" end_column="146" covered="no" />
            <range source_id="97" start_line="35" end_line="35" start_column="33" end_column="104" covered="no" />
            <range source_id="97" start_line="36" end_line="36" start_column="26" end_column="87" covered="no" />
            <range source_id="97" start_line="37" end_line="37" start_column="26" end_column="72" covered="no" />
            <range source_id="97" start_line="38" end_line="38" start_column="26" end_column="93" covered="no" />
            <range source_id="97" start_line="39" end_line="39" start_column="25" end_column="71" covered="no" />
            <range source_id="97" start_line="40" end_line="40" start_column="27" end_column="81" covered="no" />
            <range source_id="97" start_line="41" end_line="41" start_column="32" end_column="86" covered="no" />
            <range source_id="97" start_line="42" end_line="42" start_column="35" end_column="73" covered="no" />
            <range source_id="97" start_line="43" end_line="43" start_column="23" end_column="84" covered="no" />
            <range source_id="97" start_line="44" end_line="44" start_column="29" end_column="145" covered="no" />
            <range source_id="97" start_line="45" end_line="45" start_column="34" end_column="121" covered="no" />
            <range source_id="97" start_line="46" end_line="46" start_column="34" end_column="157" covered="no" />
            <range source_id="97" start_line="47" end_line="47" start_column="28" end_column="80" covered="no" />
            <range source_id="97" start_line="48" end_line="48" start_column="32" end_column="258" covered="no" />
            <range source_id="97" start_line="49" end_line="49" start_column="23" end_column="63" covered="no" />
            <range source_id="97" start_line="50" end_line="50" start_column="22" end_column="62" covered="no" />
            <range source_id="97" start_line="51" end_line="51" start_column="22" end_column="83" covered="no" />
            <range source_id="97" start_line="53" end_line="53" start_column="22" end_column="108" covered="no" />
            <range source_id="97" start_line="54" end_line="54" start_column="29" end_column="100" covered="no" />
            <range source_id="97" start_line="55" end_line="55" start_column="29" end_column="105" covered="no" />
            <range source_id="97" start_line="56" end_line="56" start_column="27" end_column="97" covered="no" />
            <range source_id="97" start_line="57" end_line="57" start_column="32" end_column="98" covered="no" />
            <range source_id="97" start_line="58" end_line="58" start_column="8" end_column="12" covered="no" />
          </ranges>
        </function>
        <function id="96544" token="0x6000322" name="GetTranslation(string)" namespace="FluentValidation.Resources" type_name="VietnameseLanguage" block_coverage="0.00" line_coverage="0.00" blocks_covered="0" blocks_not_covered="157" lines_covered="0" lines_partially_covered="0" lines_not_covered="32">
          <ranges>
            <range source_id="98" start_line="28" end_line="59" start_column="53" end_column="3" covered="no" />
            <range source_id="98" start_line="29" end_line="29" start_column="23" end_column="73" covered="no" />
            <range source_id="98" start_line="30" end_line="30" start_column="36" end_column="102" covered="no" />
            <range source_id="98" start_line="31" end_line="31" start_column="29" end_column="81" covered="no" />
            <range source_id="98" start_line="32" end_line="32" start_column="24" end_column="135" covered="no" />
            <range source_id="98" start_line="33" end_line="33" start_column="31" end_column="130" covered="no" />
            <range source_id="98" start_line="34" end_line="34" start_column="31" end_column="139" covered="no" />
            <range source_id="98" start_line="35" end_line="35" start_column="33" end_column="95" covered="no" />
            <range source_id="98" start_line="36" end_line="36" start_column="26" end_column="78" covered="no" />
            <range source_id="98" start_line="37" end_line="37" start_column="26" end_column="61" covered="no" />
            <range source_id="98" start_line="38" end_line="38" start_column="26" end_column="81" covered="no" />
            <range source_id="98" start_line="39" end_line="39" start_column="25" end_column="60" covered="no" />
            <range source_id="98" start_line="40" end_line="40" start_column="27" end_column="88" covered="no" />
            <range source_id="98" start_line="41" end_line="41" start_column="32" end_column="93" covered="no" />
            <range source_id="98" start_line="42" end_line="42" start_column="35" end_column="75" covered="no" />
            <range source_id="98" start_line="43" end_line="43" start_column="23" end_column="72" covered="no" />
            <range source_id="98" start_line="44" end_line="44" start_column="29" end_column="124" covered="no" />
            <range source_id="98" start_line="45" end_line="45" start_column="34" end_column="130" covered="no" />
            <range source_id="98" start_line="46" end_line="46" start_column="34" end_column="160" covered="no" />
            <range source_id="98" start_line="47" end_line="47" start_column="28" end_column="81" covered="no" />
            <range source_id="98" start_line="48" end_line="48" start_column="32" end_column="215" covered="no" />
            <range source_id="98" start_line="49" end_line="49" start_column="23" end_column="55" covered="no" />
            <range source_id="98" start_line="50" end_line="50" start_column="22" end_column="65" covered="no" />
            <range source_id="98" start_line="51" end_line="51" start_column="22" end_column="99" covered="no" />
            <range source_id="98" start_line="53" end_line="53" start_column="22" end_column="100" covered="no" />
            <range source_id="98" start_line="54" end_line="54" start_column="29" end_column="95" covered="no" />
            <range source_id="98" start_line="55" end_line="55" start_column="29" end_column="104" covered="no" />
            <range source_id="98" start_line="56" end_line="56" start_column="27" end_column="89" covered="no" />
            <range source_id="98" start_line="57" end_line="57" start_column="32" end_column="99" covered="no" />
            <range source_id="98" start_line="58" end_line="58" start_column="8" end_column="12" covered="no" />
          </ranges>
        </function>
        <function id="97796" token="0x6000324" name="GetTranslation(string)" namespace="FluentValidation.Resources" type_name="WelshLanguage" block_coverage="0.00" line_coverage="0.00" blocks_covered="0" blocks_not_covered="157" lines_covered="0" lines_partially_covered="0" lines_not_covered="32">
          <ranges>
            <range source_id="99" start_line="28" end_line="59" start_column="53" end_column="3" covered="no" />
            <range source_id="99" start_line="29" end_line="29" start_column="23" end_column="75" covered="no" />
            <range source_id="99" start_line="30" end_line="30" start_column="36" end_column="118" covered="no" />
            <range source_id="99" start_line="31" end_line="31" start_column="29" end_column="90" covered="no" />
            <range source_id="99" start_line="32" end_line="32" start_column="24" end_column="131" covered="no" />
            <range source_id="99" start_line="33" end_line="33" start_column="31" end_column="128" covered="no" />
            <range source_id="99" start_line="34" end_line="34" start_column="31" end_column="131" covered="no" />
            <range source_id="99" start_line="35" end_line="35" start_column="33" end_column="116" covered="no" />
            <range source_id="99" start_line="36" end_line="36" start_column="26" end_column="88" covered="no" />
            <range source_id="99" start_line="37" end_line="37" start_column="26" end_column="66" covered="no" />
            <range source_id="99" start_line="38" end_line="38" start_column="26" end_column="93" covered="no" />
            <range source_id="99" start_line="39" end_line="39" start_column="25" end_column="65" covered="no" />
            <range source_id="99" start_line="40" end_line="40" start_column="27" end_column="89" covered="no" />
            <range source_id="99" start_line="41" end_line="41" start_column="32" end_column="94" covered="no" />
            <range source_id="99" start_line="42" end_line="42" start_column="35" end_column="80" covered="no" />
            <range source_id="99" start_line="43" end_line="43" start_column="23" end_column="94" covered="no" />
            <range source_id="99" start_line="44" end_line="44" start_column="29" end_column="127" covered="no" />
            <range source_id="99" start_line="45" end_line="45" start_column="34" end_column="119" covered="no" />
            <range source_id="99" start_line="46" end_line="46" start_column="34" end_column="140" covered="no" />
            <range source_id="99" start_line="47" end_line="47" start_column="28" end_column="82" covered="no" />
            <range source_id="99" start_line="48" end_line="48" start_column="32" end_column="203" covered="no" />
            <range source_id="99" start_line="49" end_line="49" start_column="23" end_column="61" covered="no" />
            <range source_id="99" start_line="50" end_line="50" start_column="22" end_column="60" covered="no" />
            <range source_id="99" start_line="51" end_line="51" start_column="22" end_column="106" covered="no" />
            <range source_id="99" start_line="53" end_line="53" start_column="22" end_column="93" covered="no" />
            <range source_id="99" start_line="54" end_line="54" start_column="29" end_column="90" covered="no" />
            <range source_id="99" start_line="55" end_line="55" start_column="29" end_column="93" covered="no" />
            <range source_id="99" start_line="56" end_line="56" start_column="27" end_column="89" covered="no" />
            <range source_id="99" start_line="57" end_line="57" start_column="32" end_column="83" covered="no" />
            <range source_id="99" start_line="58" end_line="58" start_column="8" end_column="12" covered="no" />
          </ranges>
        </function>
        <function id="99048" token="0x6000326" name="GetCachedAccessor&lt;TProperty&gt;(System.Reflection.MemberInfo, System.Linq.Expressions.Expression&lt;System.Func&lt;T, TProperty&gt;&gt;, bool, string)" namespace="FluentValidation.Internal" type_name="AccessorCache&lt;T&gt;" block_coverage="42.31" line_coverage="50.00" blocks_covered="11" blocks_not_covered="15" lines_covered="4" lines_partially_covered="0" lines_not_covered="4">
          <ranges>
            <range source_id="100" start_line="25" end_line="25" start_column="3" end_column="67" covered="yes" />
            <range source_id="100" start_line="26" end_line="26" start_column="4" end_column="32" covered="no" />
            <range source_id="100" start_line="31" end_line="31" start_column="3" end_column="22" covered="yes" />
            <range source_id="100" start_line="34" end_line="34" start_column="4" end_column="77" covered="no" />
            <range source_id="100" start_line="35" end_line="35" start_column="5" end_column="77" covered="no" />
            <range source_id="100" start_line="39" end_line="39" start_column="5" end_column="33" covered="no" />
            <range source_id="100" start_line="43" end_line="43" start_column="4" end_column="51" covered="yes" />
            <range source_id="100" start_line="46" end_line="46" start_column="3" end_column="77" covered="yes" />
          </ranges>
        </function>
        <function id="99245" token="0x6000327" name="Clear()" namespace="FluentValidation.Internal" type_name="AccessorCache&lt;T&gt;" block_coverage="0.00" line_coverage="0.00" blocks_covered="0" blocks_not_covered="2" lines_covered="0" lines_partially_covered="0" lines_not_covered="2">
          <ranges>
            <range source_id="100" start_line="50" end_line="50" start_column="3" end_column="18" covered="no" />
            <range source_id="100" start_line="51" end_line="51" start_column="2" end_column="3" covered="no" />
          </ranges>
        </function>
        <function id="99257" token="0x6000328" name="AccessorCache()" namespace="FluentValidation.Internal" type_name="AccessorCache&lt;T&gt;" block_coverage="100.00" line_coverage="100.00" blocks_covered="2" blocks_not_covered="0" lines_covered="1" lines_partially_covered="0" lines_not_covered="0">
          <ranges>
            <range source_id="100" start_line="13" end_line="13" start_column="2" end_column="77" covered="yes" />
          </ranges>
        </function>
        <function id="99277" token="0x600032a" name="CollectionPropertyRule(System.Reflection.MemberInfo, System.Func&lt;T, System.Collections.Generic.IEnumerable&lt;TElement&gt;&gt;, System.Linq.Expressions.LambdaExpression, System.Func&lt;FluentValidation.CascadeMode&gt;, System.Type)" namespace="FluentValidation.Internal" type_name="CollectionPropertyRule&lt;T, TElement&gt;" block_coverage="0.00" line_coverage="0.00" blocks_covered="0" blocks_not_covered="2" lines_covered="0" lines_partially_covered="0" lines_not_covered="2">
          <ranges>
            <range source_id="101" start_line="41" end_line="41" start_column="5" end_column="77" covered="no" />
            <range source_id="101" start_line="42" end_line="42" start_column="2" end_column="3" covered="no" />
          </ranges>
        </function>
        <function id="99292" token="0x600032b" name="get_Filter()" namespace="FluentValidation.Internal" type_name="CollectionPropertyRule&lt;T, TElement&gt;" block_coverage="0.00" line_coverage="0.00" blocks_covered="0" blocks_not_covered="1" lines_covered="0" lines_partially_covered="0" lines_not_covered="1">
          <ranges>
            <range source_id="101" start_line="47" end_line="47" start_column="39" end_column="43" covered="no" />
          </ranges>
        </function>
        <function id="99300" token="0x600032c" name="set_Filter(System.Func&lt;TElement, bool&gt;)" namespace="FluentValidation.Internal" type_name="CollectionPropertyRule&lt;T, TElement&gt;" block_coverage="0.00" line_coverage="0.00" blocks_covered="0" blocks_not_covered="1" lines_covered="0" lines_partially_covered="0" lines_not_covered="1">
          <ranges>
            <range source_id="101" start_line="47" end_line="47" start_column="44" end_column="48" covered="no" />
          </ranges>
        </function>
        <function id="99309" token="0x600032d" name="get_IndexBuilder()" namespace="FluentValidation.Internal" type_name="CollectionPropertyRule&lt;T, TElement&gt;" block_coverage="0.00" line_coverage="0.00" blocks_covered="0" blocks_not_covered="1" lines_covered="0" lines_partially_covered="0" lines_not_covered="1">
          <ranges>
            <range source_id="101" start_line="53" end_line="53" start_column="78" end_column="82" covered="no" />
          </ranges>
        </function>
        <function id="99317" token="0x600032e" name="set_IndexBuilder(System.Func&lt;T, System.Collections.Generic.IEnumerable&lt;TElement&gt;, TElement, int, string&gt;)" namespace="FluentValidation.Internal" type_name="CollectionPropertyRule&lt;T, TElement&gt;" block_coverage="0.00" line_coverage="0.00" blocks_covered="0" blocks_not_covered="1" lines_covered="0" lines_partially_covered="0" lines_not_covered="1">
          <ranges>
            <range source_id="101" start_line="53" end_line="53" start_column="83" end_column="87" covered="no" />
          </ranges>
        </function>
        <function id="99328" token="0x600032f" name="Create(System.Linq.Expressions.Expression&lt;System.Func&lt;T, System.Collections.Generic.IEnumerable&lt;TElement&gt;&gt;&gt;, System.Func&lt;FluentValidation.CascadeMode&gt;, bool)" namespace="FluentValidation.Internal" type_name="CollectionPropertyRule&lt;T, TElement&gt;" block_coverage="0.00" line_coverage="0.00" blocks_covered="0" blocks_not_covered="6" lines_covered="0" lines_partially_covered="0" lines_not_covered="3">
          <ranges>
            <range source_id="101" start_line="59" end_line="59" start_column="3" end_column="39" covered="no" />
            <range source_id="101" start_line="60" end_line="60" start_column="3" end_column="104" covered="no" />
            <range source_id="101" start_line="61" end_line="61" start_column="3" end_column="124" covered="no" />
          </ranges>
        </function>
        <function id="99404" token="0x6000330" name="CreateTransformed&lt;TOriginal&gt;(System.Linq.Expressions.Expression&lt;System.Func&lt;T, System.Collections.Generic.IEnumerable&lt;TOriginal&gt;&gt;&gt;, System.Func&lt;TOriginal, TElement&gt;, System.Func&lt;FluentValidation.CascadeMode&gt;, bool)" namespace="FluentValidation.Internal" type_name="CollectionPropertyRule&lt;T, TElement&gt;" block_coverage="0.00" line_coverage="0.00" blocks_covered="0" blocks_not_covered="6" lines_covered="0" lines_partially_covered="0" lines_not_covered="3">
          <ranges>
            <range source_id="101" start_line="68" end_line="68" start_column="3" end_column="39" covered="no" />
            <range source_id="101" start_line="69" end_line="69" start_column="3" end_column="104" covered="no" />
            <range source_id="101" start_line="74" end_line="74" start_column="3" end_column="120" covered="no" />
          </ranges>
        </function>
        <function id="99488" token="0x6000331" name="CreateTransformed&lt;TOriginal&gt;(System.Linq.Expressions.Expression&lt;System.Func&lt;T, System.Collections.Generic.IEnumerable&lt;TOriginal&gt;&gt;&gt;, System.Func&lt;T, TOriginal, TElement&gt;, System.Func&lt;FluentValidation.CascadeMode&gt;, bool)" namespace="FluentValidation.Internal" type_name="CollectionPropertyRule&lt;T, TElement&gt;" block_coverage="0.00" line_coverage="0.00" blocks_covered="0" blocks_not_covered="6" lines_covered="0" lines_partially_covered="0" lines_not_covered="3">
          <ranges>
            <range source_id="101" start_line="81" end_line="81" start_column="3" end_column="39" covered="no" />
            <range source_id="101" start_line="82" end_line="82" start_column="3" end_column="104" covered="no" />
            <range source_id="101" start_line="88" end_line="88" start_column="3" end_column="121" covered="no" />
          </ranges>
        </function>
        <function id="99663" token="0x6000333" name="FluentValidation.IValidationRuleInternal&lt;T&gt;.AddDependentRules(System.Collections.Generic.IEnumerable&lt;FluentValidation.IValidationRuleInternal&lt;T&gt;&gt;)" namespace="FluentValidation.Internal" type_name="CollectionPropertyRule&lt;T, TElement&gt;" block_coverage="0.00" line_coverage="0.00" blocks_covered="0" blocks_not_covered="7" lines_covered="0" lines_partially_covered="0" lines_not_covered="3">
          <ranges>
            <range source_id="101" start_line="213" end_line="213" start_column="3" end_column="30" covered="no" />
            <range source_id="101" start_line="213" end_line="213" start_column="31" end_column="54" covered="no" />
            <range source_id="101" start_line="214" end_line="214" start_column="3" end_column="34" covered="no" />
            <range source_id="101" start_line="215" end_line="215" start_column="2" end_column="3" covered="no" />
          </ranges>
        </function>
        <function id="99787" token="0x6000335" name="InferPropertyName(System.Linq.Expressions.LambdaExpression)" namespace="FluentValidation.Internal" type_name="CollectionPropertyRule&lt;T, TElement&gt;" block_coverage="0.00" line_coverage="0.00" blocks_covered="0" blocks_not_covered="10" lines_covered="0" lines_partially_covered="0" lines_not_covered="4">
          <ranges>
            <range source_id="101" start_line="249" end_line="249" start_column="3" end_column="57" covered="no" />
            <range source_id="101" start_line="251" end_line="251" start_column="3" end_column="24" covered="no" />
            <range source_id="101" start_line="252" end_line="252" start_column="4" end_column="281" covered="no" />
            <range source_id="101" start_line="255" end_line="255" start_column="3" end_column="24" covered="no" />
          </ranges>
        </function>
        <function id="99842" token="0x6000336" name="CompositeValidatorSelector(System.Collections.Generic.IEnumerable&lt;FluentValidation.Internal.IValidatorSelector&gt;)" namespace="FluentValidation.Internal" type_name="CompositeValidatorSelector" block_coverage="0.00" line_coverage="0.00" blocks_covered="0" blocks_not_covered="2" lines_covered="0" lines_partially_covered="0" lines_not_covered="3">
          <ranges>
            <range source_id="102" start_line="27" end_line="27" start_column="2" end_column="78" covered="no" />
            <range source_id="102" start_line="28" end_line="28" start_column="3" end_column="26" covered="no" />
            <range source_id="102" start_line="29" end_line="29" start_column="2" end_column="3" covered="no" />
          </ranges>
        </function>
        <function id="99860" token="0x6000337" name="CanExecute(FluentValidation.IValidationRule, string, FluentValidation.IValidationContext)" namespace="FluentValidation.Internal" type_name="CompositeValidatorSelector" block_coverage="0.00" line_coverage="0.00" blocks_covered="0" blocks_not_covered="3" lines_covered="0" lines_partially_covered="0" lines_not_covered="1">
          <ranges>
            <range source_id="102" start_line="32" end_line="32" start_column="3" end_column="73" covered="no" />
          </ranges>
        </function>
        <function id="99923" token="0x6000338" name="ConditionBuilder(FluentValidation.Internal.TrackingCollection&lt;FluentValidation.IValidationRuleInternal&lt;T&gt;&gt;)" namespace="FluentValidation.Internal" type_name="ConditionBuilder&lt;T&gt;" block_coverage="0.00" line_coverage="0.00" blocks_covered="0" blocks_not_covered="2" lines_covered="0" lines_partially_covered="0" lines_not_covered="3">
          <ranges>
            <range source_id="103" start_line="30" end_line="30" start_column="2" end_column="79" covered="no" />
            <range source_id="103" start_line="31" end_line="31" start_column="3" end_column="18" covered="no" />
            <range source_id="103" start_line="32" end_line="32" start_column="2" end_column="3" covered="no" />
          </ranges>
        </function>
        <function id="99940" token="0x6000339" name="When(System.Func&lt;T, FluentValidation.ValidationContext&lt;T&gt;, bool&gt;, System.Action)" namespace="FluentValidation.Internal" type_name="ConditionBuilder&lt;T&gt;" block_coverage="0.00" line_coverage="0.00" blocks_covered="0" blocks_not_covered="20" lines_covered="0" lines_partially_covered="0" lines_not_covered="8">
          <ranges>
            <range source_id="103" start_line="41" end_line="41" start_column="3" end_column="62" covered="no" />
            <range source_id="103" start_line="43" end_line="43" start_column="3" end_column="48" covered="no" />
            <range source_id="103" start_line="44" end_line="44" start_column="4" end_column="13" covered="no" />
            <range source_id="103" start_line="45" end_line="45" start_column="3" end_column="4" covered="no" />
            <range source_id="103" start_line="48" end_line="48" start_column="3" end_column="46" covered="no" />
            <range source_id="103" start_line="76" end_line="76" start_column="24" end_column="37" covered="no" />
            <range source_id="103" start_line="76" end_line="76" start_column="12" end_column="20" covered="no" />
            <range source_id="103" start_line="77" end_line="77" start_column="4" end_column="41" covered="no" />
            <range source_id="103" start_line="76" end_line="76" start_column="21" end_column="23" covered="no" />
            <range source_id="103" start_line="80" end_line="80" start_column="3" end_column="62" covered="no" />
          </ranges>
        </function>
        <function id="100160" token="0x600033a" name="Unless(System.Func&lt;T, FluentValidation.ValidationContext&lt;T&gt;, bool&gt;, System.Action)" namespace="FluentValidation.Internal" type_name="ConditionBuilder&lt;T&gt;" block_coverage="0.00" line_coverage="0.00" blocks_covered="0" blocks_not_covered="3" lines_covered="0" lines_partially_covered="0" lines_not_covered="1">
          <ranges>
            <range source_id="103" start_line="89" end_line="89" start_column="3" end_column="63" covered="no" />
          </ranges>
        </function>
        <function id="100205" token="0x600033b" name="AsyncConditionBuilder(FluentValidation.Internal.TrackingCollection&lt;FluentValidation.IValidationRuleInternal&lt;T&gt;&gt;)" namespace="FluentValidation.Internal" type_name="AsyncConditionBuilder&lt;T&gt;" block_coverage="0.00" line_coverage="0.00" blocks_covered="0" blocks_not_covered="2" lines_covered="0" lines_partially_covered="0" lines_not_covered="3">
          <ranges>
            <range source_id="103" start_line="96" end_line="96" start_column="2" end_column="84" covered="no" />
            <range source_id="103" start_line="97" end_line="97" start_column="3" end_column="18" covered="no" />
            <range source_id="103" start_line="98" end_line="98" start_column="2" end_column="3" covered="no" />
          </ranges>
        </function>
        <function id="100220" token="0x600033c" name="WhenAsync(System.Func&lt;T, FluentValidation.ValidationContext&lt;T&gt;, System.Threading.CancellationToken, System.Threading.Tasks.Task&lt;bool&gt;&gt;, System.Action)" namespace="FluentValidation.Internal" type_name="AsyncConditionBuilder&lt;T&gt;" block_coverage="0.00" line_coverage="0.00" blocks_covered="0" blocks_not_covered="20" lines_covered="0" lines_partially_covered="0" lines_not_covered="8">
          <ranges>
            <range source_id="103" start_line="107" end_line="107" start_column="3" end_column="62" covered="no" />
            <range source_id="103" start_line="109" end_line="109" start_column="3" end_column="48" covered="no" />
            <range source_id="103" start_line="110" end_line="110" start_column="4" end_column="13" covered="no" />
            <range source_id="103" start_line="111" end_line="111" start_column="3" end_column="4" covered="no" />
            <range source_id="103" start_line="114" end_line="114" start_column="3" end_column="51" covered="no" />
            <range source_id="103" start_line="141" end_line="141" start_column="24" end_column="37" covered="no" />
            <range source_id="103" start_line="141" end_line="141" start_column="12" end_column="20" covered="no" />
            <range source_id="103" start_line="142" end_line="142" start_column="4" end_column="46" covered="no" />
            <range source_id="103" start_line="141" end_line="141" start_column="21" end_column="23" covered="no" />
            <range source_id="103" start_line="145" end_line="145" start_column="3" end_column="67" covered="no" />
          </ranges>
        </function>
        <function id="100440" token="0x600033d" name="UnlessAsync(System.Func&lt;T, FluentValidation.ValidationContext&lt;T&gt;, System.Threading.CancellationToken, System.Threading.Tasks.Task&lt;bool&gt;&gt;, System.Action)" namespace="FluentValidation.Internal" type_name="AsyncConditionBuilder&lt;T&gt;" block_coverage="0.00" line_coverage="0.00" blocks_covered="0" blocks_not_covered="3" lines_covered="0" lines_partially_covered="0" lines_not_covered="1">
          <ranges>
            <range source_id="103" start_line="154" end_line="154" start_column="3" end_column="88" covered="no" />
          </ranges>
        </function>
        <function id="100485" token="0x600033e" name="ConditionOtherwiseBuilder(FluentValidation.Internal.TrackingCollection&lt;FluentValidation.IValidationRuleInternal&lt;T&gt;&gt;, System.Func&lt;FluentValidation.IValidationContext, bool&gt;)" namespace="FluentValidation.Internal" type_name="ConditionOtherwiseBuilder&lt;T&gt;" block_coverage="0.00" line_coverage="0.00" blocks_covered="0" blocks_not_covered="2" lines_covered="0" lines_partially_covered="0" lines_not_covered="4">
          <ranges>
            <range source_id="103" start_line="162" end_line="162" start_column="2" end_column="130" covered="no" />
            <range source_id="103" start_line="163" end_line="163" start_column="3" end_column="18" covered="no" />
            <range source_id="103" start_line="164" end_line="164" start_column="3" end_column="26" covered="no" />
            <range source_id="103" start_line="165" end_line="165" start_column="2" end_column="3" covered="no" />
          </ranges>
        </function>
        <function id="100508" token="0x600033f" name="Otherwise(System.Action)" namespace="FluentValidation.Internal" type_name="ConditionOtherwiseBuilder&lt;T&gt;" block_coverage="0.00" line_coverage="0.00" blocks_covered="0" blocks_not_covered="15" lines_covered="0" lines_partially_covered="0" lines_not_covered="8">
          <ranges>
            <range source_id="103" start_line="168" end_line="168" start_column="3" end_column="62" covered="no" />
            <range source_id="103" start_line="170" end_line="170" start_column="3" end_column="70" covered="no" />
            <range source_id="103" start_line="172" end_line="172" start_column="3" end_column="42" covered="no" />
            <range source_id="103" start_line="173" end_line="173" start_column="4" end_column="13" covered="no" />
            <range source_id="103" start_line="174" end_line="174" start_column="3" end_column="4" covered="no" />
            <range source_id="103" start_line="176" end_line="176" start_column="24" end_column="37" covered="no" />
            <range source_id="103" start_line="176" end_line="176" start_column="12" end_column="20" covered="no" />
            <range source_id="103" start_line="177" end_line="177" start_column="4" end_column="55" covered="no" />
            <range source_id="103" start_line="176" end_line="176" start_column="21" end_column="23" covered="no" />
            <range source_id="103" start_line="179" end_line="179" start_column="2" end_column="3" covered="no" />
          </ranges>
        </function>
        <function id="100660" token="0x6000340" name="&lt;Otherwise&gt;b__3_0(FluentValidation.ValidationContext&lt;T&gt;)" namespace="FluentValidation.Internal" type_name="ConditionOtherwiseBuilder&lt;T&gt;" block_coverage="0.00" line_coverage="0.00" blocks_covered="0" blocks_not_covered="2" lines_covered="0" lines_partially_covered="0" lines_not_covered="1">
          <ranges>
            <range source_id="103" start_line="177" end_line="177" start_column="37" end_column="53" covered="no" />
          </ranges>
        </function>
        <function id="100677" token="0x6000341" name="AsyncConditionOtherwiseBuilder(FluentValidation.Internal.TrackingCollection&lt;FluentValidation.IValidationRuleInternal&lt;T&gt;&gt;, System.Func&lt;FluentValidation.IValidationContext, System.Threading.CancellationToken, System.Threading.Tasks.Task&lt;bool&gt;&gt;)" namespace="FluentValidation.Internal" type_name="AsyncConditionOtherwiseBuilder&lt;T&gt;" block_coverage="0.00" line_coverage="0.00" blocks_covered="0" blocks_not_covered="2" lines_covered="0" lines_partially_covered="0" lines_not_covered="4">
          <ranges>
            <range source_id="103" start_line="186" end_line="186" start_column="2" end_column="160" covered="no" />
            <range source_id="103" start_line="187" end_line="187" start_column="3" end_column="18" covered="no" />
            <range source_id="103" start_line="188" end_line="188" start_column="3" end_column="26" covered="no" />
            <range source_id="103" start_line="189" end_line="189" start_column="2" end_column="3" covered="no" />
          </ranges>
        </function>
        <function id="100700" token="0x6000342" name="Otherwise(System.Action)" namespace="FluentValidation.Internal" type_name="AsyncConditionOtherwiseBuilder&lt;T&gt;" block_coverage="0.00" line_coverage="0.00" blocks_covered="0" blocks_not_covered="15" lines_covered="0" lines_partially_covered="0" lines_not_covered="8">
          <ranges>
            <range source_id="103" start_line="192" end_line="192" start_column="3" end_column="62" covered="no" />
            <range source_id="103" start_line="194" end_line="194" start_column="3" end_column="70" covered="no" />
            <range source_id="103" start_line="196" end_line="196" start_column="3" end_column="42" covered="no" />
            <range source_id="103" start_line="197" end_line="197" start_column="4" end_column="13" covered="no" />
            <range source_id="103" start_line="198" end_line="198" start_column="3" end_column="4" covered="no" />
            <range source_id="103" start_line="200" end_line="200" start_column="24" end_column="37" covered="no" />
            <range source_id="103" start_line="200" end_line="200" start_column="12" end_column="20" covered="no" />
            <range source_id="103" start_line="201" end_line="201" start_column="4" end_column="82" covered="no" />
            <range source_id="103" start_line="200" end_line="200" start_column="21" end_column="23" covered="no" />
            <range source_id="103" start_line="203" end_line="203" start_column="2" end_column="3" covered="no" />
          </ranges>
        </function>
        <function id="100935" token="0x6000344" name="CanExecute(FluentValidation.IValidationRule, string, FluentValidation.IValidationContext)" namespace="FluentValidation.Internal" type_name="DefaultValidatorSelector" block_coverage="30.00" line_coverage="33.33" blocks_covered="3" blocks_not_covered="7" lines_covered="1" lines_partially_covered="1" lines_not_covered="1">
          <ranges>
            <range source_id="104" start_line="37" end_line="37" start_column="3" end_column="163" covered="partial" />
            <range source_id="104" start_line="38" end_line="38" start_column="4" end_column="17" covered="no" />
            <range source_id="104" start_line="41" end_line="41" start_column="3" end_column="15" covered="yes" />
          </ranges>
        </function>
        <function id="100988" token="0x6000346" name="GetMember&lt;T, TProperty&gt;(System.Linq.Expressions.Expression&lt;System.Func&lt;T, TProperty&gt;&gt;)" namespace="FluentValidation.Internal" type_name="Extensions" block_coverage="77.78" line_coverage="70.00" blocks_covered="14" blocks_not_covered="4" lines_covered="7" lines_partially_covered="0" lines_not_covered="3">
          <ranges>
            <range source_id="105" start_line="34" end_line="34" start_column="3" end_column="68" covered="yes" />
            <range source_id="105" start_line="36" end_line="36" start_column="3" end_column="25" covered="yes" />
            <range source_id="105" start_line="37" end_line="37" start_column="4" end_column="16" covered="no" />
            <range source_id="105" start_line="40" end_line="40" start_column="3" end_column="49" covered="yes" />
            <range source_id="105" start_line="44" end_line="44" start_column="4" end_column="43" covered="yes" />
            <range source_id="105" start_line="46" end_line="46" start_column="4" end_column="83" covered="yes" />
            <range source_id="105" start_line="47" end_line="47" start_column="5" end_column="62" covered="no" />
            <range source_id="105" start_line="53" end_line="53" start_column="3" end_column="79" covered="yes" />
            <range source_id="105" start_line="54" end_line="54" start_column="4" end_column="16" covered="no" />
            <range source_id="105" start_line="57" end_line="57" start_column="3" end_column="27" covered="yes" />
          </ranges>
        </function>
        <function id="101085" token="0x6000347" name="RemoveUnary(System.Linq.Expressions.Expression)" namespace="FluentValidation.Internal" type_name="Extensions" block_coverage="50.00" line_coverage="66.67" blocks_covered="2" blocks_not_covered="2" lines_covered="2" lines_partially_covered="0" lines_not_covered="1">
          <ranges>
            <range source_id="105" start_line="61" end_line="61" start_column="3" end_column="35" covered="yes" />
            <range source_id="105" start_line="62" end_line="62" start_column="4" end_column="47" covered="no" />
            <range source_id="105" start_line="65" end_line="65" start_column="3" end_column="19" covered="yes" />
          </ranges>
        </function>
        <function id="101108" token="0x6000348" name="Guard(object, string, string)" namespace="FluentValidation.Internal" type_name="ExtensionsInternal" block_coverage="50.00" line_coverage="66.67" blocks_covered="2" blocks_not_covered="2" lines_covered="2" lines_partially_covered="0" lines_not_covered="1">
          <ranges>
            <range source_id="106" start_line="29" end_line="29" start_column="3" end_column="19" covered="yes" />
            <range source_id="106" start_line="30" end_line="30" start_column="4" end_column="56" covered="no" />
            <range source_id="106" start_line="32" end_line="32" start_column="2" end_column="3" covered="yes" />
          </ranges>
        </function>
        <function id="101121" token="0x6000349" name="Guard(string, string, string)" namespace="FluentValidation.Internal" type_name="ExtensionsInternal" block_coverage="0.00" line_coverage="0.00" blocks_covered="0" blocks_not_covered="8" lines_covered="0" lines_partially_covered="0" lines_not_covered="5">
          <ranges>
            <range source_id="106" start_line="35" end_line="35" start_column="3" end_column="19" covered="no" />
            <range source_id="106" start_line="36" end_line="36" start_column="4" end_column="56" covered="no" />
            <range source_id="106" start_line="39" end_line="39" start_column="3" end_column="33" covered="no" />
            <range source_id="106" start_line="40" end_line="40" start_column="4" end_column="52" covered="no" />
            <range source_id="106" start_line="42" end_line="42" start_column="2" end_column="3" covered="no" />
          </ranges>
        </function>
        <function id="101150" token="0x600034a" name="IsParameterExpression(System.Linq.Expressions.LambdaExpression)" namespace="FluentValidation.Internal" type_name="ExtensionsInternal" block_coverage="0.00" line_coverage="0.00" blocks_covered="0" blocks_not_covered="3" lines_covered="0" lines_partially_covered="0" lines_not_covered="1">
          <ranges>
            <range source_id="106" start_line="50" end_line="50" start_column="3" end_column="63" covered="no" />
          </ranges>
        </function>
        <function id="101168" token="0x600034b" name="SplitPascalCase(string)" namespace="FluentValidation.Internal" type_name="ExtensionsInternal" block_coverage="74.29" line_coverage="57.14" blocks_covered="26" blocks_not_covered="9" lines_covered="8" lines_partially_covered="5" lines_not_covered="1">
          <ranges>
            <range source_id="106" start_line="61" end_line="61" start_column="3" end_column="35" covered="yes" />
            <range source_id="106" start_line="62" end_line="62" start_column="4" end_column="17" covered="no" />
            <range source_id="106" start_line="64" end_line="64" start_column="3" end_column="52" covered="yes" />
            <range source_id="106" start_line="66" end_line="66" start_column="8" end_column="17" covered="yes" />
            <range source_id="106" start_line="67" end_line="67" start_column="4" end_column="31" covered="yes" />
            <range source_id="106" start_line="68" end_line="68" start_column="4" end_column="34" covered="yes" />
            <range source_id="106" start_line="69" end_line="70" start_column="5" end_column="66" covered="partial" />
            <range source_id="106" start_line="71" end_line="71" start_column="6" end_column="25" covered="yes" />
            <range source_id="106" start_line="74" end_line="76" start_column="4" end_column="38" covered="partial" />
            <range source_id="106" start_line="77" end_line="77" start_column="5" end_column="32" covered="yes" />
            <range source_id="106" start_line="66" end_line="66" start_column="37" end_column="40" covered="yes" />
            <range source_id="106" start_line="66" end_line="66" start_column="19" end_column="35" covered="yes" />
            <range source_id="106" start_line="81" end_line="81" start_column="3" end_column="35" covered="yes" />
          </ranges>
        </function>
        <function id="101368" token="0x600034c" name="GetOrAdd&lt;T&gt;(System.Collections.Generic.IDictionary&lt;string, object&gt;, string, System.Func&lt;T&gt;)" namespace="FluentValidation.Internal" type_name="ExtensionsInternal" block_coverage="0.00" line_coverage="0.00" blocks_covered="0" blocks_not_covered="7" lines_covered="0" lines_partially_covered="0" lines_not_covered="6">
          <ranges>
            <range source_id="106" start_line="85" end_line="85" start_column="3" end_column="42" covered="no" />
            <range source_id="106" start_line="86" end_line="86" start_column="4" end_column="24" covered="no" />
            <range source_id="106" start_line="87" end_line="87" start_column="5" end_column="19" covered="no" />
            <range source_id="106" start_line="91" end_line="91" start_column="3" end_column="21" covered="no" />
            <range source_id="106" start_line="92" end_line="92" start_column="3" end_column="19" covered="no" />
            <range source_id="106" start_line="93" end_line="93" start_column="3" end_column="14" covered="no" />
          </ranges>
        </function>
        <function id="101432" token="0x600034d" name="ResolveErrorMessageUsingErrorCode(FluentValidation.Resources.ILanguageManager, string, string)" namespace="FluentValidation.Internal" type_name="ExtensionsInternal" block_coverage="42.86" line_coverage="40.00" blocks_covered="3" blocks_not_covered="4" lines_covered="2" lines_partially_covered="0" lines_not_covered="3">
          <ranges>
            <range source_id="106" start_line="97" end_line="97" start_column="3" end_column="25" covered="yes" />
            <range source_id="106" start_line="98" end_line="98" start_column="4" end_column="57" covered="no" />
            <range source_id="106" start_line="100" end_line="100" start_column="4" end_column="38" covered="no" />
            <range source_id="106" start_line="101" end_line="101" start_column="5" end_column="19" covered="no" />
            <range source_id="106" start_line="104" end_line="104" start_column="3" end_column="49" covered="yes" />
          </ranges>
        </function>
        <function id="101476" token="0x600034e" name="IncludeRule(FluentValidation.IValidator&lt;T&gt;, System.Func&lt;FluentValidation.CascadeMode&gt;, System.Type)" namespace="FluentValidation.Internal" type_name="IncludeRule&lt;T&gt;" block_coverage="0.00" line_coverage="0.00" blocks_covered="0" blocks_not_covered="8" lines_covered="0" lines_partially_covered="0" lines_not_covered="4">
          <ranges>
            <range source_id="107" start_line="21" end_line="21" start_column="5" end_column="63" covered="no" />
            <range source_id="107" start_line="23" end_line="23" start_column="3" end_column="81" covered="no" />
            <range source_id="107" start_line="26" end_line="26" start_column="3" end_column="39" covered="no" />
            <range source_id="107" start_line="27" end_line="27" start_column="2" end_column="3" covered="no" />
          </ranges>
        </function>
        <function id="101552" token="0x600034f" name="IncludeRule(System.Func&lt;FluentValidation.ValidationContext&lt;T&gt;, T, FluentValidation.IValidator&lt;T&gt;&gt;, System.Func&lt;FluentValidation.CascadeMode&gt;, System.Type, System.Type)" namespace="FluentValidation.Internal" type_name="IncludeRule&lt;T&gt;" block_coverage="0.00" line_coverage="0.00" blocks_covered="0" blocks_not_covered="7" lines_covered="0" lines_partially_covered="0" lines_not_covered="4">
          <ranges>
            <range source_id="107" start_line="33" end_line="33" start_column="5" end_column="63" covered="no" />
            <range source_id="107" start_line="34" end_line="34" start_column="3" end_column="70" covered="no" />
            <range source_id="107" start_line="37" end_line="37" start_column="3" end_column="39" covered="no" />
            <range source_id="107" start_line="38" end_line="38" start_column="2" end_column="3" covered="no" />
          </ranges>
        </function>
        <function id="101623" token="0x6000350" name="Create(FluentValidation.IValidator&lt;T&gt;, System.Func&lt;FluentValidation.CascadeMode&gt;)" namespace="FluentValidation.Internal" type_name="IncludeRule&lt;T&gt;" block_coverage="0.00" line_coverage="0.00" blocks_covered="0" blocks_not_covered="3" lines_covered="0" lines_partially_covered="0" lines_not_covered="1">
          <ranges>
            <range source_id="107" start_line="44" end_line="44" start_column="3" end_column="69" covered="no" />
          </ranges>
        </function>
        <function id="101642" token="0x6000351" name="Create&lt;TValidator&gt;(System.Func&lt;T, TValidator&gt;, System.Func&lt;FluentValidation.CascadeMode&gt;)" namespace="FluentValidation.Internal" type_name="IncludeRule&lt;T&gt;" block_coverage="0.00" line_coverage="0.00" blocks_covered="0" blocks_not_covered="5" lines_covered="0" lines_partially_covered="0" lines_not_covered="1">
          <ranges>
            <range source_id="107" start_line="52" end_line="52" start_column="3" end_column="120" covered="no" />
          </ranges>
        </function>
        <function id="101798" token="0x6000362" name="MemberNameValidatorSelector(System.Collections.Generic.IEnumerable&lt;string&gt;)" namespace="FluentValidation.Internal" type_name="MemberNameValidatorSelector" block_coverage="0.00" line_coverage="0.00" blocks_covered="0" blocks_not_covered="2" lines_covered="0" lines_partially_covered="0" lines_not_covered="3">
          <ranges>
            <range source_id="108" start_line="40" end_line="40" start_column="2" end_column="69" covered="no" />
            <range source_id="108" start_line="41" end_line="41" start_column="3" end_column="30" covered="no" />
            <range source_id="108" start_line="42" end_line="42" start_column="2" end_column="3" covered="no" />
          </ranges>
        </function>
        <function id="101813" token="0x6000363" name="get_MemberNames()" namespace="FluentValidation.Internal" type_name="MemberNameValidatorSelector" block_coverage="0.00" line_coverage="0.00" blocks_covered="0" blocks_not_covered="1" lines_covered="0" lines_partially_covered="0" lines_not_covered="1">
          <ranges>
            <range source_id="108" start_line="47" end_line="47" start_column="44" end_column="56" covered="no" />
          </ranges>
        </function>
        <function id="101824" token="0x6000364" name="CanExecute(FluentValidation.IValidationRule, string, FluentValidation.IValidationContext)" namespace="FluentValidation.Internal" type_name="MemberNameValidatorSelector" block_coverage="0.00" line_coverage="0.00" blocks_covered="0" blocks_not_covered="51" lines_covered="0" lines_partially_covered="0" lines_not_covered="27">
          <ranges>
            <range source_id="108" start_line="60" end_line="60" start_column="3" end_column="48" covered="no" />
            <range source_id="108" start_line="61" end_line="61" start_column="3" end_column="81" covered="no" />
            <range source_id="108" start_line="67" end_line="67" start_column="3" end_column="83" covered="no" />
            <range source_id="108" start_line="68" end_line="68" start_column="4" end_column="16" covered="no" />
            <range source_id="108" start_line="72" end_line="72" start_column="3" end_column="28" covered="no" />
            <range source_id="108" start_line="73" end_line="73" start_column="4" end_column="16" covered="no" />
            <range source_id="108" start_line="78" end_line="78" start_column="3" end_column="40" covered="no" />
            <range source_id="108" start_line="82" end_line="82" start_column="30" end_column="42" covered="no" />
            <range source_id="108" start_line="82" end_line="82" start_column="12" end_column="26" covered="no" />
            <range source_id="108" start_line="84" end_line="84" start_column="4" end_column="35" covered="no" />
            <range source_id="108" start_line="85" end_line="85" start_column="5" end_column="17" covered="no" />
            <range source_id="108" start_line="91" end_line="91" start_column="4" end_column="50" covered="no" />
            <range source_id="108" start_line="92" end_line="92" start_column="5" end_column="17" covered="no" />
            <range source_id="108" start_line="98" end_line="98" start_column="4" end_column="50" covered="no" />
            <range source_id="108" start_line="99" end_line="99" start_column="5" end_column="17" covered="no" />
            <range source_id="108" start_line="106" end_line="106" start_column="4" end_column="50" covered="no" />
            <range source_id="108" start_line="107" end_line="107" start_column="5" end_column="17" covered="no" />
            <range source_id="108" start_line="116" end_line="116" start_column="4" end_column="34" covered="no" />
            <range source_id="108" start_line="117" end_line="117" start_column="5" end_column="40" covered="no" />
            <range source_id="108" start_line="119" end_line="119" start_column="6" end_column="86" covered="no" />
            <range source_id="108" start_line="122" end_line="122" start_column="5" end_column="46" covered="no" />
            <range source_id="108" start_line="123" end_line="123" start_column="6" end_column="18" covered="no" />
            <range source_id="108" start_line="126" end_line="126" start_column="5" end_column="61" covered="no" />
            <range source_id="108" start_line="127" end_line="127" start_column="6" end_column="18" covered="no" />
            <range source_id="108" start_line="130" end_line="130" start_column="5" end_column="61" covered="no" />
            <range source_id="108" start_line="131" end_line="131" start_column="6" end_column="18" covered="no" />
            <range source_id="108" start_line="82" end_line="82" start_column="27" end_column="29" covered="no" />
            <range source_id="108" start_line="136" end_line="136" start_column="3" end_column="16" covered="no" />
            <range source_id="108" start_line="137" end_line="137" start_column="2" end_column="3" covered="no" />
          </ranges>
        </function>
        <function id="102184" token="0x6000365" name="MemberNamesFromExpressions&lt;T&gt;(System.Linq.Expressions.Expression&lt;System.Func&lt;T, object&gt;&gt;[])" namespace="FluentValidation.Internal" type_name="MemberNameValidatorSelector" block_coverage="0.00" line_coverage="0.00" blocks_covered="0" blocks_not_covered="4" lines_covered="0" lines_partially_covered="0" lines_not_covered="2">
          <ranges>
            <range source_id="108" start_line="146" end_line="146" start_column="3" end_column="76" covered="no" />
            <range source_id="108" start_line="147" end_line="147" start_column="3" end_column="18" covered="no" />
          </ranges>
        </function>
        <function id="102212" token="0x6000366" name="MemberFromExpression&lt;T&gt;(System.Linq.Expressions.Expression&lt;System.Func&lt;T, object&gt;&gt;)" namespace="FluentValidation.Internal" type_name="MemberNameValidatorSelector" block_coverage="0.00" line_coverage="0.00" blocks_covered="0" blocks_not_covered="15" lines_covered="0" lines_partially_covered="0" lines_not_covered="4">
          <ranges>
            <range source_id="108" start_line="151" end_line="151" start_column="3" end_column="114" covered="no" />
            <range source_id="108" start_line="153" end_line="153" start_column="3" end_column="42" covered="no" />
            <range source_id="108" start_line="154" end_line="154" start_column="4" end_column="106" covered="no" />
            <range source_id="108" start_line="157" end_line="157" start_column="3" end_column="23" covered="no" />
          </ranges>
        </function>
        <function id="102320" token="0x6000367" name="MemberNameValidatorSelector()" namespace="FluentValidation.Internal" type_name="MemberNameValidatorSelector" block_coverage="0.00" line_coverage="0.00" blocks_covered="0" blocks_not_covered="2" lines_covered="0" lines_partially_covered="0" lines_not_covered="1">
          <ranges>
            <range source_id="108" start_line="35" end_line="35" start_column="2" end_column="97" covered="no" />
          </ranges>
        </function>
        <function id="102338" token="0x6000371" name="MessageBuilderContext(FluentValidation.ValidationContext&lt;T&gt;, TProperty, FluentValidation.Internal.RuleComponent&lt;T, TProperty&gt;)" namespace="FluentValidation.Internal" type_name="MessageBuilderContext&lt;T, TProperty&gt;" block_coverage="0.00" line_coverage="0.00" blocks_covered="0" blocks_not_covered="2" lines_covered="0" lines_partially_covered="0" lines_not_covered="5">
          <ranges>
            <range source_id="109" start_line="23" end_line="23" start_column="2" end_column="120" covered="no" />
            <range source_id="109" start_line="24" end_line="24" start_column="3" end_column="32" covered="no" />
            <range source_id="109" start_line="25" end_line="25" start_column="3" end_column="18" covered="no" />
            <range source_id="109" start_line="26" end_line="26" start_column="3" end_column="25" covered="no" />
            <range source_id="109" start_line="27" end_line="27" start_column="2" end_column="3" covered="no" />
          </ranges>
        </function>
        <function id="102367" token="0x6000372" name="get_Component()" namespace="FluentValidation.Internal" type_name="MessageBuilderContext&lt;T, TProperty&gt;" block_coverage="0.00" line_coverage="0.00" blocks_covered="0" blocks_not_covered="1" lines_covered="0" lines_partially_covered="0" lines_not_covered="1">
          <ranges>
            <range source_id="109" start_line="29" end_line="29" start_column="48" end_column="52" covered="no" />
          </ranges>
        </function>
        <function id="102375" token="0x6000373" name="FluentValidation.Internal.IMessageBuilderContext&lt;T,TProperty&gt;.get_Component()" namespace="FluentValidation.Internal" type_name="MessageBuilderContext&lt;T, TProperty&gt;" block_coverage="0.00" line_coverage="0.00" blocks_covered="0" blocks_not_covered="2" lines_covered="0" lines_partially_covered="0" lines_not_covered="1">
          <ranges>
            <range source_id="109" start_line="31" end_line="31" start_column="81" end_column="90" covered="no" />
          </ranges>
        </function>
        <function id="102383" token="0x6000374" name="get_PropertyValidator()" namespace="FluentValidation.Internal" type_name="MessageBuilderContext&lt;T, TProperty&gt;" block_coverage="0.00" line_coverage="0.00" blocks_covered="0" blocks_not_covered="3" lines_covered="0" lines_partially_covered="0" lines_not_covered="1">
          <ranges>
            <range source_id="109" start_line="34" end_line="34" start_column="6" end_column="25" covered="no" />
          </ranges>
        </function>
        <function id="102396" token="0x6000375" name="get_ParentContext()" namespace="FluentValidation.Internal" type_name="MessageBuilderContext&lt;T, TProperty&gt;" block_coverage="0.00" line_coverage="0.00" blocks_covered="0" blocks_not_covered="1" lines_covered="0" lines_partially_covered="0" lines_not_covered="1">
          <ranges>
            <range source_id="109" start_line="36" end_line="36" start_column="47" end_column="60" covered="no" />
          </ranges>
        </function>
        <function id="102404" token="0x6000376" name="get_PropertyName()" namespace="FluentValidation.Internal" type_name="MessageBuilderContext&lt;T, TProperty&gt;" block_coverage="0.00" line_coverage="0.00" blocks_covered="0" blocks_not_covered="2" lines_covered="0" lines_partially_covered="0" lines_not_covered="1">
          <ranges>
            <range source_id="109" start_line="40" end_line="40" start_column="32" end_column="58" covered="no" />
          </ranges>
        </function>
        <function id="102417" token="0x6000377" name="get_DisplayName()" namespace="FluentValidation.Internal" type_name="MessageBuilderContext&lt;T, TProperty&gt;" block_coverage="0.00" line_coverage="0.00" blocks_covered="0" blocks_not_covered="2" lines_covered="0" lines_partially_covered="0" lines_not_covered="1">
          <ranges>
            <range source_id="109" start_line="42" end_line="42" start_column="31" end_column="56" covered="no" />
          </ranges>
        </function>
        <function id="102430" token="0x6000378" name="get_MessageFormatter()" namespace="FluentValidation.Internal" type_name="MessageBuilderContext&lt;T, TProperty&gt;" block_coverage="0.00" line_coverage="0.00" blocks_covered="0" blocks_not_covered="2" lines_covered="0" lines_partially_covered="0" lines_not_covered="1">
          <ranges>
            <range source_id="109" start_line="44" end_line="44" start_column="46" end_column="76" covered="no" />
          </ranges>
        </function>
        <function id="102443" token="0x6000379" name="get_InstanceToValidate()" namespace="FluentValidation.Internal" type_name="MessageBuilderContext&lt;T, TProperty&gt;" block_coverage="0.00" line_coverage="0.00" blocks_covered="0" blocks_not_covered="2" lines_covered="0" lines_partially_covered="0" lines_not_covered="1">
          <ranges>
            <range source_id="109" start_line="46" end_line="46" start_column="33" end_column="65" covered="no" />
          </ranges>
        </function>
        <function id="102456" token="0x600037a" name="get_PropertyValue()" namespace="FluentValidation.Internal" type_name="MessageBuilderContext&lt;T, TProperty&gt;" block_coverage="0.00" line_coverage="0.00" blocks_covered="0" blocks_not_covered="1" lines_covered="0" lines_partially_covered="0" lines_not_covered="1">
          <ranges>
            <range source_id="109" start_line="47" end_line="47" start_column="36" end_column="42" covered="no" />
          </ranges>
        </function>
        <function id="102464" token="0x600037b" name="GetDefaultMessage()" namespace="FluentValidation.Internal" type_name="MessageBuilderContext&lt;T, TProperty&gt;" block_coverage="0.00" line_coverage="0.00" blocks_covered="0" blocks_not_covered="3" lines_covered="0" lines_partially_covered="0" lines_not_covered="1">
          <ranges>
            <range source_id="109" start_line="50" end_line="50" start_column="3" end_column="59" covered="no" />
          </ranges>
        </function>
        <function id="102489" token="0x600037c" name="AppendArgument(string, object)" namespace="FluentValidation.Internal" type_name="MessageFormatter" block_coverage="100.00" line_coverage="100.00" blocks_covered="2" blocks_not_covered="0" lines_covered="2" lines_partially_covered="0" lines_not_covered="0">
          <ranges>
            <range source_id="110" start_line="48" end_line="48" start_column="3" end_column="36" covered="yes" />
            <range source_id="110" start_line="49" end_line="49" start_column="3" end_column="15" covered="yes" />
          </ranges>
        </function>
        <function id="102505" token="0x600037d" name="AppendPropertyName(string)" namespace="FluentValidation.Internal" type_name="MessageFormatter" block_coverage="100.00" line_coverage="100.00" blocks_covered="2" blocks_not_covered="0" lines_covered="1" lines_partially_covered="0" lines_not_covered="0">
          <ranges>
            <range source_id="110" start_line="58" end_line="58" start_column="3" end_column="45" covered="yes" />
          </ranges>
        </function>
        <function id="102519" token="0x600037e" name="AppendPropertyValue(object)" namespace="FluentValidation.Internal" type_name="MessageFormatter" block_coverage="100.00" line_coverage="100.00" blocks_covered="2" blocks_not_covered="0" lines_covered="1" lines_partially_covered="0" lines_not_covered="0">
          <ranges>
            <range source_id="110" start_line="67" end_line="67" start_column="3" end_column="47" covered="yes" />
          </ranges>
        </function>
        <function id="102533" token="0x600037f" name="BuildMessage(string)" namespace="FluentValidation.Internal" type_name="MessageFormatter" block_coverage="100.00" line_coverage="100.00" blocks_covered="3" blocks_not_covered="0" lines_covered="14" lines_partially_covered="0" lines_not_covered="0">
          <ranges>
            <range source_id="110" start_line="76" end_line="89" start_column="3" end_column="6" covered="yes" />
          </ranges>
        </function>
        <function id="102558" token="0x6000380" name="get_PlaceholderValues()" namespace="FluentValidation.Internal" type_name="MessageFormatter" block_coverage="100.00" line_coverage="100.00" blocks_covered="1" blocks_not_covered="0" lines_covered="1" lines_partially_covered="0" lines_not_covered="0">
          <ranges>
            <range source_id="110" start_line="95" end_line="95" start_column="57" end_column="75" covered="yes" />
          </ranges>
        </function>
        <function id="102566" token="0x6000381" name="Reset()" namespace="FluentValidation.Internal" type_name="MessageFormatter" block_coverage="100.00" line_coverage="100.00" blocks_covered="2" blocks_not_covered="0" lines_covered="2" lines_partially_covered="0" lines_not_covered="0">
          <ranges>
            <range source_id="110" start_line="98" end_line="98" start_column="3" end_column="30" covered="yes" />
            <range source_id="110" start_line="99" end_line="99" start_column="2" end_column="3" covered="yes" />
          </ranges>
        </function>
        <function id="102579" token="0x6000382" name="MessageFormatter()" namespace="FluentValidation.Internal" type_name="MessageFormatter" block_coverage="100.00" line_coverage="100.00" blocks_covered="3" blocks_not_covered="0" lines_covered="1" lines_partially_covered="0" lines_not_covered="0">
          <ranges>
            <range source_id="110" start_line="27" end_line="27" start_column="2" end_column="66" covered="yes" />
          </ranges>
        </function>
        <function id="102599" token="0x6000383" name="MessageFormatter()" namespace="FluentValidation.Internal" type_name="MessageFormatter" block_coverage="100.00" line_coverage="100.00" blocks_covered="2" blocks_not_covered="0" lines_covered="1" lines_partially_covered="0" lines_not_covered="0">
          <ranges>
            <range source_id="110" start_line="29" end_line="29" start_column="2" end_column="106" covered="yes" />
          </ranges>
        </function>
        <function id="102620" token="0x6000384" name="&lt;BuildMessage&gt;b__7_0(System.Text.RegularExpressions.Match)" namespace="FluentValidation.Internal" type_name="MessageFormatter" block_coverage="60.87" line_coverage="22.22" blocks_covered="14" blocks_not_covered="9" lines_covered="2" lines_partially_covered="6" lines_not_covered="1">
          <ranges>
            <range source_id="110" start_line="77" end_line="77" start_column="4" end_column="32" covered="yes" />
            <range source_id="110" start_line="79" end_line="79" start_column="4" end_column="60" covered="yes" />
            <range source_id="110" start_line="80" end_line="80" start_column="5" end_column="20" covered="no" />
            <range source_id="110" start_line="82" end_line="84" start_column="4" end_column="12" covered="partial" />
            <range source_id="110" start_line="86" end_line="88" start_column="4" end_column="36" covered="partial" />
          </ranges>
        </function>
        <function id="102751" token="0x6000385" name="PropertyChain()" namespace="FluentValidation.Internal" type_name="PropertyChain" block_coverage="0.00" line_coverage="0.00" blocks_covered="0" blocks_not_covered="3" lines_covered="0" lines_partially_covered="0" lines_not_covered="3">
          <ranges>
            <range source_id="111" start_line="30" end_line="30" start_column="2" end_column="46" covered="no" />
            <range source_id="111" start_line="35" end_line="35" start_column="2" end_column="24" covered="no" />
            <range source_id="111" start_line="36" end_line="36" start_column="2" end_column="3" covered="no" />
          </ranges>
        </function>
        <function id="102771" token="0x6000386" name="PropertyChain(FluentValidation.Internal.PropertyChain)" namespace="FluentValidation.Internal" type_name="PropertyChain" block_coverage="57.14" line_coverage="50.00" blocks_covered="4" blocks_not_covered="3" lines_covered="3" lines_partially_covered="2" lines_not_covered="1">
          <ranges>
            <range source_id="111" start_line="30" end_line="30" start_column="2" end_column="46" covered="yes" />
            <range source_id="111" start_line="41" end_line="41" start_column="2" end_column="44" covered="yes" />
            <range source_id="111" start_line="42" end_line="43" start_column="3" end_column="39" covered="partial" />
            <range source_id="111" start_line="44" end_line="44" start_column="4" end_column="47" covered="no" />
            <range source_id="111" start_line="46" end_line="46" start_column="2" end_column="3" covered="yes" />
          </ranges>
        </function>
        <function id="102825" token="0x6000387" name="PropertyChain(System.Collections.Generic.IEnumerable&lt;string&gt;)" namespace="FluentValidation.Internal" type_name="PropertyChain" block_coverage="100.00" line_coverage="100.00" blocks_covered="4" blocks_not_covered="0" lines_covered="4" lines_partially_covered="0" lines_not_covered="0">
          <ranges>
            <range source_id="111" start_line="30" end_line="30" start_column="2" end_column="46" covered="yes" />
            <range source_id="111" start_line="52" end_line="52" start_column="2" end_column="55" covered="yes" />
            <range source_id="111" start_line="53" end_line="53" start_column="3" end_column="43" covered="yes" />
            <range source_id="111" start_line="54" end_line="54" start_column="2" end_column="3" covered="yes" />
          </ranges>
        </function>
        <function id="102860" token="0x6000388" name="FromExpression(System.Linq.Expressions.LambdaExpression)" namespace="FluentValidation.Internal" type_name="PropertyChain" block_coverage="100.00" line_coverage="100.00" blocks_covered="16" blocks_not_covered="0" lines_covered="13" lines_partially_covered="0" lines_not_covered="0">
          <ranges>
            <range source_id="111" start_line="62" end_line="62" start_column="3" end_column="41" covered="yes" />
            <range source_id="111" start_line="64" end_line="70" start_column="3" end_column="6" covered="yes" />
            <range source_id="111" start_line="72" end_line="72" start_column="3" end_column="49" covered="yes" />
            <range source_id="111" start_line="75" end_line="75" start_column="4" end_column="44" covered="yes" />
            <range source_id="111" start_line="76" end_line="76" start_column="4" end_column="51" covered="yes" />
            <range source_id="111" start_line="74" end_line="74" start_column="3" end_column="27" covered="yes" />
            <range source_id="111" start_line="79" end_line="79" start_column="3" end_column="41" covered="yes" />
          </ranges>
        </function>
        <function id="102965" token="0x6000389" name="Add(System.Reflection.MemberInfo)" namespace="FluentValidation.Internal" type_name="PropertyChain" block_coverage="0.00" line_coverage="0.00" blocks_covered="0" blocks_not_covered="5" lines_covered="0" lines_partially_covered="0" lines_not_covered="3">
          <ranges>
            <range source_id="111" start_line="87" end_line="87" start_column="3" end_column="21" covered="no" />
            <range source_id="111" start_line="88" end_line="88" start_column="4" end_column="34" covered="no" />
            <range source_id="111" start_line="89" end_line="89" start_column="2" end_column="3" covered="no" />
          </ranges>
        </function>
        <function id="102993" token="0x600038a" name="Add(string)" namespace="FluentValidation.Internal" type_name="PropertyChain" block_coverage="0.00" line_coverage="0.00" blocks_covered="0" blocks_not_covered="4" lines_covered="0" lines_partially_covered="0" lines_not_covered="3">
          <ranges>
            <range source_id="111" start_line="96" end_line="96" start_column="3" end_column="42" covered="no" />
            <range source_id="111" start_line="97" end_line="97" start_column="4" end_column="35" covered="no" />
            <range source_id="111" start_line="98" end_line="98" start_column="2" end_column="3" covered="no" />
          </ranges>
        </function>
        <function id="103016" token="0x600038b" name="AddIndexer(object, bool)" namespace="FluentValidation.Internal" type_name="PropertyChain" block_coverage="0.00" line_coverage="0.00" blocks_covered="0" blocks_not_covered="19" lines_covered="0" lines_partially_covered="0" lines_not_covered="6">
          <ranges>
            <range source_id="111" start_line="109" end_line="109" start_column="3" end_column="30" covered="no" />
            <range source_id="111" start_line="110" end_line="110" start_column="4" end_column="107" covered="no" />
            <range source_id="111" start_line="113" end_line="113" start_column="3" end_column="54" covered="no" />
            <range source_id="111" start_line="114" end_line="114" start_column="3" end_column="64" covered="no" />
            <range source_id="111" start_line="116" end_line="116" start_column="3" end_column="47" covered="no" />
            <range source_id="111" start_line="117" end_line="117" start_column="2" end_column="3" covered="no" />
          </ranges>
        </function>
        <function id="103156" token="0x600038c" name="ToString()" namespace="FluentValidation.Internal" type_name="PropertyChain" block_coverage="44.44" line_coverage="50.00" blocks_covered="4" blocks_not_covered="5" lines_covered="2" lines_partially_covered="0" lines_not_covered="2">
          <ranges>
            <range source_id="111" start_line="124" end_line="124" start_column="3" end_column="30" covered="yes" />
            <range source_id="111" start_line="126" end_line="126" start_column="5" end_column="25" covered="no" />
            <range source_id="111" start_line="128" end_line="128" start_column="5" end_column="28" covered="yes" />
            <range source_id="111" start_line="130" end_line="130" start_column="5" end_column="86" covered="no" />
          </ranges>
        </function>
        <function id="103230" token="0x600038d" name="IsChildChainOf(FluentValidation.Internal.PropertyChain)" namespace="FluentValidation.Internal" type_name="PropertyChain" block_coverage="0.00" line_coverage="0.00" blocks_covered="0" blocks_not_covered="4" lines_covered="0" lines_partially_covered="0" lines_not_covered="1">
          <ranges>
            <range source_id="111" start_line="142" end_line="142" start_column="3" end_column="56" covered="no" />
          </ranges>
        </function>
        <function id="103249" token="0x600038e" name="BuildPropertyName(string)" namespace="FluentValidation.Internal" type_name="PropertyChain" block_coverage="0.00" line_coverage="0.00" blocks_covered="0" blocks_not_covered="2" lines_covered="0" lines_partially_covered="0" lines_not_covered="1">
          <ranges>
            <range source_id="111" start_line="147" end_line="147" start_column="6" end_column="37" covered="no" />
          </ranges>
        </function>
        <function id="103258" token="0x600038f" name="BuildPropertyPath(string)" namespace="FluentValidation.Internal" type_name="PropertyChain" block_coverage="42.86" line_coverage="40.00" blocks_covered="3" blocks_not_covered="4" lines_covered="2" lines_partially_covered="0" lines_not_covered="3">
          <ranges>
            <range source_id="111" start_line="153" end_line="153" start_column="3" end_column="31" covered="yes" />
            <range source_id="111" start_line="154" end_line="154" start_column="4" end_column="24" covered="yes" />
            <range source_id="111" start_line="157" end_line="157" start_column="3" end_column="39" covered="no" />
            <range source_id="111" start_line="158" end_line="158" start_column="3" end_column="27" covered="no" />
            <range source_id="111" start_line="159" end_line="159" start_column="3" end_column="27" covered="no" />
          </ranges>
        </function>
        <function id="103293" token="0x6000390" name="get_Count()" namespace="FluentValidation.Internal" type_name="PropertyChain" block_coverage="100.00" line_coverage="100.00" blocks_covered="2" blocks_not_covered="0" lines_covered="1" lines_partially_covered="0" lines_not_covered="0">
          <ranges>
            <range source_id="111" start_line="165" end_line="165" start_column="22" end_column="40" covered="yes" />
          </ranges>
        </function>
        <function id="103306" token="0x6000391" name="PropertyRule(System.Reflection.MemberInfo, System.Func&lt;T, TProperty&gt;, System.Linq.Expressions.LambdaExpression, System.Func&lt;FluentValidation.CascadeMode&gt;, System.Type)" namespace="FluentValidation.Internal" type_name="PropertyRule&lt;T, TProperty&gt;" block_coverage="100.00" line_coverage="100.00" blocks_covered="2" blocks_not_covered="0" lines_covered="2" lines_partially_covered="0" lines_not_covered="0">
          <ranges>
            <range source_id="112" start_line="34" end_line="34" start_column="5" end_column="77" covered="yes" />
            <range source_id="112" start_line="35" end_line="35" start_column="2" end_column="3" covered="yes" />
          </ranges>
        </function>
        <function id="103324" token="0x6000392" name="Create(System.Linq.Expressions.Expression&lt;System.Func&lt;T, TProperty&gt;&gt;, System.Func&lt;FluentValidation.CascadeMode&gt;, bool)" namespace="FluentValidation.Internal" type_name="PropertyRule&lt;T, TProperty&gt;" block_coverage="100.00" line_coverage="100.00" blocks_covered="6" blocks_not_covered="0" lines_covered="3" lines_partially_covered="0" lines_not_covered="0">
          <ranges>
            <range source_id="112" start_line="41" end_line="41" start_column="3" end_column="39" covered="yes" />
            <range source_id="112" start_line="42" end_line="42" start_column="3" end_column="86" covered="yes" />
            <range source_id="112" start_line="43" end_line="43" start_column="3" end_column="116" covered="yes" />
          </ranges>
        </function>
        <function id="103396" token="0x6000393" name="Create&lt;TOld&gt;(System.Linq.Expressions.Expression&lt;System.Func&lt;T, TOld&gt;&gt;, System.Func&lt;TOld, TProperty&gt;, System.Func&lt;FluentValidation.CascadeMode&gt;, bool)" namespace="FluentValidation.Internal" type_name="PropertyRule&lt;T, TProperty&gt;" block_coverage="0.00" line_coverage="0.00" blocks_covered="0" blocks_not_covered="6" lines_covered="0" lines_partially_covered="0" lines_not_covered="3">
          <ranges>
            <range source_id="112" start_line="50" end_line="50" start_column="3" end_column="39" covered="no" />
            <range source_id="112" start_line="51" end_line="51" start_column="3" end_column="86" covered="no" />
            <range source_id="112" start_line="56" end_line="56" start_column="3" end_column="107" covered="no" />
          </ranges>
        </function>
        <function id="103476" token="0x6000394" name="Create&lt;TOld&gt;(System.Linq.Expressions.Expression&lt;System.Func&lt;T, TOld&gt;&gt;, System.Func&lt;T, TOld, TProperty&gt;, System.Func&lt;FluentValidation.CascadeMode&gt;, bool)" namespace="FluentValidation.Internal" type_name="PropertyRule&lt;T, TProperty&gt;" block_coverage="0.00" line_coverage="0.00" blocks_covered="0" blocks_not_covered="6" lines_covered="0" lines_partially_covered="0" lines_not_covered="3">
          <ranges>
            <range source_id="112" start_line="63" end_line="63" start_column="3" end_column="39" covered="no" />
            <range source_id="112" start_line="64" end_line="64" start_column="3" end_column="86" covered="no" />
            <range source_id="112" start_line="69" end_line="69" start_column="3" end_column="107" covered="no" />
          </ranges>
        </function>
        <function id="103647" token="0x6000396" name="FluentValidation.IValidationRuleInternal&lt;T&gt;.AddDependentRules(System.Collections.Generic.IEnumerable&lt;FluentValidation.IValidationRuleInternal&lt;T&gt;&gt;)" namespace="FluentValidation.Internal" type_name="PropertyRule&lt;T, TProperty&gt;" block_coverage="0.00" line_coverage="0.00" blocks_covered="0" blocks_not_covered="7" lines_covered="0" lines_partially_covered="0" lines_not_covered="3">
          <ranges>
            <range source_id="112" start_line="180" end_line="180" start_column="3" end_column="30" covered="no" />
            <range source_id="112" start_line="180" end_line="180" start_column="31" end_column="54" covered="no" />
            <range source_id="112" start_line="181" end_line="181" start_column="3" end_column="34" covered="no" />
            <range source_id="112" start_line="182" end_line="182" start_column="2" end_column="3" covered="no" />
          </ranges>
        </function>
        <function id="103680" token="0x6000397" name="get_Components()" namespace="FluentValidation.Internal" type_name="RuleBase&lt;T, TProperty, TValue&gt;" block_coverage="100.00" line_coverage="100.00" blocks_covered="1" blocks_not_covered="0" lines_covered="1" lines_partially_covered="0" lines_not_covered="0">
          <ranges>
            <range source_id="113" start_line="43" end_line="43" start_column="54" end_column="65" covered="yes" />
          </ranges>
        </function>
        <function id="103688" token="0x6000398" name="FluentValidation.IValidationRule.get_Components()" namespace="FluentValidation.Internal" type_name="RuleBase&lt;T, TProperty, TValue&gt;" block_coverage="0.00" line_coverage="0.00" blocks_covered="0" blocks_not_covered="1" lines_covered="0" lines_partially_covered="0" lines_not_covered="1">
          <ranges>
            <range source_id="113" start_line="46" end_line="46" start_column="60" end_column="71" covered="no" />
          </ranges>
        </function>
        <function id="103696" token="0x6000399" name="get_Condition()" namespace="FluentValidation.Internal" type_name="RuleBase&lt;T, TProperty, TValue&gt;" block_coverage="100.00" line_coverage="100.00" blocks_covered="1" blocks_not_covered="0" lines_covered="1" lines_partially_covered="0" lines_not_covered="0">
          <ranges>
            <range source_id="113" start_line="51" end_line="51" start_column="57" end_column="67" covered="yes" />
          </ranges>
        </function>
        <function id="103704" token="0x600039a" name="get_AsyncCondition()" namespace="FluentValidation.Internal" type_name="RuleBase&lt;T, TProperty, TValue&gt;" block_coverage="100.00" line_coverage="100.00" blocks_covered="1" blocks_not_covered="0" lines_covered="1" lines_partially_covered="0" lines_not_covered="0">
          <ranges>
            <range source_id="113" start_line="56" end_line="56" start_column="87" end_column="102" covered="yes" />
          </ranges>
        </function>
        <function id="103712" token="0x600039b" name="get_Member()" namespace="FluentValidation.Internal" type_name="RuleBase&lt;T, TProperty, TValue&gt;" block_coverage="0.00" line_coverage="0.00" blocks_covered="0" blocks_not_covered="1" lines_covered="0" lines_partially_covered="0" lines_not_covered="1">
          <ranges>
            <range source_id="113" start_line="61" end_line="61" start_column="29" end_column="33" covered="no" />
          </ranges>
        </function>
        <function id="103720" token="0x600039c" name="get_PropertyFunc()" namespace="FluentValidation.Internal" type_name="RuleBase&lt;T, TProperty, TValue&gt;" block_coverage="100.00" line_coverage="100.00" blocks_covered="1" blocks_not_covered="0" lines_covered="1" lines_partially_covered="0" lines_not_covered="0">
          <ranges>
            <range source_id="113" start_line="66" end_line="66" start_column="43" end_column="47" covered="yes" />
          </ranges>
        </function>
        <function id="103728" token="0x600039d" name="get_Expression()" namespace="FluentValidation.Internal" type_name="RuleBase&lt;T, TProperty, TValue&gt;" block_coverage="0.00" line_coverage="0.00" blocks_covered="0" blocks_not_covered="1" lines_covered="0" lines_partially_covered="0" lines_not_covered="1">
          <ranges>
            <range source_id="113" start_line="71" end_line="71" start_column="39" end_column="43" covered="no" />
          </ranges>
        </function>
        <function id="103736" token="0x600039e" name="SetDisplayName(string)" namespace="FluentValidation.Internal" type_name="RuleBase&lt;T, TProperty, TValue&gt;" block_coverage="0.00" line_coverage="0.00" blocks_covered="0" blocks_not_covered="1" lines_covered="0" lines_partially_covered="0" lines_not_covered="3">
          <ranges>
            <range source_id="113" start_line="78" end_line="78" start_column="3" end_column="23" covered="no" />
            <range source_id="113" start_line="79" end_line="79" start_column="3" end_column="30" covered="no" />
            <range source_id="113" start_line="80" end_line="80" start_column="2" end_column="3" covered="no" />
          </ranges>
        </function>
        <function id="103752" token="0x600039f" name="SetDisplayName(System.Func&lt;FluentValidation.ValidationContext&lt;T&gt;, string&gt;)" namespace="FluentValidation.Internal" type_name="RuleBase&lt;T, TProperty, TValue&gt;" block_coverage="0.00" line_coverage="0.00" blocks_covered="0" blocks_not_covered="4" lines_covered="0" lines_partially_covered="0" lines_not_covered="4">
          <ranges>
            <range source_id="113" start_line="87" end_line="87" start_column="3" end_column="23" covered="no" />
            <range source_id="113" start_line="87" end_line="87" start_column="24" end_column="73" covered="no" />
            <range source_id="113" start_line="88" end_line="88" start_column="3" end_column="33" covered="no" />
            <range source_id="113" start_line="89" end_line="89" start_column="3" end_column="23" covered="no" />
            <range source_id="113" start_line="90" end_line="90" start_column="2" end_column="3" covered="no" />
          </ranges>
        </function>
        <function id="103782" token="0x60003a0" name="get_RuleSets()" namespace="FluentValidation.Internal" type_name="RuleBase&lt;T, TProperty, TValue&gt;" block_coverage="100.00" line_coverage="100.00" blocks_covered="1" blocks_not_covered="0" lines_covered="1" lines_partially_covered="0" lines_not_covered="0">
          <ranges>
            <range source_id="113" start_line="95" end_line="95" start_column="29" end_column="33" covered="yes" />
          </ranges>
        </function>
        <function id="103790" token="0x60003a1" name="set_RuleSets(string[])" namespace="FluentValidation.Internal" type_name="RuleBase&lt;T, TProperty, TValue&gt;" block_coverage="0.00" line_coverage="0.00" blocks_covered="0" blocks_not_covered="1" lines_covered="0" lines_partially_covered="0" lines_not_covered="1">
          <ranges>
            <range source_id="113" start_line="95" end_line="95" start_column="34" end_column="38" covered="no" />
          </ranges>
        </function>
        <function id="103799" token="0x60003a2" name="get_Current()" namespace="FluentValidation.Internal" type_name="RuleBase&lt;T, TProperty, TValue&gt;" block_coverage="0.00" line_coverage="0.00" blocks_covered="0" blocks_not_covered="2" lines_covered="0" lines_partially_covered="0" lines_not_covered="1">
          <ranges>
            <range source_id="113" start_line="100" end_line="100" start_column="46" end_column="73" covered="no" />
          </ranges>
        </function>
        <function id="103812" token="0x60003a3" name="get_TypeToValidate()" namespace="FluentValidation.Internal" type_name="RuleBase&lt;T, TProperty, TValue&gt;" block_coverage="0.00" line_coverage="0.00" blocks_covered="0" blocks_not_covered="1" lines_covered="0" lines_partially_covered="0" lines_not_covered="1">
          <ranges>
            <range source_id="113" start_line="105" end_line="105" start_column="31" end_column="35" covered="no" />
          </ranges>
        </function>
        <function id="103820" token="0x60003a4" name="get_HasCondition()" namespace="FluentValidation.Internal" type_name="RuleBase&lt;T, TProperty, TValue&gt;" block_coverage="0.00" line_coverage="0.00" blocks_covered="0" blocks_not_covered="2" lines_covered="0" lines_partially_covered="0" lines_not_covered="1">
          <ranges>
            <range source_id="113" start_line="108" end_line="108" start_column="30" end_column="47" covered="no" />
          </ranges>
        </function>
        <function id="103831" token="0x60003a5" name="get_HasAsyncCondition()" namespace="FluentValidation.Internal" type_name="RuleBase&lt;T, TProperty, TValue&gt;" block_coverage="0.00" line_coverage="0.00" blocks_covered="0" blocks_not_covered="2" lines_covered="0" lines_partially_covered="0" lines_not_covered="1">
          <ranges>
            <range source_id="113" start_line="111" end_line="111" start_column="35" end_column="57" covered="no" />
          </ranges>
        </function>
        <function id="103842" token="0x60003a6" name="get_CascadeMode()" namespace="FluentValidation.Internal" type_name="RuleBase&lt;T, TProperty, TValue&gt;" block_coverage="100.00" line_coverage="100.00" blocks_covered="2" blocks_not_covered="0" lines_covered="1" lines_partially_covered="0" lines_not_covered="0">
          <ranges>
            <range source_id="113" start_line="117" end_line="117" start_column="10" end_column="29" covered="yes" />
          </ranges>
        </function>
        <function id="103856" token="0x60003a7" name="set_CascadeMode(FluentValidation.CascadeMode)" namespace="FluentValidation.Internal" type_name="RuleBase&lt;T, TProperty, TValue&gt;" block_coverage="0.00" line_coverage="0.00" blocks_covered="0" blocks_not_covered="7" lines_covered="0" lines_partially_covered="0" lines_not_covered="4">
          <ranges>
            <range source_id="113" start_line="120" end_line="122" start_column="4" end_column="19" covered="no" />
            <range source_id="113" start_line="124" end_line="124" start_column="3" end_column="4" covered="no" />
          </ranges>
        </function>
        <function id="103944" token="0x60003a8" name="RuleBase(System.Reflection.MemberInfo, System.Func&lt;T, TProperty&gt;, System.Linq.Expressions.LambdaExpression, System.Func&lt;FluentValidation.CascadeMode&gt;, System.Type)" namespace="FluentValidation.Internal" type_name="RuleBase&lt;T, TProperty, TValue&gt;" block_coverage="100.00" line_coverage="100.00" blocks_covered="11" blocks_not_covered="0" lines_covered="12" lines_partially_covered="0" lines_not_covered="0">
          <ranges>
            <range source_id="113" start_line="32" end_line="32" start_column="2" end_column="70" covered="yes" />
            <range source_id="113" start_line="135" end_line="135" start_column="2" end_column="155" covered="yes" />
            <range source_id="113" start_line="136" end_line="136" start_column="3" end_column="19" covered="yes" />
            <range source_id="113" start_line="137" end_line="137" start_column="3" end_column="31" covered="yes" />
            <range source_id="113" start_line="138" end_line="138" start_column="3" end_column="27" covered="yes" />
            <range source_id="113" start_line="139" end_line="139" start_column="3" end_column="35" covered="yes" />
            <range source_id="113" start_line="140" end_line="140" start_column="3" end_column="40" covered="yes" />
            <range source_id="113" start_line="142" end_line="142" start_column="3" end_column="33" covered="yes" />
            <range source_id="113" start_line="143" end_line="143" start_column="3" end_column="98" covered="yes" />
            <range source_id="113" start_line="144" end_line="144" start_column="3" end_column="115" covered="yes" />
            <range source_id="113" start_line="147" end_line="147" start_column="3" end_column="37" covered="yes" />
            <range source_id="113" start_line="148" end_line="148" start_column="2" end_column="3" covered="yes" />
          </ranges>
        </function>
        <function id="104132" token="0x60003a9" name="AddValidator(FluentValidation.Validators.IPropertyValidator&lt;T, TValue&gt;)" namespace="FluentValidation.Internal" type_name="RuleBase&lt;T, TProperty, TValue&gt;" block_coverage="100.00" line_coverage="100.00" blocks_covered="3" blocks_not_covered="0" lines_covered="3" lines_partially_covered="0" lines_not_covered="0">
          <ranges>
            <range source_id="113" start_line="151" end_line="151" start_column="3" end_column="59" covered="yes" />
            <range source_id="113" start_line="152" end_line="152" start_column="3" end_column="30" covered="yes" />
            <range source_id="113" start_line="153" end_line="153" start_column="2" end_column="3" covered="yes" />
          </ranges>
        </function>
        <function id="104164" token="0x60003aa" name="AddAsyncValidator(FluentValidation.Validators.IAsyncPropertyValidator&lt;T, TValue&gt;, FluentValidation.Validators.IPropertyValidator&lt;T, TValue&gt;)" namespace="FluentValidation.Internal" type_name="RuleBase&lt;T, TProperty, TValue&gt;" block_coverage="0.00" line_coverage="0.00" blocks_covered="0" blocks_not_covered="3" lines_covered="0" lines_partially_covered="0" lines_not_covered="3">
          <ranges>
            <range source_id="113" start_line="156" end_line="156" start_column="3" end_column="74" covered="no" />
            <range source_id="113" start_line="157" end_line="157" start_column="3" end_column="30" covered="no" />
            <range source_id="113" start_line="158" end_line="158" start_column="2" end_column="3" covered="no" />
          </ranges>
        </function>
        <function id="104197" token="0x60003ab" name="ClearValidators()" namespace="FluentValidation.Internal" type_name="RuleBase&lt;T, TProperty, TValue&gt;" block_coverage="0.00" line_coverage="0.00" blocks_covered="0" blocks_not_covered="2" lines_covered="0" lines_partially_covered="0" lines_not_covered="2">
          <ranges>
            <range source_id="113" start_line="182" end_line="182" start_column="3" end_column="23" covered="no" />
            <range source_id="113" start_line="183" end_line="183" start_column="2" end_column="3" covered="no" />
          </ranges>
        </function>
        <function id="104210" token="0x60003ac" name="get_PropertyName()" namespace="FluentValidation.Internal" type_name="RuleBase&lt;T, TProperty, TValue&gt;" block_coverage="100.00" line_coverage="100.00" blocks_covered="1" blocks_not_covered="0" lines_covered="1" lines_partially_covered="0" lines_not_covered="0">
          <ranges>
            <range source_id="113" start_line="190" end_line="190" start_column="9" end_column="30" covered="yes" />
          </ranges>
        </function>
        <function id="104218" token="0x60003ad" name="set_PropertyName(string)" namespace="FluentValidation.Internal" type_name="RuleBase&lt;T, TProperty, TValue&gt;" block_coverage="100.00" line_coverage="100.00" blocks_covered="2" blocks_not_covered="0" lines_covered="3" lines_partially_covered="0" lines_not_covered="0">
          <ranges>
            <range source_id="113" start_line="192" end_line="192" start_column="4" end_column="26" covered="yes" />
            <range source_id="113" start_line="193" end_line="193" start_column="4" end_column="59" covered="yes" />
            <range source_id="113" start_line="194" end_line="194" start_column="3" end_column="4" covered="yes" />
          </ranges>
        </function>
        <function id="104244" token="0x60003ae" name="get_MessageBuilder()" namespace="FluentValidation.Internal" type_name="RuleBase&lt;T, TProperty, TValue&gt;" block_coverage="100.00" line_coverage="100.00" blocks_covered="1" blocks_not_covered="0" lines_covered="1" lines_partially_covered="0" lines_not_covered="0">
          <ranges>
            <range source_id="113" start_line="200" end_line="200" start_column="74" end_column="78" covered="yes" />
          </ranges>
        </function>
        <function id="104252" token="0x60003af" name="set_MessageBuilder(System.Func&lt;FluentValidation.Internal.IMessageBuilderContext&lt;T, TValue&gt;, string&gt;)" namespace="FluentValidation.Internal" type_name="RuleBase&lt;T, TProperty, TValue&gt;" block_coverage="0.00" line_coverage="0.00" blocks_covered="0" blocks_not_covered="1" lines_covered="0" lines_partially_covered="0" lines_not_covered="1">
          <ranges>
            <range source_id="113" start_line="200" end_line="200" start_column="79" end_column="83" covered="no" />
          </ranges>
        </function>
        <function id="104261" token="0x60003b0" name="get_DependentRules()" namespace="FluentValidation.Internal" type_name="RuleBase&lt;T, TProperty, TValue&gt;" block_coverage="100.00" line_coverage="100.00" blocks_covered="1" blocks_not_covered="0" lines_covered="1" lines_partially_covered="0" lines_not_covered="0">
          <ranges>
            <range source_id="113" start_line="205" end_line="205" start_column="61" end_column="65" covered="yes" />
          </ranges>
        </function>
        <function id="104269" token="0x60003b1" name="set_DependentRules(System.Collections.Generic.List&lt;FluentValidation.IValidationRuleInternal&lt;T&gt;&gt;)" namespace="FluentValidation.Internal" type_name="RuleBase&lt;T, TProperty, TValue&gt;" block_coverage="0.00" line_coverage="0.00" blocks_covered="0" blocks_not_covered="1" lines_covered="0" lines_partially_covered="0" lines_not_covered="1">
          <ranges>
            <range source_id="113" start_line="205" end_line="205" start_column="66" end_column="88" covered="no" />
          </ranges>
        </function>
        <function id="104278" token="0x60003b2" name="FluentValidation.IValidationRule.get_DependentRules()" namespace="FluentValidation.Internal" type_name="RuleBase&lt;T, TProperty, TValue&gt;" block_coverage="0.00" line_coverage="0.00" blocks_covered="0" blocks_not_covered="2" lines_covered="0" lines_partially_covered="0" lines_not_covered="1">
          <ranges>
            <range source_id="113" start_line="207" end_line="207" start_column="65" end_column="79" covered="no" />
          </ranges>
        </function>
        <function id="104286" token="0x60003b3" name="FluentValidation.IValidationRule.GetDisplayName(FluentValidation.IValidationContext)" namespace="FluentValidation.Internal" type_name="RuleBase&lt;T, TProperty, TValue&gt;" block_coverage="0.00" line_coverage="0.00" blocks_covered="0" blocks_not_covered="5" lines_covered="0" lines_partially_covered="0" lines_not_covered="1">
          <ranges>
            <range source_id="113" start_line="210" end_line="210" start_column="3" end_column="98" covered="no" />
          </ranges>
        </function>
        <function id="104306" token="0x60003b4" name="GetDisplayName(FluentValidation.ValidationContext&lt;T&gt;)" namespace="FluentValidation.Internal" type_name="RuleBase&lt;T, TProperty, TValue&gt;" block_coverage="85.71" line_coverage="0.00" blocks_covered="6" blocks_not_covered="1" lines_covered="0" lines_partially_covered="1" lines_not_covered="0">
          <ranges>
            <range source_id="113" start_line="216" end_line="216" start_column="6" end_column="82" covered="partial" />
          </ranges>
        </function>
        <function id="104348" token="0x60003b5" name="ApplyCondition(System.Func&lt;FluentValidation.ValidationContext&lt;T&gt;, bool&gt;, FluentValidation.ApplyConditionTo)" namespace="FluentValidation.Internal" type_name="RuleBase&lt;T, TProperty, TValue&gt;" block_coverage="0.00" line_coverage="0.00" blocks_covered="0" blocks_not_covered="21" lines_covered="0" lines_partially_covered="0" lines_not_covered="8">
          <ranges>
            <range source_id="113" start_line="225" end_line="225" start_column="3" end_column="58" covered="no" />
            <range source_id="113" start_line="226" end_line="226" start_column="30" end_column="41" covered="no" />
            <range source_id="113" start_line="226" end_line="226" start_column="13" end_column="26" covered="no" />
            <range source_id="113" start_line="227" end_line="227" start_column="5" end_column="41" covered="no" />
            <range source_id="113" start_line="226" end_line="226" start_column="27" end_column="29" covered="no" />
            <range source_id="113" start_line="230" end_line="230" start_column="4" end_column="31" covered="no" />
            <range source_id="113" start_line="231" end_line="231" start_column="35" end_column="49" covered="no" />
            <range source_id="113" start_line="231" end_line="231" start_column="14" end_column="31" covered="no" />
            <range source_id="113" start_line="232" end_line="232" start_column="6" end_column="64" covered="no" />
            <range source_id="113" start_line="231" end_line="231" start_column="32" end_column="34" covered="no" />
            <range source_id="113" start_line="237" end_line="237" start_column="4" end_column="38" covered="no" />
            <range source_id="113" start_line="239" end_line="239" start_column="2" end_column="3" covered="no" />
          </ranges>
        </function>
        <function id="104520" token="0x60003b6" name="ApplyAsyncCondition(System.Func&lt;FluentValidation.ValidationContext&lt;T&gt;, System.Threading.CancellationToken, System.Threading.Tasks.Task&lt;bool&gt;&gt;, FluentValidation.ApplyConditionTo)" namespace="FluentValidation.Internal" type_name="RuleBase&lt;T, TProperty, TValue&gt;" block_coverage="0.00" line_coverage="0.00" blocks_covered="0" blocks_not_covered="21" lines_covered="0" lines_partially_covered="0" lines_not_covered="8">
          <ranges>
            <range source_id="113" start_line="248" end_line="248" start_column="3" end_column="58" covered="no" />
            <range source_id="113" start_line="249" end_line="249" start_column="30" end_column="41" covered="no" />
            <range source_id="113" start_line="249" end_line="249" start_column="13" end_column="26" covered="no" />
            <range source_id="113" start_line="250" end_line="250" start_column="5" end_column="46" covered="no" />
            <range source_id="113" start_line="249" end_line="249" start_column="27" end_column="29" covered="no" />
            <range source_id="113" start_line="253" end_line="253" start_column="4" end_column="31" covered="no" />
            <range source_id="113" start_line="254" end_line="254" start_column="35" end_column="49" covered="no" />
            <range source_id="113" start_line="254" end_line="254" start_column="14" end_column="31" covered="no" />
            <range source_id="113" start_line="255" end_line="255" start_column="6" end_column="69" covered="no" />
            <range source_id="113" start_line="254" end_line="254" start_column="32" end_column="34" covered="no" />
            <range source_id="113" start_line="260" end_line="260" start_column="4" end_column="43" covered="no" />
            <range source_id="113" start_line="262" end_line="262" start_column="2" end_column="3" covered="no" />
          </ranges>
        </function>
        <function id="104692" token="0x60003b7" name="ApplySharedCondition(System.Func&lt;FluentValidation.ValidationContext&lt;T&gt;, bool&gt;)" namespace="FluentValidation.Internal" type_name="RuleBase&lt;T, TProperty, TValue&gt;" block_coverage="0.00" line_coverage="0.00" blocks_covered="0" blocks_not_covered="4" lines_covered="0" lines_partially_covered="0" lines_not_covered="5">
          <ranges>
            <range source_id="113" start_line="265" end_line="265" start_column="3" end_column="26" covered="no" />
            <range source_id="113" start_line="266" end_line="266" start_column="4" end_column="27" covered="no" />
            <range source_id="113" start_line="269" end_line="269" start_column="4" end_column="30" covered="no" />
            <range source_id="113" start_line="270" end_line="270" start_column="4" end_column="56" covered="no" />
            <range source_id="113" start_line="272" end_line="272" start_column="2" end_column="3" covered="no" />
          </ranges>
        </function>
        <function id="104772" token="0x60003b8" name="ApplySharedAsyncCondition(System.Func&lt;FluentValidation.ValidationContext&lt;T&gt;, System.Threading.CancellationToken, System.Threading.Tasks.Task&lt;bool&gt;&gt;)" namespace="FluentValidation.Internal" type_name="RuleBase&lt;T, TProperty, TValue&gt;" block_coverage="0.00" line_coverage="0.00" blocks_covered="0" blocks_not_covered="4" lines_covered="0" lines_partially_covered="0" lines_not_covered="5">
          <ranges>
            <range source_id="113" start_line="275" end_line="275" start_column="3" end_column="31" covered="no" />
            <range source_id="113" start_line="276" end_line="276" start_column="4" end_column="32" covered="no" />
            <range source_id="113" start_line="279" end_line="279" start_column="4" end_column="35" covered="no" />
            <range source_id="113" start_line="280" end_line="280" start_column="4" end_column="93" covered="no" />
            <range source_id="113" start_line="282" end_line="282" start_column="2" end_column="3" covered="no" />
          </ranges>
        </function>
        <function id="104849" token="0x60003b9" name="FluentValidation.IValidationRule&lt;T&gt;.GetPropertyValue(T)" namespace="FluentValidation.Internal" type_name="RuleBase&lt;T, TProperty, TValue&gt;" block_coverage="0.00" line_coverage="0.00" blocks_covered="0" blocks_not_covered="3" lines_covered="0" lines_partially_covered="0" lines_not_covered="1">
          <ranges>
            <range source_id="113" start_line="284" end_line="284" start_column="60" end_column="82" covered="no" />
          </ranges>
        </function>
        <function id="104868" token="0x60003ba" name="PrepareMessageFormatterForValidationError(FluentValidation.ValidationContext&lt;T&gt;, TValue)" namespace="FluentValidation.Internal" type_name="RuleBase&lt;T, TProperty, TValue&gt;" block_coverage="63.16" line_coverage="71.43" blocks_covered="12" blocks_not_covered="7" lines_covered="5" lines_partially_covered="0" lines_not_covered="2">
          <ranges>
            <range source_id="113" start_line="292" end_line="292" start_column="3" end_column="68" covered="yes" />
            <range source_id="113" start_line="293" end_line="293" start_column="3" end_column="55" covered="yes" />
            <range source_id="113" start_line="294" end_line="294" start_column="3" end_column="81" covered="yes" />
            <range source_id="113" start_line="300" end_line="300" start_column="3" end_column="82" covered="yes" />
            <range source_id="113" start_line="303" end_line="303" start_column="4" end_column="83" covered="no" />
            <range source_id="113" start_line="304" end_line="304" start_column="5" end_column="71" covered="no" />
            <range source_id="113" start_line="307" end_line="307" start_column="2" end_column="3" covered="yes" />
          </ranges>
        </function>
        <function id="105004" token="0x60003bb" name="CreateValidationError(FluentValidation.ValidationContext&lt;T&gt;, TValue, FluentValidation.Internal.RuleComponent&lt;T, TValue&gt;)" namespace="FluentValidation.Internal" type_name="RuleBase&lt;T, TProperty, TValue&gt;" block_coverage="70.73" line_coverage="42.86" blocks_covered="29" blocks_not_covered="12" lines_covered="6" lines_partially_covered="6" lines_not_covered="2">
          <ranges>
            <range source_id="113" start_line="317" end_line="319" start_column="3" end_column="48" covered="partial" />
            <range source_id="113" start_line="321" end_line="321" start_column="3" end_column="75" covered="yes" />
            <range source_id="113" start_line="323" end_line="323" start_column="3" end_column="122" covered="yes" />
            <range source_id="113" start_line="324" end_line="324" start_column="3" end_column="109" covered="yes" />
            <range source_id="113" start_line="326" end_line="328" start_column="3" end_column="39" covered="partial" />
            <range source_id="113" start_line="330" end_line="330" start_column="3" end_column="45" covered="yes" />
            <range source_id="113" start_line="331" end_line="331" start_column="4" end_column="72" covered="no" />
            <range source_id="113" start_line="334" end_line="334" start_column="3" end_column="56" covered="yes" />
            <range source_id="113" start_line="335" end_line="335" start_column="4" end_column="97" covered="no" />
            <range source_id="113" start_line="338" end_line="338" start_column="3" end_column="18" covered="yes" />
          </ranges>
        </function>
        <function id="105238" token="0x60003bc" name="get_Rule()" namespace="FluentValidation.Internal" type_name="RuleBuilder&lt;T, TProperty&gt;" block_coverage="100.00" line_coverage="100.00" blocks_covered="1" blocks_not_covered="0" lines_covered="1" lines_partially_covered="0" lines_not_covered="0">
          <ranges>
            <range source_id="114" start_line="35" end_line="35" start_column="54" end_column="58" covered="yes" />
          </ranges>
        </function>
        <function id="105246" token="0x60003bd" name="FluentValidation.IRuleBuilderInternal&lt;T,TProperty&gt;.get_Rule()" namespace="FluentValidation.Internal" type_name="RuleBuilder&lt;T, TProperty&gt;" block_coverage="0.00" line_coverage="0.00" blocks_covered="0" blocks_not_covered="2" lines_covered="0" lines_partially_covered="0" lines_not_covered="1">
          <ranges>
            <range source_id="114" start_line="37" end_line="37" start_column="74" end_column="78" covered="no" />
          </ranges>
        </function>
        <function id="105254" token="0x60003be" name="get_ParentValidator()" namespace="FluentValidation.Internal" type_name="RuleBuilder&lt;T, TProperty&gt;" block_coverage="0.00" line_coverage="0.00" blocks_covered="0" blocks_not_covered="1" lines_covered="0" lines_partially_covered="0" lines_not_covered="1">
          <ranges>
            <range source_id="114" start_line="42" end_line="42" start_column="48" end_column="52" covered="no" />
          </ranges>
        </function>
        <function id="105262" token="0x60003bf" name="RuleBuilder(FluentValidation.IValidationRuleInternal&lt;T, TProperty&gt;, FluentValidation.AbstractValidator&lt;T&gt;)" namespace="FluentValidation.Internal" type_name="RuleBuilder&lt;T, TProperty&gt;" block_coverage="100.00" line_coverage="100.00" blocks_covered="2" blocks_not_covered="0" lines_covered="4" lines_partially_covered="0" lines_not_covered="0">
          <ranges>
            <range source_id="114" start_line="47" end_line="47" start_column="2" end_column="93" covered="yes" />
            <range source_id="114" start_line="48" end_line="48" start_column="3" end_column="15" covered="yes" />
            <range source_id="114" start_line="49" end_line="49" start_column="3" end_column="28" covered="yes" />
            <range source_id="114" start_line="50" end_line="50" start_column="2" end_column="3" covered="yes" />
          </ranges>
        </function>
        <function id="105284" token="0x60003c0" name="SetValidator(FluentValidation.Validators.IPropertyValidator&lt;T, TProperty&gt;)" namespace="FluentValidation.Internal" type_name="RuleBuilder&lt;T, TProperty&gt;" block_coverage="66.67" line_coverage="66.67" blocks_covered="4" blocks_not_covered="2" lines_covered="2" lines_partially_covered="1" lines_not_covered="0">
          <ranges>
            <range source_id="114" start_line="53" end_line="53" start_column="3" end_column="25" covered="yes" />
            <range source_id="114" start_line="53" end_line="53" start_column="26" end_column="77" covered="no" />
            <range source_id="114" start_line="54" end_line="54" start_column="3" end_column="32" covered="yes" />
            <range source_id="114" start_line="55" end_line="55" start_column="3" end_column="15" covered="yes" />
          </ranges>
        </function>
        <function id="105316" token="0x60003c1" name="SetAsyncValidator(FluentValidation.Validators.IAsyncPropertyValidator&lt;T, TProperty&gt;)" namespace="FluentValidation.Internal" type_name="RuleBuilder&lt;T, TProperty&gt;" block_coverage="0.00" line_coverage="0.00" blocks_covered="0" blocks_not_covered="6" lines_covered="0" lines_partially_covered="0" lines_not_covered="4">
          <ranges>
            <range source_id="114" start_line="59" end_line="59" start_column="3" end_column="25" covered="no" />
            <range source_id="114" start_line="59" end_line="59" start_column="26" end_column="77" covered="no" />
            <range source_id="114" start_line="61" end_line="61" start_column="3" end_column="93" covered="no" />
            <range source_id="114" start_line="62" end_line="62" start_column="3" end_column="47" covered="no" />
            <range source_id="114" start_line="63" end_line="63" start_column="3" end_column="15" covered="no" />
          </ranges>
        </function>
        <function id="105364" token="0x60003c2" name="SetValidator(FluentValidation.IValidator&lt;TProperty&gt;, string[])" namespace="FluentValidation.Internal" type_name="RuleBuilder&lt;T, TProperty&gt;" block_coverage="0.00" line_coverage="0.00" blocks_covered="0" blocks_not_covered="7" lines_covered="0" lines_partially_covered="0" lines_not_covered="6">
          <ranges>
            <range source_id="114" start_line="67" end_line="67" start_column="3" end_column="86" covered="no" />
            <range source_id="114" start_line="68" end_line="70" start_column="3" end_column="5" covered="no" />
            <range source_id="114" start_line="72" end_line="72" start_column="3" end_column="44" covered="no" />
            <range source_id="114" start_line="73" end_line="73" start_column="3" end_column="15" covered="no" />
          </ranges>
        </function>
        <function id="105428" token="0x60003c3" name="SetValidator&lt;TValidator&gt;(System.Func&lt;T, TValidator&gt;, string[])" namespace="FluentValidation.Internal" type_name="RuleBuilder&lt;T, TProperty&gt;" block_coverage="0.00" line_coverage="0.00" blocks_covered="0" blocks_not_covered="8" lines_covered="0" lines_partially_covered="0" lines_not_covered="6">
          <ranges>
            <range source_id="114" start_line="77" end_line="77" start_column="3" end_column="110" covered="no" />
            <range source_id="114" start_line="78" end_line="80" start_column="3" end_column="5" covered="no" />
            <range source_id="114" start_line="82" end_line="82" start_column="3" end_column="44" covered="no" />
            <range source_id="114" start_line="83" end_line="83" start_column="3" end_column="15" covered="no" />
          </ranges>
        </function>
        <function id="105524" token="0x60003c4" name="SetValidator&lt;TValidator&gt;(System.Func&lt;T, TProperty, TValidator&gt;, string[])" namespace="FluentValidation.Internal" type_name="RuleBuilder&lt;T, TProperty&gt;" block_coverage="0.00" line_coverage="0.00" blocks_covered="0" blocks_not_covered="8" lines_covered="0" lines_partially_covered="0" lines_not_covered="6">
          <ranges>
            <range source_id="114" start_line="87" end_line="87" start_column="3" end_column="110" covered="no" />
            <range source_id="114" start_line="88" end_line="90" start_column="3" end_column="5" covered="no" />
            <range source_id="114" start_line="92" end_line="92" start_column="3" end_column="44" covered="no" />
            <range source_id="114" start_line="93" end_line="93" start_column="3" end_column="15" covered="no" />
          </ranges>
        </function>
        <function id="105620" token="0x60003c5" name="FluentValidation.IRuleBuilderOptions&lt;T,TProperty&gt;.DependentRules(System.Action)" namespace="FluentValidation.Internal" type_name="RuleBuilder&lt;T, TProperty&gt;" block_coverage="0.00" line_coverage="0.00" blocks_covered="0" blocks_not_covered="28" lines_covered="0" lines_partially_covered="0" lines_not_covered="10">
          <ranges>
            <range source_id="114" start_line="97" end_line="97" start_column="3" end_column="68" covered="no" />
            <range source_id="114" start_line="99" end_line="99" start_column="3" end_column="65" covered="no" />
            <range source_id="114" start_line="100" end_line="100" start_column="4" end_column="13" covered="no" />
            <range source_id="114" start_line="101" end_line="101" start_column="3" end_column="4" covered="no" />
            <range source_id="114" start_line="103" end_line="103" start_column="3" end_column="57" covered="no" />
            <range source_id="114" start_line="104" end_line="104" start_column="34" end_column="53" covered="no" />
            <range source_id="114" start_line="104" end_line="104" start_column="13" end_column="30" covered="no" />
            <range source_id="114" start_line="105" end_line="105" start_column="5" end_column="40" covered="no" />
            <range source_id="114" start_line="106" end_line="106" start_column="6" end_column="45" covered="no" />
            <range source_id="114" start_line="104" end_line="104" start_column="31" end_column="33" covered="no" />
            <range source_id="114" start_line="111" end_line="111" start_column="3" end_column="47" covered="no" />
            <range source_id="114" start_line="112" end_line="112" start_column="3" end_column="15" covered="no" />
          </ranges>
        </function>
        <function id="105824" token="0x60003c6" name="AddComponent(FluentValidation.Internal.RuleComponent&lt;T, TProperty&gt;)" namespace="FluentValidation.Internal" type_name="RuleBuilder&lt;T, TProperty&gt;" block_coverage="0.00" line_coverage="0.00" blocks_covered="0" blocks_not_covered="4" lines_covered="0" lines_partially_covered="0" lines_not_covered="2">
          <ranges>
            <range source_id="114" start_line="116" end_line="116" start_column="3" end_column="34" covered="no" />
            <range source_id="114" start_line="117" end_line="117" start_column="2" end_column="3" covered="no" />
          </ranges>
        </function>
        <function id="105843" token="0x60003c7" name="RuleComponent(FluentValidation.Validators.IPropertyValidator&lt;T, TProperty&gt;)" namespace="FluentValidation.Internal" type_name="RuleComponent&lt;T, TProperty&gt;" block_coverage="100.00" line_coverage="100.00" blocks_covered="2" blocks_not_covered="0" lines_covered="3" lines_partially_covered="0" lines_not_covered="0">
          <ranges>
            <range source_id="115" start_line="41" end_line="41" start_column="2" end_column="76" covered="yes" />
            <range source_id="115" start_line="42" end_line="42" start_column="3" end_column="42" covered="yes" />
            <range source_id="115" start_line="43" end_line="43" start_column="2" end_column="3" covered="yes" />
          </ranges>
        </function>
        <function id="105858" token="0x60003c8" name="RuleComponent(FluentValidation.Validators.IAsyncPropertyValidator&lt;T, TProperty&gt;, FluentValidation.Validators.IPropertyValidator&lt;T, TProperty&gt;)" namespace="FluentValidation.Internal" type_name="RuleComponent&lt;T, TProperty&gt;" block_coverage="0.00" line_coverage="0.00" blocks_covered="0" blocks_not_covered="2" lines_covered="0" lines_partially_covered="0" lines_not_covered="4">
          <ranges>
            <range source_id="115" start_line="45" end_line="45" start_column="2" end_column="138" covered="no" />
            <range source_id="115" start_line="46" end_line="46" start_column="3" end_column="52" covered="no" />
            <range source_id="115" start_line="47" end_line="47" start_column="3" end_column="42" covered="no" />
            <range source_id="115" start_line="48" end_line="48" start_column="2" end_column="3" covered="no" />
          </ranges>
        </function>
        <function id="105880" token="0x60003c9" name="get_HasCondition()" namespace="FluentValidation.Internal" type_name="RuleComponent&lt;T, TProperty&gt;" block_coverage="0.00" line_coverage="0.00" blocks_covered="0" blocks_not_covered="1" lines_covered="0" lines_partially_covered="0" lines_not_covered="1">
          <ranges>
            <range source_id="115" start_line="51" end_line="51" start_column="30" end_column="48" covered="no" />
          </ranges>
        </function>
        <function id="105891" token="0x60003ca" name="get_HasAsyncCondition()" namespace="FluentValidation.Internal" type_name="RuleComponent&lt;T, TProperty&gt;" block_coverage="100.00" line_coverage="100.00" blocks_covered="1" blocks_not_covered="0" lines_covered="1" lines_partially_covered="0" lines_not_covered="0">
          <ranges>
            <range source_id="115" start_line="54" end_line="54" start_column="35" end_column="58" covered="yes" />
          </ranges>
        </function>
        <function id="105904" token="0x60003cb" name="get_Validator()" namespace="FluentValidation.Internal" type_name="RuleComponent&lt;T, TProperty&gt;" block_coverage="66.67" line_coverage="0.00" blocks_covered="2" blocks_not_covered="1" lines_covered="0" lines_partially_covered="1" lines_not_covered="0">
          <ranges>
            <range source_id="115" start_line="58" end_line="58" start_column="6" end_column="72" covered="partial" />
          </ranges>
        </function>
        <function id="105935" token="0x60003cc" name="get_SupportsAsynchronousValidation()" namespace="FluentValidation.Internal" type_name="RuleComponent&lt;T, TProperty&gt;" block_coverage="0.00" line_coverage="0.00" blocks_covered="0" blocks_not_covered="1" lines_covered="0" lines_partially_covered="0" lines_not_covered="1">
          <ranges>
            <range source_id="115" start_line="61" end_line="61" start_column="6" end_column="37" covered="no" />
          </ranges>
        </function>
        <function id="105946" token="0x60003cd" name="get_SupportsSynchronousValidation()" namespace="FluentValidation.Internal" type_name="RuleComponent&lt;T, TProperty&gt;" block_coverage="100.00" line_coverage="100.00" blocks_covered="1" blocks_not_covered="0" lines_covered="1" lines_partially_covered="0" lines_not_covered="0">
          <ranges>
            <range source_id="115" start_line="64" end_line="64" start_column="6" end_column="32" covered="yes" />
          </ranges>
        </function>
        <function id="106060" token="0x60003cf" name="InvokePropertyValidator(FluentValidation.ValidationContext&lt;T&gt;, TProperty)" namespace="FluentValidation.Internal" type_name="RuleComponent&lt;T, TProperty&gt;" block_coverage="100.00" line_coverage="100.00" blocks_covered="2" blocks_not_covered="0" lines_covered="1" lines_partially_covered="0" lines_not_covered="0">
          <ranges>
            <range source_id="115" start_line="92" end_line="92" start_column="6" end_column="48" covered="yes" />
          </ranges>
        </function>
        <function id="106075" token="0x60003d0" name="InvokePropertyValidatorAsync(FluentValidation.ValidationContext&lt;T&gt;, TProperty, System.Threading.CancellationToken)" namespace="FluentValidation.Internal" type_name="RuleComponent&lt;T, TProperty&gt;" block_coverage="0.00" line_coverage="0.00" blocks_covered="0" blocks_not_covered="2" lines_covered="0" lines_partially_covered="0" lines_not_covered="1">
          <ranges>
            <range source_id="115" start_line="95" end_line="95" start_column="6" end_column="72" covered="no" />
          </ranges>
        </function>
        <function id="106092" token="0x60003d1" name="ApplyCondition(System.Func&lt;FluentValidation.ValidationContext&lt;T&gt;, bool&gt;)" namespace="FluentValidation.Internal" type_name="RuleComponent&lt;T, TProperty&gt;" block_coverage="0.00" line_coverage="0.00" blocks_covered="0" blocks_not_covered="4" lines_covered="0" lines_partially_covered="0" lines_not_covered="5">
          <ranges>
            <range source_id="115" start_line="102" end_line="102" start_column="3" end_column="26" covered="no" />
            <range source_id="115" start_line="103" end_line="103" start_column="4" end_column="27" covered="no" />
            <range source_id="115" start_line="106" end_line="106" start_column="4" end_column="30" covered="no" />
            <range source_id="115" start_line="107" end_line="107" start_column="4" end_column="56" covered="no" />
            <range source_id="115" start_line="109" end_line="109" start_column="2" end_column="3" covered="no" />
          </ranges>
        </function>
        <function id="106172" token="0x60003d2" name="ApplyAsyncCondition(System.Func&lt;FluentValidation.ValidationContext&lt;T&gt;, System.Threading.CancellationToken, System.Threading.Tasks.Task&lt;bool&gt;&gt;)" namespace="FluentValidation.Internal" type_name="RuleComponent&lt;T, TProperty&gt;" block_coverage="0.00" line_coverage="0.00" blocks_covered="0" blocks_not_covered="4" lines_covered="0" lines_partially_covered="0" lines_not_covered="5">
          <ranges>
            <range source_id="115" start_line="116" end_line="116" start_column="3" end_column="31" covered="no" />
            <range source_id="115" start_line="117" end_line="117" start_column="4" end_column="32" covered="no" />
            <range source_id="115" start_line="120" end_line="120" start_column="4" end_column="35" covered="no" />
            <range source_id="115" start_line="121" end_line="121" start_column="4" end_column="93" covered="no" />
            <range source_id="115" start_line="123" end_line="123" start_column="2" end_column="3" covered="no" />
          </ranges>
        </function>
        <function id="106249" token="0x60003d3" name="InvokeCondition(FluentValidation.ValidationContext&lt;T&gt;)" namespace="FluentValidation.Internal" type_name="RuleComponent&lt;T, TProperty&gt;" block_coverage="50.00" line_coverage="66.67" blocks_covered="2" blocks_not_covered="2" lines_covered="2" lines_partially_covered="0" lines_not_covered="1">
          <ranges>
            <range source_id="115" start_line="126" end_line="126" start_column="3" end_column="26" covered="yes" />
            <range source_id="115" start_line="127" end_line="127" start_column="4" end_column="31" covered="no" />
            <range source_id="115" start_line="130" end_line="130" start_column="3" end_column="15" covered="yes" />
          </ranges>
        </function>
        <function id="106359" token="0x60003d5" name="get_CustomStateProvider()" namespace="FluentValidation.Internal" type_name="RuleComponent&lt;T, TProperty&gt;" block_coverage="100.00" line_coverage="100.00" blocks_covered="1" blocks_not_covered="0" lines_covered="1" lines_partially_covered="0" lines_not_covered="0">
          <ranges>
            <range source_id="115" start_line="144" end_line="144" start_column="77" end_column="81" covered="yes" />
          </ranges>
        </function>
        <function id="106367" token="0x60003d6" name="set_CustomStateProvider(System.Func&lt;FluentValidation.ValidationContext&lt;T&gt;, TProperty, object&gt;)" namespace="FluentValidation.Internal" type_name="RuleComponent&lt;T, TProperty&gt;" block_coverage="0.00" line_coverage="0.00" blocks_covered="0" blocks_not_covered="1" lines_covered="0" lines_partially_covered="0" lines_not_covered="1">
          <ranges>
            <range source_id="115" start_line="144" end_line="144" start_column="82" end_column="86" covered="no" />
          </ranges>
        </function>
        <function id="106376" token="0x60003d7" name="get_SeverityProvider()" namespace="FluentValidation.Internal" type_name="RuleComponent&lt;T, TProperty&gt;" block_coverage="100.00" line_coverage="100.00" blocks_covered="1" blocks_not_covered="0" lines_covered="1" lines_partially_covered="0" lines_not_covered="0">
          <ranges>
            <range source_id="115" start_line="149" end_line="149" start_column="76" end_column="80" covered="yes" />
          </ranges>
        </function>
        <function id="106384" token="0x60003d8" name="set_SeverityProvider(System.Func&lt;FluentValidation.ValidationContext&lt;T&gt;, TProperty, FluentValidation.Severity&gt;)" namespace="FluentValidation.Internal" type_name="RuleComponent&lt;T, TProperty&gt;" block_coverage="0.00" line_coverage="0.00" blocks_covered="0" blocks_not_covered="1" lines_covered="0" lines_partially_covered="0" lines_not_covered="1">
          <ranges>
            <range source_id="115" start_line="149" end_line="149" start_column="81" end_column="85" covered="no" />
          </ranges>
        </function>
        <function id="106393" token="0x60003d9" name="get_ErrorCode()" namespace="FluentValidation.Internal" type_name="RuleComponent&lt;T, TProperty&gt;" block_coverage="100.00" line_coverage="100.00" blocks_covered="1" blocks_not_covered="0" lines_covered="1" lines_partially_covered="0" lines_not_covered="0">
          <ranges>
            <range source_id="115" start_line="154" end_line="154" start_column="28" end_column="32" covered="yes" />
          </ranges>
        </function>
        <function id="106401" token="0x60003da" name="set_ErrorCode(string)" namespace="FluentValidation.Internal" type_name="RuleComponent&lt;T, TProperty&gt;" block_coverage="0.00" line_coverage="0.00" blocks_covered="0" blocks_not_covered="1" lines_covered="0" lines_partially_covered="0" lines_not_covered="1">
          <ranges>
            <range source_id="115" start_line="154" end_line="154" start_column="33" end_column="37" covered="no" />
          </ranges>
        </function>
        <function id="106412" token="0x60003db" name="GetErrorMessage(FluentValidation.ValidationContext&lt;T&gt;, TProperty)" namespace="FluentValidation.Internal" type_name="RuleComponent&lt;T, TProperty&gt;" block_coverage="86.67" line_coverage="66.67" blocks_covered="13" blocks_not_covered="2" lines_covered="4" lines_partially_covered="1" lines_not_covered="1">
          <ranges>
            <range source_id="115" start_line="165" end_line="165" start_column="3" end_column="86" covered="partial" />
            <range source_id="115" start_line="169" end_line="169" start_column="3" end_column="27" covered="yes" />
            <range source_id="115" start_line="170" end_line="170" start_column="4" end_column="65" covered="yes" />
            <range source_id="115" start_line="173" end_line="173" start_column="3" end_column="23" covered="yes" />
            <range source_id="115" start_line="174" end_line="174" start_column="4" end_column="23" covered="no" />
            <range source_id="115" start_line="177" end_line="177" start_column="3" end_column="61" covered="yes" />
          </ranges>
        </function>
        <function id="106496" token="0x60003dc" name="GetUnformattedErrorMessage()" namespace="FluentValidation.Internal" type_name="RuleComponent&lt;T, TProperty&gt;" block_coverage="0.00" line_coverage="0.00" blocks_covered="0" blocks_not_covered="11" lines_covered="0" lines_partially_covered="0" lines_not_covered="4">
          <ranges>
            <range source_id="115" start_line="185" end_line="185" start_column="3" end_column="81" covered="no" />
            <range source_id="115" start_line="188" end_line="188" start_column="3" end_column="23" covered="no" />
            <range source_id="115" start_line="189" end_line="189" start_column="4" end_column="61" covered="no" />
            <range source_id="115" start_line="192" end_line="192" start_column="3" end_column="18" covered="no" />
          </ranges>
        </function>
        <function id="106570" token="0x60003dd" name="SetErrorMessage(System.Func&lt;FluentValidation.ValidationContext&lt;T&gt;, TProperty, string&gt;)" namespace="FluentValidation.Internal" type_name="RuleComponent&lt;T, TProperty&gt;" block_coverage="0.00" line_coverage="0.00" blocks_covered="0" blocks_not_covered="1" lines_covered="0" lines_partially_covered="0" lines_not_covered="3">
          <ranges>
            <range source_id="115" start_line="200" end_line="200" start_column="3" end_column="39" covered="no" />
            <range source_id="115" start_line="201" end_line="201" start_column="3" end_column="24" covered="no" />
            <range source_id="115" start_line="202" end_line="202" start_column="2" end_column="3" covered="no" />
          </ranges>
        </function>
        <function id="106586" token="0x60003de" name="SetErrorMessage(string)" namespace="FluentValidation.Internal" type_name="RuleComponent&lt;T, TProperty&gt;" block_coverage="0.00" line_coverage="0.00" blocks_covered="0" blocks_not_covered="1" lines_covered="0" lines_partially_covered="0" lines_not_covered="3">
          <ranges>
            <range source_id="115" start_line="209" end_line="209" start_column="3" end_column="32" covered="no" />
            <range source_id="115" start_line="210" end_line="210" start_column="3" end_column="31" covered="no" />
            <range source_id="115" start_line="211" end_line="211" start_column="2" end_column="3" covered="no" />
          </ranges>
        </function>
        <function id="106602" token="0x60003df" name="RuleComponentForNullableStruct(FluentValidation.Validators.IPropertyValidator&lt;T, TProperty&gt;)" namespace="FluentValidation.Internal" type_name="RuleComponentForNullableStruct&lt;T, TProperty&gt;" block_coverage="0.00" line_coverage="0.00" blocks_covered="0" blocks_not_covered="2" lines_covered="0" lines_partially_covered="0" lines_not_covered="3">
          <ranges>
            <range source_id="116" start_line="32" end_line="32" start_column="5" end_column="15" covered="no" />
            <range source_id="116" start_line="33" end_line="33" start_column="3" end_column="42" covered="no" />
            <range source_id="116" start_line="34" end_line="34" start_column="2" end_column="3" covered="no" />
          </ranges>
        </function>
        <function id="106618" token="0x60003e0" name="RuleComponentForNullableStruct(FluentValidation.Validators.IAsyncPropertyValidator&lt;T, TProperty&gt;, FluentValidation.Validators.IPropertyValidator&lt;T, TProperty&gt;)" namespace="FluentValidation.Internal" type_name="RuleComponentForNullableStruct&lt;T, TProperty&gt;" block_coverage="0.00" line_coverage="0.00" blocks_covered="0" blocks_not_covered="2" lines_covered="0" lines_partially_covered="0" lines_not_covered="3">
          <ranges>
            <range source_id="116" start_line="37" end_line="37" start_column="5" end_column="21" covered="no" />
            <range source_id="116" start_line="38" end_line="38" start_column="3" end_column="52" covered="no" />
            <range source_id="116" start_line="39" end_line="39" start_column="2" end_column="3" covered="no" />
          </ranges>
        </function>
        <function id="106636" token="0x60003e1" name="get_Validator()" namespace="FluentValidation.Internal" type_name="RuleComponentForNullableStruct&lt;T, TProperty&gt;" block_coverage="0.00" line_coverage="0.00" blocks_covered="0" blocks_not_covered="3" lines_covered="0" lines_partially_covered="0" lines_not_covered="1">
          <ranges>
            <range source_id="116" start_line="42" end_line="42" start_column="6" end_column="72" covered="no" />
          </ranges>
        </function>
        <function id="106667" token="0x60003e2" name="get_SupportsAsynchronousValidation()" namespace="FluentValidation.Internal" type_name="RuleComponentForNullableStruct&lt;T, TProperty&gt;" block_coverage="0.00" line_coverage="0.00" blocks_covered="0" blocks_not_covered="1" lines_covered="0" lines_partially_covered="0" lines_not_covered="1">
          <ranges>
            <range source_id="116" start_line="45" end_line="45" start_column="6" end_column="37" covered="no" />
          </ranges>
        </function>
        <function id="106678" token="0x60003e3" name="get_SupportsSynchronousValidation()" namespace="FluentValidation.Internal" type_name="RuleComponentForNullableStruct&lt;T, TProperty&gt;" block_coverage="0.00" line_coverage="0.00" blocks_covered="0" blocks_not_covered="1" lines_covered="0" lines_partially_covered="0" lines_not_covered="1">
          <ranges>
            <range source_id="116" start_line="48" end_line="48" start_column="6" end_column="32" covered="no" />
          </ranges>
        </function>
        <function id="106689" token="0x60003e4" name="InvokePropertyValidator(FluentValidation.ValidationContext&lt;T&gt;, System.Nullable&lt;TProperty&gt;)" namespace="FluentValidation.Internal" type_name="RuleComponentForNullableStruct&lt;T, TProperty&gt;" block_coverage="0.00" line_coverage="0.00" blocks_covered="0" blocks_not_covered="6" lines_covered="0" lines_partially_covered="0" lines_not_covered="2">
          <ranges>
            <range source_id="116" start_line="51" end_line="51" start_column="3" end_column="23" covered="no" />
            <range source_id="116" start_line="51" end_line="51" start_column="24" end_column="36" covered="no" />
            <range source_id="116" start_line="52" end_line="52" start_column="3" end_column="59" covered="no" />
          </ranges>
        </function>
        <function id="106815" token="0x60003e6" name="get_RuleSets()" namespace="FluentValidation.Internal" type_name="RulesetValidatorSelector" block_coverage="0.00" line_coverage="0.00" blocks_covered="0" blocks_not_covered="1" lines_covered="0" lines_partially_covered="0" lines_not_covered="1">
          <ranges>
            <range source_id="117" start_line="21" end_line="21" start_column="41" end_column="59" covered="no" />
          </ranges>
        </function>
        <function id="106823" token="0x60003e7" name="RulesetValidatorSelector(System.Collections.Generic.IEnumerable&lt;string&gt;)" namespace="FluentValidation.Internal" type_name="RulesetValidatorSelector" block_coverage="0.00" line_coverage="0.00" blocks_covered="0" blocks_not_covered="2" lines_covered="0" lines_partially_covered="0" lines_not_covered="3">
          <ranges>
            <range source_id="117" start_line="26" end_line="26" start_column="2" end_column="72" covered="no" />
            <range source_id="117" start_line="27" end_line="27" start_column="3" end_column="42" covered="no" />
            <range source_id="117" start_line="28" end_line="28" start_column="2" end_column="3" covered="no" />
          </ranges>
        </function>
        <function id="106840" token="0x60003e8" name="CanExecute(FluentValidation.IValidationRule, string, FluentValidation.IValidationContext)" namespace="FluentValidation.Internal" type_name="RulesetValidatorSelector" block_coverage="0.00" line_coverage="0.00" blocks_covered="0" blocks_not_covered="65" lines_covered="0" lines_partially_covered="0" lines_not_covered="23">
          <ranges>
            <range source_id="117" start_line="38" end_line="38" start_column="3" end_column="104" covered="no" />
            <range source_id="117" start_line="40" end_line="40" start_column="3" end_column="88" covered="no" />
            <range source_id="117" start_line="41" end_line="41" start_column="4" end_column="28" covered="no" />
            <range source_id="117" start_line="42" end_line="42" start_column="5" end_column="17" covered="no" />
            <range source_id="117" start_line="46" end_line="46" start_column="3" end_column="89" covered="no" />
            <range source_id="117" start_line="47" end_line="47" start_column="4" end_column="37" covered="no" />
            <range source_id="117" start_line="48" end_line="48" start_column="4" end_column="16" covered="no" />
            <range source_id="117" start_line="51" end_line="51" start_column="3" end_column="89" covered="no" />
            <range source_id="117" start_line="52" end_line="52" start_column="4" end_column="139" covered="no" />
            <range source_id="117" start_line="53" end_line="53" start_column="5" end_column="38" covered="no" />
            <range source_id="117" start_line="54" end_line="54" start_column="5" end_column="17" covered="no" />
            <range source_id="117" start_line="58" end_line="58" start_column="3" end_column="85" covered="no" />
            <range source_id="117" start_line="59" end_line="59" start_column="4" end_column="110" covered="no" />
            <range source_id="117" start_line="60" end_line="60" start_column="4" end_column="27" covered="no" />
            <range source_id="117" start_line="61" end_line="61" start_column="5" end_column="48" covered="no" />
            <range source_id="117" start_line="62" end_line="62" start_column="5" end_column="17" covered="no" />
            <range source_id="117" start_line="66" end_line="66" start_column="3" end_column="56" covered="no" />
            <range source_id="117" start_line="67" end_line="67" start_column="4" end_column="59" covered="no" />
            <range source_id="117" start_line="68" end_line="68" start_column="5" end_column="38" covered="no" />
            <range source_id="117" start_line="71" end_line="71" start_column="23" end_column="36" covered="no" />
            <range source_id="117" start_line="71" end_line="71" start_column="14" end_column="19" covered="no" />
            <range source_id="117" start_line="72" end_line="72" start_column="6" end_column="22" covered="no" />
            <range source_id="117" start_line="71" end_line="71" start_column="20" end_column="22" covered="no" />
            <range source_id="117" start_line="75" end_line="75" start_column="4" end_column="16" covered="no" />
            <range source_id="117" start_line="78" end_line="78" start_column="3" end_column="16" covered="no" />
          </ranges>
        </function>
        <function id="107267" token="0x60003e9" name="IsIncludeRule(FluentValidation.IValidationRule)" namespace="FluentValidation.Internal" type_name="RulesetValidatorSelector" block_coverage="0.00" line_coverage="0.00" blocks_covered="0" blocks_not_covered="1" lines_covered="0" lines_partially_covered="0" lines_not_covered="1">
          <ranges>
            <range source_id="117" start_line="87" end_line="87" start_column="3" end_column="31" covered="no" />
          </ranges>
        </function>
        <function id="107280" token="0x60003ea" name="LegacyRulesetSplit(string)" namespace="FluentValidation.Internal" type_name="RulesetValidatorSelector" block_coverage="0.00" line_coverage="0.00" blocks_covered="0" blocks_not_covered="7" lines_covered="0" lines_partially_covered="0" lines_not_covered="4">
          <ranges>
            <range source_id="117" start_line="94" end_line="96" start_column="3" end_column="15" covered="no" />
            <range source_id="117" start_line="98" end_line="98" start_column="3" end_column="23" covered="no" />
          </ranges>
        </function>
        <function id="107356" token="0x60003eb" name="RulesetValidatorSelector()" namespace="FluentValidation.Internal" type_name="RulesetValidatorSelector" block_coverage="100.00" line_coverage="100.00" blocks_covered="1" blocks_not_covered="0" lines_covered="1" lines_partially_covered="0" lines_not_covered="0">
          <ranges>
            <range source_id="117" start_line="16" end_line="16" start_column="2" end_column="100" covered="yes" />
          </ranges>
        </function>
        <function id="107489" token="0x60003ee" name="Add(T)" namespace="FluentValidation.Internal" type_name="TrackingCollection&lt;T&gt;" block_coverage="57.14" line_coverage="40.00" blocks_covered="4" blocks_not_covered="3" lines_covered="2" lines_partially_covered="1" lines_not_covered="2">
          <ranges>
            <range source_id="118" start_line="31" end_line="31" start_column="3" end_column="24" covered="yes" />
            <range source_id="118" start_line="32" end_line="32" start_column="4" end_column="31" covered="yes" />
            <range source_id="118" start_line="35" end_line="35" start_column="4" end_column="19" covered="no" />
            <range source_id="118" start_line="38" end_line="38" start_column="3" end_column="27" covered="partial" />
            <range source_id="118" start_line="39" end_line="39" start_column="2" end_column="3" covered="no" />
          </ranges>
        </function>
        <function id="107542" token="0x60003ef" name="get_Count()" namespace="FluentValidation.Internal" type_name="TrackingCollection&lt;T&gt;" block_coverage="100.00" line_coverage="100.00" blocks_covered="2" blocks_not_covered="0" lines_covered="1" lines_partially_covered="0" lines_not_covered="0">
          <ranges>
            <range source_id="118" start_line="41" end_line="41" start_column="22" end_column="44" covered="yes" />
          </ranges>
        </function>
        <function id="107555" token="0x60003f0" name="get_Item(int)" namespace="FluentValidation.Internal" type_name="TrackingCollection&lt;T&gt;" block_coverage="100.00" line_coverage="100.00" blocks_covered="2" blocks_not_covered="0" lines_covered="1" lines_partially_covered="0" lines_not_covered="0">
          <ranges>
            <range source_id="118" start_line="43" end_line="43" start_column="30" end_column="53" covered="yes" />
          </ranges>
        </function>
        <function id="107569" token="0x60003f1" name="Remove(T)" namespace="FluentValidation.Internal" type_name="TrackingCollection&lt;T&gt;" block_coverage="0.00" line_coverage="0.00" blocks_covered="0" blocks_not_covered="2" lines_covered="0" lines_partially_covered="0" lines_not_covered="2">
          <ranges>
            <range source_id="118" start_line="46" end_line="46" start_column="3" end_column="33" covered="no" />
            <range source_id="118" start_line="47" end_line="47" start_column="2" end_column="3" covered="no" />
          </ranges>
        </function>
        <function id="107584" token="0x60003f2" name="OnItemAdded(System.Action&lt;T&gt;)" namespace="FluentValidation.Internal" type_name="TrackingCollection&lt;T&gt;" block_coverage="0.00" line_coverage="0.00" blocks_covered="0" blocks_not_covered="3" lines_covered="0" lines_partially_covered="0" lines_not_covered="2">
          <ranges>
            <range source_id="118" start_line="50" end_line="50" start_column="3" end_column="28" covered="no" />
            <range source_id="118" start_line="51" end_line="51" start_column="3" end_column="49" covered="no" />
          </ranges>
        </function>
        <function id="107600" token="0x60003f3" name="Capture(System.Action&lt;T&gt;)" namespace="FluentValidation.Internal" type_name="TrackingCollection&lt;T&gt;" block_coverage="0.00" line_coverage="0.00" blocks_covered="0" blocks_not_covered="2" lines_covered="0" lines_partially_covered="0" lines_not_covered="1">
          <ranges>
            <range source_id="118" start_line="55" end_line="55" start_column="3" end_column="51" covered="no" />
          </ranges>
        </function>
        <function id="107609" token="0x60003f4" name="AddRange(System.Collections.Generic.IEnumerable&lt;T&gt;)" namespace="FluentValidation.Internal" type_name="TrackingCollection&lt;T&gt;" block_coverage="0.00" line_coverage="0.00" blocks_covered="0" blocks_not_covered="2" lines_covered="0" lines_partially_covered="0" lines_not_covered="2">
          <ranges>
            <range source_id="118" start_line="59" end_line="59" start_column="3" end_column="41" covered="no" />
            <range source_id="118" start_line="60" end_line="60" start_column="2" end_column="3" covered="no" />
          </ranges>
        </function>
        <function id="107623" token="0x60003f5" name="GetEnumerator()" namespace="FluentValidation.Internal" type_name="TrackingCollection&lt;T&gt;" block_coverage="0.00" line_coverage="0.00" blocks_covered="0" blocks_not_covered="2" lines_covered="0" lines_partially_covered="0" lines_not_covered="1">
          <ranges>
            <range source_id="118" start_line="63" end_line="63" start_column="3" end_column="43" covered="no" />
          </ranges>
        </function>
        <function id="107641" token="0x60003f6" name="System.Collections.IEnumerable.GetEnumerator()" namespace="FluentValidation.Internal" type_name="TrackingCollection&lt;T&gt;" block_coverage="0.00" line_coverage="0.00" blocks_covered="0" blocks_not_covered="2" lines_covered="0" lines_partially_covered="0" lines_not_covered="1">
          <ranges>
            <range source_id="118" start_line="67" end_line="67" start_column="3" end_column="26" covered="no" />
          </ranges>
        </function>
        <function id="107649" token="0x60003f7" name="TrackingCollection()" namespace="FluentValidation.Internal" type_name="TrackingCollection&lt;T&gt;" block_coverage="100.00" line_coverage="100.00" blocks_covered="3" blocks_not_covered="0" lines_covered="1" lines_partially_covered="0" lines_not_covered="0">
          <ranges>
            <range source_id="118" start_line="26" end_line="26" start_column="2" end_column="44" covered="yes" />
          </ranges>
        </function>
        <function id="107668" token="0x60003f8" name="ValidationStrategy()" namespace="FluentValidation.Internal" type_name="ValidationStrategy&lt;T&gt;" block_coverage="0.00" line_coverage="0.00" blocks_covered="0" blocks_not_covered="2" lines_covered="0" lines_partially_covered="0" lines_not_covered="2">
          <ranges>
            <range source_id="119" start_line="31" end_line="31" start_column="2" end_column="31" covered="no" />
            <range source_id="119" start_line="32" end_line="32" start_column="2" end_column="3" covered="no" />
          </ranges>
        </function>
        <function id="107676" token="0x60003f9" name="IncludeProperties(string[])" namespace="FluentValidation.Internal" type_name="ValidationStrategy&lt;T&gt;" block_coverage="0.00" line_coverage="0.00" blocks_covered="0" blocks_not_covered="5" lines_covered="0" lines_partially_covered="0" lines_not_covered="4">
          <ranges>
            <range source_id="119" start_line="40" end_line="40" start_column="3" end_column="27" covered="no" />
            <range source_id="119" start_line="41" end_line="41" start_column="4" end_column="47" covered="no" />
            <range source_id="119" start_line="44" end_line="44" start_column="4" end_column="37" covered="no" />
            <range source_id="119" start_line="47" end_line="47" start_column="3" end_column="15" covered="no" />
          </ranges>
        </function>
        <function id="107713" token="0x60003fa" name="IncludeProperties(System.Linq.Expressions.Expression&lt;System.Func&lt;T, object&gt;&gt;[])" namespace="FluentValidation.Internal" type_name="ValidationStrategy&lt;T&gt;" block_coverage="0.00" line_coverage="0.00" blocks_covered="0" blocks_not_covered="7" lines_covered="0" lines_partially_covered="0" lines_not_covered="4">
          <ranges>
            <range source_id="119" start_line="56" end_line="56" start_column="3" end_column="27" covered="no" />
            <range source_id="119" start_line="57" end_line="57" start_column="4" end_column="112" covered="no" />
            <range source_id="119" start_line="60" end_line="60" start_column="4" end_column="102" covered="no" />
            <range source_id="119" start_line="63" end_line="63" start_column="3" end_column="15" covered="no" />
          </ranges>
        </function>
        <function id="107760" token="0x60003fb" name="IncludeRulesNotInRuleSet()" namespace="FluentValidation.Internal" type_name="ValidationStrategy&lt;T&gt;" block_coverage="0.00" line_coverage="0.00" blocks_covered="0" blocks_not_covered="5" lines_covered="0" lines_partially_covered="0" lines_not_covered="3">
          <ranges>
            <range source_id="119" start_line="72" end_line="72" start_column="3" end_column="36" covered="no" />
            <range source_id="119" start_line="73" end_line="73" start_column="3" end_column="62" covered="no" />
            <range source_id="119" start_line="74" end_line="74" start_column="3" end_column="15" covered="no" />
          </ranges>
        </function>
        <function id="107798" token="0x60003fc" name="IncludeAllRuleSets()" namespace="FluentValidation.Internal" type_name="ValidationStrategy&lt;T&gt;" block_coverage="0.00" line_coverage="0.00" blocks_covered="0" blocks_not_covered="5" lines_covered="0" lines_partially_covered="0" lines_not_covered="3">
          <ranges>
            <range source_id="119" start_line="83" end_line="83" start_column="3" end_column="36" covered="no" />
            <range source_id="119" start_line="84" end_line="84" start_column="3" end_column="63" covered="no" />
            <range source_id="119" start_line="85" end_line="85" start_column="3" end_column="15" covered="no" />
          </ranges>
        </function>
        <function id="107836" token="0x60003fd" name="IncludeRuleSets(string[])" namespace="FluentValidation.Internal" type_name="ValidationStrategy&lt;T&gt;" block_coverage="0.00" line_coverage="0.00" blocks_covered="0" blocks_not_covered="7" lines_covered="0" lines_partially_covered="0" lines_not_covered="5">
          <ranges>
            <range source_id="119" start_line="94" end_line="94" start_column="3" end_column="47" covered="no" />
            <range source_id="119" start_line="95" end_line="95" start_column="4" end_column="26" covered="no" />
            <range source_id="119" start_line="96" end_line="96" start_column="5" end_column="44" covered="no" />
            <range source_id="119" start_line="99" end_line="99" start_column="5" end_column="34" covered="no" />
            <range source_id="119" start_line="103" end_line="103" start_column="3" end_column="15" covered="no" />
          </ranges>
        </function>
        <function id="107880" token="0x60003fe" name="UseCustomSelector(FluentValidation.Internal.IValidatorSelector)" namespace="FluentValidation.Internal" type_name="ValidationStrategy&lt;T&gt;" block_coverage="0.00" line_coverage="0.00" blocks_covered="0" blocks_not_covered="4" lines_covered="0" lines_partially_covered="0" lines_not_covered="3">
          <ranges>
            <range source_id="119" start_line="112" end_line="112" start_column="3" end_column="24" covered="no" />
            <range source_id="119" start_line="112" end_line="112" start_column="25" end_column="75" covered="no" />
            <range source_id="119" start_line="113" end_line="113" start_column="3" end_column="30" covered="no" />
            <range source_id="119" start_line="114" end_line="114" start_column="3" end_column="15" covered="no" />
          </ranges>
        </function>
        <function id="107904" token="0x60003ff" name="ThrowOnFailures()" namespace="FluentValidation.Internal" type_name="ValidationStrategy&lt;T&gt;" block_coverage="0.00" line_coverage="0.00" blocks_covered="0" blocks_not_covered="1" lines_covered="0" lines_partially_covered="0" lines_not_covered="2">
          <ranges>
            <range source_id="119" start_line="122" end_line="122" start_column="3" end_column="17" covered="no" />
            <range source_id="119" start_line="123" end_line="123" start_column="3" end_column="15" covered="no" />
          </ranges>
        </function>
        <function id="107916" token="0x6000400" name="GetSelector()" namespace="FluentValidation.Internal" type_name="ValidationStrategy&lt;T&gt;" block_coverage="0.00" line_coverage="0.00" blocks_covered="0" blocks_not_covered="35" lines_covered="0" lines_partially_covered="0" lines_not_covered="12">
          <ranges>
            <range source_id="119" start_line="127" end_line="127" start_column="3" end_column="38" covered="no" />
            <range source_id="119" start_line="129" end_line="129" start_column="3" end_column="75" covered="no" />
            <range source_id="119" start_line="130" end_line="130" start_column="4" end_column="52" covered="no" />
            <range source_id="119" start_line="132" end_line="132" start_column="4" end_column="32" covered="no" />
            <range source_id="119" start_line="133" end_line="133" start_column="5" end_column="36" covered="no" />
            <range source_id="119" start_line="136" end_line="136" start_column="4" end_column="28" covered="no" />
            <range source_id="119" start_line="137" end_line="137" start_column="5" end_column="121" covered="no" />
            <range source_id="119" start_line="140" end_line="140" start_column="4" end_column="26" covered="no" />
            <range source_id="119" start_line="141" end_line="141" start_column="5" end_column="116" covered="no" />
            <range source_id="119" start_line="144" end_line="144" start_column="4" end_column="141" covered="no" />
            <range source_id="119" start_line="147" end_line="147" start_column="4" end_column="92" covered="no" />
            <range source_id="119" start_line="150" end_line="150" start_column="3" end_column="19" covered="no" />
          </ranges>
        </function>
        <function id="108139" token="0x6000401" name="BuildContext(T)" namespace="FluentValidation.Internal" type_name="ValidationStrategy&lt;T&gt;" block_coverage="0.00" line_coverage="0.00" blocks_covered="0" blocks_not_covered="4" lines_covered="0" lines_partially_covered="0" lines_not_covered="3">
          <ranges>
            <range source_id="119" start_line="154" end_line="156" start_column="3" end_column="5" covered="no" />
          </ranges>
        </function>
        <function id="108186" token="0x6000404" name="&lt;set_ClassLevelCascadeMode&gt;b__10_0()" namespace="FluentValidation" type_name="AbstractValidator.&lt;&gt;c&lt;T&gt;" block_coverage="0.00" line_coverage="0.00" blocks_covered="0" blocks_not_covered="1" lines_covered="0" lines_partially_covered="0" lines_not_covered="1">
          <ranges>
            <range source_id="0" start_line="118" end_line="118" start_column="12" end_column="28" covered="no" />
          </ranges>
        </function>
        <function id="108189" token="0x6000405" name="&lt;set_RuleLevelCascadeMode&gt;b__13_0()" namespace="FluentValidation" type_name="AbstractValidator.&lt;&gt;c&lt;T&gt;" block_coverage="0.00" line_coverage="0.00" blocks_covered="0" blocks_not_covered="1" lines_covered="0" lines_partially_covered="0" lines_not_covered="1">
          <ranges>
            <range source_id="0" start_line="146" end_line="146" start_column="12" end_column="28" covered="no" />
          </ranges>
        </function>
        <function id="108192" token="0x6000406" name="&lt;RuleSet&gt;b__30_0(string)" namespace="FluentValidation" type_name="AbstractValidator.&lt;&gt;c&lt;T&gt;" block_coverage="0.00" line_coverage="0.00" blocks_covered="0" blocks_not_covered="2" lines_covered="0" lines_partially_covered="0" lines_not_covered="1">
          <ranges>
            <range source_id="0" start_line="399" end_line="399" start_column="17" end_column="25" covered="no" />
          </ranges>
        </function>
        <function id="108200" token="0x6000407" name="&lt;.ctor&gt;b__47_0()" namespace="FluentValidation" type_name="AbstractValidator.&lt;&gt;c&lt;T&gt;" block_coverage="100.00" line_coverage="100.00" blocks_covered="3" blocks_not_covered="0" lines_covered="1" lines_partially_covered="0" lines_not_covered="0">
          <ranges>
            <range source_id="0" start_line="38" end_line="38" start_column="59" end_column="111" covered="yes" />
          </ranges>
        </function>
        <function id="108212" token="0x6000408" name="&lt;.ctor&gt;b__47_1()" namespace="FluentValidation" type_name="AbstractValidator.&lt;&gt;c&lt;T&gt;" block_coverage="100.00" line_coverage="100.00" blocks_covered="3" blocks_not_covered="0" lines_covered="1" lines_partially_covered="0" lines_not_covered="0">
          <ranges>
            <range source_id="0" start_line="39" end_line="39" start_column="58" end_column="109" covered="yes" />
          </ranges>
        </function>
        <function id="108232" token="0x600040a" name="&lt;set_ClassLevelCascadeMode&gt;b__1()" namespace="FluentValidation" type_name="AbstractValidator.&lt;&gt;c__DisplayClass10_0&lt;T&gt;" block_coverage="0.00" line_coverage="0.00" blocks_covered="0" blocks_not_covered="1" lines_covered="0" lines_partially_covered="0" lines_not_covered="1">
          <ranges>
            <range source_id="0" start_line="119" end_line="119" start_column="12" end_column="17" covered="no" />
          </ranges>
        </function>
        <function id="108248" token="0x600040c" name="&lt;set_RuleLevelCascadeMode&gt;b__1()" namespace="FluentValidation" type_name="AbstractValidator.&lt;&gt;c__DisplayClass13_0&lt;T&gt;" block_coverage="0.00" line_coverage="0.00" blocks_covered="0" blocks_not_covered="1" lines_covered="0" lines_partially_covered="0" lines_not_covered="1">
          <ranges>
            <range source_id="0" start_line="147" end_line="147" start_column="12" end_column="17" covered="no" />
          </ranges>
        </function>
        <function id="108264" token="0x600040e" name="&lt;RuleSet&gt;b__1(FluentValidation.IValidationRuleInternal&lt;T&gt;)" namespace="FluentValidation" type_name="AbstractValidator.&lt;&gt;c__DisplayClass30_0&lt;T&gt;" block_coverage="0.00" line_coverage="0.00" blocks_covered="0" blocks_not_covered="2" lines_covered="0" lines_partially_covered="0" lines_not_covered="1">
          <ranges>
            <range source_id="0" start_line="402" end_line="402" start_column="33" end_column="58" covered="no" />
          </ranges>
        </function>
        <function id="108286" token="0x6000410" name="&lt;When&gt;b__0(T, FluentValidation.ValidationContext&lt;T&gt;)" namespace="FluentValidation" type_name="AbstractValidator.&lt;&gt;c__DisplayClass31_0&lt;T&gt;" block_coverage="0.00" line_coverage="0.00" blocks_covered="0" blocks_not_covered="2" lines_covered="0" lines_partially_covered="0" lines_not_covered="1">
          <ranges>
            <range source_id="0" start_line="414" end_line="414" start_column="21" end_column="33" covered="no" />
          </ranges>
        </function>
        <function id="108308" token="0x6000412" name="&lt;Unless&gt;b__0(T, FluentValidation.ValidationContext&lt;T&gt;)" namespace="FluentValidation" type_name="AbstractValidator.&lt;&gt;c__DisplayClass33_0&lt;T&gt;" block_coverage="0.00" line_coverage="0.00" blocks_covered="0" blocks_not_covered="2" lines_covered="0" lines_partially_covered="0" lines_not_covered="1">
          <ranges>
            <range source_id="0" start_line="431" end_line="431" start_column="23" end_column="35" covered="no" />
          </ranges>
        </function>
        <function id="108330" token="0x6000414" name="&lt;WhenAsync&gt;b__0(T, FluentValidation.ValidationContext&lt;T&gt;, System.Threading.CancellationToken)" namespace="FluentValidation" type_name="AbstractValidator.&lt;&gt;c__DisplayClass35_0&lt;T&gt;" block_coverage="0.00" line_coverage="0.00" blocks_covered="0" blocks_not_covered="2" lines_covered="0" lines_partially_covered="0" lines_not_covered="1">
          <ranges>
            <range source_id="0" start_line="448" end_line="448" start_column="34" end_column="54" covered="no" />
          </ranges>
        </function>
        <function id="108353" token="0x6000416" name="&lt;UnlessAsync&gt;b__0(T, FluentValidation.ValidationContext&lt;T&gt;, System.Threading.CancellationToken)" namespace="FluentValidation" type_name="AbstractValidator.&lt;&gt;c__DisplayClass37_0&lt;T&gt;" block_coverage="0.00" line_coverage="0.00" blocks_covered="0" blocks_not_covered="2" lines_covered="0" lines_partially_covered="0" lines_not_covered="1">
          <ranges>
            <range source_id="0" start_line="465" end_line="465" start_column="36" end_column="56" covered="no" />
          </ranges>
        </function>
        <function id="108368" token="0x6000417" name="MoveNext()" namespace="FluentValidation" type_name="AbstractValidator.&lt;ValidateAsync&gt;d__19&lt;T&gt;" block_coverage="0.00" line_coverage="0.00" blocks_covered="0" blocks_not_covered="8" lines_covered="0" lines_partially_covered="0" lines_not_covered="4">
          <ranges>
            <range source_id="0" start_line="218" end_line="218" start_column="3" end_column="23" covered="no" />
            <range source_id="0" start_line="218" end_line="218" start_column="24" end_column="73" covered="no" />
            <range source_id="0" start_line="219" end_line="219" start_column="3" end_column="26" covered="no" />
            <range source_id="0" start_line="220" end_line="220" start_column="3" end_column="77" covered="no" />
            <range source_id="0" start_line="221" end_line="221" start_column="2" end_column="3" covered="no" />
          </ranges>
        </function>
        <function id="108616" token="0x6000419" name="MoveNext()" namespace="FluentValidation" type_name="AbstractValidator.&lt;ValidateInternalAsync&gt;d__20&lt;T&gt;" block_coverage="73.68" line_coverage="72.22" blocks_covered="28" blocks_not_covered="10" lines_covered="13" lines_partially_covered="1" lines_not_covered="4">
          <ranges>
            <range source_id="0" start_line="224" end_line="224" start_column="3" end_column="55" covered="yes" />
            <range source_id="0" start_line="225" end_line="225" start_column="3" end_column="54" covered="yes" />
            <range source_id="0" start_line="227" end_line="227" start_column="3" end_column="23" covered="yes" />
            <range source_id="0" start_line="228" end_line="228" start_column="4" end_column="51" covered="no" />
            <range source_id="0" start_line="229" end_line="229" start_column="5" end_column="47" covered="no" />
            <range source_id="0" start_line="232" end_line="232" start_column="4" end_column="18" covered="no" />
            <range source_id="0" start_line="236" end_line="236" start_column="3" end_column="53" covered="yes" />
            <range source_id="0" start_line="239" end_line="239" start_column="3" end_column="27" covered="yes" />
            <range source_id="0" start_line="242" end_line="242" start_column="8" end_column="17" covered="yes" />
            <range source_id="0" start_line="243" end_line="243" start_column="4" end_column="48" covered="yes" />
            <range source_id="0" start_line="244" end_line="244" start_column="4" end_column="47" covered="yes" />
            <range source_id="0" start_line="246" end_line="246" start_column="4" end_column="66" covered="yes" />
            <range source_id="0" start_line="248" end_line="248" start_column="4" end_column="89" covered="partial" />
            <range source_id="0" start_line="242" end_line="242" start_column="30" end_column="33" covered="yes" />
            <range source_id="0" start_line="242" end_line="242" start_column="19" end_column="28" covered="yes" />
            <range source_id="0" start_line="255" end_line="255" start_column="3" end_column="40" covered="yes" />
            <range source_id="0" start_line="257" end_line="257" start_column="3" end_column="50" covered="yes" />
            <range source_id="0" start_line="258" end_line="258" start_column="4" end_column="46" covered="no" />
            <range source_id="0" start_line="261" end_line="261" start_column="3" end_column="17" covered="yes" />
            <range source_id="0" start_line="262" end_line="262" start_column="2" end_column="3" covered="yes" />
          </ranges>
        </function>
        <function id="109202" token="0x600041b" name="AssemblyScanResult(System.Type, System.Type)" namespace="FluentValidation" type_name="AssemblyScanner.AssemblyScanResult" block_coverage="100.00" line_coverage="100.00" blocks_covered="4" blocks_not_covered="0" lines_covered="4" lines_partially_covered="0" lines_not_covered="0">
          <ranges>
            <range source_id="1" start_line="120" end_line="120" start_column="3" end_column="68" covered="yes" />
            <range source_id="1" start_line="121" end_line="121" start_column="4" end_column="34" covered="yes" />
            <range source_id="1" start_line="122" end_line="122" start_column="4" end_column="34" covered="yes" />
            <range source_id="1" start_line="123" end_line="123" start_column="3" end_column="4" covered="yes" />
          </ranges>
        </function>
        <function id="109224" token="0x600041c" name="get_InterfaceType()" namespace="FluentValidation" type_name="AssemblyScanner.AssemblyScanResult" block_coverage="100.00" line_coverage="100.00" blocks_covered="1" blocks_not_covered="0" lines_covered="1" lines_partially_covered="0" lines_not_covered="0">
          <ranges>
            <range source_id="1" start_line="128" end_line="128" start_column="31" end_column="35" covered="yes" />
          </ranges>
        </function>
        <function id="109232" token="0x600041d" name="set_InterfaceType(System.Type)" namespace="FluentValidation" type_name="AssemblyScanner.AssemblyScanResult" block_coverage="100.00" line_coverage="100.00" blocks_covered="1" blocks_not_covered="0" lines_covered="1" lines_partially_covered="0" lines_not_covered="0">
          <ranges>
            <range source_id="1" start_line="128" end_line="128" start_column="36" end_column="48" covered="yes" />
          </ranges>
        </function>
        <function id="109241" token="0x600041e" name="get_ValidatorType()" namespace="FluentValidation" type_name="AssemblyScanner.AssemblyScanResult" block_coverage="100.00" line_coverage="100.00" blocks_covered="1" blocks_not_covered="0" lines_covered="1" lines_partially_covered="0" lines_not_covered="0">
          <ranges>
            <range source_id="1" start_line="133" end_line="133" start_column="31" end_column="35" covered="yes" />
          </ranges>
        </function>
        <function id="109249" token="0x600041f" name="set_ValidatorType(System.Type)" namespace="FluentValidation" type_name="AssemblyScanner.AssemblyScanResult" block_coverage="100.00" line_coverage="100.00" blocks_covered="1" blocks_not_covered="0" lines_covered="1" lines_partially_covered="0" lines_not_covered="0">
          <ranges>
            <range source_id="1" start_line="133" end_line="133" start_column="36" end_column="48" covered="yes" />
          </ranges>
        </function>
        <function id="109278" token="0x6000422" name="&lt;Execute&gt;b__6_0(System.Type)" namespace="FluentValidation" type_name="AssemblyScanner.&lt;&gt;c" block_coverage="100.00" line_coverage="100.00" blocks_covered="5" blocks_not_covered="0" lines_covered="1" lines_partially_covered="0" lines_not_covered="0">
          <ranges>
            <range source_id="1" start_line="79" end_line="79" start_column="10" end_column="59" covered="yes" />
          </ranges>
        </function>
        <function id="109299" token="0x6000423" name="&lt;Execute&gt;b__6_1(System.Type)" namespace="FluentValidation" type_name="AssemblyScanner.&lt;&gt;c" block_coverage="100.00" line_coverage="100.00" blocks_covered="3" blocks_not_covered="0" lines_covered="1" lines_partially_covered="0" lines_not_covered="0">
          <ranges>
            <range source_id="1" start_line="80" end_line="80" start_column="21" end_column="41" covered="yes" />
          </ranges>
        </function>
        <function id="109313" token="0x6000424" name="&lt;Execute&gt;b__6_3(&lt;&gt;f__AnonymousType1&lt;&lt;&gt;f__AnonymousType0&lt;System.Type, System.Type[]&gt;, System.Collections.Generic.IEnumerable&lt;System.Type&gt;&gt;)" namespace="FluentValidation" type_name="AssemblyScanner.&lt;&gt;c" block_coverage="100.00" line_coverage="100.00" blocks_covered="4" blocks_not_covered="0" lines_covered="1" lines_partially_covered="0" lines_not_covered="0">
          <ranges>
            <range source_id="1" start_line="82" end_line="82" start_column="28" end_column="62" covered="yes" />
          </ranges>
        </function>
        <function id="109332" token="0x6000425" name="&lt;Execute&gt;b__6_4(&lt;&gt;f__AnonymousType2&lt;&lt;&gt;f__AnonymousType1&lt;&lt;&gt;f__AnonymousType0&lt;System.Type, System.Type[]&gt;, System.Collections.Generic.IEnumerable&lt;System.Type&gt;&gt;, System.Type&gt;)" namespace="FluentValidation" type_name="AssemblyScanner.&lt;&gt;c" block_coverage="100.00" line_coverage="100.00" blocks_covered="3" blocks_not_covered="0" lines_covered="1" lines_partially_covered="0" lines_not_covered="0">
          <ranges>
            <range source_id="1" start_line="83" end_line="83" start_column="10" end_column="35" covered="yes" />
          </ranges>
        </function>
        <function id="109346" token="0x6000426" name="&lt;Execute&gt;b__6_5(&lt;&gt;f__AnonymousType2&lt;&lt;&gt;f__AnonymousType1&lt;&lt;&gt;f__AnonymousType0&lt;System.Type, System.Type[]&gt;, System.Collections.Generic.IEnumerable&lt;System.Type&gt;&gt;, System.Type&gt;)" namespace="FluentValidation" type_name="AssemblyScanner.&lt;&gt;c" block_coverage="100.00" line_coverage="100.00" blocks_covered="6" blocks_not_covered="0" lines_covered="1" lines_partially_covered="0" lines_not_covered="0">
          <ranges>
            <range source_id="1" start_line="84" end_line="84" start_column="11" end_column="58" covered="yes" />
          </ranges>
        </function>
        <function id="109383" token="0x6000428" name="&lt;FindValidatorsInAssemblies&gt;b__0(System.Reflection.Assembly)" namespace="FluentValidation" type_name="AssemblyScanner.&lt;&gt;c__DisplayClass3_0" block_coverage="0.00" line_coverage="0.00" blocks_covered="0" blocks_not_covered="5" lines_covered="0" lines_partially_covered="0" lines_not_covered="1">
          <ranges>
            <range source_id="1" start_line="57" end_line="57" start_column="42" end_column="100" covered="no" />
          </ranges>
        </function>
        <function id="109414" token="0x600042a" name="&lt;Execute&gt;b__2(&lt;&gt;f__AnonymousType0&lt;System.Type, System.Type[]&gt;)" namespace="FluentValidation" type_name="AssemblyScanner.&lt;&gt;c__DisplayClass6_0" block_coverage="100.00" line_coverage="100.00" blocks_covered="5" blocks_not_covered="0" lines_covered="1" lines_partially_covered="0" lines_not_covered="0">
          <ranges>
            <range source_id="1" start_line="81" end_line="81" start_column="28" end_column="117" covered="yes" />
          </ranges>
        </function>
        <function id="109445" token="0x600042b" name="&lt;Execute&gt;b__6(System.Type)" namespace="FluentValidation" type_name="AssemblyScanner.&lt;&gt;c__DisplayClass6_0" block_coverage="100.00" line_coverage="100.00" blocks_covered="6" blocks_not_covered="0" lines_covered="1" lines_partially_covered="0" lines_not_covered="0">
          <ranges>
            <range source_id="1" start_line="81" end_line="81" start_column="50" end_column="116" covered="yes" />
          </ranges>
        </function>
        <function id="109514" token="0x6000430" name="&lt;ValidateAndThrow&gt;b__78_0(FluentValidation.Internal.ValidationStrategy&lt;T&gt;)" namespace="FluentValidation" type_name="DefaultValidatorExtensions.&lt;&gt;c__78&lt;T&gt;" block_coverage="0.00" line_coverage="0.00" blocks_covered="0" blocks_not_covered="2" lines_covered="0" lines_partially_covered="0" lines_not_covered="2">
          <ranges>
            <range source_id="4" start_line="60" end_line="60" start_column="4" end_column="30" covered="no" />
            <range source_id="4" start_line="61" end_line="61" start_column="3" end_column="4" covered="no" />
          </ranges>
        </function>
        <function id="109543" token="0x6000433" name="&lt;ValidateAndThrowAsync&gt;b__79_0(FluentValidation.Internal.ValidationStrategy&lt;T&gt;)" namespace="FluentValidation" type_name="DefaultValidatorExtensions.&lt;&gt;c__79&lt;T&gt;" block_coverage="0.00" line_coverage="0.00" blocks_covered="0" blocks_not_covered="2" lines_covered="0" lines_partially_covered="0" lines_not_covered="2">
          <ranges>
            <range source_id="4" start_line="73" end_line="73" start_column="4" end_column="30" covered="no" />
            <range source_id="4" start_line="74" end_line="74" start_column="3" end_column="4" covered="no" />
          </ranges>
        </function>
        <function id="109560" token="0x6000435" name="&lt;Must&gt;b__0(T, TProperty)" namespace="FluentValidation" type_name="DefaultValidatorExtensions.&lt;&gt;c__DisplayClass27_0&lt;T, TProperty&gt;" block_coverage="0.00" line_coverage="0.00" blocks_covered="0" blocks_not_covered="2" lines_covered="0" lines_partially_covered="0" lines_not_covered="1">
          <ranges>
            <range source_id="3" start_line="421" end_line="421" start_column="39" end_column="53" covered="no" />
          </ranges>
        </function>
        <function id="109582" token="0x6000437" name="&lt;Must&gt;b__0(T, TProperty, FluentValidation.ValidationContext&lt;T&gt;)" namespace="FluentValidation" type_name="DefaultValidatorExtensions.&lt;&gt;c__DisplayClass28_0&lt;T, TProperty&gt;" block_coverage="0.00" line_coverage="0.00" blocks_covered="0" blocks_not_covered="2" lines_covered="0" lines_partially_covered="0" lines_not_covered="1">
          <ranges>
            <range source_id="3" start_line="437" end_line="437" start_column="42" end_column="59" covered="no" />
          </ranges>
        </function>
        <function id="109605" token="0x6000439" name="&lt;Must&gt;b__0(T, TProperty, FluentValidation.ValidationContext&lt;T&gt;)" namespace="FluentValidation" type_name="DefaultValidatorExtensions.&lt;&gt;c__DisplayClass29_0&lt;T, TProperty&gt;" block_coverage="0.00" line_coverage="0.00" blocks_covered="0" blocks_not_covered="2" lines_covered="0" lines_partially_covered="0" lines_not_covered="1">
          <ranges>
            <range source_id="3" start_line="453" end_line="453" start_column="121" end_column="176" covered="no" />
          </ranges>
        </function>
        <function id="109629" token="0x600043b" name="&lt;MustAsync&gt;b__0(T, TProperty, FluentValidation.ValidationContext&lt;T&gt;, System.Threading.CancellationToken)" namespace="FluentValidation" type_name="DefaultValidatorExtensions.&lt;&gt;c__DisplayClass30_0&lt;T, TProperty&gt;" block_coverage="0.00" line_coverage="0.00" blocks_covered="0" blocks_not_covered="2" lines_covered="0" lines_partially_covered="0" lines_not_covered="1">
          <ranges>
            <range source_id="3" start_line="469" end_line="469" start_column="57" end_column="79" covered="no" />
          </ranges>
        </function>
        <function id="109653" token="0x600043d" name="&lt;MustAsync&gt;b__0(T, TProperty, FluentValidation.ValidationContext&lt;T&gt;, System.Threading.CancellationToken)" namespace="FluentValidation" type_name="DefaultValidatorExtensions.&lt;&gt;c__DisplayClass31_0&lt;T, TProperty&gt;" block_coverage="0.00" line_coverage="0.00" blocks_covered="0" blocks_not_covered="2" lines_covered="0" lines_partially_covered="0" lines_not_covered="1">
          <ranges>
            <range source_id="3" start_line="485" end_line="485" start_column="55" end_column="80" covered="no" />
          </ranges>
        </function>
        <function id="109680" token="0x600043f" name="&lt;LessThan&gt;b__0(T)" namespace="FluentValidation" type_name="DefaultValidatorExtensions.&lt;&gt;c__DisplayClass42_0&lt;T, TProperty&gt;" block_coverage="0.00" line_coverage="0.00" blocks_covered="0" blocks_not_covered="5" lines_covered="0" lines_partially_covered="0" lines_not_covered="2">
          <ranges>
            <range source_id="3" start_line="666" end_line="666" start_column="4" end_column="34" covered="no" />
            <range source_id="3" start_line="667" end_line="667" start_column="4" end_column="52" covered="no" />
          </ranges>
        </function>
        <function id="109736" token="0x6000441" name="&lt;LessThan&gt;b__0(T)" namespace="FluentValidation" type_name="DefaultValidatorExtensions.&lt;&gt;c__DisplayClass44_0&lt;T, TProperty&gt;" block_coverage="0.00" line_coverage="0.00" blocks_covered="0" blocks_not_covered="5" lines_covered="0" lines_partially_covered="0" lines_not_covered="2">
          <ranges>
            <range source_id="3" start_line="713" end_line="713" start_column="4" end_column="34" covered="no" />
            <range source_id="3" start_line="714" end_line="714" start_column="4" end_column="52" covered="no" />
          </ranges>
        </function>
        <function id="109789" token="0x6000443" name="&lt;LessThanOrEqualTo&gt;b__0(T)" namespace="FluentValidation" type_name="DefaultValidatorExtensions.&lt;&gt;c__DisplayClass45_0&lt;T, TProperty&gt;" block_coverage="0.00" line_coverage="0.00" blocks_covered="0" blocks_not_covered="2" lines_covered="0" lines_partially_covered="0" lines_not_covered="1">
          <ranges>
            <range source_id="3" start_line="735" end_line="735" start_column="82" end_column="89" covered="no" />
          </ranges>
        </function>
        <function id="109812" token="0x6000445" name="&lt;LessThanOrEqualTo&gt;b__0(T)" namespace="FluentValidation" type_name="DefaultValidatorExtensions.&lt;&gt;c__DisplayClass46_0&lt;T, TProperty&gt;" block_coverage="0.00" line_coverage="0.00" blocks_covered="0" blocks_not_covered="5" lines_covered="0" lines_partially_covered="0" lines_not_covered="2">
          <ranges>
            <range source_id="3" start_line="756" end_line="756" start_column="4" end_column="34" covered="no" />
            <range source_id="3" start_line="757" end_line="757" start_column="4" end_column="52" covered="no" />
          </ranges>
        </function>
        <function id="109868" token="0x6000447" name="&lt;LessThanOrEqualTo&gt;b__0(T)" namespace="FluentValidation" type_name="DefaultValidatorExtensions.&lt;&gt;c__DisplayClass48_0&lt;T, TProperty&gt;" block_coverage="0.00" line_coverage="0.00" blocks_covered="0" blocks_not_covered="5" lines_covered="0" lines_partially_covered="0" lines_not_covered="2">
          <ranges>
            <range source_id="3" start_line="799" end_line="799" start_column="4" end_column="34" covered="no" />
            <range source_id="3" start_line="800" end_line="800" start_column="4" end_column="52" covered="no" />
          </ranges>
        </function>
        <function id="109924" token="0x6000449" name="&lt;GreaterThan&gt;b__0(T)" namespace="FluentValidation" type_name="DefaultValidatorExtensions.&lt;&gt;c__DisplayClass50_0&lt;T, TProperty&gt;" block_coverage="0.00" line_coverage="0.00" blocks_covered="0" blocks_not_covered="5" lines_covered="0" lines_partially_covered="0" lines_not_covered="2">
          <ranges>
            <range source_id="3" start_line="842" end_line="842" start_column="4" end_column="34" covered="no" />
            <range source_id="3" start_line="843" end_line="843" start_column="4" end_column="52" covered="no" />
          </ranges>
        </function>
        <function id="109977" token="0x600044b" name="&lt;GreaterThan&gt;b__0(T)" namespace="FluentValidation" type_name="DefaultValidatorExtensions.&lt;&gt;c__DisplayClass51_0&lt;T, TProperty&gt;" block_coverage="0.00" line_coverage="0.00" blocks_covered="0" blocks_not_covered="2" lines_covered="0" lines_partially_covered="0" lines_not_covered="1">
          <ranges>
            <range source_id="3" start_line="864" end_line="864" start_column="78" end_column="85" covered="no" />
          </ranges>
        </function>
        <function id="110000" token="0x600044d" name="&lt;GreaterThan&gt;b__0(T)" namespace="FluentValidation" type_name="DefaultValidatorExtensions.&lt;&gt;c__DisplayClass52_0&lt;T, TProperty&gt;" block_coverage="0.00" line_coverage="0.00" blocks_covered="0" blocks_not_covered="5" lines_covered="0" lines_partially_covered="0" lines_not_covered="2">
          <ranges>
            <range source_id="3" start_line="885" end_line="885" start_column="4" end_column="34" covered="no" />
            <range source_id="3" start_line="886" end_line="886" start_column="4" end_column="52" covered="no" />
          </ranges>
        </function>
        <function id="110056" token="0x600044f" name="&lt;GreaterThanOrEqualTo&gt;b__0(T)" namespace="FluentValidation" type_name="DefaultValidatorExtensions.&lt;&gt;c__DisplayClass54_0&lt;T, TProperty&gt;" block_coverage="0.00" line_coverage="0.00" blocks_covered="0" blocks_not_covered="5" lines_covered="0" lines_partially_covered="0" lines_not_covered="2">
          <ranges>
            <range source_id="3" start_line="928" end_line="928" start_column="4" end_column="34" covered="no" />
            <range source_id="3" start_line="929" end_line="929" start_column="4" end_column="52" covered="no" />
          </ranges>
        </function>
        <function id="110112" token="0x6000451" name="&lt;GreaterThanOrEqualTo&gt;b__0(T)" namespace="FluentValidation" type_name="DefaultValidatorExtensions.&lt;&gt;c__DisplayClass55_0&lt;T, TProperty&gt;" block_coverage="0.00" line_coverage="0.00" blocks_covered="0" blocks_not_covered="5" lines_covered="0" lines_partially_covered="0" lines_not_covered="2">
          <ranges>
            <range source_id="3" start_line="950" end_line="950" start_column="4" end_column="34" covered="no" />
            <range source_id="3" start_line="951" end_line="951" start_column="4" end_column="52" covered="no" />
          </ranges>
        </function>
        <function id="110165" token="0x6000453" name="&lt;Custom&gt;b__0(T, TProperty, FluentValidation.ValidationContext&lt;T&gt;)" namespace="FluentValidation" type_name="DefaultValidatorExtensions.&lt;&gt;c__DisplayClass69_0&lt;T, TProperty&gt;" block_coverage="0.00" line_coverage="0.00" blocks_covered="0" blocks_not_covered="2" lines_covered="0" lines_partially_covered="0" lines_not_covered="2">
          <ranges>
            <range source_id="3" start_line="1134" end_line="1134" start_column="4" end_column="27" covered="no" />
            <range source_id="3" start_line="1135" end_line="1135" start_column="4" end_column="16" covered="no" />
          </ranges>
        </function>
        <function id="110292" token="0x6000457" name="&lt;ForEach&gt;b__1(FluentValidation.ValidationContext&lt;System.Collections.Generic.IEnumerable&lt;TElement&gt;&gt;)" namespace="FluentValidation" type_name="DefaultValidatorExtensions.&lt;&gt;c__DisplayClass71_0&lt;T, TElement&gt;" block_coverage="0.00" line_coverage="0.00" blocks_covered="0" blocks_not_covered="3" lines_covered="0" lines_partially_covered="0" lines_not_covered="1">
          <ranges>
            <range source_id="3" start_line="1177" end_line="1177" start_column="4" end_column="85" covered="no" />
          </ranges>
        </function>
        <function id="110312" token="0x6000458" name="MoveNext()" namespace="FluentValidation" type_name="DefaultValidatorExtensions.&lt;ValidateAndThrowAsync&gt;d__79&lt;T&gt;" block_coverage="0.00" line_coverage="0.00" blocks_covered="0" blocks_not_covered="7" lines_covered="0" lines_partially_covered="0" lines_not_covered="4">
          <ranges>
            <range source_id="4" start_line="72" end_line="74" start_column="3" end_column="25" covered="no" />
            <range source_id="4" start_line="75" end_line="75" start_column="2" end_column="3" covered="no" />
          </ranges>
        </function>
        <function id="110554" token="0x600045b" name="&lt;When&gt;b__0(T, FluentValidation.ValidationContext&lt;T&gt;)" namespace="FluentValidation" type_name="DefaultValidatorOptions.&lt;&gt;c__DisplayClass11_0&lt;T, TProperty&gt;" block_coverage="0.00" line_coverage="0.00" blocks_covered="0" blocks_not_covered="2" lines_covered="0" lines_partially_covered="0" lines_not_covered="1">
          <ranges>
            <range source_id="5" start_line="181" end_line="181" start_column="32" end_column="44" covered="no" />
          </ranges>
        </function>
        <function id="110576" token="0x600045d" name="&lt;When&gt;b__0(T, FluentValidation.ValidationContext&lt;T&gt;)" namespace="FluentValidation" type_name="DefaultValidatorOptions.&lt;&gt;c__DisplayClass12_0&lt;T, TProperty&gt;" block_coverage="0.00" line_coverage="0.00" blocks_covered="0" blocks_not_covered="2" lines_covered="0" lines_partially_covered="0" lines_not_covered="1">
          <ranges>
            <range source_id="5" start_line="194" end_line="194" start_column="32" end_column="44" covered="no" />
          </ranges>
        </function>
        <function id="110598" token="0x600045f" name="&lt;When&gt;b__0(FluentValidation.ValidationContext&lt;T&gt;)" namespace="FluentValidation" type_name="DefaultValidatorOptions.&lt;&gt;c__DisplayClass13_0&lt;T, TProperty&gt;" block_coverage="0.00" line_coverage="0.00" blocks_covered="0" blocks_not_covered="4" lines_covered="0" lines_partially_covered="0" lines_not_covered="1">
          <ranges>
            <range source_id="5" start_line="208" end_line="208" start_column="44" end_column="132" covered="no" />
          </ranges>
        </function>
        <function id="110631" token="0x6000461" name="&lt;When&gt;b__0(FluentValidation.ValidationContext&lt;T&gt;)" namespace="FluentValidation" type_name="DefaultValidatorOptions.&lt;&gt;c__DisplayClass14_0&lt;T, TProperty&gt;" block_coverage="0.00" line_coverage="0.00" blocks_covered="0" blocks_not_covered="4" lines_covered="0" lines_partially_covered="0" lines_not_covered="1">
          <ranges>
            <range source_id="5" start_line="223" end_line="223" start_column="44" end_column="132" covered="no" />
          </ranges>
        </function>
        <function id="110664" token="0x6000463" name="&lt;Unless&gt;b__0(T, FluentValidation.ValidationContext&lt;T&gt;)" namespace="FluentValidation" type_name="DefaultValidatorOptions.&lt;&gt;c__DisplayClass15_0&lt;T, TProperty&gt;" block_coverage="0.00" line_coverage="0.00" blocks_covered="0" blocks_not_covered="2" lines_covered="0" lines_partially_covered="0" lines_not_covered="1">
          <ranges>
            <range source_id="5" start_line="237" end_line="237" start_column="34" end_column="46" covered="no" />
          </ranges>
        </function>
        <function id="110686" token="0x6000465" name="&lt;Unless&gt;b__0(T, FluentValidation.ValidationContext&lt;T&gt;)" namespace="FluentValidation" type_name="DefaultValidatorOptions.&lt;&gt;c__DisplayClass16_0&lt;T, TProperty&gt;" block_coverage="0.00" line_coverage="0.00" blocks_covered="0" blocks_not_covered="2" lines_covered="0" lines_partially_covered="0" lines_not_covered="1">
          <ranges>
            <range source_id="5" start_line="250" end_line="250" start_column="34" end_column="46" covered="no" />
          </ranges>
        </function>
        <function id="110708" token="0x6000467" name="&lt;Unless&gt;b__0(T, FluentValidation.ValidationContext&lt;T&gt;)" namespace="FluentValidation" type_name="DefaultValidatorOptions.&lt;&gt;c__DisplayClass17_0&lt;T, TProperty&gt;" block_coverage="0.00" line_coverage="0.00" blocks_covered="0" blocks_not_covered="2" lines_covered="0" lines_partially_covered="0" lines_not_covered="1">
          <ranges>
            <range source_id="5" start_line="263" end_line="263" start_column="32" end_column="50" covered="no" />
          </ranges>
        </function>
        <function id="110734" token="0x6000469" name="&lt;Unless&gt;b__0(T, FluentValidation.ValidationContext&lt;T&gt;)" namespace="FluentValidation" type_name="DefaultValidatorOptions.&lt;&gt;c__DisplayClass18_0&lt;T, TProperty&gt;" block_coverage="0.00" line_coverage="0.00" blocks_covered="0" blocks_not_covered="2" lines_covered="0" lines_partially_covered="0" lines_not_covered="1">
          <ranges>
            <range source_id="5" start_line="276" end_line="276" start_column="32" end_column="50" covered="no" />
          </ranges>
        </function>
        <function id="110760" token="0x600046b" name="&lt;WhenAsync&gt;b__0(T, FluentValidation.ValidationContext&lt;T&gt;, System.Threading.CancellationToken)" namespace="FluentValidation" type_name="DefaultValidatorOptions.&lt;&gt;c__DisplayClass19_0&lt;T, TProperty&gt;" block_coverage="0.00" line_coverage="0.00" blocks_covered="0" blocks_not_covered="2" lines_covered="0" lines_partially_covered="0" lines_not_covered="1">
          <ranges>
            <range source_id="5" start_line="289" end_line="289" start_column="41" end_column="57" covered="no" />
          </ranges>
        </function>
        <function id="110783" token="0x600046d" name="&lt;WhenAsync&gt;b__0(T, FluentValidation.ValidationContext&lt;T&gt;, System.Threading.CancellationToken)" namespace="FluentValidation" type_name="DefaultValidatorOptions.&lt;&gt;c__DisplayClass20_0&lt;T, TProperty&gt;" block_coverage="0.00" line_coverage="0.00" blocks_covered="0" blocks_not_covered="2" lines_covered="0" lines_partially_covered="0" lines_not_covered="1">
          <ranges>
            <range source_id="5" start_line="302" end_line="302" start_column="41" end_column="57" covered="no" />
          </ranges>
        </function>
        <function id="110806" token="0x600046f" name="&lt;WhenAsync&gt;b__0(FluentValidation.ValidationContext&lt;T&gt;, System.Threading.CancellationToken)" namespace="FluentValidation" type_name="DefaultValidatorOptions.&lt;&gt;c__DisplayClass21_0&lt;T, TProperty&gt;" block_coverage="0.00" line_coverage="0.00" blocks_covered="0" blocks_not_covered="4" lines_covered="0" lines_partially_covered="0" lines_not_covered="1">
          <ranges>
            <range source_id="5" start_line="316" end_line="316" start_column="55" end_column="147" covered="no" />
          </ranges>
        </function>
        <function id="110840" token="0x6000471" name="&lt;WhenAsync&gt;b__0(FluentValidation.ValidationContext&lt;T&gt;, System.Threading.CancellationToken)" namespace="FluentValidation" type_name="DefaultValidatorOptions.&lt;&gt;c__DisplayClass22_0&lt;T, TProperty&gt;" block_coverage="0.00" line_coverage="0.00" blocks_covered="0" blocks_not_covered="4" lines_covered="0" lines_partially_covered="0" lines_not_covered="1">
          <ranges>
            <range source_id="5" start_line="331" end_line="331" start_column="55" end_column="147" covered="no" />
          </ranges>
        </function>
        <function id="110874" token="0x6000473" name="&lt;UnlessAsync&gt;b__0(T, FluentValidation.ValidationContext&lt;T&gt;, System.Threading.CancellationToken)" namespace="FluentValidation" type_name="DefaultValidatorOptions.&lt;&gt;c__DisplayClass23_0&lt;T, TProperty&gt;" block_coverage="0.00" line_coverage="0.00" blocks_covered="0" blocks_not_covered="2" lines_covered="0" lines_partially_covered="0" lines_not_covered="1">
          <ranges>
            <range source_id="5" start_line="345" end_line="345" start_column="43" end_column="59" covered="no" />
          </ranges>
        </function>
        <function id="110897" token="0x6000475" name="&lt;UnlessAsync&gt;b__0(T, FluentValidation.ValidationContext&lt;T&gt;, System.Threading.CancellationToken)" namespace="FluentValidation" type_name="DefaultValidatorOptions.&lt;&gt;c__DisplayClass24_0&lt;T, TProperty&gt;" block_coverage="0.00" line_coverage="0.00" blocks_covered="0" blocks_not_covered="2" lines_covered="0" lines_partially_covered="0" lines_not_covered="1">
          <ranges>
            <range source_id="5" start_line="358" end_line="358" start_column="43" end_column="59" covered="no" />
          </ranges>
        </function>
        <function id="111120" token="0x600047b" name="&lt;WithName&gt;b__0(FluentValidation.ValidationContext&lt;T&gt;)" namespace="FluentValidation" type_name="DefaultValidatorOptions.&lt;&gt;c__DisplayClass29_0&lt;T, TProperty&gt;" block_coverage="0.00" line_coverage="0.00" blocks_covered="0" blocks_not_covered="6" lines_covered="0" lines_partially_covered="0" lines_not_covered="2">
          <ranges>
            <range source_id="5" start_line="424" end_line="424" start_column="4" end_column="72" covered="no" />
            <range source_id="5" start_line="425" end_line="425" start_column="4" end_column="34" covered="no" />
          </ranges>
        </function>
        <function id="111174" token="0x600047d" name="&lt;WithState&gt;b__0(FluentValidation.ValidationContext&lt;T&gt;, TProperty)" namespace="FluentValidation" type_name="DefaultValidatorOptions.&lt;&gt;c__DisplayClass32_0&lt;T, TProperty&gt;" block_coverage="0.00" line_coverage="0.00" blocks_covered="0" blocks_not_covered="3" lines_covered="0" lines_partially_covered="0" lines_not_covered="1">
          <ranges>
            <range source_id="5" start_line="468" end_line="468" start_column="79" end_column="116" covered="no" />
          </ranges>
        </function>
        <function id="111201" token="0x600047f" name="&lt;WithState&gt;b__0(FluentValidation.ValidationContext&lt;T&gt;, TProperty)" namespace="FluentValidation" type_name="DefaultValidatorOptions.&lt;&gt;c__DisplayClass33_0&lt;T, TProperty&gt;" block_coverage="0.00" line_coverage="0.00" blocks_covered="0" blocks_not_covered="3" lines_covered="0" lines_partially_covered="0" lines_not_covered="1">
          <ranges>
            <range source_id="5" start_line="485" end_line="485" start_column="4" end_column="54" covered="no" />
          </ranges>
        </function>
        <function id="111229" token="0x6000481" name="&lt;WithSeverity&gt;b__0(FluentValidation.ValidationContext&lt;T&gt;, TProperty)" namespace="FluentValidation" type_name="DefaultValidatorOptions.&lt;&gt;c__DisplayClass34_0&lt;T, TProperty&gt;" block_coverage="0.00" line_coverage="0.00" blocks_covered="0" blocks_not_covered="1" lines_covered="0" lines_partially_covered="0" lines_not_covered="1">
          <ranges>
            <range source_id="5" start_line="501" end_line="501" start_column="59" end_column="67" covered="no" />
          </ranges>
        </function>
        <function id="111245" token="0x6000483" name="&lt;WithSeverity&gt;g__SeverityProvider|0(FluentValidation.ValidationContext&lt;T&gt;, TProperty)" namespace="FluentValidation" type_name="DefaultValidatorOptions.&lt;&gt;c__DisplayClass35_0&lt;T, TProperty&gt;" block_coverage="0.00" line_coverage="0.00" blocks_covered="0" blocks_not_covered="3" lines_covered="0" lines_partially_covered="0" lines_not_covered="1">
          <ranges>
            <range source_id="5" start_line="517" end_line="517" start_column="4" end_column="52" covered="no" />
          </ranges>
        </function>
        <function id="111272" token="0x6000485" name="&lt;WithSeverity&gt;g__SeverityProvider|0(FluentValidation.ValidationContext&lt;T&gt;, TProperty)" namespace="FluentValidation" type_name="DefaultValidatorOptions.&lt;&gt;c__DisplayClass36_0&lt;T, TProperty&gt;" block_coverage="0.00" line_coverage="0.00" blocks_covered="0" blocks_not_covered="3" lines_covered="0" lines_partially_covered="0" lines_not_covered="1">
          <ranges>
            <range source_id="5" start_line="536" end_line="536" start_column="4" end_column="59" covered="no" />
          </ranges>
        </function>
        <function id="111300" token="0x6000487" name="&lt;WithSeverity&gt;g__SeverityProvider|0(FluentValidation.ValidationContext&lt;T&gt;, TProperty)" namespace="FluentValidation" type_name="DefaultValidatorOptions.&lt;&gt;c__DisplayClass37_0&lt;T, TProperty&gt;" block_coverage="0.00" line_coverage="0.00" blocks_covered="0" blocks_not_covered="3" lines_covered="0" lines_partially_covered="0" lines_not_covered="1">
          <ranges>
            <range source_id="5" start_line="555" end_line="555" start_column="4" end_column="64" covered="no" />
          </ranges>
        </function>
        <function id="111332" token="0x6000489" name="&lt;WithMessage&gt;b__0(FluentValidation.ValidationContext&lt;T&gt;, TProperty)" namespace="FluentValidation" type_name="DefaultValidatorOptions.&lt;&gt;c__DisplayClass8_0&lt;T, TProperty&gt;" block_coverage="0.00" line_coverage="0.00" blocks_covered="0" blocks_not_covered="6" lines_covered="0" lines_partially_covered="0" lines_not_covered="1">
          <ranges>
            <range source_id="5" start_line="140" end_line="140" start_column="4" end_column="75" covered="no" />
          </ranges>
        </function>
        <function id="111384" token="0x600048b" name="&lt;WithMessage&gt;b__0(FluentValidation.ValidationContext&lt;T&gt;, TProperty)" namespace="FluentValidation" type_name="DefaultValidatorOptions.&lt;&gt;c__DisplayClass9_0&lt;T, TProperty&gt;" block_coverage="0.00" line_coverage="0.00" blocks_covered="0" blocks_not_covered="6" lines_covered="0" lines_partially_covered="0" lines_not_covered="1">
          <ranges>
            <range source_id="5" start_line="154" end_line="154" start_column="4" end_column="90" covered="no" />
          </ranges>
        </function>
        <function id="111452" token="0x600048e" name="&lt;BuildErrorMessage&gt;b__8_0(FluentValidation.Results.ValidationFailure)" namespace="FluentValidation" type_name="ValidationException.&lt;&gt;c" block_coverage="100.00" line_coverage="100.00" blocks_covered="15" blocks_not_covered="0" lines_covered="1" lines_partially_covered="0" lines_not_covered="0">
          <ranges>
            <range source_id="8" start_line="74" end_line="74" start_column="32" end_column="128" covered="yes" />
          </ranges>
        </function>
        <function id="111583" token="0x600048f" name="RulesetMetadata(string, System.Collections.Generic.IEnumerable&lt;FluentValidation.IValidationRule&gt;)" namespace="FluentValidation" type_name="ValidatorDescriptor.RulesetMetadata&lt;T&gt;" block_coverage="0.00" line_coverage="0.00" blocks_covered="0" blocks_not_covered="2" lines_covered="0" lines_partially_covered="0" lines_not_covered="4">
          <ranges>
            <range source_id="9" start_line="132" end_line="132" start_column="3" end_column="74" covered="no" />
            <range source_id="9" start_line="133" end_line="133" start_column="4" end_column="16" covered="no" />
            <range source_id="9" start_line="134" end_line="134" start_column="4" end_column="18" covered="no" />
            <range source_id="9" start_line="135" end_line="135" start_column="3" end_column="4" covered="no" />
          </ranges>
        </function>
        <function id="111605" token="0x6000490" name="get_Name()" namespace="FluentValidation" type_name="ValidatorDescriptor.RulesetMetadata&lt;T&gt;" block_coverage="0.00" line_coverage="0.00" blocks_covered="0" blocks_not_covered="1" lines_covered="0" lines_partially_covered="0" lines_not_covered="1">
          <ranges>
            <range source_id="9" start_line="140" end_line="140" start_column="24" end_column="28" covered="no" />
          </ranges>
        </function>
        <function id="111613" token="0x6000491" name="get_Rules()" namespace="FluentValidation" type_name="ValidatorDescriptor.RulesetMetadata&lt;T&gt;" block_coverage="0.00" line_coverage="0.00" blocks_covered="0" blocks_not_covered="1" lines_covered="0" lines_partially_covered="0" lines_not_covered="1">
          <ranges>
            <range source_id="9" start_line="145" end_line="145" start_column="47" end_column="51" covered="no" />
          </ranges>
        </function>
        <function id="111641" token="0x6000494" name="&lt;GetName&gt;b__4_1(FluentValidation.IValidationRule)" namespace="FluentValidation" type_name="ValidatorDescriptor.&lt;&gt;c&lt;T&gt;" block_coverage="0.00" line_coverage="0.00" blocks_covered="0" blocks_not_covered="2" lines_covered="0" lines_partially_covered="0" lines_not_covered="1">
          <ranges>
            <range source_id="9" start_line="54" end_line="54" start_column="17" end_column="39" covered="no" />
          </ranges>
        </function>
        <function id="111650" token="0x6000495" name="&lt;GetMembersWithValidators&gt;b__5_0(FluentValidation.IValidationRule)" namespace="FluentValidation" type_name="ValidatorDescriptor.&lt;&gt;c&lt;T&gt;" block_coverage="0.00" line_coverage="0.00" blocks_covered="0" blocks_not_covered="2" lines_covered="0" lines_partially_covered="0" lines_not_covered="1">
          <ranges>
            <range source_id="9" start_line="65" end_line="65" start_column="22" end_column="37" covered="no" />
          </ranges>
        </function>
        <function id="111658" token="0x6000496" name="&lt;GetMembersWithValidators&gt;b__5_1(FluentValidation.IValidationRule, FluentValidation.Internal.IRuleComponent)" namespace="FluentValidation" type_name="ValidatorDescriptor.&lt;&gt;c&lt;T&gt;" block_coverage="0.00" line_coverage="0.00" blocks_covered="0" blocks_not_covered="3" lines_covered="0" lines_partially_covered="0" lines_not_covered="1">
          <ranges>
            <range source_id="9" start_line="66" end_line="66" start_column="11" end_column="62" covered="no" />
          </ranges>
        </function>
        <function id="111672" token="0x6000497" name="&lt;GetMembersWithValidators&gt;b__5_2(&lt;&gt;f__AnonymousType3&lt;string, FluentValidation.Internal.IRuleComponent&gt;)" namespace="FluentValidation" type_name="ValidatorDescriptor.&lt;&gt;c&lt;T&gt;" block_coverage="0.00" line_coverage="0.00" blocks_covered="0" blocks_not_covered="2" lines_covered="0" lines_partially_covered="0" lines_not_covered="1">
          <ranges>
            <range source_id="9" start_line="68" end_line="68" start_column="30" end_column="44" covered="no" />
          </ranges>
        </function>
        <function id="111680" token="0x6000498" name="&lt;GetMembersWithValidators&gt;b__5_3(&lt;&gt;f__AnonymousType3&lt;string, FluentValidation.Internal.IRuleComponent&gt;)" namespace="FluentValidation" type_name="ValidatorDescriptor.&lt;&gt;c&lt;T&gt;" block_coverage="0.00" line_coverage="0.00" blocks_covered="0" blocks_not_covered="5" lines_covered="0" lines_partially_covered="0" lines_not_covered="1">
          <ranges>
            <range source_id="9" start_line="68" end_line="68" start_column="51" end_column="87" covered="no" />
          </ranges>
        </function>
        <function id="111704" token="0x6000499" name="&lt;GetRulesByRuleset&gt;b__9_0(FluentValidation.IValidationRule)" namespace="FluentValidation" type_name="ValidatorDescriptor.&lt;&gt;c&lt;T&gt;" block_coverage="0.00" line_coverage="0.00" blocks_covered="0" blocks_not_covered="2" lines_covered="0" lines_partially_covered="0" lines_not_covered="1">
          <ranges>
            <range source_id="9" start_line="114" end_line="114" start_column="20" end_column="33" covered="no" />
          </ranges>
        </function>
        <function id="111712" token="0x600049a" name="&lt;GetRulesByRuleset&gt;b__9_1(FluentValidation.IValidationRule, string)" namespace="FluentValidation" type_name="ValidatorDescriptor.&lt;&gt;c&lt;T&gt;" block_coverage="0.00" line_coverage="0.00" blocks_covered="0" blocks_not_covered="2" lines_covered="0" lines_partially_covered="0" lines_not_covered="1">
          <ranges>
            <range source_id="9" start_line="114" end_line="114" start_column="4" end_column="33" covered="no" />
          </ranges>
        </function>
        <function id="111721" token="0x600049b" name="&lt;GetRulesByRuleset&gt;b__9_2(&lt;&gt;f__AnonymousType4&lt;FluentValidation.IValidationRule, string&gt;)" namespace="FluentValidation" type_name="ValidatorDescriptor.&lt;&gt;c&lt;T&gt;" block_coverage="0.00" line_coverage="0.00" blocks_covered="0" blocks_not_covered="2" lines_covered="0" lines_partially_covered="0" lines_not_covered="1">
          <ranges>
            <range source_id="9" start_line="115" end_line="115" start_column="18" end_column="25" covered="no" />
          </ranges>
        </function>
        <function id="111729" token="0x600049c" name="&lt;GetRulesByRuleset&gt;b__9_3(&lt;&gt;f__AnonymousType4&lt;FluentValidation.IValidationRule, string&gt;)" namespace="FluentValidation" type_name="ValidatorDescriptor.&lt;&gt;c&lt;T&gt;" block_coverage="0.00" line_coverage="0.00" blocks_covered="0" blocks_not_covered="2" lines_covered="0" lines_partially_covered="0" lines_not_covered="1">
          <ranges>
            <range source_id="9" start_line="115" end_line="115" start_column="10" end_column="14" covered="no" />
          </ranges>
        </function>
        <function id="111737" token="0x600049d" name="&lt;GetRulesByRuleset&gt;b__9_4(System.Linq.IGrouping&lt;string, FluentValidation.IValidationRule&gt;)" namespace="FluentValidation" type_name="ValidatorDescriptor.&lt;&gt;c&lt;T&gt;" block_coverage="0.00" line_coverage="0.00" blocks_covered="0" blocks_not_covered="3" lines_covered="0" lines_partially_covered="0" lines_not_covered="1">
          <ranges>
            <range source_id="9" start_line="117" end_line="117" start_column="11" end_column="44" covered="no" />
          </ranges>
        </function>
        <function id="111759" token="0x600049f" name="&lt;GetName&gt;b__0(FluentValidation.IValidationRule)" namespace="FluentValidation" type_name="ValidatorDescriptor.&lt;&gt;c__DisplayClass4_0&lt;T&gt;" block_coverage="0.00" line_coverage="0.00" blocks_covered="0" blocks_not_covered="3" lines_covered="0" lines_partially_covered="0" lines_not_covered="1">
          <ranges>
            <range source_id="9" start_line="53" end_line="53" start_column="16" end_column="42" covered="no" />
          </ranges>
        </function>
        <function id="111786" token="0x60004a1" name="&lt;GetRulesForMember&gt;b__0(FluentValidation.IValidationRule)" namespace="FluentValidation" type_name="ValidatorDescriptor.&lt;&gt;c__DisplayClass7_0&lt;T&gt;" block_coverage="0.00" line_coverage="0.00" blocks_covered="0" blocks_not_covered="3" lines_covered="0" lines_partially_covered="0" lines_not_covered="1">
          <ranges>
            <range source_id="9" start_line="87" end_line="87" start_column="10" end_column="35" covered="no" />
          </ranges>
        </function>
        <function id="111825" token="0x60004a4" name="&lt;set_MessageFormatterFactory&gt;b__32_0()" namespace="FluentValidation" type_name="ValidatorConfiguration.&lt;&gt;c" block_coverage="0.00" line_coverage="0.00" blocks_covered="0" blocks_not_covered="2" lines_covered="0" lines_partially_covered="0" lines_not_covered="1">
          <ranges>
            <range source_id="11" start_line="171" end_line="171" start_column="53" end_column="75" covered="no" />
          </ranges>
        </function>
        <function id="111832" token="0x60004a5" name="&lt;.ctor&gt;b__53_0()" namespace="FluentValidation" type_name="ValidatorConfiguration.&lt;&gt;c" block_coverage="100.00" line_coverage="100.00" blocks_covered="2" blocks_not_covered="0" lines_covered="1" lines_partially_covered="0" lines_not_covered="0">
          <ranges>
            <range source_id="11" start_line="37" end_line="37" start_column="66" end_column="88" covered="yes" />
          </ranges>
        </function>
        <function id="111859" token="0x60004a8" name="&lt;set_DefaultValidatorSelectorFactory&gt;b__7_0()" namespace="FluentValidation" type_name="ValidatorSelectorOptions.&lt;&gt;c" block_coverage="0.00" line_coverage="0.00" blocks_covered="0" blocks_not_covered="1" lines_covered="0" lines_partially_covered="0" lines_not_covered="1">
          <ranges>
            <range source_id="11" start_line="250" end_line="250" start_column="54" end_column="69" covered="no" />
          </ranges>
        </function>
        <function id="111866" token="0x60004a9" name="&lt;set_MemberNameValidatorSelectorFactory&gt;b__10_0(System.Collections.Generic.IEnumerable&lt;string&gt;)" namespace="FluentValidation" type_name="ValidatorSelectorOptions.&lt;&gt;c" block_coverage="0.00" line_coverage="0.00" blocks_covered="0" blocks_not_covered="2" lines_covered="0" lines_partially_covered="0" lines_not_covered="1">
          <ranges>
            <range source_id="11" start_line="258" end_line="258" start_column="65" end_column="108" covered="no" />
          </ranges>
        </function>
        <function id="111874" token="0x60004aa" name="&lt;set_RulesetValidatorSelectorFactory&gt;b__13_0(System.Collections.Generic.IEnumerable&lt;string&gt;)" namespace="FluentValidation" type_name="ValidatorSelectorOptions.&lt;&gt;c" block_coverage="0.00" line_coverage="0.00" blocks_covered="0" blocks_not_covered="2" lines_covered="0" lines_partially_covered="0" lines_not_covered="1">
          <ranges>
            <range source_id="11" start_line="266" end_line="266" start_column="60" end_column="98" covered="no" />
          </ranges>
        </function>
        <function id="111882" token="0x60004ab" name="&lt;set_CompositeValidatorSelectorFactory&gt;b__16_0(System.Collections.Generic.IEnumerable&lt;FluentValidation.Internal.IValidatorSelector&gt;)" namespace="FluentValidation" type_name="ValidatorSelectorOptions.&lt;&gt;c" block_coverage="0.00" line_coverage="0.00" blocks_covered="0" blocks_not_covered="2" lines_covered="0" lines_partially_covered="0" lines_not_covered="1">
          <ranges>
            <range source_id="11" start_line="274" end_line="274" start_column="70" end_column="111" covered="no" />
          </ranges>
        </function>
        <function id="111890" token="0x60004ac" name="&lt;.ctor&gt;b__17_0()" namespace="FluentValidation" type_name="ValidatorSelectorOptions.&lt;&gt;c" block_coverage="100.00" line_coverage="100.00" blocks_covered="1" blocks_not_covered="0" lines_covered="1" lines_partially_covered="0" lines_not_covered="0">
          <ranges>
            <range source_id="11" start_line="240" end_line="240" start_column="69" end_column="84" covered="yes" />
          </ranges>
        </function>
        <function id="111897" token="0x60004ad" name="&lt;.ctor&gt;b__17_1(System.Collections.Generic.IEnumerable&lt;string&gt;)" namespace="FluentValidation" type_name="ValidatorSelectorOptions.&lt;&gt;c" block_coverage="0.00" line_coverage="0.00" blocks_covered="0" blocks_not_covered="2" lines_covered="0" lines_partially_covered="0" lines_not_covered="1">
          <ranges>
            <range source_id="11" start_line="241" end_line="241" start_column="101" end_column="144" covered="no" />
          </ranges>
        </function>
        <function id="111905" token="0x60004ae" name="&lt;.ctor&gt;b__17_2(System.Collections.Generic.IEnumerable&lt;string&gt;)" namespace="FluentValidation" type_name="ValidatorSelectorOptions.&lt;&gt;c" block_coverage="0.00" line_coverage="0.00" blocks_covered="0" blocks_not_covered="2" lines_covered="0" lines_partially_covered="0" lines_not_covered="1">
          <ranges>
            <range source_id="11" start_line="242" end_line="242" start_column="96" end_column="134" covered="no" />
          </ranges>
        </function>
        <function id="111913" token="0x60004af" name="&lt;.ctor&gt;b__17_3(System.Collections.Generic.IEnumerable&lt;FluentValidation.Internal.IValidatorSelector&gt;)" namespace="FluentValidation" type_name="ValidatorSelectorOptions.&lt;&gt;c" block_coverage="0.00" line_coverage="0.00" blocks_covered="0" blocks_not_covered="2" lines_covered="0" lines_partially_covered="0" lines_not_covered="1">
          <ranges>
            <range source_id="11" start_line="243" end_line="243" start_column="118" end_column="159" covered="no" />
          </ranges>
        </function>
        <function id="111924" token="0x60004b0" name="MoveNext()" namespace="FluentValidation.Validators" type_name="ChildValidatorAdaptor.&lt;IsValidAsync&gt;d__14&lt;T, TProperty&gt;" block_coverage="0.00" line_coverage="0.00" blocks_covered="0" blocks_not_covered="13" lines_covered="0" lines_partially_covered="0" lines_not_covered="11">
          <ranges>
            <range source_id="15" start_line="64" end_line="64" start_column="3" end_column="21" covered="no" />
            <range source_id="15" start_line="65" end_line="65" start_column="4" end_column="16" covered="no" />
            <range source_id="15" start_line="68" end_line="68" start_column="3" end_column="48" covered="no" />
            <range source_id="15" start_line="70" end_line="70" start_column="3" end_column="25" covered="no" />
            <range source_id="15" start_line="71" end_line="71" start_column="4" end_column="16" covered="no" />
            <range source_id="15" start_line="74" end_line="74" start_column="3" end_column="80" covered="no" />
            <range source_id="15" start_line="79" end_line="79" start_column="3" end_column="85" covered="no" />
            <range source_id="15" start_line="81" end_line="81" start_column="3" end_column="59" covered="no" />
            <range source_id="15" start_line="83" end_line="83" start_column="3" end_column="62" covered="no" />
            <range source_id="15" start_line="85" end_line="85" start_column="3" end_column="15" covered="no" />
            <range source_id="15" start_line="86" end_line="86" start_column="2" end_column="3" covered="no" />
          </ranges>
        </function>
        <function id="112306" token="0x60004b4" name="&lt;.ctor&gt;b__3_0(T)" namespace="FluentValidation.Validators" type_name="MaximumLengthValidator.&lt;&gt;c&lt;T&gt;" block_coverage="0.00" line_coverage="0.00" blocks_covered="0" blocks_not_covered="1" lines_covered="0" lines_partially_covered="0" lines_not_covered="1">
          <ranges>
            <range source_id="26" start_line="102" end_line="102" start_column="17" end_column="18" covered="no" />
          </ranges>
        </function>
        <function id="112329" token="0x60004b7" name="&lt;.ctor&gt;b__3_0(T)" namespace="FluentValidation.Validators" type_name="MinimumLengthValidator.&lt;&gt;c&lt;T&gt;" block_coverage="0.00" line_coverage="0.00" blocks_covered="0" blocks_not_covered="1" lines_covered="0" lines_partially_covered="0" lines_not_covered="1">
          <ranges>
            <range source_id="26" start_line="120" end_line="120" start_column="22" end_column="24" covered="no" />
          </ranges>
        </function>
        <function id="112332" token="0x60004b8" name="get_RuleSets()" namespace="FluentValidation.Validators" type_name="PolymorphicValidator.DerivedValidatorFactory&lt;T, TProperty&gt;" block_coverage="0.00" line_coverage="0.00" blocks_covered="0" blocks_not_covered="1" lines_covered="0" lines_partially_covered="0" lines_not_covered="1">
          <ranges>
            <range source_id="34" start_line="120" end_line="120" start_column="30" end_column="34" covered="no" />
          </ranges>
        </function>
        <function id="112340" token="0x60004b9" name="DerivedValidatorFactory(FluentValidation.IValidator, string[])" namespace="FluentValidation.Validators" type_name="PolymorphicValidator.DerivedValidatorFactory&lt;T, TProperty&gt;" block_coverage="0.00" line_coverage="0.00" blocks_covered="0" blocks_not_covered="2" lines_covered="0" lines_partially_covered="0" lines_not_covered="4">
          <ranges>
            <range source_id="34" start_line="122" end_line="122" start_column="3" end_column="79" covered="no" />
            <range source_id="34" start_line="123" end_line="123" start_column="4" end_column="37" covered="no" />
            <range source_id="34" start_line="124" end_line="124" start_column="4" end_column="24" covered="no" />
            <range source_id="34" start_line="125" end_line="125" start_column="3" end_column="4" covered="no" />
          </ranges>
        </function>
        <function id="112362" token="0x60004ba" name="DerivedValidatorFactory(System.Func&lt;FluentValidation.ValidationContext&lt;T&gt;, TProperty, FluentValidation.IValidator&gt;, string[])" namespace="FluentValidation.Validators" type_name="PolymorphicValidator.DerivedValidatorFactory&lt;T, TProperty&gt;" block_coverage="0.00" line_coverage="0.00" blocks_covered="0" blocks_not_covered="2" lines_covered="0" lines_partially_covered="0" lines_not_covered="4">
          <ranges>
            <range source_id="34" start_line="127" end_line="127" start_column="3" end_column="111" covered="no" />
            <range source_id="34" start_line="128" end_line="128" start_column="4" end_column="24" covered="no" />
            <range source_id="34" start_line="129" end_line="129" start_column="4" end_column="23" covered="no" />
            <range source_id="34" start_line="130" end_line="130" start_column="3" end_column="4" covered="no" />
          </ranges>
        </function>
        <function id="112384" token="0x60004bb" name="GetValidator(FluentValidation.ValidationContext&lt;T&gt;, TProperty)" namespace="FluentValidation.Validators" type_name="PolymorphicValidator.DerivedValidatorFactory&lt;T, TProperty&gt;" block_coverage="0.00" line_coverage="0.00" blocks_covered="0" blocks_not_covered="6" lines_covered="0" lines_partially_covered="0" lines_not_covered="1">
          <ranges>
            <range source_id="34" start_line="133" end_line="133" start_column="4" end_column="63" covered="no" />
          </ranges>
        </function>
        <function id="112424" token="0x60004bd" name="&lt;Add&gt;b__0(FluentValidation.ValidationContext&lt;T&gt;, TProperty)" namespace="FluentValidation.Validators" type_name="PolymorphicValidator.&lt;&gt;c__DisplayClass3_0&lt;T, TProperty, TDerived&gt;" block_coverage="0.00" line_coverage="0.00" blocks_covered="0" blocks_not_covered="3" lines_covered="0" lines_partially_covered="0" lines_not_covered="1">
          <ranges>
            <range source_id="34" start_line="61" end_line="61" start_column="86" end_column="130" covered="no" />
          </ranges>
        </function>
        <function id="112451" token="0x60004bf" name="&lt;Add&gt;b__0(FluentValidation.ValidationContext&lt;T&gt;, TProperty)" namespace="FluentValidation.Validators" type_name="PolymorphicValidator.&lt;&gt;c__DisplayClass4_0&lt;T, TProperty, TDerived&gt;" block_coverage="0.00" line_coverage="0.00" blocks_covered="0" blocks_not_covered="3" lines_covered="0" lines_partially_covered="0" lines_not_covered="1">
          <ranges>
            <range source_id="34" start_line="74" end_line="74" start_column="90" end_column="151" covered="no" />
          </ranges>
        </function>
        <function id="112489" token="0x60004c5" name="&lt;.ctor&gt;b__0(T)" namespace="FluentValidation.Validators" type_name="RegularExpressionValidator.&lt;&gt;c__DisplayClass3_0&lt;T&gt;" block_coverage="0.00" line_coverage="0.00" blocks_covered="0" blocks_not_covered="1" lines_covered="0" lines_partially_covered="0" lines_not_covered="1">
          <ranges>
            <range source_id="38" start_line="33" end_line="33" start_column="21" end_column="26" covered="no" />
          </ranges>
        </function>
        <function id="112505" token="0x60004c7" name="&lt;.ctor&gt;b__0(T)" namespace="FluentValidation.Validators" type_name="RegularExpressionValidator.&lt;&gt;c__DisplayClass4_0&lt;T&gt;" block_coverage="0.00" line_coverage="0.00" blocks_covered="0" blocks_not_covered="1" lines_covered="0" lines_partially_covered="0" lines_not_covered="1">
          <ranges>
            <range source_id="38" start_line="38" end_line="38" start_column="21" end_column="26" covered="no" />
          </ranges>
        </function>
        <function id="112521" token="0x60004c9" name="&lt;.ctor&gt;b__0(T)" namespace="FluentValidation.Validators" type_name="RegularExpressionValidator.&lt;&gt;c__DisplayClass5_0&lt;T&gt;" block_coverage="0.00" line_coverage="0.00" blocks_covered="0" blocks_not_covered="1" lines_covered="0" lines_partially_covered="0" lines_not_covered="1">
          <ranges>
            <range source_id="38" start_line="44" end_line="44" start_column="21" end_column="26" covered="no" />
          </ranges>
        </function>
        <function id="112537" token="0x60004cb" name="&lt;.ctor&gt;b__0(T)" namespace="FluentValidation.Validators" type_name="RegularExpressionValidator.&lt;&gt;c__DisplayClass6_0&lt;T&gt;" block_coverage="0.00" line_coverage="0.00" blocks_covered="0" blocks_not_covered="3" lines_covered="0" lines_partially_covered="0" lines_not_covered="1">
          <ranges>
            <range source_id="38" start_line="48" end_line="48" start_column="21" end_column="51" covered="no" />
          </ranges>
        </function>
        <function id="112565" token="0x60004cd" name="&lt;.ctor&gt;b__0(T)" namespace="FluentValidation.Validators" type_name="RegularExpressionValidator.&lt;&gt;c__DisplayClass8_0&lt;T&gt;" block_coverage="0.00" line_coverage="0.00" blocks_covered="0" blocks_not_covered="3" lines_covered="0" lines_partially_covered="0" lines_not_covered="1">
          <ranges>
            <range source_id="38" start_line="56" end_line="56" start_column="21" end_column="56" covered="no" />
          </ranges>
        </function>
        <function id="112598" token="0x60004cf" name="&lt;IsValid&gt;b__0(string)" namespace="FluentValidation.Validators" type_name="StringEnumValidator.&lt;&gt;c__DisplayClass5_0&lt;T&gt;" block_coverage="0.00" line_coverage="0.00" blocks_covered="0" blocks_not_covered="2" lines_covered="0" lines_partially_covered="0" lines_not_covered="1">
          <ranges>
            <range source_id="40" start_line="45" end_line="45" start_column="44" end_column="71" covered="no" />
          </ranges>
        </function>
        <function id="112732" token="0x60004d2" name="MoveNext()" namespace="FluentValidation.TestHelper" type_name="TestValidationContinuation.&lt;get_UnmatchedFailures&gt;d__12" block_coverage="0.00" line_coverage="0.00" blocks_covered="0" blocks_not_covered="18" lines_covered="0" lines_partially_covered="0" lines_not_covered="6">
          <ranges>
            <range source_id="41" start_line="54" end_line="54" start_column="28" end_column="40" covered="no" />
            <range source_id="41" start_line="54" end_line="54" start_column="13" end_column="24" covered="no" />
            <range source_id="41" start_line="55" end_line="55" start_column="31" end_column="42" covered="no" />
            <range source_id="41" start_line="55" end_line="55" start_column="14" end_column="27" covered="no" />
            <range source_id="41" start_line="56" end_line="56" start_column="6" end_column="30" covered="no" />
            <range source_id="41" start_line="57" end_line="57" start_column="7" end_column="28" covered="no" />
            <range source_id="41" start_line="58" end_line="58" start_column="7" end_column="13" covered="no" />
            <range source_id="41" start_line="55" end_line="55" start_column="28" end_column="30" covered="no" />
            <range source_id="41" start_line="54" end_line="54" start_column="25" end_column="27" covered="no" />
            <range source_id="41" start_line="62" end_line="62" start_column="3" end_column="4" covered="no" />
          </ranges>
        </function>
        <function id="113148" token="0x60004db" name="&lt;ShouldHaveValidationError&gt;b__0(FluentValidation.Results.ValidationFailure)" namespace="FluentValidation.TestHelper" type_name="TestValidationResult.&lt;&gt;c__DisplayClass5_0&lt;T&gt;" block_coverage="0.00" line_coverage="0.00" blocks_covered="0" blocks_not_covered="16" lines_covered="0" lines_partially_covered="0" lines_not_covered="3">
          <ranges>
            <range source_id="42" start_line="58" end_line="60" start_column="30" end_column="88" covered="no" />
          </ranges>
        </function>
        <function id="113264" token="0x60004dd" name="&lt;ShouldNotHaveValidationError&gt;b__0(FluentValidation.Results.ValidationFailure)" namespace="FluentValidation.TestHelper" type_name="TestValidationResult.&lt;&gt;c__DisplayClass6_0&lt;T&gt;" block_coverage="0.00" line_coverage="0.00" blocks_covered="0" blocks_not_covered="16" lines_covered="0" lines_partially_covered="0" lines_not_covered="3">
          <ranges>
            <range source_id="42" start_line="87" end_line="89" start_column="36" end_column="94" covered="no" />
          </ranges>
        </function>
        <function id="113392" token="0x60004e0" name="&lt;ShouldHaveChildValidator&gt;b__1_0(System.ValueTuple&lt;FluentValidation.Validators.IPropertyValidator, FluentValidation.Internal.IRuleComponent&gt;)" namespace="FluentValidation.TestHelper" type_name="ValidationTestExtension.&lt;&gt;c__1&lt;T, TProperty&gt;" block_coverage="0.00" line_coverage="0.00" blocks_covered="0" blocks_not_covered="1" lines_covered="0" lines_partially_covered="0" lines_not_covered="1">
          <ranges>
            <range source_id="44" start_line="49" end_line="49" start_column="19" end_column="30" covered="no" />
          </ranges>
        </function>
        <function id="113400" token="0x60004e1" name="&lt;ShouldHaveChildValidator&gt;b__1_1(FluentValidation.Validators.IChildValidatorAdaptor)" namespace="FluentValidation.TestHelper" type_name="ValidationTestExtension.&lt;&gt;c__1&lt;T, TProperty&gt;" block_coverage="0.00" line_coverage="0.00" blocks_covered="0" blocks_not_covered="2" lines_covered="0" lines_partially_covered="0" lines_not_covered="1">
          <ranges>
            <range source_id="44" start_line="55" end_line="55" start_column="93" end_column="108" covered="no" />
          </ranges>
        </function>
        <function id="113408" token="0x60004e2" name="&lt;ShouldHaveChildValidator&gt;b__1_3(System.Type)" namespace="FluentValidation.TestHelper" type_name="ValidationTestExtension.&lt;&gt;c__1&lt;T, TProperty&gt;" block_coverage="0.00" line_coverage="0.00" blocks_covered="0" blocks_not_covered="2" lines_covered="0" lines_partially_covered="0" lines_not_covered="1">
          <ranges>
            <range source_id="44" start_line="58" end_line="58" start_column="108" end_column="114" covered="no" />
          </ranges>
        </function>
        <function id="113436" token="0x60004e5" name="&lt;GetDependentRules&gt;b__2_0(FluentValidation.IValidationRuleInternal&lt;T&gt;)" namespace="FluentValidation.TestHelper" type_name="ValidationTestExtension.&lt;&gt;c__2&lt;T, TProperty&gt;" block_coverage="0.00" line_coverage="0.00" blocks_covered="0" blocks_not_covered="5" lines_covered="0" lines_partially_covered="0" lines_not_covered="1">
          <ranges>
            <range source_id="44" start_line="68" end_line="68" start_column="21" end_column="87" covered="no" />
          </ranges>
        </function>
        <function id="113466" token="0x60004e6" name="&lt;GetDependentRules&gt;b__2_1(FluentValidation.IValidationRule)" namespace="FluentValidation.TestHelper" type_name="ValidationTestExtension.&lt;&gt;c__2&lt;T, TProperty&gt;" block_coverage="0.00" line_coverage="0.00" blocks_covered="0" blocks_not_covered="2" lines_covered="0" lines_partially_covered="0" lines_not_covered="1">
          <ranges>
            <range source_id="44" start_line="69" end_line="69" start_column="21" end_column="33" covered="no" />
          </ranges>
        </function>
        <function id="113474" token="0x60004e7" name="&lt;GetDependentRules&gt;b__2_2(FluentValidation.Internal.IRuleComponent)" namespace="FluentValidation.TestHelper" type_name="ValidationTestExtension.&lt;&gt;c__2&lt;T, TProperty&gt;" block_coverage="0.00" line_coverage="0.00" blocks_covered="0" blocks_not_covered="2" lines_covered="0" lines_partially_covered="0" lines_not_covered="1">
          <ranges>
            <range source_id="44" start_line="70" end_line="70" start_column="17" end_column="28" covered="no" />
          </ranges>
        </function>
        <function id="113502" token="0x60004ea" name="&lt;GetModelLevelValidators&gt;b__3_0(FluentValidation.IValidationRule&lt;T&gt;)" namespace="FluentValidation.TestHelper" type_name="ValidationTestExtension.&lt;&gt;c__3&lt;T&gt;" block_coverage="0.00" line_coverage="0.00" blocks_covered="0" blocks_not_covered="6" lines_covered="0" lines_partially_covered="0" lines_not_covered="1">
          <ranges>
            <range source_id="44" start_line="77" end_line="77" start_column="27" end_column="87" covered="no" />
          </ranges>
        </function>
        <function id="113525" token="0x60004eb" name="&lt;GetModelLevelValidators&gt;b__3_1(FluentValidation.IValidationRule&lt;T&gt;)" namespace="FluentValidation.TestHelper" type_name="ValidationTestExtension.&lt;&gt;c__3&lt;T&gt;" block_coverage="0.00" line_coverage="0.00" blocks_covered="0" blocks_not_covered="2" lines_covered="0" lines_partially_covered="0" lines_not_covered="1">
          <ranges>
            <range source_id="44" start_line="78" end_line="78" start_column="21" end_column="33" covered="no" />
          </ranges>
        </function>
        <function id="113533" token="0x60004ec" name="&lt;GetModelLevelValidators&gt;b__3_2(FluentValidation.Internal.IRuleComponent)" namespace="FluentValidation.TestHelper" type_name="ValidationTestExtension.&lt;&gt;c__3&lt;T&gt;" block_coverage="0.00" line_coverage="0.00" blocks_covered="0" blocks_not_covered="2" lines_covered="0" lines_partially_covered="0" lines_not_covered="1">
          <ranges>
            <range source_id="44" start_line="79" end_line="79" start_column="17" end_column="28" covered="no" />
          </ranges>
        </function>
        <function id="113561" token="0x60004ef" name="&lt;TestValidate&gt;b__4_0(FluentValidation.Internal.ValidationStrategy&lt;T&gt;)" namespace="FluentValidation.TestHelper" type_name="ValidationTestExtension.&lt;&gt;c__4&lt;T&gt;" block_coverage="0.00" line_coverage="0.00" blocks_covered="0" blocks_not_covered="1" lines_covered="0" lines_partially_covered="0" lines_not_covered="1">
          <ranges>
            <range source_id="44" start_line="87" end_line="87" start_column="22" end_column="23" covered="no" />
          </ranges>
        </function>
        <function id="113583" token="0x60004f2" name="&lt;TestValidateAsync&gt;b__6_0(FluentValidation.Internal.ValidationStrategy&lt;T&gt;)" namespace="FluentValidation.TestHelper" type_name="ValidationTestExtension.&lt;&gt;c__6&lt;T&gt;" block_coverage="0.00" line_coverage="0.00" blocks_covered="0" blocks_not_covered="1" lines_covered="0" lines_partially_covered="0" lines_not_covered="1">
          <ranges>
            <range source_id="44" start_line="110" end_line="110" start_column="22" end_column="23" covered="no" />
          </ranges>
        </function>
        <function id="113593" token="0x60004f4" name="&lt;WithSeverity&gt;b__0(FluentValidation.Results.ValidationFailure)" namespace="FluentValidation.TestHelper" type_name="ValidationTestExtension.&lt;&gt;c__DisplayClass13_0" block_coverage="0.00" line_coverage="0.00" blocks_covered="0" blocks_not_covered="2" lines_covered="0" lines_partially_covered="0" lines_not_covered="1">
          <ranges>
            <range source_id="44" start_line="186" end_line="186" start_column="35" end_column="71" covered="no" />
          </ranges>
        </function>
        <function id="113617" token="0x60004f6" name="&lt;WithCustomState&gt;b__0(FluentValidation.Results.ValidationFailure)" namespace="FluentValidation.TestHelper" type_name="ValidationTestExtension.&lt;&gt;c__DisplayClass14_0" block_coverage="0.00" line_coverage="0.00" blocks_covered="0" blocks_not_covered="7" lines_covered="0" lines_partially_covered="0" lines_not_covered="1">
          <ranges>
            <range source_id="44" start_line="190" end_line="190" start_column="35" end_column="145" covered="no" />
          </ranges>
        </function>
        <function id="113672" token="0x60004f8" name="&lt;WithMessageArgument&gt;b__0(FluentValidation.Results.ValidationFailure)" namespace="FluentValidation.TestHelper" type_name="ValidationTestExtension.&lt;&gt;c__DisplayClass15_0&lt;T&gt;" block_coverage="0.00" line_coverage="0.00" blocks_covered="0" blocks_not_covered="8" lines_covered="0" lines_partially_covered="0" lines_not_covered="1">
          <ranges>
            <range source_id="44" start_line="194" end_line="194" start_column="35" end_column="186" covered="no" />
          </ranges>
        </function>
        <function id="113761" token="0x60004fa" name="&lt;WithErrorMessage&gt;b__0(FluentValidation.Results.ValidationFailure)" namespace="FluentValidation.TestHelper" type_name="ValidationTestExtension.&lt;&gt;c__DisplayClass16_0" block_coverage="0.00" line_coverage="0.00" blocks_covered="0" blocks_not_covered="3" lines_covered="0" lines_partially_covered="0" lines_not_covered="1">
          <ranges>
            <range source_id="44" start_line="199" end_line="199" start_column="35" end_column="79" covered="no" />
          </ranges>
        </function>
        <function id="113788" token="0x60004fc" name="&lt;WithErrorCode&gt;b__0(FluentValidation.Results.ValidationFailure)" namespace="FluentValidation.TestHelper" type_name="ValidationTestExtension.&lt;&gt;c__DisplayClass17_0" block_coverage="0.00" line_coverage="0.00" blocks_covered="0" blocks_not_covered="3" lines_covered="0" lines_partially_covered="0" lines_not_covered="1">
          <ranges>
            <range source_id="44" start_line="203" end_line="203" start_column="35" end_column="73" covered="no" />
          </ranges>
        </function>
        <function id="113815" token="0x60004fe" name="&lt;WithoutSeverity&gt;b__0(FluentValidation.Results.ValidationFailure)" namespace="FluentValidation.TestHelper" type_name="ValidationTestExtension.&lt;&gt;c__DisplayClass18_0" block_coverage="0.00" line_coverage="0.00" blocks_covered="0" blocks_not_covered="2" lines_covered="0" lines_partially_covered="0" lines_not_covered="1">
          <ranges>
            <range source_id="44" start_line="207" end_line="207" start_column="38" end_column="76" covered="no" />
          </ranges>
        </function>
        <function id="113842" token="0x6000500" name="&lt;WithoutCustomState&gt;b__0(FluentValidation.Results.ValidationFailure)" namespace="FluentValidation.TestHelper" type_name="ValidationTestExtension.&lt;&gt;c__DisplayClass19_0" block_coverage="0.00" line_coverage="0.00" blocks_covered="0" blocks_not_covered="2" lines_covered="0" lines_partially_covered="0" lines_not_covered="1">
          <ranges>
            <range source_id="44" start_line="211" end_line="211" start_column="38" end_column="82" covered="no" />
          </ranges>
        </function>
        <function id="113869" token="0x6000502" name="&lt;ShouldHaveChildValidator&gt;b__2(System.Type)" namespace="FluentValidation.TestHelper" type_name="ValidationTestExtension.&lt;&gt;c__DisplayClass1_0&lt;T, TProperty&gt;" block_coverage="0.00" line_coverage="0.00" blocks_covered="0" blocks_not_covered="2" lines_covered="0" lines_partially_covered="0" lines_not_covered="1">
          <ranges>
            <range source_id="44" start_line="57" end_line="57" start_column="36" end_column="75" covered="no" />
          </ranges>
        </function>
        <function id="113894" token="0x6000504" name="&lt;WithoutErrorMessage&gt;b__0(FluentValidation.Results.ValidationFailure)" namespace="FluentValidation.TestHelper" type_name="ValidationTestExtension.&lt;&gt;c__DisplayClass20_0" block_coverage="0.00" line_coverage="0.00" blocks_covered="0" blocks_not_covered="3" lines_covered="0" lines_partially_covered="0" lines_not_covered="1">
          <ranges>
            <range source_id="44" start_line="215" end_line="215" start_column="38" end_column="84" covered="no" />
          </ranges>
        </function>
        <function id="113921" token="0x6000506" name="&lt;WithoutErrorCode&gt;b__0(FluentValidation.Results.ValidationFailure)" namespace="FluentValidation.TestHelper" type_name="ValidationTestExtension.&lt;&gt;c__DisplayClass21_0" block_coverage="0.00" line_coverage="0.00" blocks_covered="0" blocks_not_covered="3" lines_covered="0" lines_partially_covered="0" lines_not_covered="1">
          <ranges>
            <range source_id="44" start_line="219" end_line="219" start_column="38" end_column="78" covered="no" />
          </ranges>
        </function>
        <function id="113940" token="0x6000507" name="MoveNext()" namespace="FluentValidation.TestHelper" type_name="ValidationTestExtension.&lt;TestValidateAsync&gt;d__7&lt;T&gt;" block_coverage="0.00" line_coverage="0.00" blocks_covered="0" blocks_not_covered="6" lines_covered="0" lines_partially_covered="0" lines_not_covered="3">
          <ranges>
            <range source_id="44" start_line="118" end_line="118" start_column="3" end_column="84" covered="no" />
            <range source_id="44" start_line="119" end_line="119" start_column="3" end_column="56" covered="no" />
            <range source_id="44" start_line="120" end_line="120" start_column="2" end_column="3" covered="no" />
          </ranges>
        </function>
        <function id="114170" token="0x600050b" name="&lt;set_Errors&gt;b__5_0(FluentValidation.Results.ValidationFailure)" namespace="FluentValidation.Results" type_name="ValidationResult.&lt;&gt;c" block_coverage="0.00" line_coverage="0.00" blocks_covered="0" blocks_not_covered="1" lines_covered="0" lines_partially_covered="0" lines_not_covered="1">
          <ranges>
            <range source_id="46" start_line="49" end_line="49" start_column="37" end_column="52" covered="no" />
          </ranges>
        </function>
        <function id="114176" token="0x600050c" name="&lt;.ctor&gt;b__11_0(FluentValidation.Results.ValidationFailure)" namespace="FluentValidation.Results" type_name="ValidationResult.&lt;&gt;c" block_coverage="0.00" line_coverage="0.00" blocks_covered="0" blocks_not_covered="1" lines_covered="0" lines_partially_covered="0" lines_not_covered="1">
          <ranges>
            <range source_id="46" start_line="74" end_line="74" start_column="39" end_column="54" covered="no" />
          </ranges>
        </function>
        <function id="114182" token="0x600050d" name="&lt;.ctor&gt;b__12_0(FluentValidation.Results.ValidationResult)" namespace="FluentValidation.Results" type_name="ValidationResult.&lt;&gt;c" block_coverage="0.00" line_coverage="0.00" blocks_covered="0" blocks_not_covered="2" lines_covered="0" lines_partially_covered="0" lines_not_covered="1">
          <ranges>
            <range source_id="46" start_line="82" end_line="82" start_column="42" end_column="50" covered="no" />
          </ranges>
        </function>
        <function id="114190" token="0x600050e" name="&lt;.ctor&gt;b__12_1(FluentValidation.Results.ValidationResult)" namespace="FluentValidation.Results" type_name="ValidationResult.&lt;&gt;c" block_coverage="0.00" line_coverage="0.00" blocks_covered="0" blocks_not_covered="2" lines_covered="0" lines_partially_covered="0" lines_not_covered="1">
          <ranges>
            <range source_id="46" start_line="83" end_line="83" start_column="46" end_column="72" covered="no" />
          </ranges>
        </function>
        <function id="114201" token="0x600050f" name="&lt;.ctor&gt;b__12_2(FluentValidation.Results.ValidationResult)" namespace="FluentValidation.Results" type_name="ValidationResult.&lt;&gt;c" block_coverage="0.00" line_coverage="0.00" blocks_covered="0" blocks_not_covered="2" lines_covered="0" lines_partially_covered="0" lines_not_covered="1">
          <ranges>
            <range source_id="46" start_line="83" end_line="83" start_column="90" end_column="108" covered="no" />
          </ranges>
        </function>
        <function id="114209" token="0x6000510" name="&lt;ToString&gt;b__15_0(FluentValidation.Results.ValidationFailure)" namespace="FluentValidation.Results" type_name="ValidationResult.&lt;&gt;c" block_coverage="0.00" line_coverage="0.00" blocks_covered="0" blocks_not_covered="2" lines_covered="0" lines_partially_covered="0" lines_not_covered="1">
          <ranges>
            <range source_id="46" start_line="104" end_line="104" start_column="59" end_column="79" covered="no" />
          </ranges>
        </function>
        <function id="114217" token="0x6000511" name="&lt;ToDictionary&gt;b__16_0(FluentValidation.Results.ValidationFailure)" namespace="FluentValidation.Results" type_name="ValidationResult.&lt;&gt;c" block_coverage="0.00" line_coverage="0.00" blocks_covered="0" blocks_not_covered="2" lines_covered="0" lines_partially_covered="0" lines_not_covered="1">
          <ranges>
            <range source_id="46" start_line="115" end_line="115" start_column="18" end_column="32" covered="no" />
          </ranges>
        </function>
        <function id="114225" token="0x6000512" name="&lt;ToDictionary&gt;b__16_1(System.Linq.IGrouping&lt;string, FluentValidation.Results.ValidationFailure&gt;)" namespace="FluentValidation.Results" type_name="ValidationResult.&lt;&gt;c" block_coverage="0.00" line_coverage="0.00" blocks_covered="0" blocks_not_covered="2" lines_covered="0" lines_partially_covered="0" lines_not_covered="1">
          <ranges>
            <range source_id="46" start_line="117" end_line="117" start_column="10" end_column="15" covered="no" />
          </ranges>
        </function>
        <function id="114233" token="0x6000513" name="&lt;ToDictionary&gt;b__16_2(System.Linq.IGrouping&lt;string, FluentValidation.Results.ValidationFailure&gt;)" namespace="FluentValidation.Results" type_name="ValidationResult.&lt;&gt;c" block_coverage="0.00" line_coverage="0.00" blocks_covered="0" blocks_not_covered="6" lines_covered="0" lines_partially_covered="0" lines_not_covered="1">
          <ranges>
            <range source_id="46" start_line="118" end_line="118" start_column="10" end_column="49" covered="no" />
          </ranges>
        </function>
        <function id="114277" token="0x6000514" name="&lt;ToDictionary&gt;b__16_3(FluentValidation.Results.ValidationFailure)" namespace="FluentValidation.Results" type_name="ValidationResult.&lt;&gt;c" block_coverage="0.00" line_coverage="0.00" blocks_covered="0" blocks_not_covered="2" lines_covered="0" lines_partially_covered="0" lines_not_covered="1">
          <ranges>
            <range source_id="46" start_line="118" end_line="118" start_column="24" end_column="38" covered="no" />
          </ranges>
        </function>
        <function id="114293" token="0x6000516" name="&lt;GetString&gt;b__1(string)" namespace="FluentValidation.Resources" type_name="LanguageManager.&lt;&gt;c__DisplayClass11_0" block_coverage="100.00" line_coverage="100.00" blocks_covered="3" blocks_not_covered="0" lines_covered="1" lines_partially_covered="0" lines_not_covered="0">
          <ranges>
            <range source_id="47" start_line="130" end_line="130" start_column="56" end_column="89" covered="yes" />
          </ranges>
        </function>
        <function id="114317" token="0x6000517" name="&lt;GetString&gt;b__2(string)" namespace="FluentValidation.Resources" type_name="LanguageManager.&lt;&gt;c__DisplayClass11_0" block_coverage="0.00" line_coverage="0.00" blocks_covered="0" blocks_not_covered="2" lines_covered="0" lines_partially_covered="0" lines_not_covered="1">
          <ranges>
            <range source_id="47" start_line="143" end_line="143" start_column="76" end_column="111" covered="no" />
          </ranges>
        </function>
        <function id="114330" token="0x6000518" name="&lt;GetString&gt;b__0(string)" namespace="FluentValidation.Resources" type_name="LanguageManager.&lt;&gt;c__DisplayClass11_0" block_coverage="0.00" line_coverage="0.00" blocks_covered="0" blocks_not_covered="2" lines_covered="0" lines_partially_covered="0" lines_not_covered="1">
          <ranges>
            <range source_id="47" start_line="148" end_line="148" start_column="74" end_column="109" covered="no" />
          </ranges>
        </function>
        <function id="114351" token="0x600051a" name="&lt;GetString&gt;b__3(string)" namespace="FluentValidation.Resources" type_name="LanguageManager.&lt;&gt;c__DisplayClass11_1" block_coverage="0.00" line_coverage="0.00" blocks_covered="0" blocks_not_covered="3" lines_covered="0" lines_partially_covered="0" lines_not_covered="1">
          <ranges>
            <range source_id="47" start_line="137" end_line="137" start_column="56" end_column="96" covered="no" />
          </ranges>
        </function>
        <function id="114380" token="0x600051b" name="Key(System.Reflection.MemberInfo, System.Linq.Expressions.Expression, string)" namespace="FluentValidation.Internal" type_name="AccessorCache.Key&lt;T&gt;" block_coverage="71.43" line_coverage="75.00" blocks_covered="5" blocks_not_covered="2" lines_covered="3" lines_partially_covered="1" lines_not_covered="0">
          <ranges>
            <range source_id="100" start_line="57" end_line="57" start_column="3" end_column="75" covered="yes" />
            <range source_id="100" start_line="58" end_line="58" start_column="4" end_column="25" covered="yes" />
            <range source_id="100" start_line="59" end_line="59" start_column="4" end_column="109" covered="partial" />
            <range source_id="100" start_line="60" end_line="60" start_column="3" end_column="4" covered="yes" />
          </ranges>
        </function>
        <function id="114424" token="0x600051c" name="Equals(FluentValidation.Internal.AccessorCache.Key&lt;T&gt;)" namespace="FluentValidation.Internal" type_name="AccessorCache.Key&lt;T&gt;" block_coverage="80.00" line_coverage="0.00" blocks_covered="4" blocks_not_covered="1" lines_covered="0" lines_partially_covered="1" lines_not_covered="0">
          <ranges>
            <range source_id="100" start_line="63" end_line="63" start_column="4" end_column="117" covered="partial" />
          </ranges>
        </function>
        <function id="114464" token="0x600051d" name="Equals(object)" namespace="FluentValidation.Internal" type_name="AccessorCache.Key&lt;T&gt;" block_coverage="72.73" line_coverage="25.00" blocks_covered="8" blocks_not_covered="3" lines_covered="1" lines_partially_covered="3" lines_not_covered="0">
          <ranges>
            <range source_id="100" start_line="67" end_line="67" start_column="4" end_column="35" covered="yes" />
            <range source_id="100" start_line="67" end_line="67" start_column="36" end_column="49" covered="no" />
            <range source_id="100" start_line="68" end_line="68" start_column="4" end_column="35" covered="yes" />
            <range source_id="100" start_line="68" end_line="68" start_column="36" end_column="48" covered="no" />
            <range source_id="100" start_line="69" end_line="69" start_column="4" end_column="40" covered="yes" />
            <range source_id="100" start_line="69" end_line="69" start_column="41" end_column="54" covered="no" />
            <range source_id="100" start_line="70" end_line="70" start_column="4" end_column="29" covered="yes" />
          </ranges>
        </function>
        <function id="114510" token="0x600051e" name="GetHashCode()" namespace="FluentValidation.Internal" type_name="AccessorCache.Key&lt;T&gt;" block_coverage="75.00" line_coverage="0.00" blocks_covered="6" blocks_not_covered="2" lines_covered="0" lines_partially_covered="1" lines_not_covered="0">
          <ranges>
            <range source_id="100" start_line="75" end_line="75" start_column="5" end_column="146" covered="partial" />
          </ranges>
        </function>
        <function id="114577" token="0x6000520" name="&lt;GetCachedAccessor&gt;b__0(FluentValidation.Internal.AccessorCache.Key&lt;T&gt;)" namespace="FluentValidation.Internal" type_name="AccessorCache.&lt;&gt;c__DisplayClass1_0&lt;T, TProperty&gt;" block_coverage="100.00" line_coverage="100.00" blocks_covered="2" blocks_not_covered="0" lines_covered="1" lines_partially_covered="0" lines_not_covered="0">
          <ranges>
            <range source_id="100" start_line="46" end_line="46" start_column="55" end_column="75" covered="yes" />
          </ranges>
        </function>
        <function id="114598" token="0x6000522" name="&lt;CreateTransformed&gt;g__PropertyFunc|0(T)" namespace="FluentValidation.Internal" type_name="CollectionPropertyRule.&lt;&gt;c__DisplayClass10_0&lt;T, TElement, TOriginal&gt;" block_coverage="0.00" line_coverage="0.00" blocks_covered="0" blocks_not_covered="3" lines_covered="0" lines_partially_covered="0" lines_not_covered="1">
          <ranges>
            <range source_id="101" start_line="72" end_line="72" start_column="4" end_column="42" covered="no" />
          </ranges>
        </function>
        <function id="114632" token="0x6000524" name="&lt;CreateTransformed&gt;g__PropertyFunc|0(T)" namespace="FluentValidation.Internal" type_name="CollectionPropertyRule.&lt;&gt;c__DisplayClass11_0&lt;T, TElement, TOriginal&gt;" block_coverage="0.00" line_coverage="0.00" blocks_covered="0" blocks_not_covered="4" lines_covered="0" lines_partially_covered="0" lines_not_covered="1">
          <ranges>
            <range source_id="101" start_line="85" end_line="85" start_column="4" end_column="80" covered="no" />
          </ranges>
        </function>
        <function id="114707" token="0x6000526" name="&lt;CreateTransformed&gt;b__1(TOriginal)" namespace="FluentValidation.Internal" type_name="CollectionPropertyRule.&lt;&gt;c__DisplayClass11_1&lt;T, TElement, TOriginal&gt;" block_coverage="0.00" line_coverage="0.00" blocks_covered="0" blocks_not_covered="2" lines_covered="0" lines_partially_covered="0" lines_not_covered="1">
          <ranges>
            <range source_id="101" start_line="85" end_line="85" start_column="48" end_column="78" covered="no" />
          </ranges>
        </function>
        <function id="114740" token="0x6000528" name="&lt;Create&gt;b__0(T)" namespace="FluentValidation.Internal" type_name="CollectionPropertyRule.&lt;&gt;c__DisplayClass9_0&lt;T, TElement&gt;" block_coverage="0.00" line_coverage="0.00" blocks_covered="0" blocks_not_covered="2" lines_covered="0" lines_partially_covered="0" lines_not_covered="1">
          <ranges>
            <range source_id="101" start_line="61" end_line="61" start_column="63" end_column="74" covered="no" />
          </ranges>
        </function>
        <function id="114756" token="0x6000529" name="MoveNext()" namespace="FluentValidation.Internal" type_name="CollectionPropertyRule.&lt;FluentValidation-IValidationRuleInternal&lt;T&gt;-ValidateAsync&gt;d__12&lt;T, TElement&gt;" block_coverage="0.00" line_coverage="0.00" blocks_covered="0" blocks_not_covered="135" lines_covered="0" lines_partially_covered="0" lines_not_covered="63">
          <ranges>
            <range source_id="101" start_line="92" end_line="92" start_column="3" end_column="48" covered="no" />
            <range source_id="101" start_line="94" end_line="94" start_column="3" end_column="51" covered="no" />
            <range source_id="101" start_line="96" end_line="96" start_column="4" end_column="31" covered="no" />
            <range source_id="101" start_line="100" end_line="100" start_column="3" end_column="94" covered="no" />
            <range source_id="101" start_line="102" end_line="102" start_column="3" end_column="42" covered="no" />
            <range source_id="101" start_line="103" end_line="103" start_column="4" end_column="49" covered="no" />
            <range source_id="101" start_line="108" end_line="108" start_column="3" end_column="65" covered="no" />
            <range source_id="101" start_line="109" end_line="109" start_column="4" end_column="11" covered="no" />
            <range source_id="101" start_line="112" end_line="112" start_column="3" end_column="25" covered="no" />
            <range source_id="101" start_line="113" end_line="113" start_column="4" end_column="28" covered="no" />
            <range source_id="101" start_line="114" end_line="114" start_column="5" end_column="12" covered="no" />
            <range source_id="101" start_line="118" end_line="118" start_column="3" end_column="30" covered="no" />
            <range source_id="101" start_line="119" end_line="119" start_column="4" end_column="17" covered="no" />
            <range source_id="101" start_line="120" end_line="120" start_column="5" end_column="54" covered="no" />
            <range source_id="101" start_line="121" end_line="121" start_column="6" end_column="13" covered="no" />
            <range source_id="101" start_line="125" end_line="125" start_column="5" end_column="61" covered="no" />
            <range source_id="101" start_line="129" end_line="129" start_column="3" end_column="95" covered="no" />
            <range source_id="101" start_line="131" end_line="131" start_column="3" end_column="37" covered="no" />
            <range source_id="101" start_line="133" end_line="133" start_column="4" end_column="11" covered="no" />
            <range source_id="101" start_line="136" end_line="136" start_column="3" end_column="29" covered="no" />
            <range source_id="101" start_line="140" end_line="140" start_column="4" end_column="58" covered="no" />
            <range source_id="101" start_line="141" end_line="141" start_column="3" end_column="4" covered="no" />
            <range source_id="101" start_line="142" end_line="142" start_column="3" end_column="37" covered="no" />
            <range source_id="101" start_line="143" end_line="143" start_column="4" end_column="196" covered="no" />
            <range source_id="101" start_line="146" end_line="146" start_column="3" end_column="17" covered="no" />
            <range source_id="101" start_line="147" end_line="147" start_column="3" end_column="46" covered="no" />
            <range source_id="101" start_line="149" end_line="149" start_column="3" end_column="26" covered="no" />
            <range source_id="101" start_line="150" end_line="150" start_column="4" end_column="43" covered="no" />
            <range source_id="101" start_line="151" end_line="151" start_column="5" end_column="97" covered="no" />
            <range source_id="101" start_line="154" end_line="154" start_column="28" end_column="38" covered="no" />
            <range source_id="101" start_line="154" end_line="154" start_column="13" end_column="24" covered="no" />
            <range source_id="101" start_line="155" end_line="155" start_column="5" end_column="25" covered="no" />
            <range source_id="101" start_line="157" end_line="157" start_column="5" end_column="44" covered="no" />
            <range source_id="101" start_line="161" end_line="161" start_column="5" end_column="39" covered="no" />
            <range source_id="101" start_line="162" end_line="162" start_column="5" end_column="39" covered="no" />
            <range source_id="101" start_line="164" end_line="164" start_column="5" end_column="30" covered="no" />
            <range source_id="101" start_line="165" end_line="165" start_column="6" end_column="85" covered="no" />
            <range source_id="101" start_line="166" end_line="166" start_column="6" end_column="36" covered="no" />
            <range source_id="101" start_line="169" end_line="169" start_column="5" end_column="50" covered="no" />
            <range source_id="101" start_line="170" end_line="170" start_column="5" end_column="45" covered="no" />
            <range source_id="101" start_line="171" end_line="171" start_column="5" end_column="70" covered="no" />
            <range source_id="101" start_line="173" end_line="173" start_column="5" end_column="35" covered="no" />
            <range source_id="101" start_line="174" end_line="174" start_column="5" end_column="57" covered="no" />
            <range source_id="101" start_line="175" end_line="175" start_column="5" end_column="53" covered="no" />
            <range source_id="101" start_line="176" end_line="176" start_column="5" end_column="90" covered="no" />
            <range source_id="101" start_line="178" end_line="178" start_column="31" end_column="49" covered="no" />
            <range source_id="101" start_line="178" end_line="178" start_column="14" end_column="27" covered="no" />
            <range source_id="101" start_line="179" end_line="179" start_column="6" end_column="39" covered="no" />
            <range source_id="101" start_line="180" end_line="180" start_column="6" end_column="72" covered="no" />
            <range source_id="101" start_line="182" end_line="182" start_column="6" end_column="99" covered="no" />
            <range source_id="101" start_line="184" end_line="184" start_column="6" end_column="17" covered="no" />
            <range source_id="101" start_line="185" end_line="185" start_column="7" end_column="75" covered="no" />
            <range source_id="101" start_line="186" end_line="186" start_column="7" end_column="80" covered="no" />
            <range source_id="101" start_line="187" end_line="187" start_column="7" end_column="37" covered="no" />
            <range source_id="101" start_line="192" end_line="192" start_column="6" end_column="85" covered="no" />
            <range source_id="101" start_line="193" end_line="193" start_column="7" end_column="30" covered="no" />
            <range source_id="101" start_line="194" end_line="194" start_column="7" end_column="26" covered="no" />
            <range source_id="101" start_line="196" end_line="196" start_column="5" end_column="6" covered="no" />
            <range source_id="101" start_line="178" end_line="178" start_column="28" end_column="30" covered="no" />
            <range source_id="101" start_line="198" end_line="198" start_column="5" end_column="28" covered="no" />
            <range source_id="101" start_line="199" end_line="199" start_column="4" end_column="5" covered="no" />
            <range source_id="101" start_line="154" end_line="154" start_column="25" end_column="27" covered="no" />
            <range source_id="101" start_line="204" end_line="204" start_column="3" end_column="73" covered="no" />
            <range source_id="101" start_line="205" end_line="205" start_column="34" end_column="48" covered="no" />
            <range source_id="101" start_line="205" end_line="205" start_column="13" end_column="30" covered="no" />
            <range source_id="101" start_line="206" end_line="206" start_column="5" end_column="49" covered="no" />
            <range source_id="101" start_line="207" end_line="207" start_column="5" end_column="72" covered="no" />
            <range source_id="101" start_line="205" end_line="205" start_column="31" end_column="33" covered="no" />
            <range source_id="101" start_line="210" end_line="210" start_column="2" end_column="3" covered="no" />
          </ranges>
        </function>
        <function id="116660" token="0x600052b" name="MoveNext()" namespace="FluentValidation.Internal" type_name="CollectionPropertyRule.&lt;GetValidatorsToExecuteAsync&gt;d__14&lt;T, TElement&gt;" block_coverage="0.00" line_coverage="0.00" blocks_covered="0" blocks_not_covered="28" lines_covered="0" lines_partially_covered="0" lines_not_covered="13">
          <ranges>
            <range source_id="101" start_line="224" end_line="224" start_column="3" end_column="40" covered="no" />
            <range source_id="101" start_line="226" end_line="226" start_column="29" end_column="39" covered="no" />
            <range source_id="101" start_line="226" end_line="226" start_column="12" end_column="25" covered="no" />
            <range source_id="101" start_line="227" end_line="227" start_column="4" end_column="31" covered="no" />
            <range source_id="101" start_line="228" end_line="228" start_column="5" end_column="45" covered="no" />
            <range source_id="101" start_line="229" end_line="229" start_column="6" end_column="35" covered="no" />
            <range source_id="101" start_line="233" end_line="233" start_column="4" end_column="36" covered="no" />
            <range source_id="101" start_line="234" end_line="234" start_column="5" end_column="18" covered="no" />
            <range source_id="101" start_line="235" end_line="235" start_column="6" end_column="71" covered="no" />
            <range source_id="101" start_line="236" end_line="236" start_column="7" end_column="36" covered="no" />
            <range source_id="101" start_line="240" end_line="240" start_column="6" end_column="62" covered="no" />
            <range source_id="101" start_line="243" end_line="243" start_column="3" end_column="4" covered="no" />
            <range source_id="101" start_line="226" end_line="226" start_column="26" end_column="28" covered="no" />
            <range source_id="101" start_line="245" end_line="245" start_column="3" end_column="21" covered="no" />
            <range source_id="101" start_line="246" end_line="246" start_column="2" end_column="3" covered="no" />
          </ranges>
        </function>
        <function id="117170" token="0x600052e" name="&lt;CanExecute&gt;b__0(FluentValidation.Internal.IValidatorSelector)" namespace="FluentValidation.Internal" type_name="CompositeValidatorSelector.&lt;&gt;c__DisplayClass2_0" block_coverage="0.00" line_coverage="0.00" blocks_covered="0" blocks_not_covered="2" lines_covered="0" lines_partially_covered="0" lines_not_covered="1">
          <ranges>
            <range source_id="102" start_line="32" end_line="32" start_column="30" end_column="71" covered="no" />
          </ranges>
        </function>
        <function id="117204" token="0x6000530" name="&lt;When&gt;g__Condition|0(FluentValidation.IValidationContext)" namespace="FluentValidation.Internal" type_name="ConditionBuilder.&lt;&gt;c__DisplayClass2_0&lt;T&gt;" block_coverage="0.00" line_coverage="0.00" blocks_covered="0" blocks_not_covered="25" lines_covered="0" lines_partially_covered="0" lines_not_covered="13">
          <ranges>
            <range source_id="103" start_line="51" end_line="51" start_column="4" end_column="79" covered="no" />
            <range source_id="103" start_line="53" end_line="53" start_column="4" end_column="49" covered="no" />
            <range source_id="103" start_line="54" end_line="54" start_column="5" end_column="83" covered="no" />
            <range source_id="103" start_line="55" end_line="55" start_column="6" end_column="87" covered="no" />
            <range source_id="103" start_line="56" end_line="56" start_column="7" end_column="21" covered="no" />
            <range source_id="103" start_line="61" end_line="61" start_column="4" end_column="85" covered="no" />
            <range source_id="103" start_line="62" end_line="62" start_column="4" end_column="49" covered="no" />
            <range source_id="103" start_line="63" end_line="63" start_column="5" end_column="83" covered="no" />
            <range source_id="103" start_line="64" end_line="64" start_column="6" end_column="75" covered="no" />
            <range source_id="103" start_line="67" end_line="69" start_column="6" end_column="9" covered="no" />
            <range source_id="103" start_line="72" end_line="72" start_column="4" end_column="27" covered="no" />
          </ranges>
        </function>
        <function id="117389" token="0x6000532" name="&lt;Unless&gt;b__0(T, FluentValidation.ValidationContext&lt;T&gt;)" namespace="FluentValidation.Internal" type_name="ConditionBuilder.&lt;&gt;c__DisplayClass3_0&lt;T&gt;" block_coverage="0.00" line_coverage="0.00" blocks_covered="0" blocks_not_covered="2" lines_covered="0" lines_partially_covered="0" lines_not_covered="1">
          <ranges>
            <range source_id="103" start_line="89" end_line="89" start_column="31" end_column="53" covered="no" />
          </ranges>
        </function>
        <function id="117600" token="0x6000537" name="MoveNext()" namespace="FluentValidation.Internal" type_name="AsyncConditionOtherwiseBuilder.&lt;&lt;Otherwise&gt;b__3_0&gt;d&lt;T&gt;" block_coverage="0.00" line_coverage="0.00" blocks_covered="0" blocks_not_covered="3" lines_covered="0" lines_partially_covered="0" lines_not_covered="1">
          <ranges>
            <range source_id="103" start_line="201" end_line="201" start_column="54" end_column="80" covered="no" />
          </ranges>
        </function>
        <function id="117838" token="0x600053b" name="&lt;.ctor&gt;b__0_0(T)" namespace="FluentValidation.Internal" type_name="IncludeRule.&lt;&gt;c&lt;T&gt;" block_coverage="0.00" line_coverage="0.00" blocks_covered="0" blocks_not_covered="1" lines_covered="0" lines_partially_covered="0" lines_not_covered="1">
          <ranges>
            <range source_id="107" start_line="21" end_line="21" start_column="21" end_column="22" covered="no" />
          </ranges>
        </function>
        <function id="117841" token="0x600053c" name="&lt;.ctor&gt;b__1_0(T)" namespace="FluentValidation.Internal" type_name="IncludeRule.&lt;&gt;c&lt;T&gt;" block_coverage="0.00" line_coverage="0.00" blocks_covered="0" blocks_not_covered="1" lines_covered="0" lines_partially_covered="0" lines_not_covered="1">
          <ranges>
            <range source_id="107" start_line="33" end_line="33" start_column="21" end_column="22" covered="no" />
          </ranges>
        </function>
        <function id="117852" token="0x600053e" name="&lt;Create&gt;b__0(FluentValidation.ValidationContext&lt;T&gt;, T)" namespace="FluentValidation.Internal" type_name="IncludeRule.&lt;&gt;c__DisplayClass3_0&lt;T, TValidator&gt;" block_coverage="0.00" line_coverage="0.00" blocks_covered="0" blocks_not_covered="3" lines_covered="0" lines_partially_covered="0" lines_not_covered="1">
          <ranges>
            <range source_id="107" start_line="52" end_line="52" start_column="41" end_column="69" covered="no" />
          </ranges>
        </function>
        <function id="117876" token="0x600053f" name="MoveNext()" namespace="FluentValidation.Internal" type_name="IncludeRule.&lt;ValidateAsync&gt;d__4&lt;T&gt;" block_coverage="0.00" line_coverage="0.00" blocks_covered="0" blocks_not_covered="13" lines_covered="0" lines_partially_covered="0" lines_not_covered="7">
          <ranges>
            <range source_id="107" start_line="63" end_line="63" start_column="3" end_column="112" covered="no" />
            <range source_id="107" start_line="65" end_line="65" start_column="3" end_column="25" covered="no" />
            <range source_id="107" start_line="66" end_line="66" start_column="4" end_column="82" covered="no" />
            <range source_id="107" start_line="69" end_line="69" start_column="3" end_column="61" covered="no" />
            <range source_id="107" start_line="71" end_line="71" start_column="3" end_column="25" covered="no" />
            <range source_id="107" start_line="72" end_line="72" start_column="4" end_column="82" covered="no" />
            <range source_id="107" start_line="74" end_line="74" start_column="2" end_column="3" covered="no" />
          </ranges>
        </function>
        <function id="118210" token="0x6000543" name="&lt;CanExecute&gt;b__6_0(string)" namespace="FluentValidation.Internal" type_name="MemberNameValidatorSelector.&lt;&gt;c" block_coverage="0.00" line_coverage="0.00" blocks_covered="0" blocks_not_covered="2" lines_covered="0" lines_partially_covered="0" lines_not_covered="1">
          <ranges>
            <range source_id="108" start_line="67" end_line="67" start_column="66" end_column="81" covered="no" />
          </ranges>
        </function>
        <function id="118240" token="0x6000546" name="&lt;FromExpression&gt;b__4_0(System.Linq.Expressions.Expression)" namespace="FluentValidation.Internal" type_name="PropertyChain.&lt;&gt;c" block_coverage="50.00" line_coverage="66.67" blocks_covered="2" blocks_not_covered="2" lines_covered="2" lines_partially_covered="0" lines_not_covered="1">
          <ranges>
            <range source_id="111" start_line="65" end_line="65" start_column="4" end_column="36" covered="yes" />
            <range source_id="111" start_line="66" end_line="66" start_column="5" end_column="68" covered="no" />
            <range source_id="111" start_line="69" end_line="69" start_column="4" end_column="40" covered="yes" />
          </ranges>
        </function>
        <function id="118281" token="0x6000548" name="&lt;Create&gt;b__0(T)" namespace="FluentValidation.Internal" type_name="PropertyRule.&lt;&gt;c__DisplayClass1_0&lt;T, TProperty&gt;" block_coverage="100.00" line_coverage="100.00" blocks_covered="2" blocks_not_covered="0" lines_covered="1" lines_partially_covered="0" lines_not_covered="0">
          <ranges>
            <range source_id="112" start_line="43" end_line="43" start_column="54" end_column="65" covered="yes" />
          </ranges>
        </function>
        <function id="118303" token="0x600054a" name="&lt;Create&gt;g__PropertyFunc|0(T)" namespace="FluentValidation.Internal" type_name="PropertyRule.&lt;&gt;c__DisplayClass2_0&lt;T, TProperty, TOld&gt;" block_coverage="0.00" line_coverage="0.00" blocks_covered="0" blocks_not_covered="3" lines_covered="0" lines_partially_covered="0" lines_not_covered="1">
          <ranges>
            <range source_id="112" start_line="54" end_line="54" start_column="7" end_column="38" covered="no" />
          </ranges>
        </function>
        <function id="118336" token="0x600054c" name="&lt;Create&gt;g__PropertyFunc|0(T)" namespace="FluentValidation.Internal" type_name="PropertyRule.&lt;&gt;c__DisplayClass3_0&lt;T, TProperty, TOld&gt;" block_coverage="0.00" line_coverage="0.00" blocks_covered="0" blocks_not_covered="3" lines_covered="0" lines_partially_covered="0" lines_not_covered="1">
          <ranges>
            <range source_id="112" start_line="67" end_line="67" start_column="7" end_column="48" covered="no" />
          </ranges>
        </function>
        <function id="118364" token="0x600054d" name="MoveNext()" namespace="FluentValidation.Internal" type_name="PropertyRule.&lt;ValidateAsync&gt;d__4&lt;T, TProperty&gt;" block_coverage="58.00" line_coverage="58.70" blocks_covered="58" blocks_not_covered="42" lines_covered="27" lines_partially_covered="2" lines_not_covered="17">
          <ranges>
            <range source_id="112" start_line="85" end_line="85" start_column="3" end_column="48" covered="yes" />
            <range source_id="112" start_line="87" end_line="87" start_column="3" end_column="51" covered="partial" />
            <range source_id="112" start_line="89" end_line="89" start_column="4" end_column="31" covered="no" />
            <range source_id="112" start_line="93" end_line="93" start_column="3" end_column="94" covered="partial" />
            <range source_id="112" start_line="97" end_line="97" start_column="3" end_column="65" covered="yes" />
            <range source_id="112" start_line="98" end_line="98" start_column="4" end_column="11" covered="no" />
            <range source_id="112" start_line="101" end_line="101" start_column="3" end_column="25" covered="yes" />
            <range source_id="112" start_line="102" end_line="102" start_column="4" end_column="28" covered="no" />
            <range source_id="112" start_line="103" end_line="103" start_column="5" end_column="12" covered="no" />
            <range source_id="112" start_line="107" end_line="107" start_column="3" end_column="30" covered="yes" />
            <range source_id="112" start_line="108" end_line="108" start_column="4" end_column="17" covered="no" />
            <range source_id="112" start_line="109" end_line="109" start_column="5" end_column="54" covered="no" />
            <range source_id="112" start_line="110" end_line="110" start_column="6" end_column="13" covered="no" />
            <range source_id="112" start_line="114" end_line="114" start_column="5" end_column="61" covered="no" />
            <range source_id="112" start_line="118" end_line="118" start_column="3" end_column="21" covered="yes" />
            <range source_id="112" start_line="119" end_line="119" start_column="3" end_column="44" covered="yes" />
            <range source_id="112" start_line="121" end_line="121" start_column="3" end_column="29" covered="yes" />
            <range source_id="112" start_line="122" end_line="122" start_column="3" end_column="46" covered="yes" />
            <range source_id="112" start_line="124" end_line="124" start_column="3" end_column="88" covered="yes" />
            <range source_id="112" start_line="127" end_line="127" start_column="29" end_column="39" covered="yes" />
            <range source_id="112" start_line="127" end_line="127" start_column="12" end_column="25" covered="yes" />
            <range source_id="112" start_line="128" end_line="128" start_column="4" end_column="48" covered="yes" />
            <range source_id="112" start_line="129" end_line="129" start_column="4" end_column="37" covered="yes" />
            <range source_id="112" start_line="131" end_line="131" start_column="4" end_column="44" covered="yes" />
            <range source_id="112" start_line="135" end_line="135" start_column="4" end_column="36" covered="yes" />
            <range source_id="112" start_line="136" end_line="136" start_column="5" end_column="18" covered="no" />
            <range source_id="112" start_line="137" end_line="137" start_column="6" end_column="71" covered="no" />
            <range source_id="112" start_line="138" end_line="138" start_column="7" end_column="16" covered="no" />
            <range source_id="112" start_line="142" end_line="142" start_column="6" end_column="62" covered="no" />
            <range source_id="112" start_line="146" end_line="146" start_column="4" end_column="14" covered="yes" />
            <range source_id="112" start_line="147" end_line="147" start_column="5" end_column="19" covered="yes" />
            <range source_id="112" start_line="149" end_line="149" start_column="6" end_column="59" covered="yes" />
            <range source_id="112" start_line="150" end_line="150" start_column="5" end_column="6" covered="yes" />
            <range source_id="112" start_line="151" end_line="151" start_column="5" end_column="39" covered="no" />
            <range source_id="112" start_line="152" end_line="152" start_column="6" end_column="198" covered="no" />
            <range source_id="112" start_line="156" end_line="156" start_column="4" end_column="91" covered="yes" />
            <range source_id="112" start_line="158" end_line="158" start_column="4" end_column="15" covered="yes" />
            <range source_id="112" start_line="159" end_line="159" start_column="5" end_column="67" covered="yes" />
            <range source_id="112" start_line="160" end_line="160" start_column="5" end_column="72" covered="yes" />
            <range source_id="112" start_line="161" end_line="161" start_column="5" end_column="35" covered="yes" />
            <range source_id="112" start_line="166" end_line="166" start_column="4" end_column="78" covered="yes" />
            <range source_id="112" start_line="169" end_line="169" start_column="3" end_column="4" covered="yes" />
            <range source_id="112" start_line="127" end_line="127" start_column="26" end_column="28" covered="yes" />
            <range source_id="112" start_line="171" end_line="171" start_column="3" end_column="73" covered="yes" />
            <range source_id="112" start_line="172" end_line="172" start_column="34" end_column="48" covered="no" />
            <range source_id="112" start_line="172" end_line="172" start_column="13" end_column="30" covered="no" />
            <range source_id="112" start_line="173" end_line="173" start_column="5" end_column="49" covered="no" />
            <range source_id="112" start_line="174" end_line="174" start_column="5" end_column="72" covered="no" />
            <range source_id="112" start_line="172" end_line="172" start_column="31" end_column="33" covered="no" />
            <range source_id="112" start_line="177" end_line="177" start_column="2" end_column="3" covered="yes" />
          </ranges>
        </function>
        <function id="119882" token="0x6000551" name="&lt;set_CascadeMode&gt;b__43_0()" namespace="FluentValidation.Internal" type_name="RuleBase.&lt;&gt;c&lt;T, TProperty, TValue&gt;" block_coverage="0.00" line_coverage="0.00" blocks_covered="0" blocks_not_covered="1" lines_covered="0" lines_partially_covered="0" lines_not_covered="1">
          <ranges>
            <range source_id="113" start_line="121" end_line="121" start_column="13" end_column="29" covered="no" />
          </ranges>
        </function>
        <function id="119893" token="0x6000553" name="&lt;set_CascadeMode&gt;b__1()" namespace="FluentValidation.Internal" type_name="RuleBase.&lt;&gt;c__DisplayClass43_0&lt;T, TProperty, TValue&gt;" block_coverage="0.00" line_coverage="0.00" blocks_covered="0" blocks_not_covered="1" lines_covered="0" lines_partially_covered="0" lines_not_covered="1">
          <ranges>
            <range source_id="113" start_line="122" end_line="122" start_column="13" end_column="18" covered="no" />
          </ranges>
        </function>
        <function id="119909" token="0x6000555" name="&lt;.ctor&gt;b__0(FluentValidation.ValidationContext&lt;T&gt;)" namespace="FluentValidation.Internal" type_name="RuleBase.&lt;&gt;c__DisplayClass44_0&lt;T, TProperty, TValue&gt;" block_coverage="100.00" line_coverage="100.00" blocks_covered="4" blocks_not_covered="0" lines_covered="1" lines_partially_covered="0" lines_not_covered="0">
          <ranges>
            <range source_id="113" start_line="144" end_line="144" start_column="36" end_column="114" covered="yes" />
          </ranges>
        </function>
        <function id="119952" token="0x6000557" name="&lt;ApplySharedCondition&gt;b__0(FluentValidation.ValidationContext&lt;T&gt;)" namespace="FluentValidation.Internal" type_name="RuleBase.&lt;&gt;c__DisplayClass65_0&lt;T, TProperty, TValue&gt;" block_coverage="0.00" line_coverage="0.00" blocks_covered="0" blocks_not_covered="5" lines_covered="0" lines_partially_covered="0" lines_not_covered="1">
          <ranges>
            <range source_id="113" start_line="270" end_line="270" start_column="24" end_column="55" covered="no" />
          </ranges>
        </function>
        <function id="120083" token="0x600055b" name="&lt;SetValidator&gt;b__0(FluentValidation.ValidationContext&lt;T&gt;, TProperty)" namespace="FluentValidation.Internal" type_name="RuleBuilder.&lt;&gt;c__DisplayClass12_0&lt;T, TProperty, TValidator&gt;" block_coverage="0.00" line_coverage="0.00" blocks_covered="0" blocks_not_covered="3" lines_covered="0" lines_partially_covered="0" lines_not_covered="1">
          <ranges>
            <range source_id="114" start_line="78" end_line="78" start_column="72" end_column="117" covered="no" />
          </ranges>
        </function>
        <function id="120115" token="0x600055d" name="&lt;SetValidator&gt;b__0(FluentValidation.ValidationContext&lt;T&gt;, TProperty)" namespace="FluentValidation.Internal" type_name="RuleBuilder.&lt;&gt;c__DisplayClass13_0&lt;T, TProperty, TValidator&gt;" block_coverage="0.00" line_coverage="0.00" blocks_covered="0" blocks_not_covered="3" lines_covered="0" lines_partially_covered="0" lines_not_covered="1">
          <ranges>
            <range source_id="114" start_line="88" end_line="88" start_column="74" end_column="124" covered="no" />
          </ranges>
        </function>
        <function id="120148" token="0x600055f" name="&lt;ApplyCondition&gt;b__0(FluentValidation.ValidationContext&lt;T&gt;)" namespace="FluentValidation.Internal" type_name="RuleComponent.&lt;&gt;c__DisplayClass21_0&lt;T, TProperty&gt;" block_coverage="0.00" line_coverage="0.00" blocks_covered="0" blocks_not_covered="5" lines_covered="0" lines_partially_covered="0" lines_not_covered="1">
          <ranges>
            <range source_id="115" start_line="107" end_line="107" start_column="24" end_column="55" covered="no" />
          </ranges>
        </function>
        <function id="120272" token="0x6000562" name="MoveNext()" namespace="FluentValidation.Internal" type_name="RuleComponent.&lt;InvokeAsyncCondition&gt;d__24&lt;T, TProperty&gt;" block_coverage="0.00" line_coverage="0.00" blocks_covered="0" blocks_not_covered="6" lines_covered="0" lines_partially_covered="0" lines_not_covered="4">
          <ranges>
            <range source_id="115" start_line="134" end_line="134" start_column="3" end_column="31" covered="no" />
            <range source_id="115" start_line="135" end_line="135" start_column="4" end_column="49" covered="no" />
            <range source_id="115" start_line="138" end_line="138" start_column="3" end_column="15" covered="no" />
            <range source_id="115" start_line="139" end_line="139" start_column="2" end_column="3" covered="no" />
          </ranges>
        </function>
        <function id="120500" token="0x6000564" name="MoveNext()" namespace="FluentValidation.Internal" type_name="RuleComponent.&lt;ValidateAsync&gt;d__18&lt;T, TProperty&gt;" block_coverage="40.00" line_coverage="50.00" blocks_covered="6" blocks_not_covered="9" lines_covered="4" lines_partially_covered="0" lines_not_covered="4">
          <ranges>
            <range source_id="115" start_line="67" end_line="67" start_column="3" end_column="16" covered="yes" />
            <range source_id="115" start_line="70" end_line="70" start_column="4" end_column="39" covered="no" />
            <range source_id="115" start_line="71" end_line="71" start_column="5" end_column="77" covered="no" />
            <range source_id="115" start_line="77" end_line="77" start_column="4" end_column="51" covered="no" />
            <range source_id="115" start_line="82" end_line="82" start_column="3" end_column="37" covered="yes" />
            <range source_id="115" start_line="83" end_line="83" start_column="4" end_column="51" covered="yes" />
            <range source_id="115" start_line="88" end_line="88" start_column="3" end_column="59" covered="no" />
            <range source_id="115" start_line="89" end_line="89" start_column="2" end_column="3" covered="yes" />
          </ranges>
        </function>
        <function id="120796" token="0x6000566" name="MoveNext()" namespace="FluentValidation.Internal" type_name="RuleComponentForNullableStruct.&lt;InvokePropertyValidatorAsync&gt;d__11&lt;T, TProperty&gt;" block_coverage="0.00" line_coverage="0.00" blocks_covered="0" blocks_not_covered="8" lines_covered="0" lines_partially_covered="0" lines_not_covered="3">
          <ranges>
            <range source_id="116" start_line="56" end_line="56" start_column="3" end_column="23" covered="no" />
            <range source_id="116" start_line="56" end_line="56" start_column="24" end_column="36" covered="no" />
            <range source_id="116" start_line="57" end_line="57" start_column="3" end_column="89" covered="no" />
            <range source_id="116" start_line="58" end_line="58" start_column="2" end_column="3" covered="no" />
          </ranges>
        </function>
        <function id="121062" token="0x600056a" name="&lt;CanExecute&gt;b__7_0()" namespace="FluentValidation.Internal" type_name="RulesetValidatorSelector.&lt;&gt;c" block_coverage="0.00" line_coverage="0.00" blocks_covered="0" blocks_not_covered="2" lines_covered="0" lines_partially_covered="0" lines_not_covered="1">
          <ranges>
            <range source_id="117" start_line="38" end_line="38" start_column="81" end_column="102" covered="no" />
          </ranges>
        </function>
        <function id="121069" token="0x600056b" name="&lt;LegacyRulesetSplit&gt;b__9_0(string)" namespace="FluentValidation.Internal" type_name="RulesetValidatorSelector.&lt;&gt;c" block_coverage="0.00" line_coverage="0.00" blocks_covered="0" blocks_not_covered="2" lines_covered="0" lines_partially_covered="0" lines_not_covered="1">
          <ranges>
            <range source_id="117" start_line="95" end_line="95" start_column="17" end_column="25" covered="no" />
          </ranges>
        </function>
        <function id="121085" token="0x600056d" name="&lt;CanExecute&gt;b__1(string)" namespace="FluentValidation.Internal" type_name="RulesetValidatorSelector.&lt;&gt;c__DisplayClass7_0" block_coverage="0.00" line_coverage="0.00" blocks_covered="0" blocks_not_covered="2" lines_covered="0" lines_partially_covered="0" lines_not_covered="1">
          <ranges>
            <range source_id="117" start_line="61" end_line="61" start_column="31" end_column="46" covered="no" />
          </ranges>
        </function>
        <function id="121100" token="0x600056e" name="EventDisposable(FluentValidation.Internal.TrackingCollection&lt;T&gt;, System.Action&lt;T&gt;)" namespace="FluentValidation.Internal" type_name="TrackingCollection.EventDisposable&lt;T&gt;" block_coverage="0.00" line_coverage="0.00" blocks_covered="0" blocks_not_covered="2" lines_covered="0" lines_partially_covered="0" lines_not_covered="4">
          <ranges>
            <range source_id="118" start_line="74" end_line="74" start_column="3" end_column="74" covered="no" />
            <range source_id="118" start_line="75" end_line="75" start_column="4" end_column="25" covered="no" />
            <range source_id="118" start_line="76" end_line="76" start_column="4" end_column="27" covered="no" />
            <range source_id="118" start_line="77" end_line="77" start_column="3" end_column="4" covered="no" />
          </ranges>
        </function>
        <function id="121122" token="0x600056f" name="Dispose()" namespace="FluentValidation.Internal" type_name="TrackingCollection.EventDisposable&lt;T&gt;" block_coverage="0.00" line_coverage="0.00" blocks_covered="0" blocks_not_covered="2" lines_covered="0" lines_partially_covered="0" lines_not_covered="2">
          <ranges>
            <range source_id="118" start_line="80" end_line="80" start_column="4" end_column="32" covered="no" />
            <range source_id="118" start_line="81" end_line="81" start_column="3" end_column="4" covered="no" />
          </ranges>
        </function>
        <function id="121141" token="0x6000570" name="CaptureDisposable(FluentValidation.Internal.TrackingCollection&lt;T&gt;, System.Action&lt;T&gt;)" namespace="FluentValidation.Internal" type_name="TrackingCollection.CaptureDisposable&lt;T&gt;" block_coverage="0.00" line_coverage="0.00" blocks_covered="0" blocks_not_covered="2" lines_covered="0" lines_partially_covered="0" lines_not_covered="5">
          <ranges>
            <range source_id="118" start_line="88" end_line="88" start_column="3" end_column="76" covered="no" />
            <range source_id="118" start_line="89" end_line="89" start_column="4" end_column="26" covered="no" />
            <range source_id="118" start_line="90" end_line="90" start_column="4" end_column="32" covered="no" />
            <range source_id="118" start_line="91" end_line="91" start_column="4" end_column="30" covered="no" />
            <range source_id="118" start_line="92" end_line="92" start_column="3" end_column="4" covered="no" />
          </ranges>
        </function>
        <function id="121175" token="0x6000571" name="Dispose()" namespace="FluentValidation.Internal" type_name="TrackingCollection.CaptureDisposable&lt;T&gt;" block_coverage="0.00" line_coverage="0.00" blocks_covered="0" blocks_not_covered="1" lines_covered="0" lines_partially_covered="0" lines_not_covered="2">
          <ranges>
            <range source_id="118" start_line="95" end_line="95" start_column="4" end_column="28" covered="no" />
            <range source_id="118" start_line="96" end_line="96" start_column="3" end_column="4" covered="no" />
          </ranges>
        </function>
        <function id="121196" token="0x6000572" name="MoveNext()" namespace="FluentValidation" type_name="DefaultValidatorExtensions.&lt;&gt;c__DisplayClass70_0.&lt;&lt;CustomAsync&gt;b__0&gt;d&lt;T, TProperty&gt;" block_coverage="0.00" line_coverage="0.00" blocks_covered="0" blocks_not_covered="5" lines_covered="0" lines_partially_covered="0" lines_not_covered="3">
          <ranges>
            <range source_id="3" start_line="1150" end_line="1150" start_column="4" end_column="41" covered="no" />
            <range source_id="3" start_line="1151" end_line="1151" start_column="4" end_column="16" covered="no" />
            <range source_id="3" start_line="1152" end_line="1152" start_column="3" end_column="4" covered="no" />
          </ranges>
        </function>
        <function id="121420" token="0x6000574" name="MoveNext()" namespace="FluentValidation" type_name="DefaultValidatorOptions.&lt;&gt;c__DisplayClass25_0.&lt;&lt;UnlessAsync&gt;b__0&gt;d&lt;T, TProperty&gt;" block_coverage="0.00" line_coverage="0.00" blocks_covered="0" blocks_not_covered="3" lines_covered="0" lines_partially_covered="0" lines_not_covered="1">
          <ranges>
            <range source_id="5" start_line="371" end_line="371" start_column="47" end_column="75" covered="no" />
          </ranges>
        </function>
        <function id="121644" token="0x6000576" name="MoveNext()" namespace="FluentValidation" type_name="DefaultValidatorOptions.&lt;&gt;c__DisplayClass26_0.&lt;&lt;UnlessAsync&gt;b__0&gt;d&lt;T, TProperty&gt;" block_coverage="0.00" line_coverage="0.00" blocks_covered="0" blocks_not_covered="3" lines_covered="0" lines_partially_covered="0" lines_not_covered="1">
          <ranges>
            <range source_id="5" start_line="384" end_line="384" start_column="47" end_column="75" covered="no" />
          </ranges>
        </function>
        <function id="121868" token="0x6000578" name="MoveNext()" namespace="FluentValidation.Internal" type_name="AsyncConditionBuilder.&lt;&gt;c__DisplayClass2_0.&lt;&lt;WhenAsync&gt;g__Condition|0&gt;d&lt;T&gt;" block_coverage="0.00" line_coverage="0.00" blocks_covered="0" blocks_not_covered="29" lines_covered="0" lines_partially_covered="0" lines_not_covered="14">
          <ranges>
            <range source_id="103" start_line="117" end_line="117" start_column="4" end_column="79" covered="no" />
            <range source_id="103" start_line="119" end_line="119" start_column="4" end_column="49" covered="no" />
            <range source_id="103" start_line="120" end_line="120" start_column="5" end_column="83" covered="no" />
            <range source_id="103" start_line="121" end_line="121" start_column="6" end_column="87" covered="no" />
            <range source_id="103" start_line="122" end_line="122" start_column="7" end_column="21" covered="no" />
            <range source_id="103" start_line="127" end_line="127" start_column="4" end_column="133" covered="no" />
            <range source_id="103" start_line="128" end_line="128" start_column="4" end_column="49" covered="no" />
            <range source_id="103" start_line="129" end_line="129" start_column="5" end_column="83" covered="no" />
            <range source_id="103" start_line="130" end_line="130" start_column="6" end_column="75" covered="no" />
            <range source_id="103" start_line="133" end_line="135" start_column="6" end_column="9" covered="no" />
            <range source_id="103" start_line="138" end_line="138" start_column="4" end_column="27" covered="no" />
            <range source_id="103" start_line="139" end_line="139" start_column="3" end_column="4" covered="no" />
          </ranges>
        </function>
        <function id="122344" token="0x600057a" name="MoveNext()" namespace="FluentValidation.Internal" type_name="AsyncConditionBuilder.&lt;&gt;c__DisplayClass3_0.&lt;&lt;UnlessAsync&gt;b__0&gt;d&lt;T&gt;" block_coverage="0.00" line_coverage="0.00" blocks_covered="0" blocks_not_covered="3" lines_covered="0" lines_partially_covered="0" lines_not_covered="1">
          <ranges>
            <range source_id="103" start_line="154" end_line="154" start_column="46" end_column="78" covered="no" />
          </ranges>
        </function>
        <function id="122568" token="0x600057c" name="MoveNext()" namespace="FluentValidation.Internal" type_name="RuleBase.&lt;&gt;c__DisplayClass66_0.&lt;&lt;ApplySharedAsyncCondition&gt;b__0&gt;d&lt;T, TProperty, TValue&gt;" block_coverage="0.00" line_coverage="0.00" blocks_covered="0" blocks_not_covered="3" lines_covered="0" lines_partially_covered="0" lines_not_covered="1">
          <ranges>
            <range source_id="113" start_line="280" end_line="280" start_column="41" end_column="92" covered="no" />
          </ranges>
        </function>
        <function id="122912" token="0x600057e" name="MoveNext()" namespace="FluentValidation.Internal" type_name="RuleComponent.&lt;&gt;c__DisplayClass22_0.&lt;&lt;ApplyAsyncCondition&gt;b__0&gt;d&lt;T, TProperty&gt;" block_coverage="0.00" line_coverage="0.00" blocks_covered="0" blocks_not_covered="3" lines_covered="0" lines_partially_covered="0" lines_not_covered="1">
          <ranges>
            <range source_id="115" start_line="121" end_line="121" start_column="41" end_column="92" covered="no" />
          </ranges>
        </function>
      </functions>
      <source_files>
        <source_file id="0" path="/_/src/FluentValidation/AbstractValidator.cs" checksum_type="SHA256" checksum="51A4F462D6EEAACC1D74F4F4F378BE1B654DF14C1D9CBE88B2434648AEE0C946" />
        <source_file id="1" path="/_/src/FluentValidation/AssemblyScanner.cs" checksum_type="SHA256" checksum="B2D015AEF913CFF5D5F16A2D476F19E1F336D02F373A7EB6A5439ECB02EC8BD3" />
        <source_file id="2" path="/_/src/FluentValidation/AsyncValidatorInvokedSynchronouslyException.cs" checksum_type="SHA256" checksum="8EB12DDE246E58ABB21CC0EB1AB99A66912B5D8F22973C0F4097423C5E98DA59" />
        <source_file id="3" path="/_/src/FluentValidation/DefaultValidatorExtensions.cs" checksum_type="SHA256" checksum="ECFB3AC553B91E5D99F0B7CB4CF01F100ADAB9E395324B1A65664FE22B3764BE" />
        <source_file id="4" path="/_/src/FluentValidation/DefaultValidatorExtensions_Validate.cs" checksum_type="SHA256" checksum="C07D444F100CFEA95B513FDF6439F3F65C31415A05CA4F6054A3BA62C9C1338C" />
        <source_file id="5" path="/_/src/FluentValidation/DefaultValidatorOptions.cs" checksum_type="SHA256" checksum="382A42F8D78F53B04EA779B83CC33C1F41B7718F74CAE7DECBD80A2D656109C0" />
        <source_file id="6" path="/_/src/FluentValidation/InlineValidator.cs" checksum_type="SHA256" checksum="420A916F4184FC4864318878A6D931954CF00200BEBBD9F6CC80E1C126D25FF9" />
        <source_file id="7" path="/_/src/FluentValidation/IValidationContext.cs" checksum_type="SHA256" checksum="4F103F9503DEC9C7C18009CC76CEF6FB7E2EEF262704EE768E8E8C90112B44BF" />
        <source_file id="8" path="/_/src/FluentValidation/ValidationException.cs" checksum_type="SHA256" checksum="9161DA3DA671F777CC03652D39696C23DB97793E37CB97FCB4E1E87234E56322" />
        <source_file id="9" path="/_/src/FluentValidation/ValidatorDescriptor.cs" checksum_type="SHA256" checksum="79BF67F3010246061FD5C9EC1AE8E604621A68EA9BE9AD9B429CBE564BCCBC8B" />
        <source_file id="10" path="/_/src/FluentValidation/ValidatorFactoryBase.cs" checksum_type="SHA256" checksum="3BD18A68BBE31212110953FD67F7946F838F4822408C183A4D500A52F879E0BA" />
        <source_file id="11" path="/_/src/FluentValidation/ValidatorOptions.cs" checksum_type="SHA256" checksum="D1E5036273D32FF6A19A277AAB1125B13772494966CFD68B1DB66944B48D927C" />
        <source_file id="12" path="/_/src/FluentValidation/Validators/AbstractComparisonValidator.cs" checksum_type="SHA256" checksum="777E2BFA9BAF21AB57A82872F104C84F55B45E42D98AA2DC4D0ECBBCF865BA02" />
        <source_file id="13" path="/_/src/FluentValidation/Validators/AsyncPredicateValidator.cs" checksum_type="SHA256" checksum="13CE3EEAB688839AEB96B65179A6A3D7C82850AEC0BB18D410C976F2A4BFE1FD" />
        <source_file id="14" path="/_/src/FluentValidation/Validators/AsyncPropertyValidator.cs" checksum_type="SHA256" checksum="2EA8464A031969AC126FF8E9449D9A32E64D24E2EEB7C3CFDA2739F527FD9862" />
        <source_file id="15" path="/_/src/FluentValidation/Validators/ChildValidatorAdaptor.cs" checksum_type="SHA256" checksum="C316A03A65D89BE93AC3EE34550386607D717C19CA9B4828CD925E867417AA7A" />
        <source_file id="16" path="/_/src/FluentValidation/Validators/ComparableComparer.cs" checksum_type="SHA256" checksum="D590043840DCB91FE53C0862AAFD8D4900AEE3C8D3CB1A7E6B07432ABBD11168" />
        <source_file id="17" path="/_/src/FluentValidation/Validators/CreditCardValidator.cs" checksum_type="SHA256" checksum="372B422F6F1F77FAD1066E55427E024DFBB1DD1476E6EF4CCE07C4AD6F38B348" />
        <source_file id="18" path="/_/src/FluentValidation/Validators/EmailValidator.cs" checksum_type="SHA256" checksum="14CFC79F01B30EC11BC4BCE415C6ABF0BCEA6DFA0CA32470C9BCEB10784A0417" />
        <source_file id="19" path="/_/src/FluentValidation/Validators/EmptyValidator.cs" checksum_type="SHA256" checksum="71DD9116006B5205B39146DC9ABDA3A6284B526E8119E2ECCB1787530DE8FE34" />
        <source_file id="20" path="/_/src/FluentValidation/Validators/EnumValidator.cs" checksum_type="SHA256" checksum="E8067ED84EEE232CCF50B9A05C3048648F1E947EE719CA06D99FE33B6C772EAF" />
        <source_file id="21" path="/_/src/FluentValidation/Validators/EqualValidator.cs" checksum_type="SHA256" checksum="5A2782ECA860766D2C47EA4317AD2686D44BC9F9AB866E1F01EB55F63E549B7D" />
        <source_file id="22" path="/_/src/FluentValidation/Validators/ExclusiveBetweenValidator.cs" checksum_type="SHA256" checksum="AC65ED95AA2FE9A42A0CA1AE9CCD4D2AB1647FC59F6A9C0C2125730577623FC3" />
        <source_file id="23" path="/_/src/FluentValidation/Validators/GreaterThanOrEqualValidator.cs" checksum_type="SHA256" checksum="7AB9430E54E4D7065D2013A8FDEBCFB5567C11D74D29430922A5432367DCB338" />
        <source_file id="24" path="/_/src/FluentValidation/Validators/GreaterThanValidator.cs" checksum_type="SHA256" checksum="2DF4A9676761ACA1B8350F8EE8BC8E984BD7B0EF7E57B246F71C62A5333EF124" />
        <source_file id="25" path="/_/src/FluentValidation/Validators/InclusiveBetweenValidator.cs" checksum_type="SHA256" checksum="54F129AD7FE83FDF4DDB0994DF56BAC4D7AC9FE5DAEE2B7E486219E383E88A99" />
        <source_file id="26" path="/_/src/FluentValidation/Validators/LengthValidator.cs" checksum_type="SHA256" checksum="98E31C3F6ECFF022E01ED9A79672C2E9D1A9C25D2DC1708C1F297150E0CE0B55" />
        <source_file id="27" path="/_/src/FluentValidation/Validators/LessThanOrEqualValidator.cs" checksum_type="SHA256" checksum="09A404798B9787A67297FBC4D68C1A890658D78C987E0C96720CE5AE2A4BDB5A" />
        <source_file id="28" path="/_/src/FluentValidation/Validators/LessThanValidator.cs" checksum_type="SHA256" checksum="70CD1BBDBDEECF447FA0857E664F4C8EFEC43776A1C4E2F60D2047898790C389" />
        <source_file id="29" path="/_/src/FluentValidation/Validators/NoopPropertyValidator.cs" checksum_type="SHA256" checksum="F4A531562AFA3AC11082727A3A8907CBB13C866A6777F9EC22820CE04B7F040E" />
        <source_file id="30" path="/_/src/FluentValidation/Validators/NotEmptyValidator.cs" checksum_type="SHA256" checksum="97A4DD476614D895DE33CEC644DE72B8F7419B7114724F89D832919851E04FDE" />
        <source_file id="31" path="/_/src/FluentValidation/Validators/NotEqualValidator.cs" checksum_type="SHA256" checksum="CCC600016AA30F7E2349128435E8F0C59DD3FBD50F9E17B917C9AEDD1901AE81" />
        <source_file id="32" path="/_/src/FluentValidation/Validators/NotNullValidator.cs" checksum_type="SHA256" checksum="E898BA279BD23B476856399C9AB3061F092304C26D60E82F09F279D9FC011EFE" />
        <source_file id="33" path="/_/src/FluentValidation/Validators/NullValidator.cs" checksum_type="SHA256" checksum="4BE74F7ED8463FF6FF5B4CA049D8D04A53CD6FFE5D54F3599015E3AA41FDCEEE" />
        <source_file id="34" path="/_/src/FluentValidation/Validators/PolymorphicValidator.cs" checksum_type="SHA256" checksum="C4204ED34B4F5A85A6E7E29A09DBDDF8B2F5BC6CB81F311ED561D0083BC90766" />
        <source_file id="35" path="/_/src/FluentValidation/Validators/PredicateValidator.cs" checksum_type="SHA256" checksum="CA1C16B5AC8644A8001E026B177183D85410AF3D56E7609CE65B5D373686BABC" />
        <source_file id="36" path="/_/src/FluentValidation/Validators/PropertyValidator.cs" checksum_type="SHA256" checksum="EF5B133A8F99214FD0EE743DE78FA3FC59E1C8F0FC4B09623F9BC33EF8F81390" />
        <source_file id="37" path="/_/src/FluentValidation/Validators/RangeValidator.cs" checksum_type="SHA256" checksum="A87051636682145B2020C9D57430A6D0EF87FECCF45885E20FDB6461F3DBC64E" />
        <source_file id="38" path="/_/src/FluentValidation/Validators/RegularExpressionValidator.cs" checksum_type="SHA256" checksum="09B78E6B085D46153E5505003A8BCE73E59F2FCFA3A6BA6B5B697C55F923D5AC" />
        <source_file id="39" path="/_/src/FluentValidation/Validators/ScalePrecisionValidator.cs" checksum_type="SHA256" checksum="9E45A3CB58835167701E10AB9942993C551A58441A05195A5E4247051558371D" />
        <source_file id="40" path="/_/src/FluentValidation/Validators/StringEnumValidator.cs" checksum_type="SHA256" checksum="1D0D0DF3883B308359A70C9D6A6BB9303B08590609C9FF7AFBEE02795D9E36F5" />
        <source_file id="41" path="/_/src/FluentValidation/TestHelper/ITestValidationContinuation.cs" checksum_type="SHA256" checksum="4160FD2591BA48EDE431E3D164241F1773257BA357450017FB86231BBE0507AE" />
        <source_file id="42" path="/_/src/FluentValidation/TestHelper/TestValidationResult.cs" checksum_type="SHA256" checksum="00FF2177211ADD2760D1A2E902ED8C5DA398502B533B93F1B6F0A7557FE18506" />
        <source_file id="43" path="/_/src/FluentValidation/TestHelper/ValidationTestException.cs" checksum_type="SHA256" checksum="BD899915A66F16CA53618A13DBC2DCABC493B484750984F8D5BAA18E9ABEDEB4" />
        <source_file id="44" path="/_/src/FluentValidation/TestHelper/ValidatorTestExtensions.cs" checksum_type="SHA256" checksum="457E11008F346F5132B5503C29EDDAB87B9ADD2A1F47276B1C597CBE5EC772F7" />
        <source_file id="45" path="/_/src/FluentValidation/Results/ValidationFailure.cs" checksum_type="SHA256" checksum="3520BF5C151BBC5AED94BA6A0B0EA6097EAAEE2B96FE96341613FEF02BE1CC54" />
        <source_file id="46" path="/_/src/FluentValidation/Results/ValidationResult.cs" checksum_type="SHA256" checksum="8BB416A50D48779303636AE22013C47CC636987118E78A2CF94D52C71EEAA577" />
        <source_file id="47" path="/_/src/FluentValidation/Resources/LanguageManager.cs" checksum_type="SHA256" checksum="D800F351BCBF93E7448B3153B8717055784A1E4E2578D767553953A7FD7D2DD0" />
        <source_file id="48" path="/_/src/FluentValidation/Resources/Languages/AlbanianLanguage.cs" checksum_type="SHA256" checksum="D2AAABED0A37BDB8C90BD7F5F1DDD59F6581B7A62736C6B36B350522C3887BF8" />
        <source_file id="49" path="/_/src/FluentValidation/Resources/Languages/ArabicLanguage.cs" checksum_type="SHA256" checksum="4CBB5994DA0D7D6C03BCFD71B360474C9AECE51CBD9A904D8A34CA79F1C29985" />
        <source_file id="50" path="/_/src/FluentValidation/Resources/Languages/AzerbaijaneseLanguage.cs" checksum_type="SHA256" checksum="767A3CD562CB4D595180E0E5862B88270D1A65BF2A34C7E075DCC0CAAD72398A" />
        <source_file id="51" path="/_/src/FluentValidation/Resources/Languages/BengaliLanguage.cs" checksum_type="SHA256" checksum="37AC814E86E049C35BC665E16A398EDECA7EA84D1DD353E4E9E551835CA6A9E1" />
        <source_file id="52" path="/_/src/FluentValidation/Resources/Languages/BosnianLanguage.cs" checksum_type="SHA256" checksum="9E3538177DEEDFB7BD15D47F2515F029F53D9C42630C468B784D7DB92319BAAA" />
        <source_file id="53" path="/_/src/FluentValidation/Resources/Languages/BulgarianLanguage.cs" checksum_type="SHA256" checksum="7639830412E5B4C65154E011D7373C8B7E6BADD991620895F375C6F57A1E2FB8" />
        <source_file id="54" path="/_/src/FluentValidation/Resources/Languages/CatalanLanguage.cs" checksum_type="SHA256" checksum="4E5472E388DC547D9546EF19537B085586F1C57370E8EBB51B0AF67511B9B430" />
        <source_file id="55" path="/_/src/FluentValidation/Resources/Languages/ChineseSimplifiedLanguage.cs" checksum_type="SHA256" checksum="466EE76F68625EC82D009E90884DA76B9A4E26DD648AAA188FAF561AEAC1135F" />
        <source_file id="56" path="/_/src/FluentValidation/Resources/Languages/ChineseTraditionalLanguage.cs" checksum_type="SHA256" checksum="942044D5F60576AC2BEFEAE49756E1CE0FB6EDD7C8B31C5AA810B7B96C7FA533" />
        <source_file id="57" path="/_/src/FluentValidation/Resources/Languages/CroatianLanguage.cs" checksum_type="SHA256" checksum="B25BEB329130351E61B69F6F9F94F5250AB8828E6FF70F7BE3F6243CCEE7F306" />
        <source_file id="58" path="/_/src/FluentValidation/Resources/Languages/CzechLanguage.cs" checksum_type="SHA256" checksum="244A1607E00A1469A68AD517DBEE788B36C177E779DE3B11C3D569CD2E0E6B67" />
        <source_file id="59" path="/_/src/FluentValidation/Resources/Languages/DanishLanguage.cs" checksum_type="SHA256" checksum="7EBBDDE269910CD939236565E3DFDBA2507E1472052013D8571B683D0472CF87" />
        <source_file id="60" path="/_/src/FluentValidation/Resources/Languages/DutchLanguage.cs" checksum_type="SHA256" checksum="7D98126F655BF89CDFC82E6BAAAECBDF2597F958C2658836AEFA2296F33233A5" />
        <source_file id="61" path="/_/src/FluentValidation/Resources/Languages/EnglishLanguage.cs" checksum_type="SHA256" checksum="F721C7CB804E0FD89A0E262BCC8166262DF28BBB9AAE4AB5118A5D848E1A1A57" />
        <source_file id="62" path="/_/src/FluentValidation/Resources/Languages/EstonianLanguage.cs" checksum_type="SHA256" checksum="93226BDCBCD0B5B68B5965EA3D36DD6A13FD7109F89D718BE3E64DA0E8777048" />
        <source_file id="63" path="/_/src/FluentValidation/Resources/Languages/FinnishLanguage.cs" checksum_type="SHA256" checksum="22054DF1B37F36154CDB9A909249396A4464216924B209D8D12AF93901F020EE" />
        <source_file id="64" path="/_/src/FluentValidation/Resources/Languages/FrenchLanguage.cs" checksum_type="SHA256" checksum="827B254C0E794C8F62B6F35A016862CDD456ED495BEB96BB74852B2DCC83854B" />
        <source_file id="65" path="/_/src/FluentValidation/Resources/Languages/GeorgianLanguage.cs" checksum_type="SHA256" checksum="384800F0F2A31024B3918CFDD9B63E0433B6E5E6C5D61B2A5D0CECFFADD67806" />
        <source_file id="66" path="/_/src/FluentValidation/Resources/Languages/GermanLanguage.cs" checksum_type="SHA256" checksum="FE1A873E1BB7E8CF0B9B7CBEBE81938B4AE203BB5C4C7927A27B2D8045BEDB37" />
        <source_file id="67" path="/_/src/FluentValidation/Resources/Languages/GreekLanguage.cs" checksum_type="SHA256" checksum="5502F543BE0A64081BD0A84B5B2087F1E6E7D736D342700AA303E74503E6C97B" />
        <source_file id="68" path="/_/src/FluentValidation/Resources/Languages/HebrewLanguage.cs" checksum_type="SHA256" checksum="BAAE273E5D66A20099779ABFF6E94BDCBEB3DD09D361275CFCF68A2DD280AE49" />
        <source_file id="69" path="/_/src/FluentValidation/Resources/Languages/HindiLanguage.cs" checksum_type="SHA256" checksum="EF51A069C03A65F5DCA817384C1F9AC25CE7F140D35B8A4FCDA4ED59D17E57A6" />
        <source_file id="70" path="/_/src/FluentValidation/Resources/Languages/HungarianLanguage.cs" checksum_type="SHA256" checksum="82DB4C1B77AFBA7720F0704C65D77FA7912D9B4BF1C89EC429D099E12F514632" />
        <source_file id="71" path="/_/src/FluentValidation/Resources/Languages/IcelandicLanguage.cs" checksum_type="SHA256" checksum="FE94ED5A98586586716B460D063BA4DFB94E32DFAACC2ADEC5D4DF98ACA89CF6" />
        <source_file id="72" path="/_/src/FluentValidation/Resources/Languages/IndonesianLanguage.cs" checksum_type="SHA256" checksum="BB0BF1221CC3A0F79D67252628E8E3FE0A8435B53F2AD640DF6DF2F76F3DC43D" />
        <source_file id="73" path="/_/src/FluentValidation/Resources/Languages/ItalianLanguage.cs" checksum_type="SHA256" checksum="98D4A1C2EA923FECD9ACCDECFE176D87C065C226B74FD49693BE34149806B146" />
        <source_file id="74" path="/_/src/FluentValidation/Resources/Languages/JapaneseLanguage.cs" checksum_type="SHA256" checksum="6EA47C7593B6EFE490B0C32BA4CE73C9655E16A6AA8D06EB0B8533CA1B61801B" />
        <source_file id="75" path="/_/src/FluentValidation/Resources/Languages/KazakhLanguage.cs" checksum_type="SHA256" checksum="DB579811259A839FF5262EE47A8CE8AF7EF3BE0CF2D850636A188BC820FF86BA" />
        <source_file id="76" path="/_/src/FluentValidation/Resources/Languages/KhmerLanguage.cs" checksum_type="SHA256" checksum="F4DA16E4705F4ED1B075D100F83CEBEF063F4A9168B39C6A2B4ACC3F15BCC530" />
        <source_file id="77" path="/_/src/FluentValidation/Resources/Languages/KoreanLanguage.cs" checksum_type="SHA256" checksum="8EADCEC872E4BEF54523F9D6B388C27B8CBB380DB6951BE966F0F859A4C06513" />
        <source_file id="78" path="/_/src/FluentValidation/Resources/Languages/MacedonianLanguage.cs" checksum_type="SHA256" checksum="E12F15F2B58FA02625D6B16CE73612744A1AC409581F06C73997D9FFB5010855" />
        <source_file id="79" path="/_/src/FluentValidation/Resources/Languages/NorwegianBokmalLanguage.cs" checksum_type="SHA256" checksum="B9ADBBF13E4C812582D2B7EA1ACACDF763395F9F4CF1F6A80090DCEB6DDD4CE3" />
        <source_file id="80" path="/_/src/FluentValidation/Resources/Languages/NorwegianNynorskLanguage.cs" checksum_type="SHA256" checksum="88A927390CFB7007C9F26548A51D6F2401A5E7F51ED6B29E494380C09EB81A5A" />
        <source_file id="81" path="/_/src/FluentValidation/Resources/Languages/PersianLanguage.cs" checksum_type="SHA256" checksum="89B7E3017F40145DF2A9BA82A4303302F55A1AB8BBD728471B9C33FC59E1B2CC" />
        <source_file id="82" path="/_/src/FluentValidation/Resources/Languages/PolishLanguage.cs" checksum_type="SHA256" checksum="811ECB322CE9F21BEB2C14ECAC144830331EEDFD7FDC83C1B2F319FEA40DC277" />
        <source_file id="83" path="/_/src/FluentValidation/Resources/Languages/PortugueseBrazilLanguage.cs" checksum_type="SHA256" checksum="6351CA3D140FB26BE56CFFAB5691FF4132C747F2E76AEAB93D3265E297969564" />
        <source_file id="84" path="/_/src/FluentValidation/Resources/Languages/PortugueseLanguage.cs" checksum_type="SHA256" checksum="F9DB17D4FE742E51FD4EC2254B59162701338A442C76E0893043911D1234BEB1" />
        <source_file id="85" path="/_/src/FluentValidation/Resources/Languages/RomanianLanguage.cs" checksum_type="SHA256" checksum="B15BD2D92941A80BF0BC3D91A7FA5F2BD3A9C86EF8A896C187A2BA35D5253DC0" />
        <source_file id="86" path="/_/src/FluentValidation/Resources/Languages/RussianLanguage.cs" checksum_type="SHA256" checksum="B20B23010A4084C64169109E8386568BCC80C57D3960004D66135D79D70BF0BB" />
        <source_file id="87" path="/_/src/FluentValidation/Resources/Languages/SerbianLanguage.cs" checksum_type="SHA256" checksum="4962D475A7460628A75DA5E79F3FD11A166B85ACF6C4BA204AB892D1AB779511" />
        <source_file id="88" path="/_/src/FluentValidation/Resources/Languages/SlovakLanguage.cs" checksum_type="SHA256" checksum="D6415D9DBBA3469822F3B086B225566D2716A0694AC973739E6EEE5D285EB864" />
        <source_file id="89" path="/_/src/FluentValidation/Resources/Languages/SlovenianLanguage.cs" checksum_type="SHA256" checksum="8A36BA0EC4D52FE41558EF208E250DBA68B58029589C8507CBCE9044E862F12E" />
        <source_file id="90" path="/_/src/FluentValidation/Resources/Languages/SpanishLanguage.cs" checksum_type="SHA256" checksum="5C4B16AE4A78F42AA1D5504E631D9793E100100ABD51BA9CD35A283D9DB32FC8" />
        <source_file id="91" path="/_/src/FluentValidation/Resources/Languages/SwedishLanguage.cs" checksum_type="SHA256" checksum="3242A947CFA645EC8CF82E80409F4D7530F4EA0BC50A039BA5B137C670C4B11A" />
        <source_file id="92" path="/_/src/FluentValidation/Resources/Languages/TajikLanguage.cs" checksum_type="SHA256" checksum="6EF2A48348AAE8C5CF9F3BA51738E13CD6074639418F6573A755330B6D0E21D1" />
        <source_file id="93" path="/_/src/FluentValidation/Resources/Languages/ThaiLanguage.cs" checksum_type="SHA256" checksum="1F4C3992B0CADA17844AFD687F7654C5575A376D1BC2DFE0C3995D6446237DD4" />
        <source_file id="94" path="/_/src/FluentValidation/Resources/Languages/TurkishLanguage.cs" checksum_type="SHA256" checksum="39C3A7A34B2FC0912B354E61C754A3C457B453CC31F7C30833FFD6E24094FB52" />
        <source_file id="95" path="/_/src/FluentValidation/Resources/Languages/UkrainianLanguage.cs" checksum_type="SHA256" checksum="8E82B331A362DB590D89F96D2060C3EAD8AECD3B7C05D78BD267137B5DD590D8" />
        <source_file id="96" path="/_/src/FluentValidation/Resources/Languages/UzbekCyrillicLanguage.cs" checksum_type="SHA256" checksum="22AF6BAEF8A6A2A3B05CA4E7528A8823409B920C3F12787362DF339CED96FAF7" />
        <source_file id="97" path="/_/src/FluentValidation/Resources/Languages/UzbekLatinLanguage.cs" checksum_type="SHA256" checksum="2A43FB0E7BB9304E67EE910B8AE8C98B78B7080CA35BD78959D92BF8AA4FA757" />
        <source_file id="98" path="/_/src/FluentValidation/Resources/Languages/VietnameseLanguage.cs" checksum_type="SHA256" checksum="5497B0322CD905ACAEFC408CBB645BE22658A661FD3995D0C05AA4A4386B9C03" />
        <source_file id="99" path="/_/src/FluentValidation/Resources/Languages/WelshLanguage.cs" checksum_type="SHA256" checksum="7C488A6C30861A2F4943891EA59D9DB529C290CF377E78C5EDB35472C88C0368" />
        <source_file id="100" path="/_/src/FluentValidation/Internal/AccessorCache.cs" checksum_type="SHA256" checksum="8BE5142D1D542005DBF4D11D1AB8C1C464CD8086FD63E8E49FA92CD5E07F9DDF" />
        <source_file id="101" path="/_/src/FluentValidation/Internal/CollectionPropertyRule.cs" checksum_type="SHA256" checksum="F1E72C1551F69C8FD32AA9D3362D40F06C57832B23DF0E44A71085278FEC3775" />
        <source_file id="102" path="/_/src/FluentValidation/Internal/CompositeValidatorSelector.cs" checksum_type="SHA256" checksum="8C3DE97F8B516F979CD9552445CEBCE0F537C9255DC58AAA9EA2CD4CE5944E2F" />
        <source_file id="103" path="/_/src/FluentValidation/Internal/ConditionBuilder.cs" checksum_type="SHA256" checksum="4B19C71F647F5917782862D3D26C97B605E5B9E3DB26EF267AFB499CEB3B9F2C" />
        <source_file id="104" path="/_/src/FluentValidation/Internal/DefaultValidatorSelector.cs" checksum_type="SHA256" checksum="C2CFAE9996523BDAF37E40ED87D4674AB2A896299281C1BC09B802FB28F149C8" />
        <source_file id="105" path="/_/src/FluentValidation/Internal/Extensions.cs" checksum_type="SHA256" checksum="E23A97B49978623CD03CB9ECD2CCE63337B4E5145D705D76ABEE164CA0FE1579" />
        <source_file id="106" path="/_/src/FluentValidation/Internal/ExtensionsInternal.cs" checksum_type="SHA256" checksum="8EA1FCEB0F071D4EC73D2E785ED2150F67D3B976E148EB514E40133304DA18FA" />
        <source_file id="107" path="/_/src/FluentValidation/Internal/IncludeRule.cs" checksum_type="SHA256" checksum="9FB43C0A76B2B2706F83D98C77F64DAB84F35176FC3B04DB7F1354B3BCC4B4D6" />
        <source_file id="108" path="/_/src/FluentValidation/Internal/MemberNameValidatorSelector.cs" checksum_type="SHA256" checksum="788580BFC2287E3D4712A83A3F12F57DC51CEE84F3E305ECC72EAAFF01207060" />
        <source_file id="109" path="/_/src/FluentValidation/Internal/MessageBuilderContext.cs" checksum_type="SHA256" checksum="83B83C88BB26C5FB95ABD0009476BFE8E8EAFDA0B2ED8FEB911AF4702625766A" />
        <source_file id="110" path="/_/src/FluentValidation/Internal/MessageFormatter.cs" checksum_type="SHA256" checksum="7943C2D229563C9730A1FFFEC82CE87F5C70B3CC1E987C95B3843E21136E232D" />
        <source_file id="111" path="/_/src/FluentValidation/Internal/PropertyChain.cs" checksum_type="SHA256" checksum="A7FE638B8770BA58891062F26D93EADECCBDD9ECA971B52F884987271BEEEFC0" />
        <source_file id="112" path="/_/src/FluentValidation/Internal/PropertyRule.cs" checksum_type="SHA256" checksum="17C36446649D75359641D2341F720C870D0B0C22DF8A5759C0B95291DF426260" />
        <source_file id="113" path="/_/src/FluentValidation/Internal/RuleBase.cs" checksum_type="SHA256" checksum="9FACEC3B39936846DFF5A5F633C2C35EF93C4544E7C0F0154A57A0B0866758B3" />
        <source_file id="114" path="/_/src/FluentValidation/Internal/RuleBuilder.cs" checksum_type="SHA256" checksum="8AF59F5F6D440E2B68B9BF30711B3A3DFFE037D1173E9F31EE0575DF479702D2" />
        <source_file id="115" path="/_/src/FluentValidation/Internal/RuleComponent.cs" checksum_type="SHA256" checksum="7117D42CD57D43D0544E06486A55FB2270DAB87FAA94AE694F822D226BB3351D" />
        <source_file id="116" path="/_/src/FluentValidation/Internal/RuleComponentForNullableStruct.cs" checksum_type="SHA256" checksum="94489E34AD8E22CC1F111EE08901D5A3F3A36435DDB31CA0C083673DF1A34885" />
        <source_file id="117" path="/_/src/FluentValidation/Internal/RulesetValidatorSelector.cs" checksum_type="SHA256" checksum="00EAF8A9A6D8113316F7F1AFE882F41BEC770F98C02673F73ACAF22C94D2EF4C" />
        <source_file id="118" path="/_/src/FluentValidation/Internal/TrackingCollection.cs" checksum_type="SHA256" checksum="7FA41AEF4121DAE023FBC430B354E1F9F9A4F5EB8846AB812B0154C5A7E01F11" />
        <source_file id="119" path="/_/src/FluentValidation/Internal/ValidationStrategy.cs" checksum_type="SHA256" checksum="778FB16D982E8F1447D36CCE5157B19AE4BA92B618235310742007B0CA47EE22" />
      </source_files>
      <skipped_functions />
    </module>
    <module id="54FFD3B32273284986811CBC30E1E6B57EB194BF" name="TS.Result.dll" path="TS.Result.dll" block_coverage="48.94" line_coverage="50.00" blocks_covered="23" blocks_not_covered="24" lines_covered="27" lines_partially_covered="0" lines_not_covered="27">
      <functions>
        <function id="8272" token="0x6000001" name="get_Data()" namespace="TS.Result" type_name="Result&lt;T&gt;" block_coverage="100.00" line_coverage="100.00" blocks_covered="1" blocks_not_covered="0" lines_covered="1" lines_partially_covered="0" lines_not_covered="0">
          <ranges>
            <range source_id="0" start_line="7" end_line="7" start_column="22" end_column="26" covered="yes" />
          </ranges>
        </function>
        <function id="8280" token="0x6000002" name="set_Data(T)" namespace="TS.Result" type_name="Result&lt;T&gt;" block_coverage="100.00" line_coverage="100.00" blocks_covered="1" blocks_not_covered="0" lines_covered="1" lines_partially_covered="0" lines_not_covered="0">
          <ranges>
            <range source_id="0" start_line="7" end_line="7" start_column="27" end_column="31" covered="yes" />
          </ranges>
        </function>
        <function id="8289" token="0x6000003" name="get_ErrorMessages()" namespace="TS.Result" type_name="Result&lt;T&gt;" block_coverage="100.00" line_coverage="100.00" blocks_covered="1" blocks_not_covered="0" lines_covered="1" lines_partially_covered="0" lines_not_covered="0">
          <ranges>
            <range source_id="0" start_line="8" end_line="8" start_column="42" end_column="46" covered="yes" />
          </ranges>
        </function>
        <function id="8297" token="0x6000004" name="set_ErrorMessages(System.Collections.Generic.List&lt;string&gt;)" namespace="TS.Result" type_name="Result&lt;T&gt;" block_coverage="100.00" line_coverage="100.00" blocks_covered="1" blocks_not_covered="0" lines_covered="1" lines_partially_covered="0" lines_not_covered="0">
          <ranges>
            <range source_id="0" start_line="8" end_line="8" start_column="47" end_column="51" covered="yes" />
          </ranges>
        </function>
        <function id="8306" token="0x6000005" name="get_IsSuccessful()" namespace="TS.Result" type_name="Result&lt;T&gt;" block_coverage="100.00" line_coverage="100.00" blocks_covered="1" blocks_not_covered="0" lines_covered="1" lines_partially_covered="0" lines_not_covered="0">
          <ranges>
            <range source_id="0" start_line="9" end_line="9" start_column="32" end_column="36" covered="yes" />
          </ranges>
        </function>
        <function id="8314" token="0x6000006" name="set_IsSuccessful(bool)" namespace="TS.Result" type_name="Result&lt;T&gt;" block_coverage="100.00" line_coverage="100.00" blocks_covered="1" blocks_not_covered="0" lines_covered="1" lines_partially_covered="0" lines_not_covered="0">
          <ranges>
            <range source_id="0" start_line="9" end_line="9" start_column="37" end_column="41" covered="yes" />
          </ranges>
        </function>
        <function id="8323" token="0x6000007" name="get_StatusCode()" namespace="TS.Result" type_name="Result&lt;T&gt;" block_coverage="0.00" line_coverage="0.00" blocks_covered="0" blocks_not_covered="1" lines_covered="0" lines_partially_covered="0" lines_not_covered="1">
          <ranges>
            <range source_id="0" start_line="12" end_line="12" start_column="29" end_column="33" covered="no" />
          </ranges>
        </function>
        <function id="8331" token="0x6000008" name="set_StatusCode(int)" namespace="TS.Result" type_name="Result&lt;T&gt;" block_coverage="100.00" line_coverage="100.00" blocks_covered="1" blocks_not_covered="0" lines_covered="1" lines_partially_covered="0" lines_not_covered="0">
          <ranges>
            <range source_id="0" start_line="12" end_line="12" start_column="34" end_column="38" covered="yes" />
          </ranges>
        </function>
        <function id="8340" token="0x6000009" name="Result(T)" namespace="TS.Result" type_name="Result&lt;T&gt;" block_coverage="100.00" line_coverage="100.00" blocks_covered="3" blocks_not_covered="0" lines_covered="6" lines_partially_covered="0" lines_not_covered="0">
          <ranges>
            <range source_id="0" start_line="9" end_line="9" start_column="46" end_column="50" covered="yes" />
            <range source_id="0" start_line="12" end_line="12" start_column="43" end_column="65" covered="yes" />
            <range source_id="0" start_line="14" end_line="14" start_column="5" end_column="26" covered="yes" />
            <range source_id="0" start_line="15" end_line="15" start_column="5" end_column="6" covered="yes" />
            <range source_id="0" start_line="16" end_line="16" start_column="9" end_column="21" covered="yes" />
            <range source_id="0" start_line="17" end_line="17" start_column="5" end_column="6" covered="yes" />
          </ranges>
        </function>
        <function id="8376" token="0x600000a" name="Result(int, System.Collections.Generic.List&lt;string&gt;)" namespace="TS.Result" type_name="Result&lt;T&gt;" block_coverage="0.00" line_coverage="0.00" blocks_covered="0" blocks_not_covered="5" lines_covered="0" lines_partially_covered="0" lines_not_covered="8">
          <ranges>
            <range source_id="0" start_line="9" end_line="9" start_column="46" end_column="50" covered="no" />
            <range source_id="0" start_line="12" end_line="12" start_column="43" end_column="65" covered="no" />
            <range source_id="0" start_line="19" end_line="19" start_column="5" end_column="62" covered="no" />
            <range source_id="0" start_line="20" end_line="20" start_column="5" end_column="6" covered="no" />
            <range source_id="0" start_line="21" end_line="21" start_column="9" end_column="30" covered="no" />
            <range source_id="0" start_line="22" end_line="22" start_column="9" end_column="33" covered="no" />
            <range source_id="0" start_line="23" end_line="23" start_column="9" end_column="39" covered="no" />
            <range source_id="0" start_line="24" end_line="24" start_column="5" end_column="6" covered="no" />
          </ranges>
        </function>
        <function id="8428" token="0x600000b" name="Result(int, string)" namespace="TS.Result" type_name="Result&lt;T&gt;" block_coverage="100.00" line_coverage="100.00" blocks_covered="7" blocks_not_covered="0" lines_covered="8" lines_partially_covered="0" lines_not_covered="0">
          <ranges>
            <range source_id="0" start_line="9" end_line="9" start_column="46" end_column="50" covered="yes" />
            <range source_id="0" start_line="12" end_line="12" start_column="43" end_column="65" covered="yes" />
            <range source_id="0" start_line="26" end_line="26" start_column="5" end_column="55" covered="yes" />
            <range source_id="0" start_line="27" end_line="27" start_column="5" end_column="6" covered="yes" />
            <range source_id="0" start_line="28" end_line="28" start_column="9" end_column="30" covered="yes" />
            <range source_id="0" start_line="29" end_line="29" start_column="9" end_column="33" covered="yes" />
            <range source_id="0" start_line="30" end_line="30" start_column="9" end_column="48" covered="yes" />
            <range source_id="0" start_line="31" end_line="31" start_column="5" end_column="6" covered="yes" />
          </ranges>
        </function>
        <function id="8492" token="0x600000c" name="op_Implicit(T)" namespace="TS.Result" type_name="Result&lt;T&gt;" block_coverage="0.00" line_coverage="0.00" blocks_covered="0" blocks_not_covered="3" lines_covered="0" lines_partially_covered="0" lines_not_covered="3">
          <ranges>
            <range source_id="0" start_line="34" end_line="34" start_column="5" end_column="6" covered="no" />
            <range source_id="0" start_line="35" end_line="35" start_column="9" end_column="26" covered="no" />
            <range source_id="0" start_line="36" end_line="36" start_column="5" end_column="6" covered="no" />
          </ranges>
        </function>
        <function id="8516" token="0x600000d" name="op_Implicit(System.ValueTuple&lt;int, System.Collections.Generic.List&lt;string&gt;&gt;)" namespace="TS.Result" type_name="Result&lt;T&gt;" block_coverage="0.00" line_coverage="0.00" blocks_covered="0" blocks_not_covered="3" lines_covered="0" lines_partially_covered="0" lines_not_covered="3">
          <ranges>
            <range source_id="0" start_line="39" end_line="39" start_column="5" end_column="6" covered="no" />
            <range source_id="0" start_line="40" end_line="40" start_column="9" end_column="69" covered="no" />
            <range source_id="0" start_line="41" end_line="41" start_column="5" end_column="6" covered="no" />
          </ranges>
        </function>
        <function id="8552" token="0x600000e" name="op_Implicit(System.ValueTuple&lt;int, string&gt;)" namespace="TS.Result" type_name="Result&lt;T&gt;" block_coverage="0.00" line_coverage="0.00" blocks_covered="0" blocks_not_covered="3" lines_covered="0" lines_partially_covered="0" lines_not_covered="3">
          <ranges>
            <range source_id="0" start_line="44" end_line="44" start_column="5" end_column="6" covered="no" />
            <range source_id="0" start_line="45" end_line="45" start_column="9" end_column="68" covered="no" />
            <range source_id="0" start_line="46" end_line="46" start_column="5" end_column="6" covered="no" />
          </ranges>
        </function>
        <function id="8588" token="0x600000f" name="Succeed(T)" namespace="TS.Result" type_name="Result&lt;T&gt;" block_coverage="100.00" line_coverage="100.00" blocks_covered="3" blocks_not_covered="0" lines_covered="3" lines_partially_covered="0" lines_not_covered="0">
          <ranges>
            <range source_id="0" start_line="50" end_line="50" start_column="5" end_column="6" covered="yes" />
            <range source_id="0" start_line="51" end_line="51" start_column="9" end_column="26" covered="yes" />
            <range source_id="0" start_line="52" end_line="52" start_column="5" end_column="6" covered="yes" />
          </ranges>
        </function>
        <function id="8612" token="0x6000010" name="Failure(int, System.Collections.Generic.List&lt;string&gt;)" namespace="TS.Result" type_name="Result&lt;T&gt;" block_coverage="0.00" line_coverage="0.00" blocks_covered="0" blocks_not_covered="3" lines_covered="0" lines_partially_covered="0" lines_not_covered="3">
          <ranges>
            <range source_id="0" start_line="55" end_line="55" start_column="5" end_column="6" covered="no" />
            <range source_id="0" start_line="56" end_line="56" start_column="9" end_column="47" covered="no" />
            <range source_id="0" start_line="57" end_line="57" start_column="5" end_column="6" covered="no" />
          </ranges>
        </function>
        <function id="8640" token="0x6000011" name="Failure(int, string)" namespace="TS.Result" type_name="Result&lt;T&gt;" block_coverage="0.00" line_coverage="0.00" blocks_covered="0" blocks_not_covered="3" lines_covered="0" lines_partially_covered="0" lines_not_covered="3">
          <ranges>
            <range source_id="0" start_line="60" end_line="60" start_column="5" end_column="6" covered="no" />
            <range source_id="0" start_line="61" end_line="61" start_column="9" end_column="46" covered="no" />
            <range source_id="0" start_line="62" end_line="62" start_column="5" end_column="6" covered="no" />
          </ranges>
        </function>
        <function id="8668" token="0x6000012" name="Failure(string)" namespace="TS.Result" type_name="Result&lt;T&gt;" block_coverage="100.00" line_coverage="100.00" blocks_covered="3" blocks_not_covered="0" lines_covered="3" lines_partially_covered="0" lines_not_covered="0">
          <ranges>
            <range source_id="0" start_line="65" end_line="65" start_column="5" end_column="6" covered="yes" />
            <range source_id="0" start_line="66" end_line="66" start_column="9" end_column="39" covered="yes" />
            <range source_id="0" start_line="67" end_line="67" start_column="5" end_column="6" covered="yes" />
          </ranges>
        </function>
        <function id="8700" token="0x6000013" name="Failure(System.Collections.Generic.List&lt;string&gt;)" namespace="TS.Result" type_name="Result&lt;T&gt;" block_coverage="0.00" line_coverage="0.00" blocks_covered="0" blocks_not_covered="3" lines_covered="0" lines_partially_covered="0" lines_not_covered="3">
          <ranges>
            <range source_id="0" start_line="70" end_line="70" start_column="5" end_column="6" covered="no" />
            <range source_id="0" start_line="71" end_line="71" start_column="9" end_column="40" covered="no" />
            <range source_id="0" start_line="72" end_line="72" start_column="5" end_column="6" covered="no" />
          </ranges>
        </function>
      </functions>
      <source_files>
        <source_file id="0" path="D:\GitHub\TS.Result\Result.cs" checksum_type="SHA256" checksum="B4BB52EB320E0CAE973D0772EF8764ADB443979070AC058A0FE86F4E1F606B3C" />
      </source_files>
      <skipped_functions />
    </module>
    <module id="BD63F9A73342024C8D4678BF4EF6544CD63FAFA7" name="Categories.Application.Tests.Unit.dll" path="Categories.Application.Tests.Unit.dll" block_coverage="99.48" line_coverage="98.99" blocks_covered="383" blocks_not_covered="2" lines_covered="197" lines_partially_covered="2" lines_not_covered="0">
      <functions>
        <function id="8284" token="0x6000003" name="CreateTests()" namespace="Categories.Application.Tests.Unit" type_name="CreateTests" block_coverage="100.00" line_coverage="100.00" blocks_covered="24" blocks_not_covered="0" lines_covered="18" lines_partially_covered="0" lines_not_covered="0">
          <ranges>
            <range source_id="0" start_line="19" end_line="19" start_column="5" end_column="101" covered="yes" />
            <range source_id="0" start_line="20" end_line="20" start_column="5" end_column="65" covered="yes" />
            <range source_id="0" start_line="21" end_line="21" start_column="5" end_column="77" covered="yes" />
            <range source_id="0" start_line="23" end_line="23" start_column="5" end_column="25" covered="yes" />
            <range source_id="0" start_line="24" end_line="24" start_column="5" end_column="6" covered="yes" />
            <range source_id="0" start_line="25" end_line="25" start_column="9" end_column="48" covered="yes" />
            <range source_id="0" start_line="27" end_line="27" start_column="9" end_column="56" covered="yes" />
            <range source_id="0" start_line="28" end_line="28" start_column="9" end_column="44" covered="yes" />
            <range source_id="0" start_line="29" end_line="29" start_column="9" end_column="48" covered="yes" />
            <range source_id="0" start_line="31" end_line="31" start_column="9" end_column="82" covered="yes" />
            <range source_id="0" start_line="32" end_line="36" start_column="9" end_column="12" covered="yes" />
            <range source_id="0" start_line="38" end_line="38" start_column="9" end_column="59" covered="yes" />
            <range source_id="0" start_line="39" end_line="39" start_column="9" end_column="63" covered="yes" />
            <range source_id="0" start_line="40" end_line="40" start_column="5" end_column="6" covered="yes" />
          </ranges>
        </function>
        <function id="8712" token="0x6000007" name="&lt;.ctor&gt;b__5_0(System.IServiceProvider)" namespace="Categories.Application.Tests.Unit" type_name="CreateTests" block_coverage="100.00" line_coverage="100.00" blocks_covered="1" blocks_not_covered="0" lines_covered="1" lines_partially_covered="0" lines_not_covered="0">
          <ranges>
            <range source_id="0" start_line="27" end_line="27" start_column="36" end_column="54" covered="yes" />
          </ranges>
        </function>
        <function id="8720" token="0x6000008" name="&lt;.ctor&gt;b__5_1(System.IServiceProvider)" namespace="Categories.Application.Tests.Unit" type_name="CreateTests" block_coverage="100.00" line_coverage="100.00" blocks_covered="1" blocks_not_covered="0" lines_covered="1" lines_partially_covered="0" lines_not_covered="0">
          <ranges>
            <range source_id="0" start_line="28" end_line="28" start_column="36" end_column="42" covered="yes" />
          </ranges>
        </function>
        <function id="8728" token="0x6000009" name="&lt;.ctor&gt;b__5_2(System.IServiceProvider)" namespace="Categories.Application.Tests.Unit" type_name="CreateTests" block_coverage="100.00" line_coverage="100.00" blocks_covered="1" blocks_not_covered="0" lines_covered="1" lines_partially_covered="0" lines_not_covered="0">
          <ranges>
            <range source_id="0" start_line="29" end_line="29" start_column="36" end_column="46" covered="yes" />
          </ranges>
        </function>
        <function id="8736" token="0x600000a" name="DeleteByIdTests()" namespace="Categories.Application.Tests.Unit" type_name="DeleteByIdTests" block_coverage="100.00" line_coverage="100.00" blocks_covered="21" blocks_not_covered="0" lines_covered="17" lines_partially_covered="0" lines_not_covered="0">
          <ranges>
            <range source_id="1" start_line="18" end_line="18" start_column="5" end_column="101" covered="yes" />
            <range source_id="1" start_line="19" end_line="19" start_column="5" end_column="77" covered="yes" />
            <range source_id="1" start_line="21" end_line="21" start_column="5" end_column="49" covered="yes" />
            <range source_id="1" start_line="22" end_line="22" start_column="5" end_column="29" covered="yes" />
            <range source_id="1" start_line="23" end_line="23" start_column="5" end_column="6" covered="yes" />
            <range source_id="1" start_line="24" end_line="24" start_column="9" end_column="48" covered="yes" />
            <range source_id="1" start_line="26" end_line="26" start_column="9" end_column="56" covered="yes" />
            <range source_id="1" start_line="27" end_line="27" start_column="9" end_column="48" covered="yes" />
            <range source_id="1" start_line="29" end_line="29" start_column="9" end_column="82" covered="yes" />
            <range source_id="1" start_line="30" end_line="34" start_column="9" end_column="12" covered="yes" />
            <range source_id="1" start_line="36" end_line="36" start_column="9" end_column="59" covered="yes" />
            <range source_id="1" start_line="37" end_line="37" start_column="9" end_column="63" covered="yes" />
            <range source_id="1" start_line="38" end_line="38" start_column="5" end_column="6" covered="yes" />
          </ranges>
        </function>
        <function id="9072" token="0x600000d" name="&lt;.ctor&gt;b__5_0(System.IServiceProvider)" namespace="Categories.Application.Tests.Unit" type_name="DeleteByIdTests" block_coverage="100.00" line_coverage="100.00" blocks_covered="1" blocks_not_covered="0" lines_covered="1" lines_partially_covered="0" lines_not_covered="0">
          <ranges>
            <range source_id="1" start_line="26" end_line="26" start_column="36" end_column="54" covered="yes" />
          </ranges>
        </function>
        <function id="9080" token="0x600000e" name="&lt;.ctor&gt;b__5_1(System.IServiceProvider)" namespace="Categories.Application.Tests.Unit" type_name="DeleteByIdTests" block_coverage="100.00" line_coverage="100.00" blocks_covered="1" blocks_not_covered="0" lines_covered="1" lines_partially_covered="0" lines_not_covered="0">
          <ranges>
            <range source_id="1" start_line="27" end_line="27" start_column="36" end_column="46" covered="yes" />
          </ranges>
        </function>
        <function id="9088" token="0x600000f" name="GetAllTests()" namespace="Categories.Application.Tests.Unit" type_name="GetAllTests" block_coverage="100.00" line_coverage="100.00" blocks_covered="13" blocks_not_covered="0" lines_covered="12" lines_partially_covered="0" lines_not_covered="0">
          <ranges>
            <range source_id="2" start_line="14" end_line="14" start_column="5" end_column="101" covered="yes" />
            <range source_id="2" start_line="16" end_line="16" start_column="5" end_column="25" covered="yes" />
            <range source_id="2" start_line="17" end_line="17" start_column="5" end_column="6" covered="yes" />
            <range source_id="2" start_line="18" end_line="18" start_column="9" end_column="48" covered="yes" />
            <range source_id="2" start_line="20" end_line="20" start_column="9" end_column="56" covered="yes" />
            <range source_id="2" start_line="22" end_line="25" start_column="9" end_column="12" covered="yes" />
            <range source_id="2" start_line="27" end_line="27" start_column="9" end_column="59" covered="yes" />
            <range source_id="2" start_line="28" end_line="28" start_column="9" end_column="63" covered="yes" />
            <range source_id="2" start_line="29" end_line="29" start_column="5" end_column="6" covered="yes" />
          </ranges>
        </function>
        <function id="9356" token="0x6000012" name="&lt;.ctor&gt;b__3_0(System.IServiceProvider)" namespace="Categories.Application.Tests.Unit" type_name="GetAllTests" block_coverage="100.00" line_coverage="100.00" blocks_covered="1" blocks_not_covered="0" lines_covered="1" lines_partially_covered="0" lines_not_covered="0">
          <ranges>
            <range source_id="2" start_line="20" end_line="20" start_column="36" end_column="54" covered="yes" />
          </ranges>
        </function>
        <function id="9364" token="0x6000013" name="UpdateTests()" namespace="Categories.Application.Tests.Unit" type_name="UpdateTests" block_coverage="100.00" line_coverage="100.00" blocks_covered="24" blocks_not_covered="0" lines_covered="18" lines_partially_covered="0" lines_not_covered="0">
          <ranges>
            <range source_id="3" start_line="19" end_line="19" start_column="5" end_column="101" covered="yes" />
            <range source_id="3" start_line="20" end_line="20" start_column="5" end_column="65" covered="yes" />
            <range source_id="3" start_line="21" end_line="21" start_column="5" end_column="77" covered="yes" />
            <range source_id="3" start_line="23" end_line="23" start_column="5" end_column="25" covered="yes" />
            <range source_id="3" start_line="24" end_line="24" start_column="5" end_column="6" covered="yes" />
            <range source_id="3" start_line="25" end_line="25" start_column="9" end_column="48" covered="yes" />
            <range source_id="3" start_line="27" end_line="27" start_column="9" end_column="56" covered="yes" />
            <range source_id="3" start_line="28" end_line="28" start_column="9" end_column="44" covered="yes" />
            <range source_id="3" start_line="29" end_line="29" start_column="9" end_column="48" covered="yes" />
            <range source_id="3" start_line="31" end_line="31" start_column="9" end_column="82" covered="yes" />
            <range source_id="3" start_line="32" end_line="36" start_column="9" end_column="12" covered="yes" />
            <range source_id="3" start_line="38" end_line="38" start_column="9" end_column="59" covered="yes" />
            <range source_id="3" start_line="39" end_line="39" start_column="9" end_column="63" covered="yes" />
            <range source_id="3" start_line="40" end_line="40" start_column="5" end_column="6" covered="yes" />
          </ranges>
        </function>
        <function id="9928" token="0x6000019" name="&lt;.ctor&gt;b__5_0(System.IServiceProvider)" namespace="Categories.Application.Tests.Unit" type_name="UpdateTests" block_coverage="100.00" line_coverage="100.00" blocks_covered="1" blocks_not_covered="0" lines_covered="1" lines_partially_covered="0" lines_not_covered="0">
          <ranges>
            <range source_id="3" start_line="27" end_line="27" start_column="36" end_column="54" covered="yes" />
          </ranges>
        </function>
        <function id="9936" token="0x600001a" name="&lt;.ctor&gt;b__5_1(System.IServiceProvider)" namespace="Categories.Application.Tests.Unit" type_name="UpdateTests" block_coverage="100.00" line_coverage="100.00" blocks_covered="1" blocks_not_covered="0" lines_covered="1" lines_partially_covered="0" lines_not_covered="0">
          <ranges>
            <range source_id="3" start_line="28" end_line="28" start_column="36" end_column="42" covered="yes" />
          </ranges>
        </function>
        <function id="9944" token="0x600001b" name="&lt;.ctor&gt;b__5_2(System.IServiceProvider)" namespace="Categories.Application.Tests.Unit" type_name="UpdateTests" block_coverage="100.00" line_coverage="100.00" blocks_covered="1" blocks_not_covered="0" lines_covered="1" lines_partially_covered="0" lines_not_covered="0">
          <ranges>
            <range source_id="3" start_line="29" end_line="29" start_column="36" end_column="46" covered="yes" />
          </ranges>
        </function>
        <function id="9973" token="0x600001e" name="&lt;.ctor&gt;b__5_3(Microsoft.Extensions.DependencyInjection.MediatRServiceConfiguration)" namespace="Categories.Application.Tests.Unit" type_name="CreateTests.&lt;&gt;c" block_coverage="100.00" line_coverage="100.00" blocks_covered="7" blocks_not_covered="0" lines_covered="4" lines_partially_covered="0" lines_not_covered="0">
          <ranges>
            <range source_id="0" start_line="33" end_line="33" start_column="9" end_column="10" covered="yes" />
            <range source_id="0" start_line="34" end_line="34" start_column="13" end_column="84" covered="yes" />
            <range source_id="0" start_line="35" end_line="35" start_column="13" end_column="90" covered="yes" />
            <range source_id="0" start_line="36" end_line="36" start_column="9" end_column="10" covered="yes" />
          </ranges>
        </function>
        <function id="10116" token="0x6000022" name="MoveNext()" namespace="Categories.Application.Tests.Unit" type_name="CreateTests.&lt;Create_ShouldIsSuccessfulReturnFalse_WhenNameAlreadyExists&gt;d__7" block_coverage="100.00" line_coverage="100.00" blocks_covered="23" blocks_not_covered="0" lines_covered="8" lines_partially_covered="0" lines_not_covered="0">
          <ranges>
            <range source_id="0" start_line="57" end_line="57" start_column="5" end_column="6" covered="yes" />
            <range source_id="0" start_line="59" end_line="59" start_column="9" end_column="71" covered="yes" />
            <range source_id="0" start_line="60" end_line="60" start_column="9" end_column="96" covered="yes" />
            <range source_id="0" start_line="63" end_line="63" start_column="9" end_column="55" covered="yes" />
            <range source_id="0" start_line="66" end_line="66" start_column="9" end_column="48" covered="yes" />
            <range source_id="0" start_line="67" end_line="67" start_column="9" end_column="52" covered="yes" />
            <range source_id="0" start_line="68" end_line="68" start_column="9" end_column="81" covered="yes" />
            <range source_id="0" start_line="69" end_line="69" start_column="5" end_column="6" covered="yes" />
          </ranges>
        </function>
        <function id="10588" token="0x6000025" name="MoveNext()" namespace="Categories.Application.Tests.Unit" type_name="CreateTests.&lt;Create_ShouldIsSuccessfullReturnTrue_WhenNameIsUnique&gt;d__8" block_coverage="100.00" line_coverage="100.00" blocks_covered="18" blocks_not_covered="0" lines_covered="7" lines_partially_covered="0" lines_not_covered="0">
          <ranges>
            <range source_id="0" start_line="73" end_line="73" start_column="5" end_column="6" covered="yes" />
            <range source_id="0" start_line="76" end_line="76" start_column="9" end_column="71" covered="yes" />
            <range source_id="0" start_line="77" end_line="77" start_column="9" end_column="97" covered="yes" />
            <range source_id="0" start_line="80" end_line="80" start_column="9" end_column="55" covered="yes" />
            <range source_id="0" start_line="83" end_line="83" start_column="9" end_column="47" covered="yes" />
            <range source_id="0" start_line="84" end_line="84" start_column="9" end_column="66" covered="yes" />
            <range source_id="0" start_line="85" end_line="85" start_column="5" end_column="6" covered="yes" />
          </ranges>
        </function>
        <function id="11020" token="0x6000028" name="MoveNext()" namespace="Categories.Application.Tests.Unit" type_name="CreateTests.&lt;Create_ShouldThrowException_WhenValidateFailure&gt;d__6" block_coverage="100.00" line_coverage="100.00" blocks_covered="8" blocks_not_covered="0" lines_covered="5" lines_partially_covered="0" lines_not_covered="0">
          <ranges>
            <range source_id="0" start_line="44" end_line="44" start_column="5" end_column="6" covered="yes" />
            <range source_id="0" start_line="46" end_line="46" start_column="9" end_column="59" covered="yes" />
            <range source_id="0" start_line="49" end_line="49" start_column="9" end_column="67" covered="yes" />
            <range source_id="0" start_line="52" end_line="52" start_column="9" end_column="62" covered="yes" />
            <range source_id="0" start_line="53" end_line="53" start_column="5" end_column="6" covered="yes" />
          </ranges>
        </function>
        <function id="11363" token="0x600002c" name="&lt;.ctor&gt;b__5_2(Microsoft.Extensions.DependencyInjection.MediatRServiceConfiguration)" namespace="Categories.Application.Tests.Unit" type_name="DeleteByIdTests.&lt;&gt;c" block_coverage="100.00" line_coverage="100.00" blocks_covered="7" blocks_not_covered="0" lines_covered="4" lines_partially_covered="0" lines_not_covered="0">
          <ranges>
            <range source_id="1" start_line="31" end_line="31" start_column="9" end_column="10" covered="yes" />
            <range source_id="1" start_line="32" end_line="32" start_column="13" end_column="84" covered="yes" />
            <range source_id="1" start_line="33" end_line="33" start_column="13" end_column="90" covered="yes" />
            <range source_id="1" start_line="34" end_line="34" start_column="9" end_column="10" covered="yes" />
          </ranges>
        </function>
        <function id="11428" token="0x600002e" name="MoveNext()" namespace="Categories.Application.Tests.Unit" type_name="DeleteByIdTests.&lt;DeleteById_ReturnIsSuccessfulFalse_WhenCategoryNotFound&gt;d__6" block_coverage="100.00" line_coverage="100.00" blocks_covered="22" blocks_not_covered="0" lines_covered="8" lines_partially_covered="0" lines_not_covered="0">
          <ranges>
            <range source_id="1" start_line="42" end_line="42" start_column="5" end_column="6" covered="yes" />
            <range source_id="1" start_line="44" end_line="44" start_column="9" end_column="59" covered="yes" />
            <range source_id="1" start_line="45" end_line="45" start_column="9" end_column="108" covered="yes" />
            <range source_id="1" start_line="48" end_line="48" start_column="9" end_column="55" covered="yes" />
            <range source_id="1" start_line="51" end_line="51" start_column="9" end_column="48" covered="yes" />
            <range source_id="1" start_line="52" end_line="52" start_column="9" end_column="52" covered="yes" />
            <range source_id="1" start_line="53" end_line="53" start_column="9" end_column="73" covered="yes" />
            <range source_id="1" start_line="54" end_line="54" start_column="5" end_column="6" covered="yes" />
          </ranges>
        </function>
        <function id="11888" token="0x6000031" name="MoveNext()" namespace="Categories.Application.Tests.Unit" type_name="DeleteByIdTests.&lt;DeleteById_ReturnIsSuccessfulTrue_WhenCategoryIsDeleted&gt;d__7" block_coverage="100.00" line_coverage="100.00" blocks_covered="24" blocks_not_covered="0" lines_covered="8" lines_partially_covered="0" lines_not_covered="0">
          <ranges>
            <range source_id="1" start_line="58" end_line="58" start_column="5" end_column="6" covered="yes" />
            <range source_id="1" start_line="60" end_line="60" start_column="9" end_column="119" covered="yes" />
            <range source_id="1" start_line="61" end_line="61" start_column="9" end_column="59" covered="yes" />
            <range source_id="1" start_line="62" end_line="62" start_column="9" end_column="112" covered="yes" />
            <range source_id="1" start_line="65" end_line="65" start_column="9" end_column="55" covered="yes" />
            <range source_id="1" start_line="68" end_line="68" start_column="9" end_column="47" covered="yes" />
            <range source_id="1" start_line="69" end_line="69" start_column="9" end_column="67" covered="yes" />
            <range source_id="1" start_line="70" end_line="70" start_column="5" end_column="6" covered="yes" />
          </ranges>
        </function>
        <function id="12419" token="0x6000035" name="&lt;.ctor&gt;b__3_1(Microsoft.Extensions.DependencyInjection.MediatRServiceConfiguration)" namespace="Categories.Application.Tests.Unit" type_name="GetAllTests.&lt;&gt;c" block_coverage="100.00" line_coverage="100.00" blocks_covered="4" blocks_not_covered="0" lines_covered="3" lines_partially_covered="0" lines_not_covered="0">
          <ranges>
            <range source_id="2" start_line="23" end_line="23" start_column="9" end_column="10" covered="yes" />
            <range source_id="2" start_line="24" end_line="24" start_column="13" end_column="84" covered="yes" />
            <range source_id="2" start_line="25" end_line="25" start_column="9" end_column="10" covered="yes" />
          </ranges>
        </function>
        <function id="12456" token="0x6000037" name="MoveNext()" namespace="Categories.Application.Tests.Unit" type_name="GetAllTests.&lt;GetAll_ShouldReturnEmpty_WhenCategoryListEmpty&gt;d__4" block_coverage="100.00" line_coverage="100.00" blocks_covered="17" blocks_not_covered="0" lines_covered="9" lines_partially_covered="0" lines_not_covered="0">
          <ranges>
            <range source_id="2" start_line="33" end_line="33" start_column="5" end_column="6" covered="yes" />
            <range source_id="2" start_line="35" end_line="35" start_column="9" end_column="47" covered="yes" />
            <range source_id="2" start_line="36" end_line="36" start_column="9" end_column="80" covered="yes" />
            <range source_id="2" start_line="38" end_line="40" start_column="9" end_column="41" covered="yes" />
            <range source_id="2" start_line="43" end_line="43" start_column="9" end_column="53" covered="yes" />
            <range source_id="2" start_line="46" end_line="46" start_column="9" end_column="43" covered="yes" />
            <range source_id="2" start_line="47" end_line="47" start_column="5" end_column="6" covered="yes" />
          </ranges>
        </function>
        <function id="12868" token="0x600003a" name="MoveNext()" namespace="Categories.Application.Tests.Unit" type_name="GetAllTests.&lt;GetAll_ShouldReturnList_WhenCategoryListHaveCategories&gt;d__5" block_coverage="100.00" line_coverage="100.00" blocks_covered="25" blocks_not_covered="0" lines_covered="18" lines_partially_covered="0" lines_not_covered="0">
          <ranges>
            <range source_id="2" start_line="52" end_line="52" start_column="5" end_column="6" covered="yes" />
            <range source_id="2" start_line="54" end_line="54" start_column="9" end_column="47" covered="yes" />
            <range source_id="2" start_line="55" end_line="64" start_column="9" end_column="37" covered="yes" />
            <range source_id="2" start_line="66" end_line="68" start_column="9" end_column="41" covered="yes" />
            <range source_id="2" start_line="71" end_line="71" start_column="9" end_column="53" covered="yes" />
            <range source_id="2" start_line="74" end_line="74" start_column="9" end_column="43" covered="yes" />
            <range source_id="2" start_line="75" end_line="75" start_column="5" end_column="6" covered="yes" />
          </ranges>
        </function>
        <function id="13355" token="0x600003e" name="&lt;.ctor&gt;b__5_3(Microsoft.Extensions.DependencyInjection.MediatRServiceConfiguration)" namespace="Categories.Application.Tests.Unit" type_name="UpdateTests.&lt;&gt;c" block_coverage="100.00" line_coverage="100.00" blocks_covered="7" blocks_not_covered="0" lines_covered="4" lines_partially_covered="0" lines_not_covered="0">
          <ranges>
            <range source_id="3" start_line="33" end_line="33" start_column="9" end_column="10" covered="yes" />
            <range source_id="3" start_line="34" end_line="34" start_column="13" end_column="84" covered="yes" />
            <range source_id="3" start_line="35" end_line="35" start_column="13" end_column="90" covered="yes" />
            <range source_id="3" start_line="36" end_line="36" start_column="9" end_column="10" covered="yes" />
          </ranges>
        </function>
        <function id="13500" token="0x6000042" name="MoveNext()" namespace="Categories.Application.Tests.Unit" type_name="UpdateTests.&lt;Create_ShouldThrowException_WhenValidateFailure&gt;d__6" block_coverage="100.00" line_coverage="100.00" blocks_covered="9" blocks_not_covered="0" lines_covered="5" lines_partially_covered="0" lines_not_covered="0">
          <ranges>
            <range source_id="3" start_line="44" end_line="44" start_column="5" end_column="6" covered="yes" />
            <range source_id="3" start_line="46" end_line="46" start_column="9" end_column="75" covered="yes" />
            <range source_id="3" start_line="49" end_line="49" start_column="9" end_column="67" covered="yes" />
            <range source_id="3" start_line="52" end_line="52" start_column="9" end_column="62" covered="yes" />
            <range source_id="3" start_line="53" end_line="53" start_column="5" end_column="6" covered="yes" />
          </ranges>
        </function>
        <function id="13836" token="0x6000045" name="MoveNext()" namespace="Categories.Application.Tests.Unit" type_name="UpdateTests.&lt;Update_ReturnIsSuccessfulFalse_WhenCategoryNotFound&gt;d__7" block_coverage="100.00" line_coverage="100.00" blocks_covered="23" blocks_not_covered="0" lines_covered="8" lines_partially_covered="0" lines_not_covered="0">
          <ranges>
            <range source_id="3" start_line="57" end_line="57" start_column="5" end_column="6" covered="yes" />
            <range source_id="3" start_line="59" end_line="59" start_column="9" end_column="85" covered="yes" />
            <range source_id="3" start_line="60" end_line="60" start_column="9" end_column="108" covered="yes" />
            <range source_id="3" start_line="63" end_line="63" start_column="9" end_column="55" covered="yes" />
            <range source_id="3" start_line="66" end_line="66" start_column="9" end_column="48" covered="yes" />
            <range source_id="3" start_line="67" end_line="67" start_column="9" end_column="52" covered="yes" />
            <range source_id="3" start_line="68" end_line="68" start_column="9" end_column="73" covered="yes" />
            <range source_id="3" start_line="69" end_line="69" start_column="5" end_column="6" covered="yes" />
          </ranges>
        </function>
        <function id="14304" token="0x6000048" name="MoveNext()" namespace="Categories.Application.Tests.Unit" type_name="UpdateTests.&lt;Update_ShouldBeUpdateCategory_WhenNameDoesNotExistsAndMainCategoryIdDoesNotEqualsId&gt;d__10" block_coverage="100.00" line_coverage="100.00" blocks_covered="27" blocks_not_covered="0" lines_covered="10" lines_partially_covered="0" lines_not_covered="0">
          <ranges>
            <range source_id="3" start_line="112" end_line="112" start_column="5" end_column="6" covered="yes" />
            <range source_id="3" start_line="114" end_line="114" start_column="9" end_column="35" covered="yes" />
            <range source_id="3" start_line="115" end_line="115" start_column="9" end_column="75" covered="yes" />
            <range source_id="3" start_line="116" end_line="116" start_column="9" end_column="97" covered="yes" />
            <range source_id="3" start_line="117" end_line="117" start_column="9" end_column="120" covered="yes" />
            <range source_id="3" start_line="118" end_line="118" start_column="9" end_column="97" covered="yes" />
            <range source_id="3" start_line="121" end_line="121" start_column="9" end_column="55" covered="yes" />
            <range source_id="3" start_line="124" end_line="124" start_column="9" end_column="47" covered="yes" />
            <range source_id="3" start_line="125" end_line="125" start_column="9" end_column="67" covered="yes" />
            <range source_id="3" start_line="126" end_line="126" start_column="5" end_column="6" covered="yes" />
          </ranges>
        </function>
        <function id="14856" token="0x600004b" name="MoveNext()" namespace="Categories.Application.Tests.Unit" type_name="UpdateTests.&lt;Update_ShouldIsSuccessfulReturnFalse_WhenMainCategoryIdEqualsId&gt;d__9" block_coverage="100.00" line_coverage="100.00" blocks_covered="33" blocks_not_covered="0" lines_covered="11" lines_partially_covered="0" lines_not_covered="0">
          <ranges>
            <range source_id="3" start_line="93" end_line="93" start_column="5" end_column="6" covered="yes" />
            <range source_id="3" start_line="95" end_line="95" start_column="9" end_column="35" covered="yes" />
            <range source_id="3" start_line="96" end_line="96" start_column="9" end_column="75" covered="yes" />
            <range source_id="3" start_line="97" end_line="97" start_column="9" end_column="97" covered="yes" />
            <range source_id="3" start_line="98" end_line="98" start_column="9" end_column="120" covered="yes" />
            <range source_id="3" start_line="99" end_line="99" start_column="9" end_column="97" covered="yes" />
            <range source_id="3" start_line="102" end_line="102" start_column="9" end_column="55" covered="yes" />
            <range source_id="3" start_line="105" end_line="105" start_column="9" end_column="48" covered="yes" />
            <range source_id="3" start_line="106" end_line="106" start_column="9" end_column="52" covered="yes" />
            <range source_id="3" start_line="107" end_line="107" start_column="9" end_column="85" covered="yes" />
            <range source_id="3" start_line="108" end_line="108" start_column="5" end_column="6" covered="yes" />
          </ranges>
        </function>
        <function id="15448" token="0x600004e" name="MoveNext()" namespace="Categories.Application.Tests.Unit" type_name="UpdateTests.&lt;Update_ShouldIsSuccessfulReturnFalse_WhenNameAlreadyExists&gt;d__8" block_coverage="100.00" line_coverage="100.00" blocks_covered="32" blocks_not_covered="0" lines_covered="11" lines_partially_covered="0" lines_not_covered="0">
          <ranges>
            <range source_id="3" start_line="73" end_line="73" start_column="5" end_column="6" covered="yes" />
            <range source_id="3" start_line="75" end_line="75" start_column="9" end_column="35" covered="yes" />
            <range source_id="3" start_line="76" end_line="76" start_column="9" end_column="75" covered="yes" />
            <range source_id="3" start_line="77" end_line="77" start_column="9" end_column="97" covered="yes" />
            <range source_id="3" start_line="78" end_line="78" start_column="9" end_column="120" covered="yes" />
            <range source_id="3" start_line="79" end_line="79" start_column="9" end_column="96" covered="yes" />
            <range source_id="3" start_line="82" end_line="82" start_column="9" end_column="55" covered="yes" />
            <range source_id="3" start_line="85" end_line="85" start_column="9" end_column="48" covered="yes" />
            <range source_id="3" start_line="86" end_line="86" start_column="9" end_column="52" covered="yes" />
            <range source_id="3" start_line="87" end_line="87" start_column="9" end_column="77" covered="yes" />
            <range source_id="3" start_line="88" end_line="88" start_column="5" end_column="6" covered="yes" />
          </ranges>
        </function>
        <function id="16040" token="0x6000051" name="MoveNext()" namespace="Categories.Application.Tests.Unit" type_name="CreateTests.&lt;&gt;c__DisplayClass6_0.&lt;&lt;Create_ShouldThrowException_WhenValidateFailure&gt;b__0&gt;d" block_coverage="75.00" line_coverage="0.00" blocks_covered="3" blocks_not_covered="1" lines_covered="0" lines_partially_covered="1" lines_not_covered="0">
          <ranges>
            <range source_id="0" start_line="49" end_line="49" start_column="38" end_column="39" covered="yes" />
            <range source_id="0" start_line="49" end_line="49" start_column="40" end_column="64" covered="yes" />
            <range source_id="0" start_line="49" end_line="49" start_column="65" end_column="66" covered="no" />
          </ranges>
        </function>
        <function id="16272" token="0x6000054" name="MoveNext()" namespace="Categories.Application.Tests.Unit" type_name="UpdateTests.&lt;&gt;c__DisplayClass6_0.&lt;&lt;Create_ShouldThrowException_WhenValidateFailure&gt;b__0&gt;d" block_coverage="75.00" line_coverage="0.00" blocks_covered="3" blocks_not_covered="1" lines_covered="0" lines_partially_covered="1" lines_not_covered="0">
          <ranges>
            <range source_id="3" start_line="49" end_line="49" start_column="38" end_column="39" covered="yes" />
            <range source_id="3" start_line="49" end_line="49" start_column="40" end_column="64" covered="yes" />
            <range source_id="3" start_line="49" end_line="49" start_column="65" end_column="66" covered="no" />
          </ranges>
        </function>
      </functions>
      <source_files>
        <source_file id="0" path="C:\eCommerce-YMYP-Server\tests\Categories.Application.Tests.Unit\CreateTests.cs" checksum_type="SHA256" checksum="6BE5E5750B2756C7EB11FC61198522C0FF4940A343B06601A9663D564791DC46" />
        <source_file id="1" path="C:\eCommerce-YMYP-Server\tests\Categories.Application.Tests.Unit\DeleteByIdTests.cs" checksum_type="SHA256" checksum="68904CA6930CF8E128F4B1B4A33DBD1348E65714C152246E54E1F2048226F4EF" />
        <source_file id="2" path="C:\eCommerce-YMYP-Server\tests\Categories.Application.Tests.Unit\GetAllTests.cs" checksum_type="SHA256" checksum="965F406E0B8807BEE7762812C69AACC7181E4BAB5D4434650E1609B81EBE8593" />
        <source_file id="3" path="C:\eCommerce-YMYP-Server\tests\Categories.Application.Tests.Unit\UpdateTests.cs" checksum_type="SHA256" checksum="3553E5376DC7D969159017224CF62926EBE2016CA7ECC5BE81B3EA8C23538D57" />
      </source_files>
      <skipped_functions>
        <skipped_function id="8272" original_id="8272" token="0x6000001" name="Main(string[])" type_name="AutoGeneratedProgram" reason="attribute_excluded" />
      </skipped_functions>
    </module>
  </modules>
  <skipped_modules>
    <skipped_module name="microsoft.extensions.dependencyinjection.dll" path="microsoft.extensions.dependencyinjection.dll" reason="no_symbols" />
    <skipped_module name="nuget.commands.dll" path="nuget.commands.dll" reason="no_symbols" />
    <skipped_module name="system.reflection.metadata.dll" path="system.reflection.metadata.dll" reason="no_symbols" />
    <skipped_module name="system.diagnostics.stacktrace.dll" path="system.diagnostics.stacktrace.dll" reason="no_symbols" />
    <skipped_module name="microsoft.visualstudio.testplatform.common.dll" path="microsoft.visualstudio.testplatform.common.dll" reason="path_is_excluded" />
    <skipped_module name="microsoft.sourcelink.common.dll" path="microsoft.sourcelink.common.dll" reason="no_symbols" />
    <skipped_module name="microsoft.testplatform.vstestconsole.translationlayer.dll" path="microsoft.testplatform.vstestconsole.translationlayer.dll" reason="path_is_excluded" />
    <skipped_module name="system.componentmodel.typeconverter.dll" path="system.componentmodel.typeconverter.dll" reason="no_symbols" />
    <skipped_module name="system.serviceprocess.servicecontroller.dll" path="system.serviceprocess.servicecontroller.dll" reason="no_symbols" />
    <skipped_module name="xunit.runner.reporters.netcoreapp10.dll" path="xunit.runner.reporters.netcoreapp10.dll" reason="public_key_token_is_excluded" />
    <skipped_module name="nuget.configuration.dll" path="nuget.configuration.dll" reason="no_symbols" />
    <skipped_module name="system.io.filesystem.dll" path="system.io.filesystem.dll" reason="no_symbols" />
    <skipped_module name="microsoft.sourcelink.gitlab.dll" path="microsoft.sourcelink.gitlab.dll" reason="no_symbols" />
    <skipped_module name="microsoft.win32.registry.dll" path="microsoft.win32.registry.dll" reason="no_symbols" />
    <skipped_module name="system.net.http.dll" path="system.net.http.dll" reason="no_symbols" />
    <skipped_module name="system.diagnostics.process.dll" path="system.diagnostics.process.dll" reason="no_symbols" />
    <skipped_module name="system.collections.nongeneric.dll" path="system.collections.nongeneric.dll" reason="no_symbols" />
    <skipped_module name="mockqueryable.nsubstitute.dll" path="mockqueryable.nsubstitute.dll" reason="no_symbols" />
    <skipped_module name="microsoft.visualstudio.testplatform.client.dll" path="microsoft.visualstudio.testplatform.client.dll" reason="path_is_excluded" />
    <skipped_module name="system.data.common.dll" path="system.data.common.dll" reason="no_symbols" />
    <skipped_module name="nuget.build.tasks.dll" path="nuget.build.tasks.dll" reason="no_symbols" />
    <skipped_module name="system.private.xml.linq.dll" path="system.private.xml.linq.dll" reason="no_symbols" />
    <skipped_module name="dotnet.dll" path="dotnet.dll" reason="no_symbols" />
    <skipped_module name="microsoft.extensions.logging.abstractions.dll" path="microsoft.extensions.logging.abstractions.dll" reason="no_symbols" />
    <skipped_module name="microsoft.build.tasks.git.dll" path="microsoft.build.tasks.git.dll" reason="no_symbols" />
    <skipped_module name="testhost.dll" path="testhost.dll" reason="path_is_excluded" />
    <skipped_module name="nuget.dependencyresolver.core.dll" path="nuget.dependencyresolver.core.dll" reason="no_symbols" />
    <skipped_module name="msbuild.dll" path="msbuild.dll" reason="no_symbols" />
    <skipped_module name="xunit.abstractions.dll" path="xunit.abstractions.dll" reason="public_key_token_is_excluded" />
    <skipped_module name="system.runtime.numerics.dll" path="system.runtime.numerics.dll" reason="no_symbols" />
    <skipped_module name="system.io.dll" path="system.io.dll" reason="no_symbols" />
    <skipped_module name="system.threading.thread.dll" path="system.threading.thread.dll" reason="no_symbols" />
    <skipped_module name="system.objectmodel.dll" path="system.objectmodel.dll" reason="no_symbols" />
    <skipped_module name="system.io.memorymappedfiles.dll" path="system.io.memorymappedfiles.dll" reason="no_symbols" />
    <skipped_module name="system.linq.queryable.dll" path="system.linq.queryable.dll" reason="no_symbols" />
    <skipped_module name="system.threading.tasks.dll" path="system.threading.tasks.dll" reason="no_symbols" />
    <skipped_module name="system.diagnostics.debug.dll" path="system.diagnostics.debug.dll" reason="no_symbols" />
    <skipped_module name="system.threading.tasks.parallel.dll" path="system.threading.tasks.parallel.dll" reason="no_symbols" />
    <skipped_module name="fluentassertions.dll" path="fluentassertions.dll" reason="no_symbols" />
    <skipped_module name="system.security.cryptography.algorithms.dll" path="system.security.cryptography.algorithms.dll" reason="no_symbols" />
    <skipped_module name="newtonsoft.json.dll" path="newtonsoft.json.dll" reason="no_symbols" />
    <skipped_module name="nuget.packaging.dll" path="nuget.packaging.dll" reason="no_symbols" />
    <skipped_module name="system.reflection.emit.lightweight.dll" path="system.reflection.emit.lightweight.dll" reason="no_symbols" />
    <skipped_module name="system.console.dll" path="system.console.dll" reason="no_symbols" />
    <skipped_module name="system.security.principal.windows.dll" path="system.security.principal.windows.dll" reason="no_symbols" />
    <skipped_module name="mediatr.contracts.dll" path="mediatr.contracts.dll" reason="no_symbols" />
    <skipped_module name="mediatr.dll" path="mediatr.dll" reason="no_symbols" />
    <skipped_module name="system.xml.dll" path="system.xml.dll" reason="no_symbols" />
    <skipped_module name="system.numerics.vectors.dll" path="system.numerics.vectors.dll" reason="no_symbols" />
    <skipped_module name="system.private.uri.dll" path="system.private.uri.dll" reason="no_symbols" />
    <skipped_module name="microsoft.net.build.tasks.dll" path="microsoft.net.build.tasks.dll" reason="no_symbols" />
    <skipped_module name="system.text.json.dll" path="system.text.json.dll" reason="no_symbols" />
    <skipped_module name="system.resources.resourcemanager.dll" path="system.resources.resourcemanager.dll" reason="no_symbols" />
    <skipped_module name="microsoft.win32.primitives.dll" path="microsoft.win32.primitives.dll" reason="no_symbols" />
    <skipped_module name="microsoft.visualstudio.testplatform.extensions.trx.testlogger.dll" path="microsoft.visualstudio.testplatform.extensions.trx.testlogger.dll" reason="path_is_excluded" />
    <skipped_module name="microsoft.templateengine.cli.dll" path="microsoft.templateengine.cli.dll" reason="no_symbols" />
    <skipped_module name="microsoft.extensions.dependencyinjection.abstractions.dll" path="microsoft.extensions.dependencyinjection.abstractions.dll" reason="no_symbols" />
    <skipped_module name="xunit.runner.visualstudio.dotnetcore.testadapter.dll" path="xunit.runner.visualstudio.dotnetcore.testadapter.dll" reason="path_is_excluded" />
    <skipped_module name="system.net.networkinformation.dll" path="system.net.networkinformation.dll" reason="no_symbols" />
    <skipped_module name="microsoft.build.utilities.core.dll" path="microsoft.build.utilities.core.dll" reason="no_symbols" />
    <skipped_module name="xunit.execution.dotnet.dll" path="xunit.execution.dotnet.dll" reason="public_key_token_is_excluded" />
    <skipped_module name="system.collections.immutable.dll" path="system.collections.immutable.dll" reason="no_symbols" />
    <skipped_module name="system.text.encodings.web.dll" path="system.text.encodings.web.dll" reason="no_symbols" />
    <skipped_module name="microsoft.build.framework.dll" path="microsoft.build.framework.dll" reason="no_symbols" />
    <skipped_module name="nsubstitute.dll" path="nsubstitute.dll" reason="no_symbols" />
    <skipped_module name="nuget.frameworks.dll" path="nuget.frameworks.dll" reason="no_symbols" />
    <skipped_module name="system.reflection.extensions.dll" path="system.reflection.extensions.dll" reason="no_symbols" />
    <skipped_module name="system.globalization.dll" path="system.globalization.dll" reason="no_symbols" />
    <skipped_module name="microsoft.dotnet.templatelocator.dll" path="microsoft.dotnet.templatelocator.dll" reason="no_symbols" />
    <skipped_module name="microsoft.build.nugetsdkresolver.dll" path="microsoft.build.nugetsdkresolver.dll" reason="no_symbols" />
    <skipped_module name="nuget.common.dll" path="nuget.common.dll" reason="no_symbols" />
    <skipped_module name="microsoft.build.tasks.codeanalysis.dll" path="microsoft.build.tasks.codeanalysis.dll" reason="no_symbols" />
    <skipped_module name="microsoft.templatesearch.common.dll" path="microsoft.templatesearch.common.dll" reason="no_symbols" />
    <skipped_module name="system.private.xml.dll" path="system.private.xml.dll" reason="no_symbols" />
    <skipped_module name="mscorlib.dll" path="mscorlib.dll" reason="path_is_excluded" />
    <skipped_module name="microsoft.build.tasks.core.dll" path="microsoft.build.tasks.core.dll" reason="no_symbols" />
    <skipped_module name="microsoft.testplatform.crossplatengine.dll" path="microsoft.testplatform.crossplatengine.dll" reason="path_is_excluded" />
    <skipped_module name="system.runtime.loader.dll" path="system.runtime.loader.dll" reason="no_symbols" />
    <skipped_module name="system.componentmodel.primitives.dll" path="system.componentmodel.primitives.dll" reason="no_symbols" />
    <skipped_module name="system.threading.overlapped.dll" path="system.threading.overlapped.dll" reason="no_symbols" />
    <skipped_module name="netstandard.dll" path="netstandard.dll" reason="no_symbols" />
    <skipped_module name="microsoft.testplatform.extensions.blamedatacollector.dll" path="microsoft.testplatform.extensions.blamedatacollector.dll" reason="path_is_excluded" />
    <skipped_module name="nuget.projectmodel.dll" path="nuget.projectmodel.dll" reason="no_symbols" />
    <skipped_module name="mockqueryable.entityframeworkcore.dll" path="mockqueryable.entityframeworkcore.dll" reason="no_symbols" />
    <skipped_module name="system.commandline.dll" path="system.commandline.dll" reason="no_symbols" />
    <skipped_module name="system.private.corelib.dll" path="system.private.corelib.dll" reason="no_symbols" />
    <skipped_module name="microsoft.extensions.filesystemglobbing.dll" path="microsoft.extensions.filesystemglobbing.dll" reason="no_symbols" />
    <skipped_module name="microsoft.sourcelink.azurerepos.git.dll" path="microsoft.sourcelink.azurerepos.git.dll" reason="no_symbols" />
    <skipped_module name="nuget.protocol.dll" path="nuget.protocol.dll" reason="no_symbols" />
    <skipped_module name="system.collections.specialized.dll" path="system.collections.specialized.dll" reason="no_symbols" />
    <skipped_module name="microsoft.testplatform.platformabstractions.dll" path="microsoft.testplatform.platformabstractions.dll" reason="path_is_excluded" />
    <skipped_module name="microsoft.testplatform.extensions.eventlogcollector.dll" path="microsoft.testplatform.extensions.eventlogcollector.dll" reason="path_is_excluded" />
    <skipped_module name="mockqueryable.core.dll" path="mockqueryable.core.dll" reason="no_symbols" />
    <skipped_module name="xunit.runner.utility.netcoreapp10.dll" path="xunit.runner.utility.netcoreapp10.dll" reason="public_key_token_is_excluded" />
    <skipped_module name="system.diagnostics.tracing.dll" path="system.diagnostics.tracing.dll" reason="no_symbols" />
    <skipped_module name="system.security.cryptography.primitives.dll" path="system.security.cryptography.primitives.dll" reason="no_symbols" />
    <skipped_module name="system.reflection.primitives.dll" path="system.reflection.primitives.dll" reason="no_symbols" />
    <skipped_module name="microsoft.net.sdk.workloadmanifestreader.dll" path="microsoft.net.sdk.workloadmanifestreader.dll" reason="no_symbols" />
    <skipped_module name="system.runtime.interopservices.runtimeinformation.dll" path="system.runtime.interopservices.runtimeinformation.dll" reason="no_symbols" />
    <skipped_module name="microsoft.sourcelink.bitbucket.git.dll" path="microsoft.sourcelink.bitbucket.git.dll" reason="no_symbols" />
    <skipped_module name="system.security.cryptography.x509certificates.dll" path="system.security.cryptography.x509certificates.dll" reason="no_symbols" />
    <skipped_module name="automapper.dll" path="automapper.dll" reason="no_symbols" />
    <skipped_module name="system.security.claims.dll" path="system.security.claims.dll" reason="no_symbols" />
    <skipped_module name="system.io.pipes.dll" path="system.io.pipes.dll" reason="no_symbols" />
    <skipped_module name="microsoft.dotnet.cli.utils.dll" path="microsoft.dotnet.cli.utils.dll" reason="no_symbols" />
    <skipped_module name="system.threading.dll" path="system.threading.dll" reason="no_symbols" />
    <skipped_module name="system.reflection.emit.dll" path="system.reflection.emit.dll" reason="no_symbols" />
    <skipped_module name="microsoft.testplatform.communicationutilities.dll" path="microsoft.testplatform.communicationutilities.dll" reason="path_is_excluded" />
    <skipped_module name="microsoft.testplatform.utilities.dll" path="microsoft.testplatform.utilities.dll" reason="path_is_excluded" />
    <skipped_module name="microsoft.build.dll" path="microsoft.build.dll" reason="no_symbols" />
    <skipped_module name="microsoft.dotnet.internalabstractions.dll" path="microsoft.dotnet.internalabstractions.dll" reason="no_symbols" />
    <skipped_module name="microsoft.net.stringtools.dll" path="microsoft.net.stringtools.dll" reason="no_symbols" />
    <skipped_module name="system.xml.xdocument.dll" path="system.xml.xdocument.dll" reason="no_symbols" />
    <skipped_module name="microsoft.sourcelink.github.dll" path="microsoft.sourcelink.github.dll" reason="no_symbols" />
    <skipped_module name="system.runtime.interopservices.dll" path="system.runtime.interopservices.dll" reason="no_symbols" />
    <skipped_module name="vstest.console.dll" path="vstest.console.dll" reason="path_is_excluded" />
    <skipped_module name="microsoft.visualstudio.testplatform.extensions.html.testlogger.dll" path="microsoft.visualstudio.testplatform.extensions.html.testlogger.dll" reason="path_is_excluded" />
    <skipped_module name="xunit.core.dll" path="xunit.core.dll" reason="public_key_token_is_excluded" />
    <skipped_module name="system.io.compression.dll" path="system.io.compression.dll" reason="no_symbols" />
    <skipped_module name="microsoft.net.sdk.workloadmsbuildsdkresolver.dll" path="microsoft.net.sdk.workloadmsbuildsdkresolver.dll" reason="no_symbols" />
    <skipped_module name="system.runtime.intrinsics.dll" path="system.runtime.intrinsics.dll" reason="no_symbols" />
    <skipped_module name="nuget.credentials.dll" path="nuget.credentials.dll" reason="no_symbols" />
    <skipped_module name="system.security.cryptography.dll" path="system.security.cryptography.dll" reason="no_symbols" />
    <skipped_module name="microsoft.testplatform.testhostruntimeprovider.dll" path="microsoft.testplatform.testhostruntimeprovider.dll" reason="path_is_excluded" />
    <skipped_module name="system.collections.concurrent.dll" path="system.collections.concurrent.dll" reason="no_symbols" />
    <skipped_module name="system.text.encoding.extensions.dll" path="system.text.encoding.extensions.dll" reason="no_symbols" />
    <skipped_module name="microsoft.testplatform.build.dll" path="microsoft.testplatform.build.dll" reason="path_is_excluded" />
    <skipped_module name="system.text.encoding.codepages.dll" path="system.text.encoding.codepages.dll" reason="no_symbols" />
    <skipped_module name="system.security.accesscontrol.dll" path="system.security.accesscontrol.dll" reason="no_symbols" />
    <skipped_module name="system.memory.dll" path="system.memory.dll" reason="no_symbols" />
    <skipped_module name="microsoft.templateengine.abstractions.dll" path="microsoft.templateengine.abstractions.dll" reason="no_symbols" />
    <skipped_module name="system.componentmodel.dll" path="system.componentmodel.dll" reason="no_symbols" />
    <skipped_module name="microsoft.templateengine.edge.dll" path="microsoft.templateengine.edge.dll" reason="no_symbols" />
    <skipped_module name="microsoft.dotnet.configurer.dll" path="microsoft.dotnet.configurer.dll" reason="no_symbols" />
    <skipped_module name="system.runtime.dll" path="system.runtime.dll" reason="no_symbols" />
    <skipped_module name="system.linq.dll" path="system.linq.dll" reason="no_symbols" />
    <skipped_module name="system.collections.dll" path="system.collections.dll" reason="no_symbols" />
    <skipped_module name="system.diagnostics.fileversioninfo.dll" path="system.diagnostics.fileversioninfo.dll" reason="no_symbols" />
    <skipped_module name="castle.core.dll" path="castle.core.dll" reason="no_symbols" />
    <skipped_module name="microsoft.visualstudio.testplatform.objectmodel.dll" path="microsoft.visualstudio.testplatform.objectmodel.dll" reason="path_is_excluded" />
    <skipped_module name="nuget.librarymodel.dll" path="nuget.librarymodel.dll" reason="no_symbols" />
    <skipped_module name="system.runtime.extensions.dll" path="system.runtime.extensions.dll" reason="no_symbols" />
    <skipped_module name="nuget.versioning.dll" path="nuget.versioning.dll" reason="no_symbols" />
    <skipped_module name="system.reflection.dll" path="system.reflection.dll" reason="no_symbols" />
    <skipped_module name="system.net.sockets.dll" path="system.net.sockets.dll" reason="no_symbols" />
    <skipped_module name="system.text.regularexpressions.dll" path="system.text.regularexpressions.dll" reason="no_symbols" />
    <skipped_module name="microsoft.entityframeworkcore.dll" path="microsoft.entityframeworkcore.dll" reason="no_symbols" />
    <skipped_module name="system.linq.expressions.dll" path="system.linq.expressions.dll" reason="no_symbols" />
    <skipped_module name="system.diagnostics.tracesource.dll" path="system.diagnostics.tracesource.dll" reason="no_symbols" />
    <skipped_module name="system.diagnostics.diagnosticsource.dll" path="system.diagnostics.diagnosticsource.dll" reason="no_symbols" />
    <skipped_module name="system.reflection.typeextensions.dll" path="system.reflection.typeextensions.dll" reason="no_symbols" />
    <skipped_module name="system.net.nameresolution.dll" path="system.net.nameresolution.dll" reason="no_symbols" />
    <skipped_module name="system.reflection.emit.ilgeneration.dll" path="system.reflection.emit.ilgeneration.dll" reason="no_symbols" />
    <skipped_module name="microsoft.diagnostics.netcore.client.dll" path="microsoft.diagnostics.netcore.client.dll" reason="no_symbols" />
    <skipped_module name="microsoft.testplatform.coreutilities.dll" path="microsoft.testplatform.coreutilities.dll" reason="path_is_excluded" />
    <skipped_module name="system.threading.tasks.extensions.dll" path="system.threading.tasks.extensions.dll" reason="no_symbols" />
    <skipped_module name="system.threading.threadpool.dll" path="system.threading.threadpool.dll" reason="no_symbols" />
    <skipped_module name="system.net.primitives.dll" path="system.net.primitives.dll" reason="no_symbols" />
    <skipped_module name="system.net.requests.dll" path="system.net.requests.dll" reason="no_symbols" />
    <skipped_module name="system.net.security.dll" path="system.net.security.dll" reason="no_symbols" />
    <skipped_module name="microsoft.applicationinsights.dll" path="microsoft.applicationinsights.dll" reason="no_symbols" />
    <skipped_module name="system.threading.tasks.dataflow.dll" path="system.threading.tasks.dataflow.dll" reason="no_symbols" />
    <skipped_module name="system.xml.readerwriter.dll" path="system.xml.readerwriter.dll" reason="no_symbols" />
    <skipped_module name="system.text.encoding.dll" path="system.text.encoding.dll" reason="no_symbols" />
    <skipped_module name="microsoft.deployment.dotnet.releases.dll" path="microsoft.deployment.dotnet.releases.dll" reason="no_symbols" />
    <skipped_module name="system.runtime.serialization.formatters.dll" path="system.runtime.serialization.formatters.dll" reason="no_symbols" />
    <skipped_module name="system.runtime.serialization.primitives.dll" path="system.runtime.serialization.primitives.dll" reason="no_symbols" />
  </skipped_modules>
</results>